[2016-04-29 12:42:55,686] multiqc                                            [INFO   ]  This is MultiQC v0.6
[2016-04-29 12:42:55,687] multiqc                                            [DEBUG  ]  Command     : /Users/philewels/.miniconda/envs/work/bin/multiqc -f data/
[2016-04-29 12:42:55,687] multiqc                                            [DEBUG  ]  Working dir : /Users/philewels/Work/MultiQC_website/public_html/examples/rna-seq
[2016-04-29 12:42:55,687] multiqc                                            [DEBUG  ]  Template    : default
[2016-04-29 12:42:55,687] multiqc                                            [DEBUG  ]  No MultiQC config found: /Users/philewels/Work/MultiQC/multiqc_config.yaml
[2016-04-29 12:42:55,688] multiqc                                            [DEBUG  ]  Loading config settings from: /Users/philewels/.multiqc_config.yaml
[2016-04-29 12:42:55,688] multiqc                                            [DEBUG  ]  New config 'disable_ngi': True
[2016-04-29 12:42:55,689] multiqc                                            [DEBUG  ]  Added to filename clean extensions. Now looking for: ['_trimmed', '.gz', '.fastq', '.fq', '.bam', '.sam', '.sra', '_tophat', '_star_aligned', '_fastqc', '.hicup', '.counts', '_counts', '.txt']
[2016-04-29 12:42:55,689] multiqc                                            [DEBUG  ]  No MultiQC config found: multiqc_config.yaml
[2016-04-29 12:42:55,852] multiqc                                            [DEBUG  ]  Running in --force mode, will overwrite any existing reports.
[2016-04-29 12:42:55,852] multiqc                                            [INFO   ]  Searching 'data/'
[2016-04-29 12:42:55,852] multiqc                                            [DEBUG  ]  Analysing modules: snpeff, qualimap, featureCounts, methylQA, rseqc, picard, preseq, samblaster, samtools, bamtools, bismark, hicup, salmon, star, tophat, bowtie2, bowtie1, cutadapt, trimmomatic, skewer, fastq_screen, fastqc
[2016-04-29 12:42:55,852] multiqc                                            [DEBUG  ]  Using temporary directory for creating report: /var/folders/1z/_98jt9hx57qg6m_pry78mdd40000gn/T/tmpTHLHWj
[2016-04-29 12:42:55,864] multiqc.modules.snpeff.snpeff                      [DEBUG  ]  Could not find any data in ('data/',)
[2016-04-29 12:42:55,866] multiqc.modules.qualimap.qualimap                  [DEBUG  ]  Could not find any reports in ('data/',)
[2016-04-29 12:42:56,178] multiqc.modules.featureCounts.feature_counts       [INFO   ]  Found 6 reports
[2016-04-29 12:42:56,182] multiqc.modules.methylQA.methylQA                  [DEBUG  ]  Could not find any reports in ('data/',)
[2016-04-29 12:42:57,317] multiqc.modules.rseqc.rseqc                        [DEBUG  ]  Could not find any reports in ('data/',)
[2016-04-29 12:42:57,385] multiqc.modules.picard.picard                      [DEBUG  ]  Could not find any reports in ('data/',)
[2016-04-29 12:42:57,399] multiqc.modules.preseq.preseq                      [DEBUG  ]  Could not find any preseq data in ('data/',)
[2016-04-29 12:42:57,414] multiqc.modules.samblaster.samblaster              [DEBUG  ]  Could not find any data in ('data/',)
[2016-04-29 12:42:57,428] multiqc.modules.samtools.samtools                  [DEBUG  ]  Could not find any reports in ('data/',)
[2016-04-29 12:42:57,446] multiqc.modules.bamtools.bamtools                  [DEBUG  ]  Could not find any reports in ('data/',)
[2016-04-29 12:42:57,456] multiqc.modules.bismark.bismark                    [DEBUG  ]  Could not find any reports in ('data/',)
[2016-04-29 12:42:57,459] multiqc.modules.hicup.hicup                        [DEBUG  ]  Could not find any HiCUP data in ('data/',)
[2016-04-29 12:42:57,463] multiqc.modules.salmon.salmon                      [DEBUG  ]  Could not find any Salmon data in ('data/',)
[2016-04-29 12:42:57,477] multiqc.modules.star.star                          [INFO   ]  Found 6 reports
[2016-04-29 12:42:57,482] multiqc.modules.tophat.tophat                      [DEBUG  ]  Could not find any reports in ('data/',)
[2016-04-29 12:42:57,501] multiqc.modules.bowtie2.bowtie2                    [DEBUG  ]  Could not find any reports in ('data/',)
[2016-04-29 12:42:57,530] multiqc.modules.bowtie1.bowtie1                    [DEBUG  ]  Could not find any reports in ('data/',)
[2016-04-29 12:42:57,545] multiqc.modules.cutadapt.cutadapt                  [DEBUG  ]  Duplicate sample name found! Overwriting: SRR1067503_1
[2016-04-29 12:42:57,557] multiqc.modules.cutadapt.cutadapt                  [DEBUG  ]  Duplicate sample name found! Overwriting: SRR1067505_1
[2016-04-29 12:42:57,570] multiqc.modules.cutadapt.cutadapt                  [DEBUG  ]  Duplicate sample name found! Overwriting: SRR1067510_1
[2016-04-29 12:42:57,583] multiqc.modules.cutadapt.cutadapt                  [DEBUG  ]  Duplicate sample name found! Overwriting: SRR1067514_1
[2016-04-29 12:42:57,594] multiqc.modules.cutadapt.cutadapt                  [DEBUG  ]  Duplicate sample name found! Overwriting: SRR1067519_1
[2016-04-29 12:42:57,607] multiqc.modules.cutadapt.cutadapt                  [DEBUG  ]  Duplicate sample name found! Overwriting: SRR1067522_1
[2016-04-29 12:42:57,611] multiqc.modules.cutadapt.cutadapt                  [INFO   ]  Found 6 reports
[2016-04-29 12:42:57,631] multiqc.modules.trimmomatic.trimmomatic            [DEBUG  ]  Could not find any Trimmomatic data in ('data/',)
[2016-04-29 12:42:57,652] multiqc.modules.skewer.skewer                      [DEBUG  ]  Could not find any data in ('data/',)
[2016-04-29 12:42:57,660] multiqc.modules.fastq_screen.fastq_screen          [INFO   ]  Found 6 reports
[2016-04-29 12:42:57,847] multiqc.modules.fastqc.fastqc                      [DEBUG  ]  Duplicate sample name found! Overwriting: SRR1067503_1
[2016-04-29 12:42:58,065] multiqc.modules.fastqc.fastqc                      [DEBUG  ]  Duplicate sample name found! Overwriting: SRR1067505_1
[2016-04-29 12:42:58,327] multiqc.modules.fastqc.fastqc                      [DEBUG  ]  Duplicate sample name found! Overwriting: SRR1067510_1
[2016-04-29 12:42:58,532] multiqc.modules.fastqc.fastqc                      [DEBUG  ]  Duplicate sample name found! Overwriting: SRR1067514_1
[2016-04-29 12:42:58,772] multiqc.modules.fastqc.fastqc                      [DEBUG  ]  Duplicate sample name found! Overwriting: SRR1067519_1
[2016-04-29 12:42:58,979] multiqc.modules.fastqc.fastqc                      [DEBUG  ]  Duplicate sample name found! Overwriting: SRR1067522_1
[2016-04-29 12:42:59,049] multiqc.modules.fastqc.fastqc                      [INFO   ]  Found 6 reports
[2016-04-29 12:42:59,060] multiqc                                            [INFO   ]  Report      : multiqc_report.html
[2016-04-29 12:42:59,060] multiqc                                            [INFO   ]  Data        : multiqc_data
[2016-04-29 12:42:59,060] multiqc                                            [DEBUG  ]  Moving data file from '/var/folders/1z/_98jt9hx57qg6m_pry78mdd40000gn/T/tmpTHLHWj/multiqc_data/multiqc_cutadapt.txt' to '/Users/philewels/Work/MultiQC_website/public_html/examples/rna-seq/multiqc_data'
[2016-04-29 12:42:59,061] multiqc                                            [DEBUG  ]  Moving data file from '/var/folders/1z/_98jt9hx57qg6m_pry78mdd40000gn/T/tmpTHLHWj/multiqc_data/multiqc_fastq_screen.txt' to '/Users/philewels/Work/MultiQC_website/public_html/examples/rna-seq/multiqc_data'
[2016-04-29 12:42:59,061] multiqc                                            [DEBUG  ]  Moving data file from '/var/folders/1z/_98jt9hx57qg6m_pry78mdd40000gn/T/tmpTHLHWj/multiqc_data/multiqc_fastqc.txt' to '/Users/philewels/Work/MultiQC_website/public_html/examples/rna-seq/multiqc_data'
[2016-04-29 12:42:59,061] multiqc                                            [DEBUG  ]  Moving data file from '/var/folders/1z/_98jt9hx57qg6m_pry78mdd40000gn/T/tmpTHLHWj/multiqc_data/multiqc_featureCounts.txt' to '/Users/philewels/Work/MultiQC_website/public_html/examples/rna-seq/multiqc_data'
[2016-04-29 12:42:59,061] multiqc                                            [DEBUG  ]  Moving data file from '/var/folders/1z/_98jt9hx57qg6m_pry78mdd40000gn/T/tmpTHLHWj/multiqc_data/multiqc_general_stats.txt' to '/Users/philewels/Work/MultiQC_website/public_html/examples/rna-seq/multiqc_data'
[2016-04-29 12:42:59,061] multiqc                                            [DEBUG  ]  Moving data file from '/var/folders/1z/_98jt9hx57qg6m_pry78mdd40000gn/T/tmpTHLHWj/multiqc_data/multiqc_sources.txt' to '/Users/philewels/Work/MultiQC_website/public_html/examples/rna-seq/multiqc_data'
[2016-04-29 12:42:59,062] multiqc                                            [DEBUG  ]  Moving data file from '/var/folders/1z/_98jt9hx57qg6m_pry78mdd40000gn/T/tmpTHLHWj/multiqc_data/multiqc_star.txt' to '/Users/philewels/Work/MultiQC_website/public_html/examples/rna-seq/multiqc_data'
[2016-04-29 12:42:59,157] multiqc                                            [INFO   ]  MultiQC complete
