[2017-08-16 12:22:49,293] multiqc                                            [DEBUG  ]  No MultiQC config found: /Users/philewels/.miniconda/envs/work/lib/python2.7/site-packages/multiqc-1.2-py2.7.egg/multiqc_config.yaml
[2017-08-16 12:22:49,304] multiqc                                            [DEBUG  ]  Loading config settings from: /Users/philewels/.multiqc_config.yaml
[2017-08-16 12:22:49,305] multiqc                                            [DEBUG  ]  New config 'fn_ignore_files': ['*biotype.featureCounts.txt.summary']
[2017-08-16 12:22:49,305] multiqc                                            [DEBUG  ]  New config 'disable_ngi': True
[2017-08-16 12:22:49,305] multiqc                                            [DEBUG  ]  New config 'push_statusdb': False
[2017-08-16 12:22:49,305] multiqc                                            [DEBUG  ]  New config 'template': default
[2017-08-16 12:22:49,305] multiqc                                            [DEBUG  ]  Added to filename clean extensions: ['_trimmed', '_val_1', '_val_2', '.bowtie_log', '.featureCounts']
[2017-08-16 12:22:49,306] multiqc                                            [DEBUG  ]  Loading config settings from: multiqc_config.yaml
[2017-08-16 12:22:49,307] multiqc                                            [DEBUG  ]  Added to filename clean extensions: ['_1', '_2']
[2017-08-16 12:22:49,307] multiqc                                            [DEBUG  ]  Command used: /Users/philewels/.miniconda/envs/work/bin/multiqc .
[2017-08-16 12:22:49,906] multiqc                                            [DEBUG  ]  Latest MultiQC version is v1.1
[2017-08-16 12:22:49,907] multiqc                                            [INFO   ]  This is MultiQC v1.2
[2017-08-16 12:22:49,907] multiqc                                            [DEBUG  ]  Command     : /Users/philewels/.miniconda/envs/work/bin/multiqc .
[2017-08-16 12:22:49,907] multiqc                                            [DEBUG  ]  Working dir : /Users/philewels/GitHub/MultiQC_website/public_html/examples/rna-seq
[2017-08-16 12:22:49,907] multiqc                                            [INFO   ]  Template    : default
[2017-08-16 12:22:49,907] multiqc                                            [INFO   ]  Searching '.'
[2017-08-16 12:22:49,908] multiqc                                            [DEBUG  ]  Analysing modules: ngi_rnaseq, dupRadar, afterqc, featureCounts_biotype, custom_content, conpair, peddy, methylQA, qualimap, preseq, quast, qorts, rna_seqc, rseqc, busco, goleft_indexcov, disambiguate, homer, macs2, theta2, snpeff, gatk, htseq, bcftools, featureCounts, picard, prokka, samblaster, samtools, bamtools, jellyfish, vcftools, bismark, hicup, salmon, kallisto, slamdunk, star, hisat2, tophat, bowtie2, bowtie1, leehom, adapterRemoval, cutadapt, flexbar, trimmomatic, skewer, sortmerna, biobloomtools, fastq_screen, fastqc, clusterflow, bcl2fastq
[2017-08-16 12:22:49,909] multiqc                                            [DEBUG  ]  Using temporary directory for creating report: /var/folders/12/35tfw0vd41v95nshdtbn10200002xs/T/tmpodcEd_
[2017-08-16 12:22:57,288] multiqc.modules.ngi_rnaseq                         [DEBUG  ]  Could not find any reports in ('.',)
[2017-08-16 12:22:57,616] multiqc                                            [DEBUG  ]  Could not find any reports in ('.',)
[2017-08-16 12:22:57,622] multiqc.modules.afterqc.afterqc                    [DEBUG  ]  Could not find any reports in ('.',)
[2017-08-16 12:22:57,630] multiqc                                            [DEBUG  ]  Could not find any reports in ('.',)
[2017-08-16 12:22:57,636] multiqc.modules.custom_content.custom_content      [DEBUG  ]  No custom content found
[2017-08-16 12:22:57,643] multiqc.modules.conpair.conpair                    [DEBUG  ]  Could not find any reports in ('.',)
[2017-08-16 12:22:57,651] multiqc.modules.peddy.peddy                        [DEBUG  ]  Could not find any reports in ('.',)
[2017-08-16 12:22:57,659] multiqc.modules.methylQA.methylQA                  [DEBUG  ]  Could not find any reports in ('.',)
[2017-08-16 12:22:57,668] multiqc.modules.qualimap.QM_BamQC                  [DEBUG  ]  Using default Qualimap thresholds: 1, 5, 10, 30, 50
[2017-08-16 12:22:57,668] multiqc.modules.qualimap.qualimap                  [DEBUG  ]  Could not find any reports in ('.',)
[2017-08-16 12:22:57,676] multiqc.modules.preseq.preseq                      [DEBUG  ]  Could not find any preseq data in ('.',)
[2017-08-16 12:22:57,680] multiqc.modules.quast.quast                        [DEBUG  ]  Could not find any reports in ('.',)
[2017-08-16 12:22:57,686] multiqc.modules.qorts.qorts                        [DEBUG  ]  Could not find any QoRTs data in ('.',)
[2017-08-16 12:22:57,694] multiqc.modules.rna_seqc.rna_seqc                  [DEBUG  ]  Could not find any RNA-SeQC data in ('.',)
[2017-08-16 12:22:57,703] multiqc.modules.rseqc.rseqc                        [DEBUG  ]  Could not find any reports in ('.',)
[2017-08-16 12:22:57,709] multiqc.modules.busco.busco                        [DEBUG  ]  Could not find any reports in ('.',)
[2017-08-16 12:22:57,714] multiqc.modules.goleft_indexcov.goleft_indexcov    [DEBUG  ]  Did not find goleft indexcov outputs in ('.',)
[2017-08-16 12:22:57,719] multiqc.modules.disambiguate.disambiguate          [DEBUG  ]  Could not find any data in ('.',)
[2017-08-16 12:22:57,726] multiqc.modules.homer.homer                        [DEBUG  ]  Could not find any reports in ('.',)
[2017-08-16 12:22:57,732] multiqc.modules.macs2.macs2                        [DEBUG  ]  Could not find any MACS2 data in ('.',)
[2017-08-16 12:22:57,738] multiqc.modules.theta2.theta2                      [DEBUG  ]  Could not find any reports in ('.',)
[2017-08-16 12:22:57,744] multiqc.modules.snpeff.snpeff                      [DEBUG  ]  Could not find any data in ('.',)
[2017-08-16 12:22:57,749] multiqc.modules.gatk.gatk                          [DEBUG  ]  Could not find any reports in ('.',)
[2017-08-16 12:22:57,754] multiqc.modules.htseq.htseq                        [DEBUG  ]  Could not find any reports in ('.',)
[2017-08-16 12:22:57,759] multiqc.modules.bcftools.bcftools                  [DEBUG  ]  Could not find any reports in ('.',)
[2017-08-16 12:22:57,787] multiqc.modules.featureCounts.feature_counts       [INFO   ]  Found 8 reports
[2017-08-16 12:22:57,807] multiqc.modules.picard.picard                      [DEBUG  ]  Could not find any reports in ('.',)
[2017-08-16 12:22:57,813] multiqc.modules.prokka.prokka                      [DEBUG  ]  Could not find any Prokka data in ('.',)
[2017-08-16 12:22:57,818] multiqc.modules.samblaster.samblaster              [DEBUG  ]  Could not find any data in ('.',)
[2017-08-16 12:22:57,827] multiqc.modules.samtools.samtools                  [DEBUG  ]  Could not find any reports in ('.',)
[2017-08-16 12:22:57,833] multiqc.modules.bamtools.bamtools                  [DEBUG  ]  Could not find any reports in ('.',)
[2017-08-16 12:22:57,842] multiqc.modules.jellyfish.jellyfish                [DEBUG  ]  Could not find any data in ('.',)
[2017-08-16 12:22:57,853] multiqc.modules.vcftools.vcftools                  [DEBUG  ]  Could not find any reports in ('.',)
[2017-08-16 12:22:57,863] multiqc.modules.bismark.bismark                    [DEBUG  ]  Could not find any reports in ('.',)
[2017-08-16 12:22:57,870] multiqc.modules.hicup.hicup                        [DEBUG  ]  Could not find any HiCUP data in ('.',)
[2017-08-16 12:22:57,877] multiqc.modules.salmon.salmon                      [DEBUG  ]  Could not find any Salmon data in ('.',)
[2017-08-16 12:22:57,886] multiqc.modules.kallisto.kallisto                  [DEBUG  ]  Could not find any reports in ('.',)
[2017-08-16 12:22:57,893] multiqc.modules.slamdunk.slamdunk                  [DEBUG  ]  No slamdunk reports found.
[2017-08-16 12:22:57,919] multiqc.modules.star.star                          [INFO   ]  Found 8 reports
[2017-08-16 12:22:57,927] multiqc.modules.hisat2.hisat2                      [DEBUG  ]  Could not find any reports in ('.',)
[2017-08-16 12:22:57,934] multiqc.modules.tophat.tophat                      [DEBUG  ]  Could not find any reports in ('.',)
[2017-08-16 12:22:57,939] multiqc.modules.bowtie2.bowtie2                    [DEBUG  ]  Could not find any reports in ('.',)
[2017-08-16 12:22:57,946] multiqc.modules.bowtie1.bowtie1                    [DEBUG  ]  Could not find any reports in ('.',)
[2017-08-16 12:22:57,952] multiqc.modules.leehom.leehom                      [DEBUG  ]  Could not find any reports in ('.',)
[2017-08-16 12:22:57,957] multiqc.modules.adapterRemoval.adapterRemoval      [DEBUG  ]  Could not find any reports in ('.',)
[2017-08-16 12:22:57,970] multiqc.modules.cutadapt.cutadapt                  [DEBUG  ]  Duplicate sample name found! Overwriting: SRR3192396
[2017-08-16 12:22:57,980] multiqc.modules.cutadapt.cutadapt                  [DEBUG  ]  Duplicate sample name found! Overwriting: SRR3192397
[2017-08-16 12:22:57,987] multiqc.modules.cutadapt.cutadapt                  [DEBUG  ]  Duplicate sample name found! Overwriting: SRR3192398
[2017-08-16 12:22:57,996] multiqc.modules.cutadapt.cutadapt                  [DEBUG  ]  Duplicate sample name found! Overwriting: SRR3192399
[2017-08-16 12:22:58,004] multiqc.modules.cutadapt.cutadapt                  [DEBUG  ]  Duplicate sample name found! Overwriting: SRR3192400
[2017-08-16 12:22:58,011] multiqc.modules.cutadapt.cutadapt                  [DEBUG  ]  Duplicate sample name found! Overwriting: SRR3192401
[2017-08-16 12:22:58,022] multiqc.modules.cutadapt.cutadapt                  [DEBUG  ]  Duplicate sample name found! Overwriting: SRR3192657
[2017-08-16 12:22:58,032] multiqc.modules.cutadapt.cutadapt                  [DEBUG  ]  Duplicate sample name found! Overwriting: SRR3192658
[2017-08-16 12:22:58,036] multiqc.modules.cutadapt.cutadapt                  [INFO   ]  Found 8 reports
[2017-08-16 12:22:58,097] multiqc.modules.flexbar.flexbar                    [DEBUG  ]  Could not find any Flexbar data in ('.',)
[2017-08-16 12:22:58,107] multiqc.modules.trimmomatic.trimmomatic            [DEBUG  ]  Could not find any Trimmomatic data in ('.',)
[2017-08-16 12:22:58,113] multiqc.modules.skewer.skewer                      [DEBUG  ]  Could not find any data in ('.',)
[2017-08-16 12:22:58,117] multiqc.modules.sortmerna.sortmerna                [DEBUG  ]  Could not find any SortMeRNA data in ('.',)
[2017-08-16 12:22:58,122] multiqc.modules.biobloomtools.biobloomtools        [DEBUG  ]  Could not find any reports in ('.',)
[2017-08-16 12:22:58,127] multiqc.modules.fastq_screen.fastq_screen          [DEBUG  ]  Could not find any reports in ('.',)
[2017-08-16 12:22:58,164] multiqc.modules.fastqc.fastqc                      [DEBUG  ]  Duplicate sample name found! Overwriting: SRR3192396
[2017-08-16 12:22:58,180] multiqc.modules.fastqc.fastqc                      [DEBUG  ]  Duplicate sample name found! Overwriting: SRR3192396
[2017-08-16 12:22:58,197] multiqc.modules.fastqc.fastqc                      [DEBUG  ]  Duplicate sample name found! Overwriting: SRR3192396
[2017-08-16 12:22:58,231] multiqc.modules.fastqc.fastqc                      [DEBUG  ]  Duplicate sample name found! Overwriting: SRR3192397
[2017-08-16 12:22:58,248] multiqc.modules.fastqc.fastqc                      [DEBUG  ]  Duplicate sample name found! Overwriting: SRR3192397
[2017-08-16 12:22:58,264] multiqc.modules.fastqc.fastqc                      [DEBUG  ]  Duplicate sample name found! Overwriting: SRR3192397
[2017-08-16 12:22:58,296] multiqc.modules.fastqc.fastqc                      [DEBUG  ]  Duplicate sample name found! Overwriting: SRR3192398
[2017-08-16 12:22:58,316] multiqc.modules.fastqc.fastqc                      [DEBUG  ]  Duplicate sample name found! Overwriting: SRR3192398
[2017-08-16 12:22:58,332] multiqc.modules.fastqc.fastqc                      [DEBUG  ]  Duplicate sample name found! Overwriting: SRR3192398
[2017-08-16 12:22:58,368] multiqc.modules.fastqc.fastqc                      [DEBUG  ]  Duplicate sample name found! Overwriting: SRR3192399
[2017-08-16 12:22:58,387] multiqc.modules.fastqc.fastqc                      [DEBUG  ]  Duplicate sample name found! Overwriting: SRR3192399
[2017-08-16 12:22:58,402] multiqc.modules.fastqc.fastqc                      [DEBUG  ]  Duplicate sample name found! Overwriting: SRR3192399
[2017-08-16 12:22:58,443] multiqc.modules.fastqc.fastqc                      [DEBUG  ]  Duplicate sample name found! Overwriting: SRR3192400
[2017-08-16 12:22:58,459] multiqc.modules.fastqc.fastqc                      [DEBUG  ]  Duplicate sample name found! Overwriting: SRR3192400
[2017-08-16 12:22:58,473] multiqc.modules.fastqc.fastqc                      [DEBUG  ]  Duplicate sample name found! Overwriting: SRR3192400
[2017-08-16 12:22:58,513] multiqc.modules.fastqc.fastqc                      [DEBUG  ]  Duplicate sample name found! Overwriting: SRR3192401
[2017-08-16 12:22:58,531] multiqc.modules.fastqc.fastqc                      [DEBUG  ]  Duplicate sample name found! Overwriting: SRR3192401
[2017-08-16 12:22:58,547] multiqc.modules.fastqc.fastqc                      [DEBUG  ]  Duplicate sample name found! Overwriting: SRR3192401
[2017-08-16 12:22:58,623] multiqc.modules.fastqc.fastqc                      [DEBUG  ]  Duplicate sample name found! Overwriting: SRR3192657
[2017-08-16 12:22:58,645] multiqc.modules.fastqc.fastqc                      [DEBUG  ]  Duplicate sample name found! Overwriting: SRR3192657
[2017-08-16 12:22:58,662] multiqc.modules.fastqc.fastqc                      [DEBUG  ]  Duplicate sample name found! Overwriting: SRR3192657
[2017-08-16 12:22:58,694] multiqc.modules.fastqc.fastqc                      [DEBUG  ]  Duplicate sample name found! Overwriting: SRR3192658
[2017-08-16 12:22:58,712] multiqc.modules.fastqc.fastqc                      [DEBUG  ]  Duplicate sample name found! Overwriting: SRR3192658
[2017-08-16 12:22:58,728] multiqc.modules.fastqc.fastqc                      [DEBUG  ]  Duplicate sample name found! Overwriting: SRR3192658
[2017-08-16 12:22:58,741] multiqc.modules.fastqc.fastqc                      [INFO   ]  Found 8 reports
[2017-08-16 12:22:59,310] multiqc.modules.clusterflow.clusterflow            [DEBUG  ]  Could not find any reports in ('.',)
[2017-08-16 12:22:59,315] multiqc.modules.bcl2fastq.bcl2fastq                [DEBUG  ]  Could not find any bcl2fastq data in ('.',)
[2017-08-16 12:22:59,316] multiqc                                            [DEBUG  ]  No config found for MultiQC_Clarity
[2017-08-16 12:22:59,355] multiqc                                            [INFO   ]  Compressing plot data
[2017-08-16 12:23:00,800] multiqc                                            [DEBUG  ]  Running MultiQC_NGI v0.5 (after modules)
[2017-08-16 12:23:00,800] multiqc                                            [DEBUG  ]  Skipping MultiQC_NGI as specified in config file
[2017-08-16 12:23:00,800] multiqc                                            [INFO   ]  Report      : multiqc_report.html
[2017-08-16 12:23:00,801] multiqc                                            [INFO   ]  Data        : multiqc_data
[2017-08-16 12:23:00,801] multiqc                                            [DEBUG  ]  Moving data file from '/var/folders/12/35tfw0vd41v95nshdtbn10200002xs/T/tmpodcEd_/multiqc_data/multiqc_cutadapt.txt' to '/Users/philewels/GitHub/MultiQC_website/public_html/examples/rna-seq/multiqc_data'
[2017-08-16 12:23:00,801] multiqc                                            [DEBUG  ]  Moving data file from '/var/folders/12/35tfw0vd41v95nshdtbn10200002xs/T/tmpodcEd_/multiqc_data/multiqc_fastqc.txt' to '/Users/philewels/GitHub/MultiQC_website/public_html/examples/rna-seq/multiqc_data'
[2017-08-16 12:23:00,802] multiqc                                            [DEBUG  ]  Moving data file from '/var/folders/12/35tfw0vd41v95nshdtbn10200002xs/T/tmpodcEd_/multiqc_data/multiqc_featureCounts.txt' to '/Users/philewels/GitHub/MultiQC_website/public_html/examples/rna-seq/multiqc_data'
[2017-08-16 12:23:00,802] multiqc                                            [DEBUG  ]  Moving data file from '/var/folders/12/35tfw0vd41v95nshdtbn10200002xs/T/tmpodcEd_/multiqc_data/multiqc_general_stats.txt' to '/Users/philewels/GitHub/MultiQC_website/public_html/examples/rna-seq/multiqc_data'
[2017-08-16 12:23:00,802] multiqc                                            [DEBUG  ]  Moving data file from '/var/folders/12/35tfw0vd41v95nshdtbn10200002xs/T/tmpodcEd_/multiqc_data/multiqc_sources.txt' to '/Users/philewels/GitHub/MultiQC_website/public_html/examples/rna-seq/multiqc_data'
[2017-08-16 12:23:00,802] multiqc                                            [DEBUG  ]  Moving data file from '/var/folders/12/35tfw0vd41v95nshdtbn10200002xs/T/tmpodcEd_/multiqc_data/multiqc_star.txt' to '/Users/philewels/GitHub/MultiQC_website/public_html/examples/rna-seq/multiqc_data'
[2017-08-16 12:23:01,110] multiqc                                            [DEBUG  ]  Running MultiQC_NGI v0.5 (after execution finish)
[2017-08-16 12:23:01,110] multiqc                                            [INFO   ]  MultiQC complete
