Java memory size is set to 112G
Launching application...

QualiMap v.2.0
Built on 2014-08-28 17:03

Selected tool: bamqc
Available memory (Mb): 32
Max memory (Mb): 106897
Starting bam qc....
Loading sam header...
Loading locator...
Loading reference...
Number of windows: 400, effective number of windows: 483
Chunk of reads size: 1000
Number of threads: 16
Processed 50 out of 483 windows...
Processed 100 out of 483 windows...
Processed 150 out of 483 windows...
Processed 200 out of 483 windows...
Processed 250 out of 483 windows...
Processed 300 out of 483 windows...
Processed 350 out of 483 windows...
Processed 400 out of 483 windows...
Processed 450 out of 483 windows...
Total processed windows:483
Number of reads: 912383669
Number of valid reads: 894970438
Number of duplicated reads: 0
Number of correct strand reads:0

Inside of regions...
Num mapped reads: 894970438
Num mapped first of pair: 447733402
Num mapped second of pair: 447237036
Num singletons: 1420506
Time taken to analyze reads: 5025
Computing descriptors...
numberOfMappedBases: 132096831838
referenceSize: 3101804739
numberOfSequencedBases: 132015048016
numberOfAs: 38959933062
Computing per chromosome statistics...
Computing histograms...
Overall analysis time: 5394
end of bam qc
Computing report...
Html report created successfully

Finished
