sending incremental file list
created directory /proj/a2010002/INBOX/P4107
DELIVERY.README.txt
P4107_1006.md5
00-Reports/
00-Reports/P4107_1006.clean.dedup.recal.bam.recalibrated.indel.annotated.vcf.gz.snpEff.summary.csv
00-Reports/P4107_1006.clean.dedup.recal.bam.recalibrated.indel.annotated.vcf.gz.snpEff.summary.genes.txt
00-Reports/P4107_1006.clean.dedup.recal.bam.recalibrated.snp.annotated.vcf.gz.snpEff.summary.csv
00-Reports/P4107_1006.clean.dedup.recal.bam.recalibrated.snp.annotated.vcf.gz.snpEff.summary.genes.txt
00-Reports/version_report.txt
P4107_1006/
P4107_1006/01-QC/
P4107_1006/01-QC/P4107_1006.clean.dedup.recal.bam.indel.eval
P4107_1006/01-QC/P4107_1006.clean.dedup.recal.bam.snp.eval
P4107_1006/01-QC/P4107_1006.metrics
P4107_1006/01-QC/P4107_1006.clean.dedup.qc/
P4107_1006/01-QC/P4107_1006.clean.dedup.qc/genome_results.txt
P4107_1006/01-QC/P4107_1006.clean.dedup.qc/qualimapReport.html
P4107_1006/01-QC/P4107_1006.clean.dedup.qc/css/
P4107_1006/01-QC/P4107_1006.clean.dedup.qc/css/agogo.css
P4107_1006/01-QC/P4107_1006.clean.dedup.qc/css/ajax-loader.gif
P4107_1006/01-QC/P4107_1006.clean.dedup.qc/css/basic.css
P4107_1006/01-QC/P4107_1006.clean.dedup.qc/css/bgfooter.png
P4107_1006/01-QC/P4107_1006.clean.dedup.qc/css/bgtop.png
P4107_1006/01-QC/P4107_1006.clean.dedup.qc/css/comment-bright.png
P4107_1006/01-QC/P4107_1006.clean.dedup.qc/css/comment-close.png
P4107_1006/01-QC/P4107_1006.clean.dedup.qc/css/comment.png
P4107_1006/01-QC/P4107_1006.clean.dedup.qc/css/doctools.js
P4107_1006/01-QC/P4107_1006.clean.dedup.qc/css/down-pressed.png
P4107_1006/01-QC/P4107_1006.clean.dedup.qc/css/down.png
P4107_1006/01-QC/P4107_1006.clean.dedup.qc/css/file.png
P4107_1006/01-QC/P4107_1006.clean.dedup.qc/css/jquery.js
P4107_1006/01-QC/P4107_1006.clean.dedup.qc/css/minus.png
P4107_1006/01-QC/P4107_1006.clean.dedup.qc/css/plus.png
P4107_1006/01-QC/P4107_1006.clean.dedup.qc/css/pygments.css
P4107_1006/01-QC/P4107_1006.clean.dedup.qc/css/qualimap_logo_small.png
P4107_1006/01-QC/P4107_1006.clean.dedup.qc/css/report.css
P4107_1006/01-QC/P4107_1006.clean.dedup.qc/css/searchtools.js
P4107_1006/01-QC/P4107_1006.clean.dedup.qc/css/underscore.js
P4107_1006/01-QC/P4107_1006.clean.dedup.qc/css/up-pressed.png
P4107_1006/01-QC/P4107_1006.clean.dedup.qc/css/up.png
P4107_1006/01-QC/P4107_1006.clean.dedup.qc/css/websupport.js
P4107_1006/01-QC/P4107_1006.clean.dedup.qc/images_qualimapReport/
P4107_1006/01-QC/P4107_1006.clean.dedup.qc/images_qualimapReport/genome_coverage_0to50_histogram.png
P4107_1006/01-QC/P4107_1006.clean.dedup.qc/images_qualimapReport/genome_coverage_across_reference.png
P4107_1006/01-QC/P4107_1006.clean.dedup.qc/images_qualimapReport/genome_coverage_histogram.png
P4107_1006/01-QC/P4107_1006.clean.dedup.qc/images_qualimapReport/genome_coverage_quotes.png
P4107_1006/01-QC/P4107_1006.clean.dedup.qc/images_qualimapReport/genome_gc_content_per_window.png
P4107_1006/01-QC/P4107_1006.clean.dedup.qc/images_qualimapReport/genome_homopolymer_indels.png
P4107_1006/01-QC/P4107_1006.clean.dedup.qc/images_qualimapReport/genome_insert_size_across_reference.png
P4107_1006/01-QC/P4107_1006.clean.dedup.qc/images_qualimapReport/genome_insert_size_histogram.png
P4107_1006/01-QC/P4107_1006.clean.dedup.qc/images_qualimapReport/genome_mapping_quality_across_reference.png
P4107_1006/01-QC/P4107_1006.clean.dedup.qc/images_qualimapReport/genome_mapping_quality_histogram.png
P4107_1006/01-QC/P4107_1006.clean.dedup.qc/images_qualimapReport/genome_reads_clipping_profile.png
P4107_1006/01-QC/P4107_1006.clean.dedup.qc/images_qualimapReport/genome_reads_content_per_read_position.png
P4107_1006/01-QC/P4107_1006.clean.dedup.qc/images_qualimapReport/genome_uniq_read_starts_histogram.png
P4107_1006/01-QC/P4107_1006.clean.dedup.qc/raw_data_qualimapReport/
P4107_1006/01-QC/P4107_1006.clean.dedup.qc/raw_data_qualimapReport/coverage_across_reference.txt
P4107_1006/01-QC/P4107_1006.clean.dedup.qc/raw_data_qualimapReport/coverage_histogram.txt
P4107_1006/01-QC/P4107_1006.clean.dedup.qc/raw_data_qualimapReport/duplication_rate_histogram.txt
P4107_1006/01-QC/P4107_1006.clean.dedup.qc/raw_data_qualimapReport/genome_fraction_coverage.txt
P4107_1006/01-QC/P4107_1006.clean.dedup.qc/raw_data_qualimapReport/homopolymer_indels.txt
P4107_1006/01-QC/P4107_1006.clean.dedup.qc/raw_data_qualimapReport/insert_size_across_reference.txt
P4107_1006/01-QC/P4107_1006.clean.dedup.qc/raw_data_qualimapReport/insert_size_histogram.txt
P4107_1006/01-QC/P4107_1006.clean.dedup.qc/raw_data_qualimapReport/mapped_reads_clipping_profile.txt
P4107_1006/01-QC/P4107_1006.clean.dedup.qc/raw_data_qualimapReport/mapped_reads_gc-content_distribution.txt
P4107_1006/01-QC/P4107_1006.clean.dedup.qc/raw_data_qualimapReport/mapped_reads_nucleotide_content.txt
P4107_1006/01-QC/P4107_1006.clean.dedup.qc/raw_data_qualimapReport/mapping_quality_across_reference.txt
P4107_1006/01-QC/P4107_1006.clean.dedup.qc/raw_data_qualimapReport/mapping_quality_histogram.txt
P4107_1006/02-FASTQ/
P4107_1006/02-FASTQ/bam2fastq.sh
P4107_1006/03-BAM/
P4107_1006/03-BAM/P4107_1006.clean.dedup.bai
P4107_1006/03-BAM/P4107_1006.clean.dedup.bam
Started command rsync --exclude=*rsync.out --exclude=*rsync.err --perms --verbose --copy-links --recursive --files-from=/apus/v1/a2014205/nobackup/NGI/analysis_ready/DELIVERY/P4107/P4107_1006.lst --chmod=ug+rwX,o-rwx /apus/v1/a2014205/nobackup/NGI/analysis_ready/DELIVERY/P4107 /proj/a2010002/INBOX/P4107 on 2016-03-07 14:43:57.219624
===========
