

Copying fastq files at Sat Feb 20 17:10:07 CET 2016
sending incremental file list
P4107_1005_S5_L006_R1_001.fastq.gz

sent 37581579839 bytes  received 31 bytes  90886529.31 bytes/sec
total size is 37576992695  speedup is 1.00
sending incremental file list
P4107_1005_S5_L006_R2_001.fastq.gz

sent 42900359256 bytes  received 31 bytes  91374567.17 bytes/sec
total size is 42895122924  speedup is 1.00


Executing command lines at Sat Feb 20 17:24:49 CET 2016
Successfully created: /proj/a2014205/nobackup/NGI/analysis_ready/ANALYSIS/P4107/piper_ngi/setup_xml_files/C.Natanaelsson_16_01-P4107_1005-merge_process_variantcall-setup.xml.


Copying back the resulting analysis files at Wed Feb 24 19:28:10 CET 2016
sending incremental file list
./
01_raw_alignments/
01_raw_alignments/P4107_1005.AHJHNYCCXX.P4107_1005.6.bam.out
02_preliminary_alignment_qc/
02_preliminary_alignment_qc/.P4107_1005.AHJHNYCCXX.P4107_1005.6.qc.done
02_preliminary_alignment_qc/.P4107_1005.AHJHNYCCXX.P4107_1005.6.qc.log.done
02_preliminary_alignment_qc/.P4107_1005.AHJHNYCCXX.P4107_1005.6.qc.out.done
02_preliminary_alignment_qc/P4107_1005.AHJHNYCCXX.P4107_1005.6.qc.log
02_preliminary_alignment_qc/P4107_1005.AHJHNYCCXX.P4107_1005.6.qc.out
02_preliminary_alignment_qc/P4107_1005.AHJHNYCCXX.P4107_1005.6.qc/
02_preliminary_alignment_qc/P4107_1005.AHJHNYCCXX.P4107_1005.6.qc/genome_results.txt
02_preliminary_alignment_qc/P4107_1005.AHJHNYCCXX.P4107_1005.6.qc/qualimapReport.html
02_preliminary_alignment_qc/P4107_1005.AHJHNYCCXX.P4107_1005.6.qc/css/
02_preliminary_alignment_qc/P4107_1005.AHJHNYCCXX.P4107_1005.6.qc/css/agogo.css
02_preliminary_alignment_qc/P4107_1005.AHJHNYCCXX.P4107_1005.6.qc/css/ajax-loader.gif
02_preliminary_alignment_qc/P4107_1005.AHJHNYCCXX.P4107_1005.6.qc/css/basic.css
02_preliminary_alignment_qc/P4107_1005.AHJHNYCCXX.P4107_1005.6.qc/css/bgfooter.png
02_preliminary_alignment_qc/P4107_1005.AHJHNYCCXX.P4107_1005.6.qc/css/bgtop.png
02_preliminary_alignment_qc/P4107_1005.AHJHNYCCXX.P4107_1005.6.qc/css/comment-bright.png
02_preliminary_alignment_qc/P4107_1005.AHJHNYCCXX.P4107_1005.6.qc/css/comment-close.png
02_preliminary_alignment_qc/P4107_1005.AHJHNYCCXX.P4107_1005.6.qc/css/comment.png
02_preliminary_alignment_qc/P4107_1005.AHJHNYCCXX.P4107_1005.6.qc/css/doctools.js
02_preliminary_alignment_qc/P4107_1005.AHJHNYCCXX.P4107_1005.6.qc/css/down-pressed.png
02_preliminary_alignment_qc/P4107_1005.AHJHNYCCXX.P4107_1005.6.qc/css/down.png
02_preliminary_alignment_qc/P4107_1005.AHJHNYCCXX.P4107_1005.6.qc/css/file.png
02_preliminary_alignment_qc/P4107_1005.AHJHNYCCXX.P4107_1005.6.qc/css/jquery.js
02_preliminary_alignment_qc/P4107_1005.AHJHNYCCXX.P4107_1005.6.qc/css/minus.png
02_preliminary_alignment_qc/P4107_1005.AHJHNYCCXX.P4107_1005.6.qc/css/plus.png
02_preliminary_alignment_qc/P4107_1005.AHJHNYCCXX.P4107_1005.6.qc/css/pygments.css
02_preliminary_alignment_qc/P4107_1005.AHJHNYCCXX.P4107_1005.6.qc/css/qualimap_logo_small.png
02_preliminary_alignment_qc/P4107_1005.AHJHNYCCXX.P4107_1005.6.qc/css/report.css
02_preliminary_alignment_qc/P4107_1005.AHJHNYCCXX.P4107_1005.6.qc/css/searchtools.js
02_preliminary_alignment_qc/P4107_1005.AHJHNYCCXX.P4107_1005.6.qc/css/underscore.js
02_preliminary_alignment_qc/P4107_1005.AHJHNYCCXX.P4107_1005.6.qc/css/up-pressed.png
02_preliminary_alignment_qc/P4107_1005.AHJHNYCCXX.P4107_1005.6.qc/css/up.png
02_preliminary_alignment_qc/P4107_1005.AHJHNYCCXX.P4107_1005.6.qc/css/websupport.js
02_preliminary_alignment_qc/P4107_1005.AHJHNYCCXX.P4107_1005.6.qc/images_qualimapReport/
02_preliminary_alignment_qc/P4107_1005.AHJHNYCCXX.P4107_1005.6.qc/images_qualimapReport/genome_coverage_0to50_histogram.png
02_preliminary_alignment_qc/P4107_1005.AHJHNYCCXX.P4107_1005.6.qc/images_qualimapReport/genome_coverage_across_reference.png
02_preliminary_alignment_qc/P4107_1005.AHJHNYCCXX.P4107_1005.6.qc/images_qualimapReport/genome_coverage_histogram.png
02_preliminary_alignment_qc/P4107_1005.AHJHNYCCXX.P4107_1005.6.qc/images_qualimapReport/genome_coverage_quotes.png
02_preliminary_alignment_qc/P4107_1005.AHJHNYCCXX.P4107_1005.6.qc/images_qualimapReport/genome_gc_content_per_window.png
02_preliminary_alignment_qc/P4107_1005.AHJHNYCCXX.P4107_1005.6.qc/images_qualimapReport/genome_homopolymer_indels.png
02_preliminary_alignment_qc/P4107_1005.AHJHNYCCXX.P4107_1005.6.qc/images_qualimapReport/genome_insert_size_across_reference.png
02_preliminary_alignment_qc/P4107_1005.AHJHNYCCXX.P4107_1005.6.qc/images_qualimapReport/genome_insert_size_histogram.png
02_preliminary_alignment_qc/P4107_1005.AHJHNYCCXX.P4107_1005.6.qc/images_qualimapReport/genome_mapping_quality_across_reference.png
02_preliminary_alignment_qc/P4107_1005.AHJHNYCCXX.P4107_1005.6.qc/images_qualimapReport/genome_mapping_quality_histogram.png
02_preliminary_alignment_qc/P4107_1005.AHJHNYCCXX.P4107_1005.6.qc/images_qualimapReport/genome_reads_clipping_profile.png
02_preliminary_alignment_qc/P4107_1005.AHJHNYCCXX.P4107_1005.6.qc/images_qualimapReport/genome_reads_content_per_read_position.png
02_preliminary_alignment_qc/P4107_1005.AHJHNYCCXX.P4107_1005.6.qc/images_qualimapReport/genome_uniq_read_starts_histogram.png
02_preliminary_alignment_qc/P4107_1005.AHJHNYCCXX.P4107_1005.6.qc/raw_data_qualimapReport/
02_preliminary_alignment_qc/P4107_1005.AHJHNYCCXX.P4107_1005.6.qc/raw_data_qualimapReport/coverage_across_reference.txt
02_preliminary_alignment_qc/P4107_1005.AHJHNYCCXX.P4107_1005.6.qc/raw_data_qualimapReport/coverage_histogram.txt
02_preliminary_alignment_qc/P4107_1005.AHJHNYCCXX.P4107_1005.6.qc/raw_data_qualimapReport/duplication_rate_histogram.txt
02_preliminary_alignment_qc/P4107_1005.AHJHNYCCXX.P4107_1005.6.qc/raw_data_qualimapReport/genome_fraction_coverage.txt
02_preliminary_alignment_qc/P4107_1005.AHJHNYCCXX.P4107_1005.6.qc/raw_data_qualimapReport/homopolymer_indels.txt
02_preliminary_alignment_qc/P4107_1005.AHJHNYCCXX.P4107_1005.6.qc/raw_data_qualimapReport/insert_size_across_reference.txt
02_preliminary_alignment_qc/P4107_1005.AHJHNYCCXX.P4107_1005.6.qc/raw_data_qualimapReport/insert_size_histogram.txt
02_preliminary_alignment_qc/P4107_1005.AHJHNYCCXX.P4107_1005.6.qc/raw_data_qualimapReport/mapped_reads_clipping_profile.txt
02_preliminary_alignment_qc/P4107_1005.AHJHNYCCXX.P4107_1005.6.qc/raw_data_qualimapReport/mapped_reads_gc-content_distribution.txt
02_preliminary_alignment_qc/P4107_1005.AHJHNYCCXX.P4107_1005.6.qc/raw_data_qualimapReport/mapped_reads_nucleotide_content.txt
02_preliminary_alignment_qc/P4107_1005.AHJHNYCCXX.P4107_1005.6.qc/raw_data_qualimapReport/mapping_quality_across_reference.txt
02_preliminary_alignment_qc/P4107_1005.AHJHNYCCXX.P4107_1005.6.qc/raw_data_qualimapReport/mapping_quality_histogram.txt
03_genotype_concordance/
04_merged_aligments/
04_merged_aligments/P4107_1005.bam.out
05_processed_alignments/
05_processed_alignments/.P4107_1005.clean.dedup.bai.done
05_processed_alignments/.P4107_1005.clean.dedup.bam.done
05_processed_alignments/.P4107_1005.clean.dedup.bam.out.done
05_processed_alignments/.P4107_1005.intervals.done
05_processed_alignments/.P4107_1005.intervals.out.done
05_processed_alignments/.P4107_1005.post_recal.table.done
05_processed_alignments/.P4107_1005.post_recal.table.out.done
05_processed_alignments/.P4107_1005.pre_recal.table.done
05_processed_alignments/.P4107_1005.pre_recal.table.out.done
05_processed_alignments/P4107_1005.clean.bam.out
05_processed_alignments/P4107_1005.clean.dedup.bai
05_processed_alignments/P4107_1005.clean.dedup.bam
05_processed_alignments/P4107_1005.clean.dedup.bam.out
05_processed_alignments/P4107_1005.clean.dedup.recal.bam.out
05_processed_alignments/P4107_1005.intervals
05_processed_alignments/P4107_1005.intervals.out
05_processed_alignments/P4107_1005.metrics
05_processed_alignments/P4107_1005.post_recal.table
05_processed_alignments/P4107_1005.post_recal.table.out
05_processed_alignments/P4107_1005.pre_recal.table
05_processed_alignments/P4107_1005.pre_recal.table.out
06_final_alignment_qc/
06_final_alignment_qc/.P4107_1005.clean.dedup.qc.done
06_final_alignment_qc/.P4107_1005.clean.dedup.qc.log.done
06_final_alignment_qc/.P4107_1005.clean.dedup.qc.out.done
06_final_alignment_qc/P4107_1005.clean.dedup.qc.log
06_final_alignment_qc/P4107_1005.clean.dedup.qc.out
06_final_alignment_qc/P4107_1005.clean.dedup.qc/
06_final_alignment_qc/P4107_1005.clean.dedup.qc/genome_results.txt
06_final_alignment_qc/P4107_1005.clean.dedup.qc/qualimapReport.html
06_final_alignment_qc/P4107_1005.clean.dedup.qc/css/
06_final_alignment_qc/P4107_1005.clean.dedup.qc/css/agogo.css
06_final_alignment_qc/P4107_1005.clean.dedup.qc/css/ajax-loader.gif
06_final_alignment_qc/P4107_1005.clean.dedup.qc/css/basic.css
06_final_alignment_qc/P4107_1005.clean.dedup.qc/css/bgfooter.png
06_final_alignment_qc/P4107_1005.clean.dedup.qc/css/bgtop.png
06_final_alignment_qc/P4107_1005.clean.dedup.qc/css/comment-bright.png
06_final_alignment_qc/P4107_1005.clean.dedup.qc/css/comment-close.png
06_final_alignment_qc/P4107_1005.clean.dedup.qc/css/comment.png
06_final_alignment_qc/P4107_1005.clean.dedup.qc/css/doctools.js
06_final_alignment_qc/P4107_1005.clean.dedup.qc/css/down-pressed.png
06_final_alignment_qc/P4107_1005.clean.dedup.qc/css/down.png
06_final_alignment_qc/P4107_1005.clean.dedup.qc/css/file.png
06_final_alignment_qc/P4107_1005.clean.dedup.qc/css/jquery.js
06_final_alignment_qc/P4107_1005.clean.dedup.qc/css/minus.png
06_final_alignment_qc/P4107_1005.clean.dedup.qc/css/plus.png
06_final_alignment_qc/P4107_1005.clean.dedup.qc/css/pygments.css
06_final_alignment_qc/P4107_1005.clean.dedup.qc/css/qualimap_logo_small.png
06_final_alignment_qc/P4107_1005.clean.dedup.qc/css/report.css
06_final_alignment_qc/P4107_1005.clean.dedup.qc/css/searchtools.js
06_final_alignment_qc/P4107_1005.clean.dedup.qc/css/underscore.js
06_final_alignment_qc/P4107_1005.clean.dedup.qc/css/up-pressed.png
06_final_alignment_qc/P4107_1005.clean.dedup.qc/css/up.png
06_final_alignment_qc/P4107_1005.clean.dedup.qc/css/websupport.js
06_final_alignment_qc/P4107_1005.clean.dedup.qc/images_qualimapReport/
06_final_alignment_qc/P4107_1005.clean.dedup.qc/images_qualimapReport/genome_coverage_0to50_histogram.png
06_final_alignment_qc/P4107_1005.clean.dedup.qc/images_qualimapReport/genome_coverage_across_reference.png
06_final_alignment_qc/P4107_1005.clean.dedup.qc/images_qualimapReport/genome_coverage_histogram.png
06_final_alignment_qc/P4107_1005.clean.dedup.qc/images_qualimapReport/genome_coverage_quotes.png
06_final_alignment_qc/P4107_1005.clean.dedup.qc/images_qualimapReport/genome_gc_content_per_window.png
06_final_alignment_qc/P4107_1005.clean.dedup.qc/images_qualimapReport/genome_homopolymer_indels.png
06_final_alignment_qc/P4107_1005.clean.dedup.qc/images_qualimapReport/genome_insert_size_across_reference.png
06_final_alignment_qc/P4107_1005.clean.dedup.qc/images_qualimapReport/genome_insert_size_histogram.png
06_final_alignment_qc/P4107_1005.clean.dedup.qc/images_qualimapReport/genome_mapping_quality_across_reference.png
06_final_alignment_qc/P4107_1005.clean.dedup.qc/images_qualimapReport/genome_mapping_quality_histogram.png
06_final_alignment_qc/P4107_1005.clean.dedup.qc/images_qualimapReport/genome_reads_clipping_profile.png
06_final_alignment_qc/P4107_1005.clean.dedup.qc/images_qualimapReport/genome_reads_content_per_read_position.png
06_final_alignment_qc/P4107_1005.clean.dedup.qc/images_qualimapReport/genome_uniq_read_starts_histogram.png
06_final_alignment_qc/P4107_1005.clean.dedup.qc/raw_data_qualimapReport/
06_final_alignment_qc/P4107_1005.clean.dedup.qc/raw_data_qualimapReport/coverage_across_reference.txt
06_final_alignment_qc/P4107_1005.clean.dedup.qc/raw_data_qualimapReport/coverage_histogram.txt
06_final_alignment_qc/P4107_1005.clean.dedup.qc/raw_data_qualimapReport/duplication_rate_histogram.txt
06_final_alignment_qc/P4107_1005.clean.dedup.qc/raw_data_qualimapReport/genome_fraction_coverage.txt
06_final_alignment_qc/P4107_1005.clean.dedup.qc/raw_data_qualimapReport/homopolymer_indels.txt
06_final_alignment_qc/P4107_1005.clean.dedup.qc/raw_data_qualimapReport/insert_size_across_reference.txt
06_final_alignment_qc/P4107_1005.clean.dedup.qc/raw_data_qualimapReport/insert_size_histogram.txt
06_final_alignment_qc/P4107_1005.clean.dedup.qc/raw_data_qualimapReport/mapped_reads_clipping_profile.txt
06_final_alignment_qc/P4107_1005.clean.dedup.qc/raw_data_qualimapReport/mapped_reads_gc-content_distribution.txt
06_final_alignment_qc/P4107_1005.clean.dedup.qc/raw_data_qualimapReport/mapped_reads_nucleotide_content.txt
06_final_alignment_qc/P4107_1005.clean.dedup.qc/raw_data_qualimapReport/mapping_quality_across_reference.txt
06_final_alignment_qc/P4107_1005.clean.dedup.qc/raw_data_qualimapReport/mapping_quality_histogram.txt
07_variant_calls/
07_variant_calls/.P4107_1005.clean.dedup.recal.bam.genomic.vcf.gz.done
07_variant_calls/.P4107_1005.clean.dedup.recal.bam.genomic.vcf.gz.out.done
07_variant_calls/.P4107_1005.clean.dedup.recal.bam.indel.eval.done
07_variant_calls/.P4107_1005.clean.dedup.recal.bam.indel.eval.out.done
07_variant_calls/.P4107_1005.clean.dedup.recal.bam.indel.tranches.done
07_variant_calls/.P4107_1005.clean.dedup.recal.bam.indel.tranches.recal.done
07_variant_calls/.P4107_1005.clean.dedup.recal.bam.indel.tranches.recal.idx.done
07_variant_calls/.P4107_1005.clean.dedup.recal.bam.indel.tranches.recal.out.done
07_variant_calls/.P4107_1005.clean.dedup.recal.bam.indel.vqsr.r.done
07_variant_calls/.P4107_1005.clean.dedup.recal.bam.raw.indel.vcf.gz.done
07_variant_calls/.P4107_1005.clean.dedup.recal.bam.raw.indel.vcf.gz.out.done
07_variant_calls/.P4107_1005.clean.dedup.recal.bam.raw.snp.vcf.gz.done
07_variant_calls/.P4107_1005.clean.dedup.recal.bam.raw.snp.vcf.gz.out.done
07_variant_calls/.P4107_1005.clean.dedup.recal.bam.raw.vcf.gz.done
07_variant_calls/.P4107_1005.clean.dedup.recal.bam.raw.vcf.gz.out.done
07_variant_calls/.P4107_1005.clean.dedup.recal.bam.recalibrated.indel.annotated.vcf.gz.done
07_variant_calls/.P4107_1005.clean.dedup.recal.bam.recalibrated.indel.annotated.vcf.gz.out.done
07_variant_calls/.P4107_1005.clean.dedup.recal.bam.recalibrated.indel.vcf.gz.done
07_variant_calls/.P4107_1005.clean.dedup.recal.bam.recalibrated.indel.vcf.gz.out.done
07_variant_calls/.P4107_1005.clean.dedup.recal.bam.recalibrated.snp.annotated.vcf.gz.done
07_variant_calls/.P4107_1005.clean.dedup.recal.bam.recalibrated.snp.annotated.vcf.gz.out.done
07_variant_calls/.P4107_1005.clean.dedup.recal.bam.recalibrated.snp.vcf.gz.done
07_variant_calls/.P4107_1005.clean.dedup.recal.bam.recalibrated.snp.vcf.gz.out.done
07_variant_calls/.P4107_1005.clean.dedup.recal.bam.snp.eval.done
07_variant_calls/.P4107_1005.clean.dedup.recal.bam.snp.eval.out.done
07_variant_calls/.P4107_1005.clean.dedup.recal.bam.snp.tranches.done
07_variant_calls/.P4107_1005.clean.dedup.recal.bam.snp.tranches.recal.done
07_variant_calls/.P4107_1005.clean.dedup.recal.bam.snp.tranches.recal.idx.done
07_variant_calls/.P4107_1005.clean.dedup.recal.bam.snp.tranches.recal.out.done
07_variant_calls/.P4107_1005.clean.dedup.recal.bam.snp.vqsr.r.done
07_variant_calls/P4107_1005.clean.dedup.recal.bam.genomic.vcf.gz
07_variant_calls/P4107_1005.clean.dedup.recal.bam.genomic.vcf.gz.out
07_variant_calls/P4107_1005.clean.dedup.recal.bam.genomic.vcf.gz.tbi
07_variant_calls/P4107_1005.clean.dedup.recal.bam.indel.eval
07_variant_calls/P4107_1005.clean.dedup.recal.bam.indel.eval.out
07_variant_calls/P4107_1005.clean.dedup.recal.bam.indel.tranches
07_variant_calls/P4107_1005.clean.dedup.recal.bam.indel.tranches.recal
07_variant_calls/P4107_1005.clean.dedup.recal.bam.indel.tranches.recal.idx
07_variant_calls/P4107_1005.clean.dedup.recal.bam.indel.tranches.recal.out
07_variant_calls/P4107_1005.clean.dedup.recal.bam.indel.vqsr.r
07_variant_calls/P4107_1005.clean.dedup.recal.bam.raw.indel.vcf.gz
07_variant_calls/P4107_1005.clean.dedup.recal.bam.raw.indel.vcf.gz.out
07_variant_calls/P4107_1005.clean.dedup.recal.bam.raw.indel.vcf.gz.tbi
07_variant_calls/P4107_1005.clean.dedup.recal.bam.raw.snp.vcf.gz
07_variant_calls/P4107_1005.clean.dedup.recal.bam.raw.snp.vcf.gz.out
07_variant_calls/P4107_1005.clean.dedup.recal.bam.raw.snp.vcf.gz.tbi
07_variant_calls/P4107_1005.clean.dedup.recal.bam.raw.vcf.gz
07_variant_calls/P4107_1005.clean.dedup.recal.bam.raw.vcf.gz.out
07_variant_calls/P4107_1005.clean.dedup.recal.bam.raw.vcf.gz.tbi
07_variant_calls/P4107_1005.clean.dedup.recal.bam.recalibrated.indel.annotated.vcf.gz
07_variant_calls/P4107_1005.clean.dedup.recal.bam.recalibrated.indel.annotated.vcf.gz.out
07_variant_calls/P4107_1005.clean.dedup.recal.bam.recalibrated.indel.annotated.vcf.gz.snpEff.summary.csv
07_variant_calls/P4107_1005.clean.dedup.recal.bam.recalibrated.indel.annotated.vcf.gz.snpEff.summary.genes.txt
07_variant_calls/P4107_1005.clean.dedup.recal.bam.recalibrated.indel.annotated.vcf.gz.tbi
07_variant_calls/P4107_1005.clean.dedup.recal.bam.recalibrated.indel.vcf.gz
07_variant_calls/P4107_1005.clean.dedup.recal.bam.recalibrated.indel.vcf.gz.out
07_variant_calls/P4107_1005.clean.dedup.recal.bam.recalibrated.indel.vcf.gz.tbi
07_variant_calls/P4107_1005.clean.dedup.recal.bam.recalibrated.snp.annotated.vcf.gz
07_variant_calls/P4107_1005.clean.dedup.recal.bam.recalibrated.snp.annotated.vcf.gz.out
07_variant_calls/P4107_1005.clean.dedup.recal.bam.recalibrated.snp.annotated.vcf.gz.snpEff.summary.csv
07_variant_calls/P4107_1005.clean.dedup.recal.bam.recalibrated.snp.annotated.vcf.gz.snpEff.summary.genes.txt
07_variant_calls/P4107_1005.clean.dedup.recal.bam.recalibrated.snp.annotated.vcf.gz.tbi
07_variant_calls/P4107_1005.clean.dedup.recal.bam.recalibrated.snp.vcf.gz
07_variant_calls/P4107_1005.clean.dedup.recal.bam.recalibrated.snp.vcf.gz.out
07_variant_calls/P4107_1005.clean.dedup.recal.bam.recalibrated.snp.vcf.gz.tbi
07_variant_calls/P4107_1005.clean.dedup.recal.bam.snp.eval
07_variant_calls/P4107_1005.clean.dedup.recal.bam.snp.eval.out
07_variant_calls/P4107_1005.clean.dedup.recal.bam.snp.tranches
07_variant_calls/P4107_1005.clean.dedup.recal.bam.snp.tranches.pdf
07_variant_calls/P4107_1005.clean.dedup.recal.bam.snp.tranches.recal
07_variant_calls/P4107_1005.clean.dedup.recal.bam.snp.tranches.recal.idx
07_variant_calls/P4107_1005.clean.dedup.recal.bam.snp.tranches.recal.out
07_variant_calls/P4107_1005.clean.dedup.recal.bam.snp.vqsr.r
08_misc/
logs/
logs/version_report.txt

sent 68147399652 bytes  received 4016 bytes  57874652.80 bytes/sec
total size is 68139065031  speedup is 1.00
