[2016-12-21 17:51:07,036] multiqc                                            [DEBUG  ]  No MultiQC config found: /Users/philewels/mqc_nogit/MultiQC-0.9/multiqc_config.yaml
[2016-12-21 17:51:07,042] multiqc                                            [DEBUG  ]  Loading config settings from: /Users/philewels/.multiqc_config.yaml
[2016-12-21 17:51:07,042] multiqc                                            [DEBUG  ]  New config 'fastqc_config': {'fastqc_theoretical_gc': 'hg38_genome'}
[2016-12-21 17:51:07,043] multiqc                                            [DEBUG  ]  New config 'fn_ignore_paths': ['*/piper_ngi/01_raw_alignments/*', '*/piper_ngi/02_preliminary_alignment_qc/*', '*/piper_ngi/03_genotype_concordance/*', '*/piper_ngi/04_merged_alignments/*']
[2016-12-21 17:51:07,043] multiqc                                            [DEBUG  ]  New config 'disable_ngi': True
[2016-12-21 17:51:07,043] multiqc                                            [DEBUG  ]  Added to filename clean extensions. Now looking for: ['_trimmed', '_val_1', '_val_2', '.bowtie_log', '.featureCounts', '.gz', '.fastq', '.fq', '.bam', '.sam', '.sra', '.vcf', '.dat', '_tophat', '.log', '.stderr', '.out', 'Log.final', 'ReadsPerGene', '.flagstat', '_star_aligned', '_fastqc', '.hicup', '.counts', '_counts', '.txt', '.aligned', 'Aligned', '.merge', '.deduplicated', '.dedup', '.clean', '.sorted', '.report', '| stdin', '.geneBodyCoverage', '.inner_distance_freq', '.junctionSaturation_plot.r', '.pos.DupRate.xls', '.GC.xls', '_slamdunk', '_bismark']
[2016-12-21 17:51:07,043] multiqc                                            [DEBUG  ]  New config 'fn_ignore_files': ['*biotype.featureCounts.txt.summary']
[2016-12-21 17:51:07,049] multiqc                                            [DEBUG  ]  Loading config settings from: multiqc_config.yaml
[2016-12-21 17:51:07,050] multiqc                                            [DEBUG  ]  Added to filename clean extensions. Now looking for: ['.clean', '_S1', '_S2', '_S3', '_S4', '_S5', '_S6', '.AHJHNYCCXX', '_trimmed', '_val_1', '_val_2', '.bowtie_log', '.featureCounts', '.gz', '.fastq', '.fq', '.bam', '.sam', '.sra', '.vcf', '.dat', '_tophat', '.log', '.stderr', '.out', 'Log.final', 'ReadsPerGene', '.flagstat', '_star_aligned', '_fastqc', '.hicup', '.counts', '_counts', '.txt', '.aligned', 'Aligned', '.merge', '.deduplicated', '.dedup', '.clean', '.sorted', '.report', '| stdin', '.geneBodyCoverage', '.inner_distance_freq', '.junctionSaturation_plot.r', '.pos.DupRate.xls', '.GC.xls', '_slamdunk', '_bismark']
[2016-12-21 17:51:07,050] multiqc                                            [DEBUG  ]  New config 'table_columns_visible': {'FastQC': {'percent_duplicates': False}}
[2016-12-21 17:51:07,050] multiqc                                            [DEBUG  ]  Command used: /Users/philewels/.miniconda/envs/work/bin/multiqc data/
[2016-12-21 17:51:07,050] multiqc                                            [DEBUG  ]  Could not connect to multiqc.info for version check
[2016-12-21 17:51:07,050] multiqc                                            [INFO   ]  This is MultiQC v0.9
[2016-12-21 17:51:07,051] multiqc                                            [DEBUG  ]  Command     : /Users/philewels/.miniconda/envs/work/bin/multiqc data/
[2016-12-21 17:51:07,051] multiqc                                            [DEBUG  ]  Working dir : /Users/philewels/GitHub/MultiQC_website/public_html/examples/wgs
[2016-12-21 17:51:07,051] multiqc                                            [INFO   ]  Template    : default
[2016-12-21 17:51:07,051] multiqc                                            [INFO   ]  Searching 'data/'
[2016-12-21 17:51:07,052] multiqc                                            [DEBUG  ]  Analysing modules: ngi_rnaseq, gatk, dupRadar, htseq, featureCounts_biotype, custom_content, peddy, quast, snpeff, qualimap, bcftools, featureCounts, methylQA, rseqc, picard, preseq, prokka, samblaster, samtools, bamtools, bismark, hicup, salmon, kallisto, slamdunk, star, tophat, bowtie2, bowtie1, cutadapt, trimmomatic, skewer, fastq_screen, fastqc
[2016-12-21 17:51:07,052] multiqc                                            [DEBUG  ]  Using temporary directory for creating report: /var/folders/12/35tfw0vd41v95nshdtbn10200002xs/T/tmpUJo7Pj
[2016-12-21 17:51:07,339] multiqc.modules.ngi_rnaseq                         [DEBUG  ]  Could not find any reports in ('data/',)
[2016-12-21 17:51:09,221] multiqc.modules.gatk.gatk                          [INFO   ]  Found 6 VariantEval reports
[2016-12-21 17:51:09,454] multiqc                                            [DEBUG  ]  Could not find any reports in ('data/',)
[2016-12-21 17:51:10,484] multiqc.modules.htseq.htseq                        [DEBUG  ]  Could not find any reports in ('data/',)
[2016-12-21 17:51:10,607] multiqc                                            [DEBUG  ]  Could not find any reports in ('data/',)
[2016-12-21 17:51:10,754] multiqc.modules.custom_content.custom_content      [DEBUG  ]  No custom content found
[2016-12-21 17:51:11,228] multiqc.modules.peddy.peddy                        [DEBUG  ]  Could not find any reports in ('data/',)
[2016-12-21 17:51:11,335] multiqc.modules.quast.quast                        [DEBUG  ]  Could not find any reports in ('data/',)
[2016-12-21 17:51:12,326] multiqc.modules.snpeff.snpeff                      [DEBUG  ]  Duplicate sample name found! Overwriting: P4107_1001
[2016-12-21 17:51:12,401] multiqc.modules.snpeff.snpeff                      [DEBUG  ]  Duplicate sample name found! Overwriting: P4107_1002
[2016-12-21 17:51:12,475] multiqc.modules.snpeff.snpeff                      [DEBUG  ]  Duplicate sample name found! Overwriting: P4107_1003
[2016-12-21 17:51:12,544] multiqc.modules.snpeff.snpeff                      [DEBUG  ]  Duplicate sample name found! Overwriting: P4107_1004
[2016-12-21 17:51:12,619] multiqc.modules.snpeff.snpeff                      [DEBUG  ]  Duplicate sample name found! Overwriting: P4107_1005
[2016-12-21 17:51:12,690] multiqc.modules.snpeff.snpeff                      [DEBUG  ]  Duplicate sample name found! Overwriting: P4107_1006
[2016-12-21 17:51:12,773] multiqc.modules.snpeff.snpeff                      [INFO   ]  Found 6 reports
[2016-12-21 17:51:12,870] multiqc.modules.qualimap.QM_BamQC                  [DEBUG  ]  Using default Qualimap thresholds: 1, 5, 10, 30, 50
[2016-12-21 17:51:56,721] multiqc.modules.qualimap.qualimap                  [INFO   ]  Found 6 BamQC reports
[2016-12-21 17:51:58,808] multiqc.modules.bcftools.bcftools                  [DEBUG  ]  Could not find any reports in ('data/',)
[2016-12-21 17:51:58,924] multiqc.modules.featureCounts.feature_counts       [DEBUG  ]  Could not find any reports in ('data/',)
[2016-12-21 17:51:59,050] multiqc.modules.methylQA.methylQA                  [DEBUG  ]  Could not find any reports in ('data/',)
[2016-12-21 17:52:03,939] multiqc.modules.rseqc.rseqc                        [DEBUG  ]  Could not find any reports in ('data/',)
[2016-12-21 17:52:05,015] multiqc.modules.picard.picard                      [INFO   ]  Found 6 MarkDuplicates reports
[2016-12-21 17:52:14,102] multiqc.modules.preseq.preseq                      [DEBUG  ]  Could not find any preseq data in ('data/',)
[2016-12-21 17:52:15,085] multiqc.modules.prokka.prokka                      [DEBUG  ]  Could not find any Prokka data in ('data/',)
[2016-12-21 17:52:16,089] multiqc.modules.samblaster.samblaster              [DEBUG  ]  Could not find any data in ('data/',)
[2016-12-21 17:52:19,335] multiqc.modules.samtools.samtools                  [DEBUG  ]  Could not find any reports in ('data/',)
[2016-12-21 17:52:20,367] multiqc.modules.bamtools.bamtools                  [DEBUG  ]  Could not find any reports in ('data/',)
[2016-12-21 17:52:20,904] multiqc.modules.bismark.bismark                    [DEBUG  ]  Could not find any reports in ('data/',)
[2016-12-21 17:52:21,024] multiqc.modules.hicup.hicup                        [DEBUG  ]  Could not find any HiCUP data in ('data/',)
[2016-12-21 17:52:21,242] multiqc.modules.salmon.salmon                      [DEBUG  ]  Could not find any Salmon data in ('data/',)
[2016-12-21 17:52:22,312] multiqc.modules.kallisto.kallisto                  [DEBUG  ]  Could not find any reports in ('data/',)
[2016-12-21 17:52:28,335] multiqc.modules.slamdunk.slamdunk                  [DEBUG  ]  No slamdunk reports found.
[2016-12-21 17:52:28,563] multiqc.modules.star.star                          [DEBUG  ]  Could not find any reports in ('data/',)
[2016-12-21 17:52:28,678] multiqc.modules.tophat.tophat                      [DEBUG  ]  Could not find any reports in ('data/',)
[2016-12-21 17:52:29,705] multiqc.modules.bowtie2.bowtie2                    [DEBUG  ]  Could not find any reports in ('data/',)
[2016-12-21 17:52:30,722] multiqc.modules.bowtie1.bowtie1                    [DEBUG  ]  Could not find any reports in ('data/',)
[2016-12-21 17:52:31,709] multiqc.modules.cutadapt.cutadapt                  [DEBUG  ]  Could not find any reports in ('data/',)
[2016-12-21 17:52:32,709] multiqc.modules.trimmomatic.trimmomatic            [DEBUG  ]  Could not find any Trimmomatic data in ('data/',)
[2016-12-21 17:52:33,709] multiqc.modules.skewer.skewer                      [DEBUG  ]  Could not find any data in ('data/',)
[2016-12-21 17:52:33,829] multiqc.modules.fastq_screen.fastq_screen          [DEBUG  ]  Duplicate sample name found! Overwriting: P4107_1001
[2016-12-21 17:52:33,831] multiqc.modules.fastq_screen.fastq_screen          [DEBUG  ]  Duplicate sample name found! Overwriting: P4107_1002
[2016-12-21 17:52:33,832] multiqc.modules.fastq_screen.fastq_screen          [DEBUG  ]  Duplicate sample name found! Overwriting: P4107_1003
[2016-12-21 17:52:33,834] multiqc.modules.fastq_screen.fastq_screen          [DEBUG  ]  Duplicate sample name found! Overwriting: P4107_1004
[2016-12-21 17:52:33,835] multiqc.modules.fastq_screen.fastq_screen          [DEBUG  ]  Duplicate sample name found! Overwriting: P4107_1005
[2016-12-21 17:52:33,836] multiqc.modules.fastq_screen.fastq_screen          [DEBUG  ]  Duplicate sample name found! Overwriting: P4107_1006
[2016-12-21 17:52:33,838] multiqc.modules.fastq_screen.fastq_screen          [INFO   ]  Found 6 reports
[2016-12-21 17:52:34,222] multiqc.modules.fastqc.fastqc                      [DEBUG  ]  Duplicate sample name found! Overwriting: P4107_1001
[2016-12-21 17:52:34,425] multiqc.modules.fastqc.fastqc                      [DEBUG  ]  Duplicate sample name found! Overwriting: P4107_1002
[2016-12-21 17:52:34,653] multiqc.modules.fastqc.fastqc                      [DEBUG  ]  Duplicate sample name found! Overwriting: P4107_1003
[2016-12-21 17:52:34,865] multiqc.modules.fastqc.fastqc                      [DEBUG  ]  Duplicate sample name found! Overwriting: P4107_1004
[2016-12-21 17:52:35,119] multiqc.modules.fastqc.fastqc                      [DEBUG  ]  Duplicate sample name found! Overwriting: P4107_1005
[2016-12-21 17:52:35,357] multiqc.modules.fastqc.fastqc                      [DEBUG  ]  Duplicate sample name found! Overwriting: P4107_1006
[2016-12-21 17:52:35,454] multiqc.modules.fastqc.fastqc                      [INFO   ]  Found 6 reports
[2016-12-21 17:52:36,399] multiqc                                            [DEBUG  ]  Running MultiQC_NGI v0.3 (after modules)
[2016-12-21 17:52:36,399] multiqc                                            [DEBUG  ]  Skipping MultiQC_NGI as specified in config file
[2016-12-21 17:52:36,399] multiqc                                            [INFO   ]  Report      : multiqc_report.html
[2016-12-21 17:52:36,400] multiqc                                            [INFO   ]  Data        : multiqc_data
[2016-12-21 17:52:36,400] multiqc                                            [DEBUG  ]  Moving data file from '/var/folders/12/35tfw0vd41v95nshdtbn10200002xs/T/tmpUJo7Pj/multiqc_data/multiqc_fastq_screen.txt' to '/Users/philewels/GitHub/MultiQC_website/public_html/examples/wgs/multiqc_data'
[2016-12-21 17:52:36,401] multiqc                                            [DEBUG  ]  Moving data file from '/var/folders/12/35tfw0vd41v95nshdtbn10200002xs/T/tmpUJo7Pj/multiqc_data/multiqc_fastqc.txt' to '/Users/philewels/GitHub/MultiQC_website/public_html/examples/wgs/multiqc_data'
[2016-12-21 17:52:36,401] multiqc                                            [DEBUG  ]  Moving data file from '/var/folders/12/35tfw0vd41v95nshdtbn10200002xs/T/tmpUJo7Pj/multiqc_data/multiqc_gatk_varianteval.txt' to '/Users/philewels/GitHub/MultiQC_website/public_html/examples/wgs/multiqc_data'
[2016-12-21 17:52:36,401] multiqc                                            [DEBUG  ]  Moving data file from '/var/folders/12/35tfw0vd41v95nshdtbn10200002xs/T/tmpUJo7Pj/multiqc_data/multiqc_general_stats.txt' to '/Users/philewels/GitHub/MultiQC_website/public_html/examples/wgs/multiqc_data'
[2016-12-21 17:52:36,402] multiqc                                            [DEBUG  ]  Moving data file from '/var/folders/12/35tfw0vd41v95nshdtbn10200002xs/T/tmpUJo7Pj/multiqc_data/multiqc_picard_dups.txt' to '/Users/philewels/GitHub/MultiQC_website/public_html/examples/wgs/multiqc_data'
[2016-12-21 17:52:36,402] multiqc                                            [DEBUG  ]  Moving data file from '/var/folders/12/35tfw0vd41v95nshdtbn10200002xs/T/tmpUJo7Pj/multiqc_data/multiqc_snpeff.txt' to '/Users/philewels/GitHub/MultiQC_website/public_html/examples/wgs/multiqc_data'
[2016-12-21 17:52:36,402] multiqc                                            [DEBUG  ]  Moving data file from '/var/folders/12/35tfw0vd41v95nshdtbn10200002xs/T/tmpUJo7Pj/multiqc_data/multiqc_sources.txt' to '/Users/philewels/GitHub/MultiQC_website/public_html/examples/wgs/multiqc_data'
[2016-12-21 17:52:36,758] multiqc                                            [DEBUG  ]  Running MultiQC_NGI v0.3 (after execution finish)
[2016-12-21 17:52:36,759] multiqc                                            [INFO   ]  MultiQC complete
