[2018-01-11 15:04:39,406] multiqc                                            [DEBUG  ]  No MultiQC config found: /Users/philewels/miniconda2/envs/work/lib/python2.7/site-packages/multiqc-1.4-py2.7.egg/multiqc_config.yaml
[2018-01-11 15:04:39,406] multiqc                                            [DEBUG  ]  No MultiQC config found: /Users/philewels/.multiqc_config.yaml
[2018-01-11 15:04:39,408] multiqc                                            [DEBUG  ]  Loading config settings from: multiqc_config.yaml
[2018-01-11 15:04:39,408] multiqc                                            [DEBUG  ]  New config 'fn_ignore_files': ['*.indel.annotated.vcf.gz.snpEff.summary.csv']
[2018-01-11 15:04:39,409] multiqc                                            [DEBUG  ]  Added to filename clean extensions: ['.clean', '_S1', '_S2', '_S3', '_S4', '_S5', '_S6', '.AHJHNYCCXX']
[2018-01-11 15:04:39,409] multiqc                                            [DEBUG  ]  New config 'table_columns_visible': {'FastQC': {'percent_duplicates': False}}
[2018-01-11 15:04:39,409] multiqc                                            [DEBUG  ]  Command used: /Users/philewels/miniconda2/envs/work/bin/multiqc .
[2018-01-11 15:04:39,514] multiqc                                            [DEBUG  ]  Latest MultiQC version is v1.3
[2018-01-11 15:04:39,515] multiqc                                            [INFO   ]  This is MultiQC v1.4
[2018-01-11 15:04:39,515] multiqc                                            [DEBUG  ]  Command     : /Users/philewels/miniconda2/envs/work/bin/multiqc .
[2018-01-11 15:04:39,515] multiqc                                            [DEBUG  ]  Working dir : /Users/philewels/GitHub/MultiQC_website/public_html/examples/wgs
[2018-01-11 15:04:39,515] multiqc                                            [INFO   ]  Template    : default
[2018-01-11 15:04:39,516] multiqc                                            [INFO   ]  Searching '.'
[2018-01-11 15:04:39,517] multiqc                                            [DEBUG  ]  Analysing modules: afterqc, custom_content, conpair, peddy, methylQA, qualimap, preseq, quast, qorts, rna_seqc, rsem, rseqc, busco, goleft_indexcov, disambiguate, supernova, deeptools, sargasso, verifybamid, homer, macs2, theta2, snpeff, gatk, htseq, bcftools, featureCounts, picard, prokka, samblaster, samtools, bamtools, jellyfish, vcftools, bbmap, bismark, hicexplorer, hicup, salmon, kallisto, slamdunk, star, hisat2, tophat, bowtie2, bowtie1, leehom, adapterRemoval, cutadapt, flexbar, trimmomatic, skewer, sortmerna, biobloomtools, fastq_screen, fastqc, clusterflow, bcl2fastq, interop
[2018-01-11 15:04:39,518] multiqc                                            [DEBUG  ]  Using temporary directory for creating report: /var/folders/tk/k7tjvpqs0tbfd0bzvt4htrzh0000gn/T/tmptcX_yu
[2018-01-11 15:04:39,686] multiqc                                            [DEBUG  ]  Ignoring file as matched an ignore pattern: P4107_1004.clean.dedup.recal.bam.recalibrated.indel.annotated.vcf.gz.snpEff.summary.csv
[2018-01-11 15:04:39,756] multiqc                                            [DEBUG  ]  Ignoring file as matched an ignore pattern: P4107_1005.clean.dedup.recal.bam.recalibrated.indel.annotated.vcf.gz.snpEff.summary.csv
[2018-01-11 15:04:40,137] multiqc                                            [DEBUG  ]  Ignoring file as matched an ignore pattern: P4107_1001.clean.dedup.recal.bam.recalibrated.indel.annotated.vcf.gz.snpEff.summary.csv
[2018-01-11 15:04:40,768] multiqc                                            [DEBUG  ]  Ignoring file as matched an ignore pattern: P4107_1006.clean.dedup.recal.bam.recalibrated.indel.annotated.vcf.gz.snpEff.summary.csv
[2018-01-11 15:04:41,036] multiqc                                            [DEBUG  ]  Ignoring file as matched an ignore pattern: P4107_1003.clean.dedup.recal.bam.recalibrated.indel.annotated.vcf.gz.snpEff.summary.csv
[2018-01-11 15:04:41,066] multiqc                                            [DEBUG  ]  Ignoring file as matched an ignore pattern: P4107_1002.clean.dedup.recal.bam.recalibrated.indel.annotated.vcf.gz.snpEff.summary.csv
[2018-01-11 15:04:51,060] multiqc                                            [DEBUG  ]  No samples found: afterqc
[2018-01-11 15:04:51,067] multiqc                                            [DEBUG  ]  No samples found: custom_content
[2018-01-11 15:04:51,072] multiqc                                            [DEBUG  ]  No samples found: conpair
[2018-01-11 15:04:51,077] multiqc                                            [DEBUG  ]  No samples found: peddy
[2018-01-11 15:04:51,082] multiqc                                            [DEBUG  ]  No samples found: methylQA
[2018-01-11 15:04:52,239] multiqc.modules.qualimap.QM_BamQC                  [DEBUG  ]  Using default Qualimap thresholds: 1, 5, 10, 30, 50
[2018-01-11 15:04:52,856] multiqc.modules.qualimap.qualimap                  [INFO   ]  Found 6 BamQC reports
[2018-01-11 15:04:52,860] multiqc                                            [DEBUG  ]  No samples found: preseq
[2018-01-11 15:04:52,864] multiqc                                            [DEBUG  ]  No samples found: quast
[2018-01-11 15:04:52,868] multiqc                                            [DEBUG  ]  No samples found: qorts
[2018-01-11 15:04:52,875] multiqc                                            [DEBUG  ]  No samples found: rna_seqc
[2018-01-11 15:04:52,879] multiqc                                            [DEBUG  ]  No samples found: rsem
[2018-01-11 15:04:52,886] multiqc                                            [DEBUG  ]  No samples found: rseqc
[2018-01-11 15:04:52,891] multiqc                                            [DEBUG  ]  No samples found: busco
[2018-01-11 15:04:52,897] multiqc                                            [DEBUG  ]  No samples found: goleft_indexcov
[2018-01-11 15:04:52,901] multiqc                                            [DEBUG  ]  No samples found: disambiguate
[2018-01-11 15:04:52,907] multiqc                                            [DEBUG  ]  No samples found: supernova
[2018-01-11 15:04:52,914] multiqc                                            [DEBUG  ]  No samples found: deeptools
[2018-01-11 15:04:52,920] multiqc                                            [DEBUG  ]  No samples found: sargasso
[2018-01-11 15:04:52,925] multiqc                                            [DEBUG  ]  No samples found: verifybamid
[2018-01-11 15:04:52,930] multiqc                                            [DEBUG  ]  No samples found: homer
[2018-01-11 15:04:52,934] multiqc                                            [DEBUG  ]  No samples found: macs2
[2018-01-11 15:04:52,938] multiqc                                            [DEBUG  ]  No samples found: theta2
[2018-01-11 15:04:53,075] multiqc.modules.snpeff.snpeff                      [INFO   ]  Found 6 reports
[2018-01-11 15:04:53,154] multiqc.modules.gatk.varianteval                   [INFO   ]  Found 6 VariantEval reports
[2018-01-11 15:04:53,166] multiqc                                            [DEBUG  ]  No samples found: htseq
[2018-01-11 15:04:53,171] multiqc                                            [DEBUG  ]  No samples found: bcftools
[2018-01-11 15:04:53,175] multiqc                                            [DEBUG  ]  No samples found: featureCounts
[2018-01-11 15:04:53,187] multiqc.modules.picard.picard                      [INFO   ]  Found 6 MarkDuplicates reports
[2018-01-11 15:04:53,192] multiqc                                            [DEBUG  ]  No samples found: prokka
[2018-01-11 15:04:53,196] multiqc                                            [DEBUG  ]  No samples found: samblaster
[2018-01-11 15:04:53,201] multiqc                                            [DEBUG  ]  No samples found: samtools
[2018-01-11 15:04:53,206] multiqc                                            [DEBUG  ]  No samples found: bamtools
[2018-01-11 15:04:53,210] multiqc                                            [DEBUG  ]  No samples found: jellyfish
[2018-01-11 15:04:53,215] multiqc                                            [DEBUG  ]  No samples found: vcftools
[2018-01-11 15:04:53,223] multiqc                                            [DEBUG  ]  No samples found: bbmap
[2018-01-11 15:04:53,227] multiqc                                            [DEBUG  ]  No samples found: bismark
[2018-01-11 15:04:53,231] multiqc                                            [DEBUG  ]  No samples found: hicexplorer
[2018-01-11 15:04:53,235] multiqc                                            [DEBUG  ]  No samples found: hicup
[2018-01-11 15:04:53,239] multiqc                                            [DEBUG  ]  No samples found: salmon
[2018-01-11 15:04:53,243] multiqc                                            [DEBUG  ]  No samples found: kallisto
[2018-01-11 15:04:53,247] multiqc                                            [DEBUG  ]  No samples found: slamdunk
[2018-01-11 15:04:53,251] multiqc                                            [DEBUG  ]  No samples found: star
[2018-01-11 15:04:53,255] multiqc                                            [DEBUG  ]  No samples found: hisat2
[2018-01-11 15:04:53,259] multiqc                                            [DEBUG  ]  No samples found: tophat
[2018-01-11 15:04:53,263] multiqc                                            [DEBUG  ]  No samples found: bowtie2
[2018-01-11 15:04:53,267] multiqc                                            [DEBUG  ]  No samples found: bowtie1
[2018-01-11 15:04:53,272] multiqc                                            [DEBUG  ]  No samples found: leehom
[2018-01-11 15:04:53,276] multiqc                                            [DEBUG  ]  No samples found: adapterRemoval
[2018-01-11 15:04:53,280] multiqc                                            [DEBUG  ]  No samples found: cutadapt
[2018-01-11 15:04:53,283] multiqc                                            [DEBUG  ]  No samples found: flexbar
[2018-01-11 15:04:53,287] multiqc                                            [DEBUG  ]  No samples found: trimmomatic
[2018-01-11 15:04:53,291] multiqc                                            [DEBUG  ]  No samples found: skewer
[2018-01-11 15:04:53,296] multiqc                                            [DEBUG  ]  No samples found: sortmerna
[2018-01-11 15:04:53,300] multiqc                                            [DEBUG  ]  No samples found: biobloomtools
[2018-01-11 15:04:53,308] multiqc.modules.fastq_screen.fastq_screen          [DEBUG  ]  Duplicate sample name found! Overwriting: P4107_1003
[2018-01-11 15:04:53,310] multiqc.modules.fastq_screen.fastq_screen          [DEBUG  ]  Duplicate sample name found! Overwriting: P4107_1004
[2018-01-11 15:04:53,311] multiqc.modules.fastq_screen.fastq_screen          [DEBUG  ]  Duplicate sample name found! Overwriting: P4107_1005
[2018-01-11 15:04:53,311] multiqc.modules.fastq_screen.fastq_screen          [DEBUG  ]  Duplicate sample name found! Overwriting: P4107_1002
[2018-01-11 15:04:53,312] multiqc.modules.fastq_screen.fastq_screen          [DEBUG  ]  Duplicate sample name found! Overwriting: P4107_1001
[2018-01-11 15:04:53,313] multiqc.modules.fastq_screen.fastq_screen          [DEBUG  ]  Duplicate sample name found! Overwriting: P4107_1006
[2018-01-11 15:04:53,314] multiqc.modules.fastq_screen.fastq_screen          [INFO   ]  Found 6 reports
[2018-01-11 15:04:53,395] multiqc.modules.fastqc.fastqc                      [DEBUG  ]  Duplicate sample name found! Overwriting: P4107_1003
[2018-01-11 15:04:53,513] multiqc.modules.fastqc.fastqc                      [DEBUG  ]  Duplicate sample name found! Overwriting: P4107_1004
[2018-01-11 15:04:53,639] multiqc.modules.fastqc.fastqc                      [DEBUG  ]  Duplicate sample name found! Overwriting: P4107_1005
[2018-01-11 15:04:53,765] multiqc.modules.fastqc.fastqc                      [DEBUG  ]  Duplicate sample name found! Overwriting: P4107_1002
[2018-01-11 15:04:53,936] multiqc.modules.fastqc.fastqc                      [DEBUG  ]  Duplicate sample name found! Overwriting: P4107_1001
[2018-01-11 15:04:54,060] multiqc.modules.fastqc.fastqc                      [DEBUG  ]  Duplicate sample name found! Overwriting: P4107_1006
[2018-01-11 15:04:54,125] multiqc.modules.fastqc.fastqc                      [INFO   ]  Found 6 reports
[2018-01-11 15:04:54,636] multiqc                                            [DEBUG  ]  No samples found: clusterflow
[2018-01-11 15:04:54,640] multiqc                                            [DEBUG  ]  No samples found: bcl2fastq
[2018-01-11 15:04:54,645] multiqc                                            [DEBUG  ]  No samples found: interop
[2018-01-11 15:04:54,681] multiqc                                            [INFO   ]  Compressing plot data
[2018-01-11 15:04:56,119] multiqc                                            [INFO   ]  Report      : multiqc_report.html
[2018-01-11 15:04:56,119] multiqc                                            [INFO   ]  Data        : multiqc_data
[2018-01-11 15:04:56,120] multiqc                                            [DEBUG  ]  Moving data file from '/var/folders/tk/k7tjvpqs0tbfd0bzvt4htrzh0000gn/T/tmptcX_yu/multiqc_data/multiqc_snpeff.txt' to '/Users/philewels/GitHub/MultiQC_website/public_html/examples/wgs/multiqc_data'
[2018-01-11 15:04:56,121] multiqc                                            [DEBUG  ]  Moving data file from '/var/folders/tk/k7tjvpqs0tbfd0bzvt4htrzh0000gn/T/tmptcX_yu/multiqc_data/multiqc_fastqc.txt' to '/Users/philewels/GitHub/MultiQC_website/public_html/examples/wgs/multiqc_data'
[2018-01-11 15:04:56,121] multiqc                                            [DEBUG  ]  Moving data file from '/var/folders/tk/k7tjvpqs0tbfd0bzvt4htrzh0000gn/T/tmptcX_yu/multiqc_data/multiqc_gatk_varianteval.txt' to '/Users/philewels/GitHub/MultiQC_website/public_html/examples/wgs/multiqc_data'
[2018-01-11 15:04:56,121] multiqc                                            [DEBUG  ]  Moving data file from '/var/folders/tk/k7tjvpqs0tbfd0bzvt4htrzh0000gn/T/tmptcX_yu/multiqc_data/multiqc_picard_dups.txt' to '/Users/philewels/GitHub/MultiQC_website/public_html/examples/wgs/multiqc_data'
[2018-01-11 15:04:56,121] multiqc                                            [DEBUG  ]  Moving data file from '/var/folders/tk/k7tjvpqs0tbfd0bzvt4htrzh0000gn/T/tmptcX_yu/multiqc_data/multiqc_general_stats.txt' to '/Users/philewels/GitHub/MultiQC_website/public_html/examples/wgs/multiqc_data'
[2018-01-11 15:04:56,122] multiqc                                            [DEBUG  ]  Moving data file from '/var/folders/tk/k7tjvpqs0tbfd0bzvt4htrzh0000gn/T/tmptcX_yu/multiqc_data/multiqc_fastq_screen.txt' to '/Users/philewels/GitHub/MultiQC_website/public_html/examples/wgs/multiqc_data'
[2018-01-11 15:04:56,122] multiqc                                            [DEBUG  ]  Moving data file from '/var/folders/tk/k7tjvpqs0tbfd0bzvt4htrzh0000gn/T/tmptcX_yu/multiqc_data/multiqc_sources.txt' to '/Users/philewels/GitHub/MultiQC_website/public_html/examples/wgs/multiqc_data'
[2018-01-11 15:04:56,122] multiqc                                            [DEBUG  ]  Moving data file from '/var/folders/tk/k7tjvpqs0tbfd0bzvt4htrzh0000gn/T/tmptcX_yu/multiqc_data/multiqc_data.json' to '/Users/philewels/GitHub/MultiQC_website/public_html/examples/wgs/multiqc_data'
[2018-01-11 15:04:56,332] multiqc                                            [INFO   ]  MultiQC complete
