[2016-07-04 18:41:48,262] multiqc                                            [INFO   ]  This is MultiQC v0.7
[2016-07-04 18:41:48,263] multiqc                                            [DEBUG  ]  Command     : /Users/philewels/.miniconda/envs/work/bin/multiqc data/
[2016-07-04 18:41:48,263] multiqc                                            [DEBUG  ]  Working dir : /Users/philewels/GitHub/MultiQC_website/public_html/examples/hi-c
[2016-07-04 18:41:48,263] multiqc                                            [DEBUG  ]  Template    : default
[2016-07-04 18:41:48,263] multiqc                                            [DEBUG  ]  No MultiQC config found: /Users/philewels/GitHub/MultiQC/multiqc_config.yaml
[2016-07-04 18:41:48,265] multiqc                                            [DEBUG  ]  Loading config settings from: /Users/philewels/.multiqc_config.yaml
[2016-07-04 18:41:48,265] multiqc                                            [DEBUG  ]  New config 'disable_ngi': True
[2016-07-04 18:41:48,265] multiqc                                            [DEBUG  ]  Added to filename clean extensions. Now looking for: ['_trimmed', '_val_1', '_val_2', '.C8DRAANXX', '.C8LFMANXX', '.C8H0KANXX', '_trimmed', '_val_1', '_val_2', '.gz', '.fastq', '.fq', '.bam', '.sam', '.sra', '_tophat', 'Log.final.out', '_star_aligned', '_fastqc', '.hicup', '.counts', '_counts', '.txt', 'Aligned']
[2016-07-04 18:41:48,266] multiqc                                            [DEBUG  ]  Loading config settings from: multiqc_config.yaml
[2016-07-04 18:41:48,266] multiqc                                            [DEBUG  ]  Added to filename clean extensions. Now looking for: ['.C8DRAANXX', '.C8LFMANXX', '.C8H0KANXX', '_trimmed', '_val_1', '_val_2', '.C8DRAANXX', '.C8LFMANXX', '.C8H0KANXX', '_trimmed', '_val_1', '_val_2', '.gz', '.fastq', '.fq', '.bam', '.sam', '.sra', '_tophat', 'Log.final.out', '_star_aligned', '_fastqc', '.hicup', '.counts', '_counts', '.txt', 'Aligned']
[2016-07-04 18:41:48,266] multiqc                                            [DEBUG  ]  Could not connect to multiqc.info for version check
[2016-07-04 18:41:48,266] multiqc                                            [INFO   ]  Searching 'data/'
[2016-07-04 18:41:48,266] multiqc                                            [DEBUG  ]  Analysing modules: ngi_rnaseq, snpeff, qualimap, featureCounts, methylQA, rseqc, picard, preseq, samblaster, samtools, bamtools, bismark, hicup, salmon, kallisto, star, tophat, bowtie2, bowtie1, cutadapt, trimmomatic, skewer, fastq_screen, fastqc
[2016-07-04 18:41:48,267] multiqc                                            [DEBUG  ]  Using temporary directory for creating report: /var/folders/12/35tfw0vd41v95nshdtbn10200002xs/T/tmpgE92Ip
[2016-07-04 18:41:48,296] multiqc.modules.ngi_rnaseq                         [DEBUG  ]  Could not find any reports in ('data/',)
[2016-07-04 18:41:48,661] multiqc.modules.snpeff.snpeff                      [DEBUG  ]  Could not find any data in ('data/',)
[2016-07-04 18:41:48,693] multiqc.modules.qualimap.qualimap                  [DEBUG  ]  Could not find any reports in ('data/',)
[2016-07-04 18:41:48,704] multiqc.modules.featureCounts.feature_counts       [DEBUG  ]  Could not find any reports in ('data/',)
[2016-07-04 18:41:48,714] multiqc.modules.methylQA.methylQA                  [DEBUG  ]  Could not find any reports in ('data/',)
[2016-07-04 18:41:49,200] multiqc.modules.rseqc.rseqc                        [DEBUG  ]  Could not find any reports in ('data/',)
[2016-07-04 18:41:49,948] multiqc.modules.picard.picard                      [DEBUG  ]  Could not find any reports in ('data/',)
[2016-07-04 18:41:50,125] multiqc.modules.preseq.preseq                      [DEBUG  ]  Could not find any preseq data in ('data/',)
[2016-07-04 18:41:50,279] multiqc.modules.samblaster.samblaster              [DEBUG  ]  Could not find any data in ('data/',)
[2016-07-04 18:41:50,443] multiqc.modules.samtools.samtools                  [DEBUG  ]  Could not find any reports in ('data/',)
[2016-07-04 18:41:50,614] multiqc.modules.bamtools.bamtools                  [DEBUG  ]  Could not find any reports in ('data/',)
[2016-07-04 18:41:50,642] multiqc.modules.bismark.bismark                    [DEBUG  ]  Could not find any reports in ('data/',)
[2016-07-04 18:41:50,654] multiqc.modules.hicup.hicup                        [INFO   ]  Found 13 reports
[2016-07-04 18:41:50,683] multiqc.modules.salmon.salmon                      [DEBUG  ]  Could not find any Salmon data in ('data/',)
[2016-07-04 18:41:50,838] multiqc.modules.kallisto.kallisto                  [DEBUG  ]  Could not find any reports in ('data/',)
[2016-07-04 18:41:50,856] multiqc.modules.star.star                          [DEBUG  ]  Could not find any reports in ('data/',)
[2016-07-04 18:41:50,865] multiqc.modules.tophat.tophat                      [DEBUG  ]  Could not find any reports in ('data/',)
[2016-07-04 18:41:51,011] multiqc.modules.bowtie2.bowtie2                    [DEBUG  ]  Could not find any reports in ('data/',)
[2016-07-04 18:41:51,175] multiqc.modules.bowtie1.bowtie1                    [DEBUG  ]  Could not find any reports in ('data/',)
[2016-07-04 18:41:51,331] multiqc.modules.cutadapt.cutadapt                  [DEBUG  ]  Could not find any reports in ('data/',)
[2016-07-04 18:41:51,505] multiqc.modules.trimmomatic.trimmomatic            [DEBUG  ]  Could not find any Trimmomatic data in ('data/',)
[2016-07-04 18:41:51,652] multiqc.modules.skewer.skewer                      [DEBUG  ]  Could not find any data in ('data/',)
[2016-07-04 18:41:51,668] multiqc.modules.fastq_screen.fastq_screen          [DEBUG  ]  Could not find any reports in ('data/',)
[2016-07-04 18:41:51,837] multiqc.modules.fastqc.fastqc                      [DEBUG  ]  Duplicate sample name found! Overwriting: Sample-1.A002
[2016-07-04 18:41:52,146] multiqc.modules.fastqc.fastqc                      [DEBUG  ]  Duplicate sample name found! Overwriting: Sample-1.A005
[2016-07-04 18:41:52,461] multiqc.modules.fastqc.fastqc                      [DEBUG  ]  Duplicate sample name found! Overwriting: Sample-1.A006
[2016-07-04 18:41:52,793] multiqc.modules.fastqc.fastqc                      [DEBUG  ]  Duplicate sample name found! Overwriting: Sample-1.A007
[2016-07-04 18:41:53,104] multiqc.modules.fastqc.fastqc                      [DEBUG  ]  Duplicate sample name found! Overwriting: Sample-1.A012
[2016-07-04 18:41:53,400] multiqc.modules.fastqc.fastqc                      [DEBUG  ]  Duplicate sample name found! Overwriting: Sample-1.A019
[2016-07-04 18:41:53,705] multiqc.modules.fastqc.fastqc                      [DEBUG  ]  Duplicate sample name found! Overwriting: Sample-2.A002
[2016-07-04 18:41:54,022] multiqc.modules.fastqc.fastqc                      [DEBUG  ]  Duplicate sample name found! Overwriting: Sample-2.A005
[2016-07-04 18:41:54,323] multiqc.modules.fastqc.fastqc                      [DEBUG  ]  Duplicate sample name found! Overwriting: Sample-2.A006
[2016-07-04 18:41:54,619] multiqc.modules.fastqc.fastqc                      [DEBUG  ]  Duplicate sample name found! Overwriting: Sample-2.A012
[2016-07-04 18:41:54,919] multiqc.modules.fastqc.fastqc                      [DEBUG  ]  Duplicate sample name found! Overwriting: Sample-2.A019
[2016-07-04 18:41:55,231] multiqc.modules.fastqc.fastqc                      [DEBUG  ]  Duplicate sample name found! Overwriting: Sample-3.A006
[2016-07-04 18:41:55,553] multiqc.modules.fastqc.fastqc                      [DEBUG  ]  Duplicate sample name found! Overwriting: Sample-3.A012
[2016-07-04 18:41:55,691] multiqc.modules.fastqc.fastqc                      [INFO   ]  Found 13 reports
[2016-07-04 18:41:56,889] multiqc                                            [INFO   ]  Report      : multiqc_report.html
[2016-07-04 18:41:56,890] multiqc                                            [INFO   ]  Data        : multiqc_data
[2016-07-04 18:41:56,890] multiqc                                            [DEBUG  ]  Moving data file from '/var/folders/12/35tfw0vd41v95nshdtbn10200002xs/T/tmpgE92Ip/multiqc_data/multiqc_fastqc.txt' to '/Users/philewels/GitHub/MultiQC_website/public_html/examples/hi-c/multiqc_data'
[2016-07-04 18:41:56,891] multiqc                                            [DEBUG  ]  Moving data file from '/var/folders/12/35tfw0vd41v95nshdtbn10200002xs/T/tmpgE92Ip/multiqc_data/multiqc_general_stats.txt' to '/Users/philewels/GitHub/MultiQC_website/public_html/examples/hi-c/multiqc_data'
[2016-07-04 18:41:56,891] multiqc                                            [DEBUG  ]  Moving data file from '/var/folders/12/35tfw0vd41v95nshdtbn10200002xs/T/tmpgE92Ip/multiqc_data/multiqc_hicup.txt' to '/Users/philewels/GitHub/MultiQC_website/public_html/examples/hi-c/multiqc_data'
[2016-07-04 18:41:56,891] multiqc                                            [DEBUG  ]  Moving data file from '/var/folders/12/35tfw0vd41v95nshdtbn10200002xs/T/tmpgE92Ip/multiqc_data/multiqc_sources.txt' to '/Users/philewels/GitHub/MultiQC_website/public_html/examples/hi-c/multiqc_data'
[2016-07-04 18:41:57,103] multiqc                                            [INFO   ]  MultiQC complete
