SLF4J: Class path contains multiple SLF4J bindings.
SLF4J: Found binding in [jar:file:/apus/v1/a2014205/software/piper_bin/Piper/Piper-v1.3.0/lib/GenomeAnalysisTK.jar!/org/slf4j/impl/StaticLoggerBinder.class]
SLF4J: Found binding in [jar:file:/apus/v1/a2014205/software/piper_bin/Piper/Piper-v1.3.0/lib/Queue.jar!/org/slf4j/impl/StaticLoggerBinder.class]
SLF4J: See http://www.slf4j.org/codes.html#multiple_bindings for an explanation.
INFO  04:01:20,570 HelpFormatter - -------------------------------------------------------------------------------- 
INFO  04:01:20,572 HelpFormatter - The Genome Analysis Toolkit (GATK) v3.3-0-geee94ec, Compiled 2015/12/17 12:33:03 
INFO  04:01:20,572 HelpFormatter - Copyright (c) 2010 The Broad Institute 
INFO  04:01:20,572 HelpFormatter - For support and documentation go to http://www.broadinstitute.org/gatk 
INFO  04:01:20,577 HelpFormatter - Program Args: -T BaseRecalibrator -I /scratch/108818/ANALYSIS/P4107/piper_ngi/05_processed_alignments/P4107_1005.clean.dedup.recal.bam -R /proj/a2014205/piper_references/gatk_bundle/2.8/b37/human_g1k_v37.fasta -nct 16 -knownSites /proj/a2014205/piper_references/gatk_bundle/2.8/b37/dbsnp_138.b37.vcf -o /scratch/108818/ANALYSIS/P4107/piper_ngi/05_processed_alignments/P4107_1005.post_recal.table -cov ReadGroupCovariate -cov QualityScoreCovariate -cov CycleCovariate -cov ContextCovariate 
INFO  04:01:20,688 HelpFormatter - Executing as funk_002@n19.uppmax.uu.se on Linux 2.6.32-573.18.1.el6.x86_64 amd64; Java HotSpot(TM) 64-Bit Server VM 1.7.0_25-b15. 
INFO  04:01:20,688 HelpFormatter - Date/Time: 2016/02/23 04:01:20 
INFO  04:01:20,688 HelpFormatter - -------------------------------------------------------------------------------- 
INFO  04:01:20,688 HelpFormatter - -------------------------------------------------------------------------------- 
INFO  04:01:21,438 GenomeAnalysisEngine - Strictness is SILENT 
INFO  04:01:21,677 GenomeAnalysisEngine - Downsampling Settings: No downsampling 
INFO  04:01:21,685 SAMDataSource$SAMReaders - Initializing SAMRecords in serial 
INFO  04:01:21,717 SAMDataSource$SAMReaders - Done initializing BAM readers: total time 0.03 
INFO  04:01:22,408 MicroScheduler - Running the GATK in parallel mode with 16 total threads, 16 CPU thread(s) for each of 1 data thread(s), of 16 processors available on this machine 
INFO  04:01:22,666 GenomeAnalysisEngine - Preparing for traversal over 1 BAM files 
INFO  04:01:22,670 GenomeAnalysisEngine - Done preparing for traversal 
INFO  04:01:22,672 ProgressMeter - [INITIALIZATION COMPLETE; STARTING PROCESSING] 
INFO  04:01:22,672 ProgressMeter -                 | processed |    time |    per 1M |           |   total | remaining 
INFO  04:01:22,672 ProgressMeter -        Location |     reads | elapsed |     reads | completed | runtime |   runtime 
INFO  04:01:22,713 BaseRecalibrator - The covariates being used here:  
INFO  04:01:22,713 BaseRecalibrator - 	ReadGroupCovariate 
INFO  04:01:22,713 BaseRecalibrator - 	QualityScoreCovariate 
INFO  04:01:22,713 BaseRecalibrator - 	ContextCovariate 
INFO  04:01:22,713 ContextCovariate - 		Context sizes: base substitution model 2, indel substitution model 3 
INFO  04:01:22,713 BaseRecalibrator - 	CycleCovariate 
INFO  04:01:22,715 ReadShardBalancer$1 - Loading BAM index data 
INFO  04:01:22,716 ReadShardBalancer$1 - Done loading BAM index data 
INFO  04:01:52,922 ProgressMeter -       1:4459247    900010.0    30.0 s      33.0 s        0.1%     5.8 h       5.8 h 
INFO  04:02:22,925 ProgressMeter -      1:10794247   2400027.0    60.0 s      25.0 s        0.3%     4.8 h       4.8 h 
INFO  04:02:52,926 ProgressMeter -      1:17217875   4000047.0    90.0 s      22.0 s        0.6%     4.5 h       4.5 h 
INFO  04:03:22,927 ProgressMeter -      1:23634513   5600065.0   120.0 s      21.0 s        0.8%     4.4 h       4.3 h 
INFO  04:03:52,928 ProgressMeter -      1:30459953   7200083.0     2.5 m      20.0 s        1.0%     4.2 h       4.2 h 
INFO  04:04:22,929 ProgressMeter -      1:36856290   8800104.0     3.0 m      20.0 s        1.2%     4.2 h       4.2 h 
INFO  04:04:52,931 ProgressMeter -      1:43605080   1.0500121E7     3.5 m      20.0 s        1.4%     4.1 h       4.1 h 
INFO  04:05:22,932 ProgressMeter -      1:50330856   1.2200139E7     4.0 m      19.0 s        1.6%     4.1 h       4.0 h 
INFO  04:05:52,933 ProgressMeter -      1:56962686   1.3800159E7     4.5 m      19.0 s        1.8%     4.1 h       4.0 h 
INFO  04:06:22,934 ProgressMeter -      1:63812525   1.5500178E7     5.0 m      19.0 s        2.1%     4.1 h       4.0 h 
INFO  04:06:52,936 ProgressMeter -      1:70849019   1.7100196E7     5.5 m      19.0 s        2.3%     4.0 h       3.9 h 
INFO  04:07:22,937 ProgressMeter -      1:77940911   1.8800214E7     6.0 m      19.0 s        2.5%     4.0 h       3.9 h 
INFO  04:07:53,166 ProgressMeter -      1:85183566   2.0400232E7     6.5 m      19.0 s        2.7%     3.9 h       3.8 h 
INFO  04:08:23,397 ProgressMeter -      1:91875969   2.210025E7     7.0 m      19.0 s        3.0%     3.9 h       3.8 h 
INFO  04:08:53,398 ProgressMeter -      1:98895247   2.3700272E7     7.5 m      19.0 s        3.2%     3.9 h       3.8 h 
INFO  04:09:23,399 ProgressMeter -     1:105932918   2.5300289E7     8.0 m      19.0 s        3.4%     3.9 h       3.8 h 
INFO  04:09:53,400 ProgressMeter -     1:112653385   2.6900306E7     8.5 m      18.0 s        3.6%     3.9 h       3.8 h 
INFO  04:10:23,468 ProgressMeter -     1:119588460   2.8600327E7     9.0 m      18.0 s        3.9%     3.9 h       3.7 h 
INFO  04:10:53,695 ProgressMeter -     1:121484613   2.9300431E7     9.5 m      19.0 s        3.9%     4.0 h       3.9 h 
INFO  04:11:23,696 ProgressMeter -     1:121484963   2.9500623E7    10.0 m      20.0 s        3.9%     4.3 h       4.1 h 
INFO  04:11:53,697 ProgressMeter -     1:121485240   2.9701325E7    10.5 m      21.0 s        3.9%     4.5 h       4.3 h 
INFO  04:12:23,698 ProgressMeter -     1:145016666   3.0703503E7    11.0 m      21.0 s        4.7%     3.9 h       3.7 h 
INFO  04:12:53,699 ProgressMeter -     1:151962086   3.2203539E7    11.5 m      21.0 s        4.9%     3.9 h       3.7 h 
INFO  04:13:23,700 ProgressMeter -     1:158350706   3.3803556E7    12.0 m      21.0 s        5.1%     3.9 h       3.7 h 
INFO  04:13:53,701 ProgressMeter -     1:164874142   3.5403574E7    12.5 m      21.0 s        5.3%     3.9 h       3.7 h 
INFO  04:14:23,728 ProgressMeter -     1:171477077   3.7103594E7    13.0 m      21.0 s        5.5%     3.9 h       3.7 h 
INFO  04:14:53,855 ProgressMeter -     1:178325955   3.8703613E7    13.5 m      20.0 s        5.7%     3.9 h       3.7 h 
INFO  04:15:23,856 ProgressMeter -     1:185023218   4.0403633E7    14.0 m      20.0 s        6.0%     3.9 h       3.7 h 
INFO  04:15:53,857 ProgressMeter -     1:192053050   4.2003651E7    14.5 m      20.0 s        6.2%     3.9 h       3.7 h 
INFO  04:16:23,859 ProgressMeter -     1:198850782   4.3603669E7    15.0 m      20.0 s        6.4%     3.9 h       3.7 h 
INFO  04:16:53,860 ProgressMeter -     1:205245989   4.5303691E7    15.5 m      20.0 s        6.6%     3.9 h       3.6 h 
INFO  04:17:23,861 ProgressMeter -     1:212273484   4.6903711E7    16.0 m      20.0 s        6.8%     3.9 h       3.6 h 
INFO  04:17:53,862 ProgressMeter -     1:219175921   4.8503729E7    16.5 m      20.0 s        7.1%     3.9 h       3.6 h 
INFO  04:18:23,863 ProgressMeter -     1:225829892   5.0203748E7    17.0 m      20.0 s        7.3%     3.9 h       3.6 h 
INFO  04:18:53,864 ProgressMeter -     1:232413574   5.1803764E7    17.5 m      20.0 s        7.5%     3.9 h       3.6 h 
INFO  04:19:24,008 ProgressMeter -     1:239011410   5.3403781E7    18.0 m      20.0 s        7.7%     3.9 h       3.6 h 
INFO  04:19:54,010 ProgressMeter -     1:246006710   5.50038E7    18.5 m      20.0 s        7.9%     3.9 h       3.6 h 
INFO  04:20:24,011 ProgressMeter -       2:3579635   5.6484909E7    19.0 m      20.0 s        8.2%     3.9 h       3.6 h 
INFO  04:20:54,012 ProgressMeter -      2:10400371   5.8084926E7    19.5 m      20.0 s        8.4%     3.9 h       3.6 h 
INFO  04:21:24,013 ProgressMeter -      2:17105813   5.9684942E7    20.0 m      20.0 s        8.6%     3.9 h       3.6 h 
INFO  04:21:54,014 ProgressMeter -      2:23911705   6.1384959E7    20.5 m      20.0 s        8.8%     3.9 h       3.5 h 
INFO  04:22:24,016 ProgressMeter -      2:30172482   6.2984977E7    21.0 m      20.0 s        9.0%     3.9 h       3.5 h 
INFO  04:22:54,026 ProgressMeter -      2:35230676   6.4285694E7    21.5 m      20.0 s        9.2%     3.9 h       3.6 h 
INFO  04:23:24,027 ProgressMeter -      2:41414889   6.5785711E7    22.0 m      20.0 s        9.4%     3.9 h       3.5 h 
INFO  04:23:54,028 ProgressMeter -      2:47790325   6.7385729E7    22.5 m      20.0 s        9.6%     3.9 h       3.5 h 
INFO  04:24:24,030 ProgressMeter -      2:54336542   6.8985745E7    23.0 m      20.0 s        9.8%     3.9 h       3.5 h 
INFO  04:24:54,032 ProgressMeter -      2:61192965   7.0585762E7    23.5 m      19.0 s       10.0%     3.9 h       3.5 h 
INFO  04:25:24,033 ProgressMeter -      2:67599621   7.2185778E7    24.0 m      19.0 s       10.2%     3.9 h       3.5 h 
INFO  04:25:54,035 ProgressMeter -      2:74105874   7.3885799E7    24.5 m      19.0 s       10.4%     3.9 h       3.5 h 
INFO  04:26:24,036 ProgressMeter -      2:80925352   7.5385815E7    25.0 m      19.0 s       10.6%     3.9 h       3.5 h 
INFO  04:26:54,038 ProgressMeter -      2:87884882   7.6985833E7    25.5 m      19.0 s       10.9%     3.9 h       3.5 h 
INFO  04:27:24,040 ProgressMeter -      2:92290826   7.8189239E7    26.0 m      19.0 s       11.0%     3.9 h       3.5 h 
INFO  04:27:54,042 ProgressMeter -      2:96181210   7.9189855E7    26.5 m      20.0 s       11.1%     4.0 h       3.5 h 
INFO  04:28:24,044 ProgressMeter -     2:103000521   8.0789875E7    27.0 m      20.0 s       11.4%     4.0 h       3.5 h 
INFO  04:28:54,045 ProgressMeter -     2:109816008   8.2389893E7    27.5 m      20.0 s       11.6%     4.0 h       3.5 h 
INFO  04:29:24,046 ProgressMeter -     2:117122827   8.3989912E7    28.0 m      20.0 s       11.8%     4.0 h       3.5 h 
INFO  04:29:54,062 ProgressMeter -     2:123968579   8.558993E7    28.5 m      19.0 s       12.0%     4.0 h       3.5 h 
INFO  04:30:24,063 ProgressMeter -     2:130595009   8.7189946E7    29.0 m      19.0 s       12.2%     3.9 h       3.5 h 
INFO  04:30:54,347 ProgressMeter -     2:137067506   8.8689961E7    29.5 m      19.0 s       12.5%     3.9 h       3.5 h 
INFO  04:31:24,349 ProgressMeter -     2:144005547   9.0289977E7    30.0 m      19.0 s       12.7%     3.9 h       3.4 h 
INFO  04:31:54,350 ProgressMeter -     2:151253615   9.1989996E7    30.5 m      19.0 s       12.9%     3.9 h       3.4 h 
INFO  04:32:24,351 ProgressMeter -     2:158040902   9.3690013E7    31.0 m      19.0 s       13.1%     3.9 h       3.4 h 
INFO  04:32:54,352 ProgressMeter -     2:164968512   9.529003E7    31.5 m      19.0 s       13.4%     3.9 h       3.4 h 
INFO  04:33:24,353 ProgressMeter -     2:171741354   9.6890049E7    32.0 m      19.0 s       13.6%     3.9 h       3.4 h 
INFO  04:33:54,354 ProgressMeter -     2:178233008   9.8590069E7    32.5 m      19.0 s       13.8%     3.9 h       3.4 h 
INFO  04:34:24,472 ProgressMeter -     2:185111863   1.00190086E8    33.0 m      19.0 s       14.0%     3.9 h       3.4 h 
INFO  04:34:54,716 ProgressMeter -     2:191953751   1.01890103E8    33.5 m      19.0 s       14.2%     3.9 h       3.4 h 
INFO  04:35:24,717 ProgressMeter -     2:198986684   1.0349012E8    34.0 m      19.0 s       14.5%     3.9 h       3.4 h 
INFO  04:35:54,718 ProgressMeter -     2:205687269   1.05190137E8    34.5 m      19.0 s       14.7%     3.9 h       3.3 h 
INFO  04:36:24,719 ProgressMeter -     2:212535927   1.06790156E8    35.0 m      19.0 s       14.9%     3.9 h       3.3 h 
INFO  04:36:54,878 ProgressMeter -     2:219144837   1.08390176E8    35.5 m      19.0 s       15.1%     3.9 h       3.3 h 
INFO  04:37:24,879 ProgressMeter -     2:225781915   1.09990192E8    36.0 m      19.0 s       15.3%     3.9 h       3.3 h 
INFO  04:37:54,880 ProgressMeter -     2:232300665   1.11590208E8    36.5 m      19.0 s       15.5%     3.9 h       3.3 h 
INFO  04:38:24,881 ProgressMeter -     2:238936669   1.13190227E8    37.0 m      19.0 s       15.7%     3.9 h       3.3 h 
INFO  04:38:54,882 ProgressMeter -       3:2673569   1.14789244E8    37.5 m      19.0 s       16.0%     3.9 h       3.3 h 
INFO  04:39:24,883 ProgressMeter -       3:8982628   1.1628926E8    38.0 m      19.0 s       16.2%     3.9 h       3.3 h 
INFO  04:39:54,884 ProgressMeter -      3:15359918   1.17889278E8    38.5 m      19.0 s       16.4%     3.9 h       3.3 h 
INFO  04:40:24,886 ProgressMeter -      3:22026280   1.19489295E8    39.0 m      19.0 s       16.6%     3.9 h       3.3 h 
INFO  04:40:54,887 ProgressMeter -      3:28774827   1.21089314E8    39.5 m      19.0 s       16.8%     3.9 h       3.3 h 
INFO  04:41:24,888 ProgressMeter -      3:35525461   1.22789332E8    40.0 m      19.0 s       17.0%     3.9 h       3.3 h 
INFO  04:41:54,889 ProgressMeter -      3:42304908   1.2438935E8    40.5 m      19.0 s       17.2%     3.9 h       3.2 h 
INFO  04:42:24,890 ProgressMeter -      3:48899619   1.25989371E8    41.0 m      19.0 s       17.5%     3.9 h       3.2 h 
INFO  04:42:54,891 ProgressMeter -      3:55678966   1.27689391E8    41.5 m      19.0 s       17.7%     3.9 h       3.2 h 
INFO  04:43:24,909 ProgressMeter -      3:62256345   1.2928941E8    42.0 m      19.0 s       17.9%     3.9 h       3.2 h 
INFO  04:43:54,910 ProgressMeter -      3:69398651   1.30889427E8    42.5 m      19.0 s       18.1%     3.9 h       3.2 h 
INFO  04:44:24,911 ProgressMeter -      3:76208229   1.32489444E8    43.0 m      19.0 s       18.3%     3.9 h       3.2 h 
INFO  04:44:54,912 ProgressMeter -      3:83402409   1.34089461E8    43.5 m      19.0 s       18.6%     3.9 h       3.2 h 
INFO  04:45:24,913 ProgressMeter -      3:90459756   1.35689481E8    44.0 m      19.0 s       18.8%     3.9 h       3.2 h 
INFO  04:45:54,914 ProgressMeter -     3:100289964   1.37289502E8    44.5 m      19.0 s       19.1%     3.9 h       3.1 h 
INFO  04:46:24,916 ProgressMeter -     3:107135103   1.38989522E8    45.0 m      19.0 s       19.3%     3.9 h       3.1 h 
INFO  04:46:55,170 ProgressMeter -     3:113997301   1.4058954E8    45.5 m      19.0 s       19.6%     3.9 h       3.1 h 
INFO  04:47:25,319 ProgressMeter -     3:120697888   1.42289558E8    46.0 m      19.0 s       19.8%     3.9 h       3.1 h 
INFO  04:47:55,320 ProgressMeter -     3:127223712   1.43889576E8    46.5 m      19.0 s       20.0%     3.9 h       3.1 h 
INFO  04:48:25,321 ProgressMeter -     3:133862158   1.45489592E8    47.0 m      19.0 s       20.2%     3.9 h       3.1 h 
INFO  04:48:55,322 ProgressMeter -     3:140714561   1.47189611E8    47.5 m      19.0 s       20.4%     3.9 h       3.1 h 
INFO  04:49:25,497 ProgressMeter -     3:147642667   1.48789631E8    48.0 m      19.0 s       20.6%     3.9 h       3.1 h 
INFO  04:49:55,598 ProgressMeter -     3:154280354   1.5048965E8    48.5 m      19.0 s       20.9%     3.9 h       3.1 h 
INFO  04:50:25,599 ProgressMeter -     3:161282891   1.52089667E8    49.0 m      19.0 s       21.1%     3.9 h       3.1 h 
INFO  04:50:55,600 ProgressMeter -     3:168761734   1.53789685E8    49.5 m      19.0 s       21.3%     3.9 h       3.0 h 
INFO  04:51:25,601 ProgressMeter -     3:175479995   1.55389704E8    50.0 m      19.0 s       21.5%     3.9 h       3.0 h 
INFO  04:51:55,603 ProgressMeter -     3:182343676   1.57089725E8    50.5 m      19.0 s       21.8%     3.9 h       3.0 h 
INFO  04:52:25,604 ProgressMeter -     3:189058987   1.58689743E8    51.0 m      19.0 s       22.0%     3.9 h       3.0 h 
INFO  04:52:55,605 ProgressMeter -     3:195369514   1.60289763E8    51.5 m      19.0 s       22.2%     3.9 h       3.0 h 
INFO  04:53:25,606 ProgressMeter -       4:3320558   1.61820149E8    52.0 m      19.0 s       22.4%     3.9 h       3.0 h 
INFO  04:53:55,842 ProgressMeter -       4:9612929   1.63320165E8    52.6 m      19.0 s       22.6%     3.9 h       3.0 h 
INFO  04:54:25,843 ProgressMeter -      4:16345353   1.64820185E8    53.1 m      19.0 s       22.8%     3.9 h       3.0 h 
INFO  04:54:55,844 ProgressMeter -      4:23469875   1.66420202E8    53.6 m      19.0 s       23.0%     3.9 h       3.0 h 
INFO  04:55:26,065 ProgressMeter -      4:30370964   1.6802022E8    54.1 m      19.0 s       23.2%     3.9 h       3.0 h 
INFO  04:55:56,066 ProgressMeter -      4:37462470   1.69620237E8    54.6 m      19.0 s       23.5%     3.9 h       3.0 h 
INFO  04:56:26,253 ProgressMeter -      4:43840866   1.71220254E8    55.1 m      19.0 s       23.7%     3.9 h       3.0 h 
INFO  04:56:56,269 ProgressMeter -      4:49101602   1.72720579E8    55.6 m      19.0 s       23.8%     3.9 h       3.0 h 
INFO  04:57:26,271 ProgressMeter -      4:49151557   1.73623159E8    56.1 m      19.0 s       23.8%     3.9 h       3.0 h 
INFO  04:57:56,272 ProgressMeter -      4:55267934   1.74924445E8    56.6 m      19.0 s       24.0%     3.9 h       3.0 h 
INFO  04:58:26,273 ProgressMeter -      4:62335283   1.7642446E8    57.1 m      19.0 s       24.3%     3.9 h       3.0 h 
INFO  04:58:56,274 ProgressMeter -      4:68726201   1.78024478E8    57.6 m      19.0 s       24.5%     3.9 h       3.0 h 
INFO  04:59:26,496 ProgressMeter -      4:75630069   1.79524495E8    58.1 m      19.0 s       24.7%     3.9 h       2.9 h 
INFO  04:59:56,497 ProgressMeter -      4:82248214   1.81124512E8    58.6 m      19.0 s       24.9%     3.9 h       2.9 h 
INFO  05:00:26,499 ProgressMeter -      4:88769231   1.82724528E8    59.1 m      19.0 s       25.1%     3.9 h       2.9 h 
INFO  05:00:56,512 ProgressMeter -      4:95938155   1.8442455E8    59.6 m      19.0 s       25.4%     3.9 h       2.9 h 
INFO  05:01:26,780 ProgressMeter -     4:103211624   1.86024566E8    60.1 m      19.0 s       25.6%     3.9 h       2.9 h 
INFO  05:01:56,781 ProgressMeter -     4:110123869   1.87724584E8    60.6 m      19.0 s       25.8%     3.9 h       2.9 h 
INFO  05:02:26,782 ProgressMeter -     4:116968782   1.89324601E8    61.1 m      19.0 s       26.0%     3.9 h       2.9 h 
INFO  05:02:56,839 ProgressMeter -     4:123873375   1.90924617E8    61.6 m      19.0 s       26.3%     3.9 h       2.9 h 
INFO  05:03:26,967 ProgressMeter -     4:130817982   1.92624637E8    62.1 m      19.0 s       26.5%     3.9 h       2.9 h 
INFO  05:03:56,968 ProgressMeter -     4:138355489   1.94224653E8    62.6 m      19.0 s       26.7%     3.9 h       2.9 h 
INFO  05:04:26,969 ProgressMeter -     4:144843191   1.9582467E8    63.1 m      19.0 s       26.9%     3.9 h       2.9 h 
INFO  05:04:56,971 ProgressMeter -     4:151391522   1.97424686E8    63.6 m      19.0 s       27.1%     3.9 h       2.8 h 
INFO  05:05:26,972 ProgressMeter -     4:157883992   1.99124706E8    64.1 m      19.0 s       27.4%     3.9 h       2.8 h 
INFO  05:05:56,973 ProgressMeter -     4:164635303   2.00724788E8    64.6 m      19.0 s       27.6%     3.9 h       2.8 h 
INFO  05:06:26,974 ProgressMeter -     4:171212381   2.02324807E8    65.1 m      19.0 s       27.8%     3.9 h       2.8 h 
INFO  05:06:56,975 ProgressMeter -     4:177816132   2.03925406E8    65.6 m      19.0 s       28.0%     3.9 h       2.8 h 
INFO  05:07:26,976 ProgressMeter -     4:184650916   2.05525422E8    66.1 m      19.0 s       28.2%     3.9 h       2.8 h 
INFO  05:07:56,977 ProgressMeter -     4:190612750   2.07025438E8    66.6 m      19.0 s       28.4%     3.9 h       2.8 h 
INFO  05:08:26,978 ProgressMeter -       5:5693745   2.08582972E8    67.1 m      19.0 s       28.6%     3.9 h       2.8 h 
INFO  05:08:56,980 ProgressMeter -      5:12362452   2.10082989E8    67.6 m      19.0 s       28.8%     3.9 h       2.8 h 
INFO  05:09:26,981 ProgressMeter -      5:19323483   2.11683006E8    68.1 m      19.0 s       29.0%     3.9 h       2.8 h 
INFO  05:09:56,982 ProgressMeter -      5:26594406   2.13283024E8    68.6 m      19.0 s       29.3%     3.9 h       2.8 h 
INFO  05:10:26,983 ProgressMeter -      5:33403618   2.14883044E8    69.1 m      19.0 s       29.5%     3.9 h       2.8 h 
INFO  05:10:56,984 ProgressMeter -      5:40174355   2.16483063E8    69.6 m      19.0 s       29.7%     3.9 h       2.7 h 
INFO  05:11:26,985 ProgressMeter -      5:49488524   2.18083081E8    70.1 m      19.0 s       30.0%     3.9 h       2.7 h 
INFO  05:11:57,226 ProgressMeter -      5:56284163   2.19683099E8    70.6 m      19.0 s       30.2%     3.9 h       2.7 h 
INFO  05:12:27,227 ProgressMeter -      5:63130513   2.21383117E8    71.1 m      19.0 s       30.5%     3.9 h       2.7 h 
INFO  05:12:57,228 ProgressMeter -      5:70983490   2.22883133E8    71.6 m      19.0 s       30.7%     3.9 h       2.7 h 
INFO  05:13:27,229 ProgressMeter -      5:77909531   2.2458315E8    72.1 m      19.0 s       30.9%     3.9 h       2.7 h 
INFO  05:13:57,230 ProgressMeter -      5:84608946   2.26183167E8    72.6 m      19.0 s       31.2%     3.9 h       2.7 h 
INFO  05:14:27,231 ProgressMeter -      5:91791285   2.27883189E8    73.1 m      19.0 s       31.4%     3.9 h       2.7 h 
INFO  05:14:57,233 ProgressMeter -      5:98739622   2.29583211E8    73.6 m      19.0 s       31.6%     3.9 h       2.7 h 
INFO  05:15:27,234 ProgressMeter -     5:105683399   2.31183227E8    74.1 m      19.0 s       31.8%     3.9 h       2.6 h 
INFO  05:15:57,235 ProgressMeter -     5:112317056   2.32783245E8    74.6 m      19.0 s       32.0%     3.9 h       2.6 h 
INFO  05:16:27,236 ProgressMeter -     5:118916858   2.34383264E8    75.1 m      19.0 s       32.3%     3.9 h       2.6 h 
INFO  05:16:57,237 ProgressMeter -     5:125623935   2.35983281E8    75.6 m      19.0 s       32.5%     3.9 h       2.6 h 
INFO  05:17:27,238 ProgressMeter -     5:132521901   2.37683299E8    76.1 m      19.0 s       32.7%     3.9 h       2.6 h 
INFO  05:17:57,457 ProgressMeter -     5:139157735   2.39383319E8    76.6 m      19.0 s       32.9%     3.9 h       2.6 h 
INFO  05:18:27,458 ProgressMeter -     5:145881972   2.40983336E8    77.1 m      19.0 s       33.1%     3.9 h       2.6 h 
INFO  05:18:57,632 ProgressMeter -     5:152515547   2.42683353E8    77.6 m      19.0 s       33.3%     3.9 h       2.6 h 
INFO  05:19:27,633 ProgressMeter -     5:159386077   2.4428337E8    78.1 m      19.0 s       33.6%     3.9 h       2.6 h 
INFO  05:19:57,841 ProgressMeter -     5:166386747   2.45883387E8    78.6 m      19.0 s       33.8%     3.9 h       2.6 h 
INFO  05:20:27,842 ProgressMeter -     5:173145406   2.47583408E8    79.1 m      19.0 s       34.0%     3.9 h       2.6 h 
INFO  05:20:57,843 ProgressMeter -     5:179560197   2.49183426E8    79.6 m      19.0 s       34.2%     3.9 h       2.6 h 
INFO  05:21:27,845 ProgressMeter -       6:5561698   2.50676691E8    80.1 m      19.0 s       34.4%     3.9 h       2.5 h 
INFO  05:21:57,846 ProgressMeter -      6:11888121   2.52176706E8    80.6 m      19.0 s       34.6%     3.9 h       2.5 h 
INFO  05:22:27,847 ProgressMeter -      6:18130891   2.53676726E8    81.1 m      19.0 s       34.8%     3.9 h       2.5 h 
INFO  05:22:57,848 ProgressMeter -      6:25151740   2.55276742E8    81.6 m      19.0 s       35.1%     3.9 h       2.5 h 
INFO  05:23:27,849 ProgressMeter -      6:31408101   2.56876761E8    82.1 m      19.0 s       35.3%     3.9 h       2.5 h 
INFO  05:23:57,850 ProgressMeter -      6:37733258   2.58376777E8    82.6 m      19.0 s       35.5%     3.9 h       2.5 h 
INFO  05:24:27,851 ProgressMeter -      6:44122135   2.59976793E8    83.1 m      19.0 s       35.7%     3.9 h       2.5 h 
INFO  05:24:57,852 ProgressMeter -      6:51022685   2.61676812E8    83.6 m      19.0 s       35.9%     3.9 h       2.5 h 
INFO  05:25:27,853 ProgressMeter -      6:57398212   2.6327683E8    84.1 m      19.0 s       36.1%     3.9 h       2.5 h 
INFO  05:25:57,855 ProgressMeter -      6:62389920   2.64478105E8    84.6 m      19.0 s       36.3%     3.9 h       2.5 h 
INFO  05:26:27,856 ProgressMeter -      6:69513298   2.66078124E8    85.1 m      19.0 s       36.5%     3.9 h       2.5 h 
INFO  05:26:57,857 ProgressMeter -      6:76153843   2.67778142E8    85.6 m      19.0 s       36.7%     3.9 h       2.5 h 
INFO  05:27:27,858 ProgressMeter -      6:83341276   2.69378159E8    86.1 m      19.0 s       36.9%     3.9 h       2.4 h 
INFO  05:27:57,859 ProgressMeter -      6:90151574   2.70978178E8    86.6 m      19.0 s       37.2%     3.9 h       2.4 h 
INFO  05:28:27,860 ProgressMeter -      6:97363419   2.72578196E8    87.1 m      19.0 s       37.4%     3.9 h       2.4 h 
INFO  05:28:57,861 ProgressMeter -     6:104743759   2.74278217E8    87.6 m      19.0 s       37.6%     3.9 h       2.4 h 
INFO  05:29:28,107 ProgressMeter -     6:111584542   2.75978237E8    88.1 m      19.0 s       37.9%     3.9 h       2.4 h 
INFO  05:29:58,108 ProgressMeter -     6:118334072   2.77578254E8    88.6 m      19.0 s       38.1%     3.9 h       2.4 h 
INFO  05:30:28,110 ProgressMeter -     6:125579485   2.79278273E8    89.1 m      19.0 s       38.3%     3.9 h       2.4 h 
INFO  05:30:58,111 ProgressMeter -     6:132453293   2.80878292E8    89.6 m      19.0 s       38.5%     3.9 h       2.4 h 
INFO  05:31:28,112 ProgressMeter -     6:139247690   2.82578315E8    90.1 m      19.0 s       38.7%     3.9 h       2.4 h 
INFO  05:31:58,113 ProgressMeter -     6:146191592   2.84278332E8    90.6 m      19.0 s       39.0%     3.9 h       2.4 h 
INFO  05:32:28,114 ProgressMeter -     6:152919285   2.85878351E8    91.1 m      19.0 s       39.2%     3.9 h       2.4 h 
INFO  05:32:58,115 ProgressMeter -     6:159489531   2.87478368E8    91.6 m      19.0 s       39.4%     3.9 h       2.3 h 
INFO  05:33:28,116 ProgressMeter -     6:166347231   2.89078385E8    92.1 m      19.0 s       39.6%     3.9 h       2.3 h 
INFO  05:33:58,117 ProgressMeter -       7:1711854   2.90549206E8    92.6 m      19.0 s       39.8%     3.9 h       2.3 h 
INFO  05:34:28,118 ProgressMeter -       7:7993498   2.92149223E8    93.1 m      19.0 s       40.0%     3.9 h       2.3 h 
INFO  05:34:58,120 ProgressMeter -      7:14852037   2.9364924E8    93.6 m      19.0 s       40.3%     3.9 h       2.3 h 
INFO  05:35:28,121 ProgressMeter -      7:21644694   2.95249256E8    94.1 m      19.0 s       40.5%     3.9 h       2.3 h 
INFO  05:35:58,122 ProgressMeter -      7:28108454   2.96849278E8    94.6 m      19.0 s       40.7%     3.9 h       2.3 h 
INFO  05:36:28,123 ProgressMeter -      7:35037199   2.98549298E8    95.1 m      19.0 s       40.9%     3.9 h       2.3 h 
INFO  05:36:58,124 ProgressMeter -      7:41379198   3.00149317E8    95.6 m      19.0 s       41.1%     3.9 h       2.3 h 
INFO  05:37:28,125 ProgressMeter -      7:48300576   3.01749335E8    96.1 m      19.0 s       41.3%     3.9 h       2.3 h 
INFO  05:37:58,126 ProgressMeter -      7:55133959   3.03349352E8    96.6 m      19.0 s       41.5%     3.9 h       2.3 h 
INFO  05:38:28,127 ProgressMeter -      7:61969358   3.0454945E8    97.1 m      19.0 s       41.8%     3.9 h       2.3 h 
INFO  05:38:58,359 ProgressMeter -      7:67163918   3.05949846E8    97.6 m      19.0 s       41.9%     3.9 h       2.3 h 
INFO  05:39:28,361 ProgressMeter -      7:73600632   3.07449869E8    98.1 m      19.0 s       42.1%     3.9 h       2.2 h 
INFO  05:39:58,362 ProgressMeter -      7:81218524   3.09049886E8    98.6 m      19.0 s       42.4%     3.9 h       2.2 h 
INFO  05:40:28,363 ProgressMeter -      7:88457047   3.10749907E8    99.1 m      19.0 s       42.6%     3.9 h       2.2 h 
INFO  05:40:58,611 ProgressMeter -      7:95492895   3.12449925E8    99.6 m      19.0 s       42.9%     3.9 h       2.2 h 
INFO  05:41:28,613 ProgressMeter -     7:102210061   3.14049945E8   100.1 m      19.0 s       43.1%     3.9 h       2.2 h 
INFO  05:41:58,614 ProgressMeter -     7:108909559   3.15649962E8   100.6 m      19.0 s       43.3%     3.9 h       2.2 h 
INFO  05:42:28,615 ProgressMeter -     7:116277778   3.1734998E8   101.1 m      19.0 s       43.5%     3.9 h       2.2 h 
INFO  05:42:58,616 ProgressMeter -     7:123039218   3.18949998E8   101.6 m      19.0 s       43.7%     3.9 h       2.2 h 
INFO  05:43:28,617 ProgressMeter -     7:129728913   3.20550014E8   102.1 m      19.0 s       44.0%     3.9 h       2.2 h 
INFO  05:43:58,618 ProgressMeter -     7:136684667   3.22250032E8   102.6 m      19.0 s       44.2%     3.9 h       2.2 h 
INFO  05:44:28,619 ProgressMeter -     7:143722933   3.23850049E8   103.1 m      19.0 s       44.4%     3.9 h       2.2 h 
INFO  05:44:58,620 ProgressMeter -     7:150650635   3.25450067E8   103.6 m      19.0 s       44.6%     3.9 h       2.1 h 
INFO  05:45:28,621 ProgressMeter -     7:156981848   3.26950083E8   104.1 m      19.0 s       44.8%     3.9 h       2.1 h 
INFO  05:45:58,622 ProgressMeter -       8:4059715   3.28366477E8   104.6 m      19.0 s       45.0%     3.9 h       2.1 h 
INFO  05:46:28,623 ProgressMeter -      8:10438193   3.29766498E8   105.1 m      19.0 s       45.2%     3.9 h       2.1 h 
INFO  05:46:58,624 ProgressMeter -      8:16858229   3.31266514E8   105.6 m      19.0 s       45.4%     3.9 h       2.1 h 
INFO  05:47:28,625 ProgressMeter -      8:23483573   3.32866533E8   106.1 m      19.0 s       45.7%     3.9 h       2.1 h 
INFO  05:47:58,626 ProgressMeter -      8:29971060   3.3446655E8   106.6 m      19.0 s       45.9%     3.9 h       2.1 h 
INFO  05:48:28,692 ProgressMeter -      8:37284549   3.36066568E8   107.1 m      19.0 s       46.1%     3.9 h       2.1 h 
INFO  05:48:58,865 ProgressMeter -      8:42835092   3.37466583E8   107.6 m      19.0 s       46.3%     3.9 h       2.1 h 
INFO  05:49:28,866 ProgressMeter -      8:43096696   3.3796919E8   108.1 m      19.0 s       46.3%     3.9 h       2.1 h 
INFO  05:50:09,043 ProgressMeter -      8:48073790   3.38869702E8   108.8 m      19.0 s       46.5%     3.9 h       2.1 h 
INFO  05:50:39,044 ProgressMeter -      8:54793743   3.40369719E8   109.3 m      19.0 s       46.7%     3.9 h       2.1 h 
INFO  05:51:09,045 ProgressMeter -      8:61696940   3.4206974E8   109.8 m      19.0 s       46.9%     3.9 h       2.1 h 
INFO  05:51:39,046 ProgressMeter -      8:68690709   3.43769759E8   110.3 m      19.0 s       47.1%     3.9 h       2.1 h 
INFO  05:52:09,047 ProgressMeter -      8:75373257   3.45469781E8   110.8 m      19.0 s       47.3%     3.9 h       2.1 h 
INFO  05:52:39,177 ProgressMeter -      8:82529414   3.47069798E8   111.3 m      19.0 s       47.6%     3.9 h       2.0 h 
INFO  05:53:09,178 ProgressMeter -      8:89669777   3.48669816E8   111.8 m      19.0 s       47.8%     3.9 h       2.0 h 
INFO  05:53:39,179 ProgressMeter -      8:96638459   3.50369837E8   112.3 m      19.0 s       48.0%     3.9 h       2.0 h 
INFO  05:54:09,180 ProgressMeter -     8:103088033   3.52069856E8   112.8 m      19.0 s       48.2%     3.9 h       2.0 h 
INFO  05:54:39,304 ProgressMeter -     8:110182770   3.53669877E8   113.3 m      19.0 s       48.5%     3.9 h       2.0 h 
INFO  05:55:09,305 ProgressMeter -     8:117651148   3.55369896E8   113.8 m      19.0 s       48.7%     3.9 h     119.9 m 
INFO  05:55:39,306 ProgressMeter -     8:124560139   3.56969915E8   114.3 m      19.0 s       48.9%     3.9 h     119.3 m 
INFO  05:56:09,676 ProgressMeter -     8:131103778   3.5866994E8   114.8 m      19.0 s       49.1%     3.9 h     118.9 m 
INFO  05:56:39,677 ProgressMeter -     8:137869573   3.60269958E8   115.3 m      19.0 s       49.3%     3.9 h     118.3 m 
INFO  05:57:09,678 ProgressMeter -     8:144447458   3.61769977E8   115.8 m      19.0 s       49.6%     3.9 h     117.8 m 
INFO  05:57:39,679 ProgressMeter -       9:4858642   3.63367491E8   116.3 m      19.0 s       49.8%     3.9 h     117.3 m 
INFO  05:58:09,680 ProgressMeter -      9:11201437   3.64867507E8   116.8 m      19.0 s       50.0%     3.9 h     116.9 m 
INFO  05:58:39,681 ProgressMeter -      9:17750466   3.66367523E8   117.3 m      19.0 s       50.2%     3.9 h     116.4 m 
INFO  05:59:09,682 ProgressMeter -      9:24593492   3.68067545E8   117.8 m      19.0 s       50.4%     3.9 h     115.8 m 
INFO  05:59:39,683 ProgressMeter -      9:31531564   3.69567561E8   118.3 m      19.0 s       50.6%     3.9 h     115.3 m 
INFO  06:00:09,684 ProgressMeter -      9:38043628   3.71267579E8   118.8 m      19.0 s       50.8%     3.9 h     114.8 m 
INFO  06:00:39,701 ProgressMeter -      9:67208478   3.72367591E8   119.3 m      19.0 s       51.8%     3.8 h     111.0 m 
INFO  06:01:09,702 ProgressMeter -      9:73314334   3.73567702E8   119.8 m      19.0 s       52.0%     3.8 h     110.6 m 
INFO  06:01:39,749 ProgressMeter -      9:80175732   3.75167719E8     2.0 h      19.0 s       52.2%     3.8 h     110.1 m 
INFO  06:02:09,777 ProgressMeter -      9:87331761   3.76867738E8     2.0 h      19.0 s       52.4%     3.8 h     109.6 m 
INFO  06:02:39,931 ProgressMeter -      9:94418349   3.78467755E8     2.0 h      19.0 s       52.7%     3.8 h     109.0 m 
INFO  06:03:09,932 ProgressMeter -     9:101040235   3.80167775E8     2.0 h      19.0 s       52.9%     3.8 h     108.5 m 
INFO  06:03:39,933 ProgressMeter -     9:107754791   3.81667795E8     2.0 h      19.0 s       53.1%     3.8 h     108.0 m 
INFO  06:04:10,031 ProgressMeter -     9:114481645   3.83367813E8     2.0 h      19.0 s       53.3%     3.8 h     107.5 m 
INFO  06:04:40,033 ProgressMeter -     9:121343599   3.8496783E8     2.1 h      19.0 s       53.5%     3.8 h     107.0 m 
INFO  06:05:10,034 ProgressMeter -     9:127895098   3.86567849E8     2.1 h      19.0 s       53.7%     3.8 h     106.5 m 
INFO  06:05:40,035 ProgressMeter -     9:134425415   3.88167867E8     2.1 h      19.0 s       54.0%     3.8 h     106.1 m 
INFO  06:06:10,036 ProgressMeter -     9:140894404   3.89767884E8     2.1 h      19.0 s       54.2%     3.8 h     105.6 m 
INFO  06:06:40,037 ProgressMeter -      10:5837583   3.91183637E8     2.1 h      19.0 s       54.4%     3.8 h     105.2 m 
INFO  06:07:10,292 ProgressMeter -     10:12392051   3.92783657E8     2.1 h      19.0 s       54.6%     3.8 h     104.7 m 
INFO  06:07:40,437 ProgressMeter -     10:19168807   3.94383674E8     2.1 h      19.0 s       54.8%     3.8 h     104.2 m 
INFO  06:08:10,448 ProgressMeter -     10:26030572   3.95983693E8     2.1 h      19.0 s       55.0%     3.8 h     103.7 m 
INFO  06:08:40,450 ProgressMeter -     10:32552426   3.97583711E8     2.1 h      19.0 s       55.2%     3.8 h     103.2 m 
INFO  06:09:10,658 ProgressMeter -     10:38901709   3.99083726E8     2.1 h      19.0 s       55.4%     3.8 h     102.8 m 
INFO  06:09:40,660 ProgressMeter -     10:42385669   4.00086887E8     2.1 h      19.0 s       55.5%     3.8 h     102.7 m 
INFO  06:10:10,661 ProgressMeter -     10:42400511   4.00988196E8     2.1 h      19.0 s       55.5%     3.9 h     103.1 m 
INFO  06:10:40,915 ProgressMeter -     10:42599452   4.0199138E8     2.2 h      19.0 s       55.5%     3.9 h     103.5 m 
INFO  06:11:10,916 ProgressMeter -     10:46958549   4.03292078E8     2.2 h      19.0 s       55.7%     3.9 h     103.3 m 
INFO  06:11:40,918 ProgressMeter -     10:55114542   4.04792094E8     2.2 h      19.0 s       56.0%     3.9 h     102.6 m 
INFO  06:12:10,919 ProgressMeter -     10:62176804   4.06392115E8     2.2 h      19.0 s       56.2%     3.9 h     102.0 m 
INFO  06:12:40,920 ProgressMeter -     10:68878060   4.07992132E8     2.2 h      19.0 s       56.4%     3.9 h     101.5 m 
INFO  06:13:10,921 ProgressMeter -     10:75203117   4.09592151E8     2.2 h      19.0 s       56.6%     3.9 h     101.1 m 
INFO  06:13:40,923 ProgressMeter -     10:81783051   4.11192171E8     2.2 h      19.0 s       56.8%     3.9 h     100.6 m 
INFO  06:14:10,924 ProgressMeter -     10:88575556   4.12892188E8     2.2 h      19.0 s       57.0%     3.9 h     100.1 m 
INFO  06:14:40,925 ProgressMeter -     10:95332230   4.14492207E8     2.2 h      19.0 s       57.2%     3.9 h      99.5 m 
INFO  06:15:10,926 ProgressMeter -    10:101755886   4.16092226E8     2.2 h      19.0 s       57.5%     3.9 h      99.1 m 
INFO  06:15:40,927 ProgressMeter -    10:108291642   4.17792246E8     2.2 h      19.0 s       57.7%     3.9 h      98.6 m 
INFO  06:16:10,929 ProgressMeter -    10:114862524   4.19292263E8     2.2 h      19.0 s       57.9%     3.9 h      98.1 m 
INFO  06:16:40,930 ProgressMeter -    10:121526002   4.2089228E8     2.3 h      19.0 s       58.1%     3.9 h      97.6 m 
INFO  06:17:10,931 ProgressMeter -    10:128182727   4.22492296E8     2.3 h      19.0 s       58.3%     3.9 h      97.1 m 
INFO  06:17:40,932 ProgressMeter -    10:134911215   4.23992311E8     2.3 h      19.0 s       58.5%     3.9 h      96.6 m 
INFO  06:18:10,933 ProgressMeter -      11:5560883   4.25454762E8     2.3 h      19.0 s       58.7%     3.9 h      96.2 m 
INFO  06:18:40,935 ProgressMeter -     11:11975189   4.27054779E8     2.3 h      19.0 s       58.9%     3.9 h      95.7 m 
INFO  06:19:11,156 ProgressMeter -     11:18643803   4.28754799E8     2.3 h      19.0 s       59.1%     3.9 h      95.2 m 
INFO  06:19:41,158 ProgressMeter -     11:25556088   4.30254815E8     2.3 h      19.0 s       59.4%     3.9 h      94.7 m 
INFO  06:20:11,159 ProgressMeter -     11:32639722   4.31954835E8     2.3 h      19.0 s       59.6%     3.9 h      94.1 m 
INFO  06:20:41,160 ProgressMeter -     11:39428671   4.33554852E8     2.3 h      19.0 s       59.8%     3.9 h      93.6 m 
INFO  06:21:11,303 ProgressMeter -     11:46135036   4.35154873E8     2.3 h      19.0 s       60.0%     3.9 h      93.1 m 
INFO  06:21:41,376 ProgressMeter -     11:51579688   4.3645489E8     2.3 h      19.0 s       60.2%     3.9 h      92.7 m 
INFO  06:22:11,378 ProgressMeter -     11:58433347   4.3755555E8     2.3 h      19.0 s       60.4%     3.9 h      92.2 m 
INFO  06:22:41,379 ProgressMeter -     11:64790455   4.39155569E8     2.4 h      19.0 s       60.6%     3.9 h      91.7 m 
INFO  06:23:11,380 ProgressMeter -     11:70932008   4.40655585E8     2.4 h      19.0 s       60.8%     3.9 h      91.3 m 
INFO  06:23:41,381 ProgressMeter -     11:77264637   4.42255603E8     2.4 h      19.0 s       61.0%     3.9 h      90.8 m 
INFO  06:24:11,382 ProgressMeter -     11:83893507   4.43855623E8     2.4 h      19.0 s       61.2%     3.9 h      90.3 m 
INFO  06:24:41,383 ProgressMeter -     11:90530481   4.45455643E8     2.4 h      19.0 s       61.5%     3.9 h      89.9 m 
INFO  06:25:11,385 ProgressMeter -     11:97509422   4.47055661E8     2.4 h      19.0 s       61.7%     3.9 h      89.3 m 
INFO  06:25:41,386 ProgressMeter -    11:104239212   4.48655678E8     2.4 h      19.0 s       61.9%     3.9 h      88.8 m 
INFO  06:26:11,789 ProgressMeter -    11:110845600   4.50255694E8     2.4 h      19.0 s       62.1%     3.9 h      88.3 m 
INFO  06:26:41,790 ProgressMeter -    11:117423787   4.51855712E8     2.4 h      19.0 s       62.3%     3.9 h      87.8 m 
INFO  06:27:11,791 ProgressMeter -    11:123668009   4.53455731E8     2.4 h      19.0 s       62.5%     3.9 h      87.4 m 
INFO  06:27:41,792 ProgressMeter -    11:130062826   4.54956139E8     2.4 h      19.0 s       62.7%     3.9 h      86.9 m 
INFO  06:28:11,794 ProgressMeter -      12:1855896   4.56571461E8     2.4 h      19.0 s       63.0%     3.9 h      86.4 m 
INFO  06:28:42,061 ProgressMeter -      12:8203359   4.58171477E8     2.5 h      19.0 s       63.2%     3.9 h      85.9 m 
INFO  06:29:12,062 ProgressMeter -     12:14164091   4.59671494E8     2.5 h      19.0 s       63.4%     3.9 h      85.5 m 
INFO  06:29:42,063 ProgressMeter -     12:20906449   4.61271514E8     2.5 h      19.0 s       63.6%     3.9 h      85.0 m 
INFO  06:30:12,065 ProgressMeter -     12:27428088   4.62871531E8     2.5 h      19.0 s       63.8%     3.9 h      84.5 m 
INFO  06:30:42,225 ProgressMeter -     12:33868241   4.64471549E8     2.5 h      19.0 s       64.0%     3.9 h      84.0 m 
INFO  06:31:12,226 ProgressMeter -     12:41999796   4.65771567E8     2.5 h      19.0 s       64.3%     3.9 h      83.4 m 
INFO  06:31:42,227 ProgressMeter -     12:48617533   4.67471588E8     2.5 h      19.0 s       64.5%     3.9 h      82.9 m 
INFO  06:32:12,410 ProgressMeter -     12:54999189   4.69071607E8     2.5 h      19.0 s       64.7%     3.9 h      82.4 m 
INFO  06:32:42,412 ProgressMeter -     12:61398096   4.70671625E8     2.5 h      19.0 s       64.9%     3.9 h      81.9 m 
INFO  06:33:12,641 ProgressMeter -     12:68154049   4.72271644E8     2.5 h      19.0 s       65.1%     3.9 h      81.4 m 
INFO  06:33:42,642 ProgressMeter -     12:74826956   4.73871661E8     2.5 h      19.0 s       65.3%     3.9 h      80.9 m 
INFO  06:34:12,644 ProgressMeter -     12:82093859   4.75571679E8     2.5 h      19.0 s       65.5%     3.9 h      80.3 m 
INFO  06:34:42,645 ProgressMeter -     12:89230471   4.77271698E8     2.6 h      19.0 s       65.8%     3.9 h      79.8 m 
INFO  06:35:12,972 ProgressMeter -     12:95589473   4.78871715E8     2.6 h      19.0 s       66.0%     3.9 h      79.3 m 
INFO  06:35:42,973 ProgressMeter -    12:102280295   4.80471733E8     2.6 h      19.0 s       66.2%     3.9 h      78.8 m 
INFO  06:36:12,975 ProgressMeter -    12:108597708   4.82171752E8     2.6 h      19.0 s       66.4%     3.9 h      78.4 m 
INFO  06:36:42,976 ProgressMeter -    12:115264611   4.83771771E8     2.6 h      19.0 s       66.6%     3.9 h      77.9 m 
INFO  06:37:12,977 ProgressMeter -    12:121720569   4.85471789E8     2.6 h      19.0 s       66.8%     3.9 h      77.4 m 
INFO  06:37:43,182 ProgressMeter -    12:127947234   4.86971806E8     2.6 h      19.0 s       67.0%     3.9 h      76.9 m 
INFO  06:38:13,184 ProgressMeter -     13:19484957   4.88471624E8     2.6 h      19.0 s       67.8%     3.9 h      74.3 m 
INFO  06:38:43,185 ProgressMeter -     13:25829760   4.89971642E8     2.6 h      19.0 s       68.0%     3.9 h      73.9 m 
INFO  06:39:13,186 ProgressMeter -     13:32026734   4.91471658E8     2.6 h      19.0 s       68.2%     3.9 h      73.4 m 
INFO  06:39:43,187 ProgressMeter -     13:38711196   4.93071677E8     2.6 h      19.0 s       68.5%     3.9 h      72.9 m 
INFO  06:40:13,188 ProgressMeter -     13:45127489   4.94671694E8     2.6 h      19.0 s       68.7%     3.9 h      72.5 m 
INFO  06:40:43,189 ProgressMeter -     13:51539484   4.96371713E8     2.7 h      19.0 s       68.9%     3.9 h      72.0 m 
INFO  06:41:13,191 ProgressMeter -     13:58426940   4.97871731E8     2.7 h      19.0 s       69.1%     3.9 h      71.5 m 
INFO  06:41:43,192 ProgressMeter -     13:65385570   4.99471751E8     2.7 h      19.0 s       69.3%     3.9 h      71.0 m 
INFO  06:42:13,193 ProgressMeter -     13:72344819   5.01071771E8     2.7 h      19.0 s       69.5%     3.9 h      70.4 m 
INFO  06:42:43,194 ProgressMeter -     13:78916324   5.02671789E8     2.7 h      19.0 s       69.8%     3.9 h      70.0 m 
INFO  06:43:13,195 ProgressMeter -     13:85843139   5.04271806E8     2.7 h      19.0 s       70.0%     3.9 h      69.4 m 
INFO  06:43:43,197 ProgressMeter -     13:92976579   5.05771822E8     2.7 h      19.0 s       70.2%     3.9 h      68.9 m 
INFO  06:44:13,198 ProgressMeter -     13:99638300   5.07371838E8     2.7 h      19.0 s       70.4%     3.9 h      68.4 m 
INFO  06:44:43,319 ProgressMeter -    13:106243879   5.08971858E8     2.7 h      19.0 s       70.6%     3.9 h      67.9 m 
INFO  06:45:13,320 ProgressMeter -    13:112820355   5.10471874E8     2.7 h      19.0 s       70.8%     3.9 h      67.4 m 
INFO  06:45:43,321 ProgressMeter -     14:22905021   5.11976436E8     2.7 h      19.0 s       71.7%     3.8 h      65.0 m 
INFO  06:46:13,323 ProgressMeter -     14:29402241   5.13476457E8     2.7 h      19.0 s       71.9%     3.8 h      64.5 m 
INFO  06:46:43,324 ProgressMeter -     14:36231778   5.15176476E8     2.8 h      19.0 s       72.1%     3.8 h      64.0 m 
INFO  06:47:13,325 ProgressMeter -     14:43126744   5.16776494E8     2.8 h      19.0 s       72.3%     3.8 h      63.5 m 
INFO  06:47:43,327 ProgressMeter -     14:49765641   5.18376512E8     2.8 h      19.0 s       72.5%     3.8 h      63.0 m 
INFO  06:48:13,674 ProgressMeter -     14:56326615   5.1997653E8     2.8 h      19.0 s       72.7%     3.8 h      62.5 m 
INFO  06:48:43,675 ProgressMeter -     14:62778817   5.21576548E8     2.8 h      19.0 s       72.9%     3.8 h      62.1 m 
INFO  06:49:13,676 ProgressMeter -     14:69182275   5.23276569E8     2.8 h      19.0 s       73.2%     3.8 h      61.6 m 
INFO  06:49:43,678 ProgressMeter -     14:75624799   5.2487659E8     2.8 h      19.0 s       73.4%     3.8 h      61.1 m 
INFO  06:50:13,679 ProgressMeter -     14:81875855   5.26476607E8     2.8 h      19.0 s       73.6%     3.8 h      60.7 m 
INFO  06:50:43,696 ProgressMeter -     14:88885568   5.28076627E8     2.8 h      19.0 s       73.8%     3.8 h      60.2 m 
INFO  06:51:13,698 ProgressMeter -     14:95265756   5.29676646E8     2.8 h      19.0 s       74.0%     3.8 h      59.7 m 
INFO  06:51:43,699 ProgressMeter -    14:101588911   5.31176662E8     2.8 h      19.0 s       74.2%     3.8 h      59.2 m 
INFO  06:52:13,700 ProgressMeter -     15:20130855   5.32670802E8     2.8 h      19.0 s       75.0%     3.8 h      56.8 m 
INFO  06:52:43,701 ProgressMeter -     15:26045109   5.34070818E8     2.9 h      19.0 s       75.2%     3.8 h      56.4 m 
INFO  06:53:13,703 ProgressMeter -     15:33726921   5.35670836E8     2.9 h      19.0 s       75.5%     3.8 h      55.8 m 
INFO  06:53:43,704 ProgressMeter -     15:40254798   5.37270856E8     2.9 h      19.0 s       75.7%     3.8 h      55.4 m 
INFO  06:54:13,705 ProgressMeter -     15:46493261   5.38870874E8     2.9 h      19.0 s       75.9%     3.8 h      54.9 m 
INFO  06:54:44,013 ProgressMeter -     15:53423111   5.40470892E8     2.9 h      19.0 s       76.1%     3.8 h      54.4 m 
INFO  06:55:14,014 ProgressMeter -     15:59581108   5.41970908E8     2.9 h      19.0 s       76.3%     3.8 h      54.0 m 
INFO  06:55:44,015 ProgressMeter -     15:65967675   5.43570926E8     2.9 h      19.0 s       76.5%     3.8 h      53.5 m 
INFO  06:56:14,016 ProgressMeter -     15:72358256   5.45170944E8     2.9 h      19.0 s       76.7%     3.8 h      53.1 m 
INFO  06:56:44,017 ProgressMeter -     15:78775337   5.46770962E8     2.9 h      19.0 s       76.9%     3.8 h      52.6 m 
INFO  06:57:14,090 ProgressMeter -     15:85876674   5.48370979E8     2.9 h      19.0 s       77.2%     3.8 h      52.1 m 
INFO  06:57:44,225 ProgressMeter -     15:92117055   5.49970997E8     2.9 h      19.0 s       77.4%     3.8 h      51.6 m 
INFO  06:58:14,226 ProgressMeter -     15:98794182   5.51471015E8     2.9 h      19.0 s       77.6%     3.8 h      51.1 m 
INFO  06:58:44,228 ProgressMeter -      16:2499093   5.5298519E8     3.0 h      19.0 s       77.8%     3.8 h      50.7 m 
INFO  06:59:14,229 ProgressMeter -      16:8749152   5.54485205E8     3.0 h      19.0 s       78.0%     3.8 h      50.2 m 
INFO  06:59:44,230 ProgressMeter -     16:14986231   5.55985222E8     3.0 h      19.0 s       78.2%     3.8 h      49.8 m 
INFO  07:00:14,231 ProgressMeter -     16:21629961   5.57485241E8     3.0 h      19.0 s       78.4%     3.8 h      49.3 m 
INFO  07:00:44,640 ProgressMeter -     16:28147669   5.5918526E8     3.0 h      19.0 s       78.6%     3.8 h      48.8 m 
INFO  07:01:14,641 ProgressMeter -     16:33701117   5.60485274E8     3.0 h      19.0 s       78.8%     3.8 h      48.5 m 
INFO  07:01:44,643 ProgressMeter -     16:46394792   5.61685948E8     3.0 h      19.0 s       79.2%     3.8 h      47.4 m 
INFO  07:02:14,733 ProgressMeter -     16:47101595   5.62786233E8     3.0 h      19.0 s       79.2%     3.8 h      47.5 m 
INFO  07:02:44,945 ProgressMeter -     16:53832944   5.64386254E8     3.0 h      19.0 s       79.4%     3.8 h      47.0 m 
INFO  07:03:14,946 ProgressMeter -     16:60046077   5.65886273E8     3.0 h      19.0 s       79.6%     3.8 h      46.5 m 
INFO  07:03:44,947 ProgressMeter -     16:66732140   5.67386289E8     3.0 h      19.0 s       79.8%     3.8 h      46.0 m 
INFO  07:04:15,050 ProgressMeter -     16:73139111   5.6898631E8     3.0 h      19.0 s       80.0%     3.8 h      45.6 m 
INFO  07:04:45,051 ProgressMeter -     16:79408363   5.70486332E8     3.1 h      19.0 s       80.3%     3.8 h      45.1 m 
INFO  07:05:15,052 ProgressMeter -     16:85514233   5.7198635E8     3.1 h      19.0 s       80.4%     3.8 h      44.7 m 
INFO  07:05:45,053 ProgressMeter -      17:1264749   5.73455218E8     3.1 h      19.0 s       80.6%     3.8 h      44.2 m 
INFO  07:06:15,054 ProgressMeter -      17:7045315   5.74955235E8     3.1 h      19.0 s       80.8%     3.8 h      43.8 m 
INFO  07:06:45,055 ProgressMeter -     17:13590336   5.76455251E8     3.1 h      19.0 s       81.0%     3.8 h      43.4 m 
INFO  07:07:15,056 ProgressMeter -     17:20345517   5.78055269E8     3.1 h      19.0 s       81.3%     3.8 h      42.9 m 
INFO  07:07:45,058 ProgressMeter -     17:26570689   5.79355645E8     3.1 h      19.0 s       81.5%     3.8 h      42.4 m 
INFO  07:08:15,059 ProgressMeter -     17:33123967   5.80955662E8     3.1 h      19.0 s       81.7%     3.8 h      41.9 m 
INFO  07:08:45,060 ProgressMeter -     17:39610422   5.82555681E8     3.1 h      19.0 s       81.9%     3.8 h      41.5 m 
INFO  07:09:15,141 ProgressMeter -     17:45873492   5.84155699E8     3.1 h      19.0 s       82.1%     3.8 h      41.0 m 
INFO  07:09:45,142 ProgressMeter -     17:52706857   5.85755722E8     3.1 h      19.0 s       82.3%     3.8 h      40.5 m 
INFO  07:10:15,143 ProgressMeter -     17:59011859   5.87355741E8     3.1 h      19.0 s       82.5%     3.8 h      40.0 m 
INFO  07:10:45,145 ProgressMeter -     17:65636987   5.88955759E8     3.2 h      19.0 s       82.7%     3.8 h      39.6 m 
INFO  07:11:15,146 ProgressMeter -     17:72222354   5.90555778E8     3.2 h      19.0 s       82.9%     3.8 h      39.1 m 
INFO  07:11:45,147 ProgressMeter -     17:78348796   5.92055795E8     3.2 h      19.0 s       83.1%     3.8 h      38.6 m 
INFO  07:12:15,220 ProgressMeter -      18:2648901   5.93534472E8     3.2 h      19.0 s       83.3%     3.8 h      38.2 m 
INFO  07:12:45,221 ProgressMeter -      18:9027172   5.95134489E8     3.2 h      19.0 s       83.5%     3.8 h      37.8 m 
INFO  07:13:15,222 ProgressMeter -     18:15390445   5.96634507E8     3.2 h      19.0 s       83.7%     3.8 h      37.3 m 
INFO  07:13:45,223 ProgressMeter -     18:22564209   5.980348E8     3.2 h      19.0 s       83.9%     3.8 h      36.8 m 
INFO  07:14:15,224 ProgressMeter -     18:29287741   5.99634817E8     3.2 h      19.0 s       84.2%     3.8 h      36.3 m 
INFO  07:14:45,225 ProgressMeter -     18:36310533   6.01234835E8     3.2 h      19.0 s       84.4%     3.8 h      35.8 m 
INFO  07:15:15,352 ProgressMeter -     18:43577569   6.02934854E8     3.2 h      19.0 s       84.6%     3.8 h      35.2 m 
INFO  07:15:45,353 ProgressMeter -     18:50286272   6.04534871E8     3.2 h      19.0 s       84.8%     3.8 h      34.7 m 
INFO  07:16:15,354 ProgressMeter -     18:56820095   6.06135106E8     3.2 h      19.0 s       85.1%     3.8 h      34.2 m 
INFO  07:16:45,355 ProgressMeter -     18:63230989   6.07735123E8     3.3 h      19.0 s       85.3%     3.8 h      33.8 m 
INFO  07:17:15,356 ProgressMeter -     18:69948827   6.09235139E8     3.3 h      19.0 s       85.5%     3.8 h      33.3 m 
INFO  07:17:45,357 ProgressMeter -     18:76683942   6.10735155E8     3.3 h      19.0 s       85.7%     3.8 h      32.8 m 
INFO  07:18:15,358 ProgressMeter -      19:4967729   6.1225099E8     3.3 h      19.0 s       85.9%     3.8 h      32.3 m 
INFO  07:18:45,359 ProgressMeter -     19:11246013   6.13751009E8     3.3 h      19.0 s       86.1%     3.8 h      31.9 m 
INFO  07:19:15,674 ProgressMeter -     19:17384612   6.15351031E8     3.3 h      19.0 s       86.3%     3.8 h      31.4 m 
INFO  07:19:45,675 ProgressMeter -     19:23610598   6.16751046E8     3.3 h      19.0 s       86.5%     3.8 h      31.0 m 
INFO  07:20:15,676 ProgressMeter -     19:28675030   6.17853219E8     3.3 h      19.0 s       86.7%     3.8 h      30.6 m 
INFO  07:20:45,677 ProgressMeter -     19:35497360   6.19453237E8     3.3 h      19.0 s       86.9%     3.8 h      30.1 m 
INFO  07:21:15,678 ProgressMeter -     19:41413646   6.20953254E8     3.3 h      19.0 s       87.1%     3.8 h      29.7 m 
INFO  07:21:45,679 ProgressMeter -     19:47732513   6.22453272E8     3.3 h      19.0 s       87.3%     3.8 h      29.2 m 
INFO  07:22:15,681 ProgressMeter -     19:53913103   6.23953287E8     3.3 h      19.0 s       87.5%     3.8 h      28.8 m 
INFO  07:22:45,682 ProgressMeter -      20:1261657   6.25483073E8     3.4 h      19.0 s       87.7%     3.8 h      28.3 m 
INFO  07:23:15,874 ProgressMeter -      20:7582210   6.27083094E8     3.4 h      19.0 s       87.9%     3.8 h      27.8 m 
INFO  07:23:46,286 ProgressMeter -     20:14345712   6.28683119E8     3.4 h      19.0 s       88.1%     3.8 h      27.3 m 
INFO  07:24:16,481 ProgressMeter -     20:20981289   6.30283137E8     3.4 h      19.0 s       88.3%     3.8 h      26.8 m 
INFO  07:24:46,482 ProgressMeter -     20:29633534   6.31683153E8     3.4 h      19.0 s       88.6%     3.8 h      26.2 m 
INFO  07:25:16,483 ProgressMeter -     20:36023746   6.33283183E8     3.4 h      19.0 s       88.8%     3.8 h      25.7 m 
INFO  07:25:46,484 ProgressMeter -     20:42467929   6.34883201E8     3.4 h      19.0 s       89.0%     3.8 h      25.2 m 
INFO  07:26:16,485 ProgressMeter -     20:48410975   6.36483218E8     3.4 h      19.0 s       89.2%     3.8 h      24.8 m 
INFO  07:26:46,486 ProgressMeter -     20:54965592   6.38083236E8     3.4 h      19.0 s       89.4%     3.8 h      24.3 m 
INFO  07:27:16,487 ProgressMeter -     20:61621748   6.39683256E8     3.4 h      19.0 s       89.6%     3.8 h      23.8 m 
INFO  07:27:46,488 ProgressMeter -     21:10853780   6.40826986E8     3.4 h      19.0 s       90.0%     3.8 h      22.9 m 
INFO  07:28:16,490 ProgressMeter -     21:18749690   6.42227135E8     3.4 h      19.0 s       90.3%     3.8 h      22.3 m 
INFO  07:28:46,491 ProgressMeter -     21:25864190   6.43827152E8     3.5 h      19.0 s       90.5%     3.8 h      21.7 m 
INFO  07:29:16,492 ProgressMeter -     21:32114551   6.45327167E8     3.5 h      19.0 s       90.7%     3.8 h      21.3 m 
INFO  07:29:46,581 ProgressMeter -     21:38593616   6.47027184E8     3.5 h      19.0 s       90.9%     3.8 h      20.8 m 
INFO  07:30:16,582 ProgressMeter -     21:45256459   6.48527199E8     3.5 h      19.0 s       91.1%     3.8 h      20.3 m 
INFO  07:30:46,583 ProgressMeter -     22:18718164   6.49934802E8     3.5 h      19.0 s       91.8%     3.8 h      18.6 m 
INFO  07:31:16,584 ProgressMeter -     22:24610989   6.51235218E8     3.5 h      19.0 s       92.0%     3.8 h      18.2 m 
INFO  07:31:46,585 ProgressMeter -     22:31125927   6.52935241E8     3.5 h      19.0 s       92.2%     3.8 h      17.7 m 
INFO  07:32:16,586 ProgressMeter -     22:37584505   6.54535262E8     3.5 h      19.0 s       92.4%     3.8 h      17.2 m 
INFO  07:32:46,835 ProgressMeter -     22:43743513   6.56035277E8     3.5 h      19.0 s       92.6%     3.8 h      16.8 m 
INFO  07:33:16,836 ProgressMeter -     22:49669259   6.57435291E8     3.5 h      19.0 s       92.8%     3.8 h      16.4 m 
INFO  07:33:46,837 ProgressMeter -       X:6836511   6.58913226E8     3.5 h      19.0 s       93.1%     3.8 h      15.7 m 
INFO  07:34:16,853 ProgressMeter -      X:20046071   6.60513243E8     3.5 h      19.0 s       93.5%     3.8 h      14.7 m 
INFO  07:34:46,854 ProgressMeter -      X:32976174   6.62113938E8     3.6 h      19.0 s       93.9%     3.8 h      13.8 m 
INFO  07:35:16,855 ProgressMeter -      X:46069575   6.63613955E8     3.6 h      19.0 s       94.4%     3.8 h      12.8 m 
INFO  07:35:46,856 ProgressMeter -      X:61686819   6.65013969E8     3.6 h      19.0 s       94.9%     3.8 h      11.6 m 
INFO  07:36:16,866 ProgressMeter -      X:72969403   6.66614004E8     3.6 h      19.0 s       95.2%     3.8 h      10.8 m 
INFO  07:36:47,051 ProgressMeter -      X:85853089   6.68014018E8     3.6 h      19.0 s       95.7%     3.8 h       9.8 m 
INFO  07:37:17,151 ProgressMeter -     X:100270121   6.69614035E8     3.6 h      19.0 s       96.1%     3.7 h       8.7 m 
INFO  07:37:47,152 ProgressMeter -     X:113956192   6.71214053E8     3.6 h      19.0 s       96.6%     3.7 h       7.7 m 
INFO  07:38:17,153 ProgressMeter -     X:126489685   6.72714078E8     3.6 h      19.0 s       97.0%     3.7 h       6.8 m 
INFO  07:38:47,154 ProgressMeter -     X:140381502   6.74314094E8     3.6 h      19.0 s       97.4%     3.7 h       5.8 m 
INFO  07:39:17,155 ProgressMeter -     X:154561045   6.75814109E8     3.6 h      19.0 s       97.9%     3.7 h       4.8 m 
INFO  07:39:47,392 ProgressMeter -      Y:13453527   6.77316451E8     3.6 h      19.0 s       98.3%     3.7 h       3.7 m 
INFO  07:40:17,393 ProgressMeter -      Y:16632309   6.78534126E8     3.6 h      19.0 s       98.4%     3.7 h       3.5 m 
INFO  07:40:47,395 ProgressMeter -      Y:58820077   6.79534138E8     3.7 h      19.0 s       99.8%     3.7 h      28.0 s 
INFO  07:41:17,396 ProgressMeter -        MT:10768   6.81012402E8     3.7 h      19.0 s       99.8%     3.7 h      26.0 s 
INFO  07:41:47,397 ProgressMeter - GL000208.1:91116   6.82254493E8     3.7 h      19.0 s       99.8%     3.7 h      20.0 s 
INFO  07:42:17,398 ProgressMeter - GL000220.1:131865   6.83591651E8     3.7 h      19.0 s       99.9%     3.7 h      15.0 s 
INFO  07:42:47,399 ProgressMeter - GL000199.1:92887   6.84628968E8     3.7 h      19.0 s       99.9%     3.7 h      13.0 s 
INFO  07:43:17,540 ProgressMeter - GL000195.1:46715   6.85831543E8     3.7 h      19.0 s       99.9%     3.7 h       7.0 s 
INFO  07:43:47,541 ProgressMeter - GL000225.1:132101   6.86782571E8     3.7 h      19.0 s      100.0%     3.7 h       2.0 s 
INFO  07:44:17,542 ProgressMeter - GL000225.1:132101   6.86782571E8     3.7 h      19.0 s      100.0%     3.7 h       2.0 s 
INFO  07:44:47,544 ProgressMeter - GL000225.1:132101   6.86782571E8     3.7 h      19.0 s      100.0%     3.7 h       2.0 s 
INFO  07:45:01,534 BaseRecalibrator - Calculating quantized quality scores... 
INFO  07:45:01,685 BaseRecalibrator - Writing recalibration report... 
INFO  07:45:04,241 BaseRecalibrator - ...done! 
INFO  07:45:04,241 BaseRecalibrator - BaseRecalibrator was able to recalibrate 687050071 reads 
INFO  07:45:04,242 ProgressMeter -            done   6.87056945E8     3.7 h      19.0 s      100.0%     3.7 h       0.0 s 
INFO  07:45:04,242 ProgressMeter - Total runtime 13421.57 secs, 223.69 min, 3.73 hours 
INFO  07:45:04,242 MicroScheduler - 287898848 reads were filtered out during the traversal out of approximately 974955793 total reads (29.53%) 
INFO  07:45:04,243 MicroScheduler -   -> 226017691 reads (23.18% of total) failing DuplicateReadFilter 
INFO  07:45:04,243 MicroScheduler -   -> 0 reads (0.00% of total) failing FailsVendorQualityCheckFilter 
INFO  07:45:04,243 MicroScheduler -   -> 0 reads (0.00% of total) failing MalformedReadFilter 
INFO  07:45:04,243 MicroScheduler -   -> 0 reads (0.00% of total) failing MappingQualityUnavailableFilter 
INFO  07:45:04,243 MicroScheduler -   -> 60100406 reads (6.16% of total) failing MappingQualityZeroFilter 
INFO  07:45:04,243 MicroScheduler -   -> 1780751 reads (0.18% of total) failing NotPrimaryAlignmentFilter 
INFO  07:45:04,243 MicroScheduler -   -> 0 reads (0.00% of total) failing UnmappedReadFilter 
INFO  07:45:07,471 GATKRunReport - Uploaded run statistics report to AWS S3 
