SLF4J: Class path contains multiple SLF4J bindings.
SLF4J: Found binding in [jar:file:/apus/v1/a2014205/software/piper_bin/Piper/Piper-v1.3.0/lib/GenomeAnalysisTK.jar!/org/slf4j/impl/StaticLoggerBinder.class]
SLF4J: Found binding in [jar:file:/apus/v1/a2014205/software/piper_bin/Piper/Piper-v1.3.0/lib/Queue.jar!/org/slf4j/impl/StaticLoggerBinder.class]
SLF4J: See http://www.slf4j.org/codes.html#multiple_bindings for an explanation.
INFO  17:42:13,176 HelpFormatter - -------------------------------------------------------------------------------- 
INFO  17:42:13,178 HelpFormatter - The Genome Analysis Toolkit (GATK) v3.3-0-geee94ec, Compiled 2016/02/26 09:40:23 
INFO  17:42:13,178 HelpFormatter - Copyright (c) 2010 The Broad Institute 
INFO  17:42:13,178 HelpFormatter - For support and documentation go to http://www.broadinstitute.org/gatk 
INFO  17:42:13,182 HelpFormatter - Program Args: -T BaseRecalibrator -I /scratch/109642/ANALYSIS/P4107/piper_ngi/05_processed_alignments/P4107_1003.clean.dedup.bam -R /proj/a2014205/piper_references/gatk_bundle/2.8/b37/human_g1k_v37.fasta -nct 16 -knownSites /proj/a2014205/piper_references/gatk_bundle/2.8/b37/dbsnp_138.b37.vcf -o /scratch/109642/ANALYSIS/P4107/piper_ngi/05_processed_alignments/P4107_1003.pre_recal.table -cov ReadGroupCovariate -cov QualityScoreCovariate -cov CycleCovariate -cov ContextCovariate 
INFO  17:42:13,191 HelpFormatter - Executing as funk_002@n24.uppmax.uu.se on Linux 2.6.32-573.18.1.el6.x86_64 amd64; Java HotSpot(TM) 64-Bit Server VM 1.7.0_25-b15. 
INFO  17:42:13,191 HelpFormatter - Date/Time: 2016/02/27 17:42:13 
INFO  17:42:13,191 HelpFormatter - -------------------------------------------------------------------------------- 
INFO  17:42:13,191 HelpFormatter - -------------------------------------------------------------------------------- 
INFO  17:42:13,511 GenomeAnalysisEngine - Strictness is SILENT 
INFO  17:42:13,653 GenomeAnalysisEngine - Downsampling Settings: No downsampling 
INFO  17:42:13,661 SAMDataSource$SAMReaders - Initializing SAMRecords in serial 
INFO  17:42:13,677 SAMDataSource$SAMReaders - Done initializing BAM readers: total time 0.02 
INFO  17:42:14,076 MicroScheduler - Running the GATK in parallel mode with 16 total threads, 16 CPU thread(s) for each of 1 data thread(s), of 16 processors available on this machine 
INFO  17:42:14,317 GenomeAnalysisEngine - Preparing for traversal over 1 BAM files 
INFO  17:42:14,321 GenomeAnalysisEngine - Done preparing for traversal 
INFO  17:42:14,322 ProgressMeter - [INITIALIZATION COMPLETE; STARTING PROCESSING] 
INFO  17:42:14,322 ProgressMeter -                 | processed |    time |    per 1M |           |   total | remaining 
INFO  17:42:14,323 ProgressMeter -        Location |     reads | elapsed |     reads | completed | runtime |   runtime 
INFO  17:42:14,363 BaseRecalibrator - The covariates being used here:  
INFO  17:42:14,364 BaseRecalibrator - 	ReadGroupCovariate 
INFO  17:42:14,364 BaseRecalibrator - 	QualityScoreCovariate 
INFO  17:42:14,364 BaseRecalibrator - 	ContextCovariate 
INFO  17:42:14,364 ContextCovariate - 		Context sizes: base substitution model 2, indel substitution model 3 
INFO  17:42:14,364 BaseRecalibrator - 	CycleCovariate 
INFO  17:42:14,366 ReadShardBalancer$1 - Loading BAM index data 
INFO  17:42:14,367 ReadShardBalancer$1 - Done loading BAM index data 
INFO  17:42:44,352 ProgressMeter -       1:6788664   1500017.0    30.0 s      20.0 s        0.2%     3.8 h       3.8 h 
INFO  17:43:14,354 ProgressMeter -      1:16076357   3800042.0    60.0 s      15.0 s        0.5%     3.2 h       3.2 h 
INFO  17:43:44,355 ProgressMeter -      1:23999063   6100065.0    90.0 s      14.0 s        0.8%     3.2 h       3.2 h 
INFO  17:44:14,357 ProgressMeter -      1:33542037   8500090.0   120.0 s      14.0 s        1.1%     3.1 h       3.0 h 
INFO  17:44:44,512 ProgressMeter -      1:42563045   1.0900116E7     2.5 m      13.0 s        1.4%     3.0 h       3.0 h 
INFO  17:45:14,514 ProgressMeter -      1:52124285   1.3400145E7     3.0 m      13.0 s        1.7%     3.0 h       2.9 h 
INFO  17:45:44,600 ProgressMeter -      1:61842533   1.5900175E7     3.5 m      13.0 s        2.0%     2.9 h       2.9 h 
INFO  17:46:15,235 ProgressMeter -      1:71443945   1.8300202E7     4.0 m      13.0 s        2.3%     2.9 h       2.8 h 
INFO  17:46:45,344 ProgressMeter -      1:81636507   2.0800234E7     4.5 m      13.0 s        2.6%     2.9 h       2.8 h 
INFO  17:47:15,345 ProgressMeter -      1:91312882   2.3300262E7     5.0 m      12.0 s        2.9%     2.8 h       2.8 h 
INFO  17:47:45,346 ProgressMeter -     1:100785090   2.5600286E7     5.5 m      12.0 s        3.2%     2.8 h       2.7 h 
INFO  17:48:15,378 ProgressMeter -     1:110785068   2.8000317E7     6.0 m      12.0 s        3.6%     2.8 h       2.7 h 
INFO  17:48:45,542 ProgressMeter -     1:119862685   3.0400343E7     6.5 m      12.0 s        3.9%     2.8 h       2.7 h 
INFO  17:49:31,734 ProgressMeter -     1:121484747   3.1103132E7     7.3 m      14.0 s        3.9%     3.1 h       3.0 h 
INFO  17:50:05,656 ProgressMeter -     1:121484880   3.1203225E7     7.9 m      15.0 s        3.9%     3.3 h       3.2 h 
INFO  17:50:35,657 ProgressMeter -     1:121485255   3.1504957E7     8.4 m      15.0 s        3.9%     3.6 h       3.4 h 
INFO  17:51:05,659 ProgressMeter -     1:147249459   3.3006212E7     8.9 m      16.0 s        4.7%     3.1 h       3.0 h 
INFO  17:51:35,660 ProgressMeter -     1:156832449   3.5406237E7     9.4 m      15.0 s        5.1%     3.1 h       2.9 h 
INFO  17:52:05,661 ProgressMeter -     1:166006724   3.7706266E7     9.9 m      15.0 s        5.4%     3.1 h       2.9 h 
INFO  17:52:35,711 ProgressMeter -     1:175532499   4.0206295E7    10.4 m      15.0 s        5.7%     3.0 h       2.9 h 
INFO  17:53:05,712 ProgressMeter -     1:184927198   4.2706322E7    10.9 m      15.0 s        6.0%     3.0 h       2.9 h 
INFO  17:53:35,896 ProgressMeter -     1:194885338   4.5106353E7    11.4 m      15.0 s        6.3%     3.0 h       2.8 h 
INFO  17:54:05,898 ProgressMeter -     1:204218776   4.7506382E7    11.9 m      14.0 s        6.6%     3.0 h       2.8 h 
INFO  17:54:36,097 ProgressMeter -     1:213078128   4.9806408E7    12.4 m      14.0 s        6.9%     3.0 h       2.8 h 
INFO  17:55:06,099 ProgressMeter -     1:222836384   5.2206439E7    12.9 m      14.0 s        7.2%     3.0 h       2.8 h 
INFO  17:55:36,100 ProgressMeter -     1:232304126   5.4706467E7    13.4 m      14.0 s        7.5%     3.0 h       2.7 h 
INFO  17:56:06,271 ProgressMeter -     1:242004354   5.7106499E7    13.9 m      14.0 s        7.8%     3.0 h       2.7 h 
INFO  17:56:36,301 ProgressMeter -       2:2469472   5.9473108E7    14.4 m      14.0 s        8.1%     2.9 h       2.7 h 
INFO  17:57:06,303 ProgressMeter -      2:12132888   6.1873143E7    14.9 m      14.0 s        8.4%     2.9 h       2.7 h 
INFO  17:57:36,494 ProgressMeter -      2:21883345   6.4373171E7    15.4 m      14.0 s        8.7%     2.9 h       2.7 h 
INFO  17:58:06,496 ProgressMeter -      2:31224100   6.6773201E7    15.9 m      14.0 s        9.0%     2.9 h       2.7 h 
INFO  17:58:36,497 ProgressMeter -      2:39294332   6.9073702E7    16.4 m      14.0 s        9.3%     2.9 h       2.7 h 
INFO  17:59:06,498 ProgressMeter -      2:48566170   7.1473731E7    16.9 m      14.0 s        9.6%     2.9 h       2.6 h 
INFO  17:59:36,499 ProgressMeter -      2:58450814   7.3873757E7    17.4 m      14.0 s        9.9%     2.9 h       2.6 h 
INFO  18:00:06,501 ProgressMeter -      2:67970867   7.6373785E7    17.9 m      14.0 s       10.2%     2.9 h       2.6 h 
INFO  18:00:36,502 ProgressMeter -      2:77570588   7.8873813E7    18.4 m      13.0 s       10.5%     2.9 h       2.6 h 
INFO  18:01:06,621 ProgressMeter -      2:87890748   8.1373842E7    18.9 m      13.0 s       10.9%     2.9 h       2.6 h 
INFO  18:01:36,622 ProgressMeter -      2:92315503   8.2974931E7    19.4 m      14.0 s       11.0%     2.9 h       2.6 h 
INFO  18:02:06,786 ProgressMeter -     2:102087355   8.5075809E7    19.9 m      14.0 s       11.3%     2.9 h       2.6 h 
INFO  18:02:36,960 ProgressMeter -     2:112494169   8.7476417E7    20.4 m      13.0 s       11.7%     2.9 h       2.6 h 
INFO  18:03:06,961 ProgressMeter -     2:122154992   8.9876446E7    20.9 m      13.0 s       12.0%     2.9 h       2.6 h 
INFO  18:03:36,963 ProgressMeter -     2:131171530   9.2176474E7    21.4 m      13.0 s       12.3%     2.9 h       2.5 h 
INFO  18:04:06,964 ProgressMeter -     2:139636642   9.4276498E7    21.9 m      13.0 s       12.5%     2.9 h       2.5 h 
INFO  18:04:37,052 ProgressMeter -     2:149684549   9.6776529E7    22.4 m      13.0 s       12.9%     2.9 h       2.5 h 
INFO  18:05:07,053 ProgressMeter -     2:159762472   9.9276558E7    22.9 m      13.0 s       13.2%     2.9 h       2.5 h 
INFO  18:05:37,055 ProgressMeter -     2:169630507   1.01776585E8    23.4 m      13.0 s       13.5%     2.9 h       2.5 h 
INFO  18:06:07,056 ProgressMeter -     2:178839771   1.04176613E8    23.9 m      13.0 s       13.8%     2.9 h       2.5 h 
INFO  18:06:37,057 ProgressMeter -     2:188670931   1.06676641E8    24.4 m      13.0 s       14.1%     2.9 h       2.5 h 
INFO  18:07:07,058 ProgressMeter -     2:198495891   1.09176669E8    24.9 m      13.0 s       14.4%     2.9 h       2.5 h 
INFO  18:07:37,060 ProgressMeter -     2:208052983   1.11676699E8    25.4 m      13.0 s       14.7%     2.9 h       2.4 h 
INFO  18:08:07,061 ProgressMeter -     2:217747059   1.14076726E8    25.9 m      13.0 s       15.1%     2.9 h       2.4 h 
INFO  18:08:37,062 ProgressMeter -     2:227122412   1.16476764E8    26.4 m      13.0 s       15.4%     2.9 h       2.4 h 
INFO  18:09:07,063 ProgressMeter -     2:236530859   1.18976796E8    26.9 m      13.0 s       15.7%     2.9 h       2.4 h 
INFO  18:09:37,065 ProgressMeter -       3:2960191   1.21290397E8    27.4 m      13.0 s       16.0%     2.9 h       2.4 h 
INFO  18:10:07,066 ProgressMeter -      3:12314700   1.23690426E8    27.9 m      13.0 s       16.3%     2.9 h       2.4 h 
INFO  18:10:37,245 ProgressMeter -      3:21781065   1.26190456E8    28.4 m      13.0 s       16.6%     2.9 h       2.4 h 
INFO  18:11:07,285 ProgressMeter -      3:31616525   1.28690488E8    28.9 m      13.0 s       16.9%     2.8 h       2.4 h 
INFO  18:11:37,286 ProgressMeter -      3:41374446   1.31190516E8    29.4 m      13.0 s       17.2%     2.8 h       2.4 h 
INFO  18:12:07,462 ProgressMeter -      3:50817082   1.33590546E8    29.9 m      13.0 s       17.5%     2.8 h       2.3 h 
INFO  18:12:37,464 ProgressMeter -      3:60309371   1.36090578E8    30.4 m      13.0 s       17.8%     2.8 h       2.3 h 
INFO  18:13:07,465 ProgressMeter -      3:70318583   1.38490603E8    30.9 m      13.0 s       18.1%     2.8 h       2.3 h 
INFO  18:13:37,666 ProgressMeter -      3:80471057   1.40990632E8    31.4 m      13.0 s       18.5%     2.8 h       2.3 h 
INFO  18:14:07,817 ProgressMeter -      3:93913469   1.43490661E8    31.9 m      13.0 s       18.9%     2.8 h       2.3 h 
INFO  18:14:37,993 ProgressMeter -     3:103952893   1.4599069E8    32.4 m      13.0 s       19.2%     2.8 h       2.3 h 
INFO  18:15:07,994 ProgressMeter -     3:113646783   1.48390717E8    32.9 m      13.0 s       19.5%     2.8 h       2.3 h 
INFO  18:15:37,996 ProgressMeter -     3:123271265   1.50890745E8    33.4 m      13.0 s       19.9%     2.8 h       2.2 h 
INFO  18:16:07,997 ProgressMeter -     3:132387312   1.53290772E8    33.9 m      13.0 s       20.1%     2.8 h       2.2 h 
INFO  18:16:37,999 ProgressMeter -     3:142073482   1.55790803E8    34.4 m      13.0 s       20.5%     2.8 h       2.2 h 
INFO  18:17:08,107 ProgressMeter -     3:152023190   1.58290833E8    34.9 m      13.0 s       20.8%     2.8 h       2.2 h 
INFO  18:17:38,108 ProgressMeter -     3:161860449   1.60790861E8    35.4 m      13.0 s       21.1%     2.8 h       2.2 h 
INFO  18:18:08,109 ProgressMeter -     3:172070228   1.63290888E8    35.9 m      13.0 s       21.4%     2.8 h       2.2 h 
INFO  18:18:38,112 ProgressMeter -     3:181868188   1.65790913E8    36.4 m      13.0 s       21.7%     2.8 h       2.2 h 
INFO  18:19:08,113 ProgressMeter -     3:191243093   1.68190939E8    36.9 m      13.0 s       22.0%     2.8 h       2.2 h 
INFO  18:19:38,114 ProgressMeter -       4:1916164   1.70585573E8    37.4 m      13.0 s       22.3%     2.8 h       2.2 h 
INFO  18:20:08,115 ProgressMeter -      4:10870865   1.72785597E8    37.9 m      13.0 s       22.6%     2.8 h       2.2 h 
INFO  18:20:38,116 ProgressMeter -      4:20930288   1.75285624E8    38.4 m      13.0 s       22.9%     2.8 h       2.1 h 
INFO  18:21:08,196 ProgressMeter -      4:31141614   1.77685649E8    38.9 m      13.0 s       23.3%     2.8 h       2.1 h 
INFO  18:21:38,198 ProgressMeter -      4:40779948   1.80085678E8    39.4 m      13.0 s       23.6%     2.8 h       2.1 h 
INFO  18:22:08,199 ProgressMeter -      4:49104391   1.82386111E8    39.9 m      13.0 s       23.8%     2.8 h       2.1 h 
INFO  18:22:38,200 ProgressMeter -      4:49640489   1.83789162E8    40.4 m      13.0 s       23.9%     2.8 h       2.1 h 
INFO  18:23:08,330 ProgressMeter -      4:61943358   1.86189192E8    40.9 m      13.0 s       24.3%     2.8 h       2.1 h 
INFO  18:23:38,332 ProgressMeter -      4:71460626   1.88489222E8    41.4 m      13.0 s       24.6%     2.8 h       2.1 h 
INFO  18:24:08,333 ProgressMeter -      4:81122745   1.9088925E8    41.9 m      13.0 s       24.9%     2.8 h       2.1 h 
INFO  18:24:38,334 ProgressMeter -      4:90937557   1.93389278E8    42.4 m      13.0 s       25.2%     2.8 h       2.1 h 
INFO  18:25:08,335 ProgressMeter -     4:101519178   1.95889307E8    42.9 m      13.0 s       25.5%     2.8 h       2.1 h 
INFO  18:25:38,336 ProgressMeter -     4:111359445   1.98389336E8    43.4 m      13.0 s       25.9%     2.8 h       2.1 h 
INFO  18:26:08,425 ProgressMeter -     4:121443749   2.00889362E8    43.9 m      13.0 s       26.2%     2.8 h       2.1 h 
INFO  18:26:38,604 ProgressMeter -     4:131637508   2.03389389E8    44.4 m      13.0 s       26.5%     2.8 h       2.1 h 
INFO  18:27:08,797 ProgressMeter -     4:141796481   2.05889419E8    44.9 m      13.0 s       26.8%     2.8 h       2.0 h 
INFO  18:27:38,798 ProgressMeter -     4:151389550   2.08389449E8    45.4 m      13.0 s       27.1%     2.8 h       2.0 h 
INFO  18:28:08,966 ProgressMeter -     4:160574596   2.10889479E8    45.9 m      13.0 s       27.4%     2.8 h       2.0 h 
INFO  18:28:38,967 ProgressMeter -     4:170291955   2.13289506E8    46.4 m      13.0 s       27.8%     2.8 h       2.0 h 
INFO  18:29:08,968 ProgressMeter -     4:179744641   2.1569019E8    46.9 m      13.0 s       28.1%     2.8 h       2.0 h 
INFO  18:29:38,969 ProgressMeter -     4:188804251   2.18090215E8    47.4 m      13.0 s       28.3%     2.8 h     119.8 m 
INFO  18:30:09,058 ProgressMeter -       5:6442187   2.20260074E8    47.9 m      13.0 s       28.6%     2.8 h     119.4 m 
INFO  18:30:39,059 ProgressMeter -      5:16090342   2.226601E8    48.4 m      13.0 s       28.9%     2.8 h     118.8 m 
INFO  18:31:09,060 ProgressMeter -      5:26394207   2.25060127E8    48.9 m      13.0 s       29.3%     2.8 h     118.1 m 
INFO  18:31:39,062 ProgressMeter -      5:33456028   2.26760149E8    49.4 m      13.0 s       29.5%     2.8 h     118.0 m 
INFO  18:32:09,224 ProgressMeter -      5:42486358   2.29060176E8    49.9 m      13.0 s       29.8%     2.8 h     117.6 m 
INFO  18:32:39,348 ProgressMeter -      5:54830393   2.31460201E8    50.4 m      13.0 s       30.2%     2.8 h     116.6 m 
INFO  18:33:09,349 ProgressMeter -      5:64604181   2.33960229E8    50.9 m      13.0 s       30.5%     2.8 h     116.0 m 
INFO  18:33:39,350 ProgressMeter -      5:75592527   2.36460262E8    51.4 m      13.0 s       30.9%     2.8 h     115.2 m 
INFO  18:34:09,352 ProgressMeter -      5:85359083   2.38960292E8    51.9 m      13.0 s       31.2%     2.8 h     114.6 m 
INFO  18:34:39,353 ProgressMeter -      5:95487157   2.41560325E8    52.4 m      13.0 s       31.5%     2.8 h     114.0 m 
INFO  18:35:09,354 ProgressMeter -     5:105512082   2.44060352E8    52.9 m      13.0 s       31.8%     2.8 h     113.4 m 
INFO  18:35:39,356 ProgressMeter -     5:115324337   2.46460378E8    53.4 m      13.0 s       32.1%     2.8 h     112.8 m 
INFO  18:36:09,357 ProgressMeter -     5:124862369   2.48960406E8    53.9 m      12.0 s       32.4%     2.8 h     112.2 m 
INFO  18:36:39,358 ProgressMeter -     5:134481036   2.51460433E8    54.4 m      12.0 s       32.8%     2.8 h     111.7 m 
INFO  18:37:09,360 ProgressMeter -     5:144031832   2.53960463E8    54.9 m      12.0 s       33.1%     2.8 h     111.2 m 
INFO  18:37:39,361 ProgressMeter -     5:153685007   2.56460491E8    55.4 m      12.0 s       33.4%     2.8 h     110.6 m 
INFO  18:38:09,376 ProgressMeter -     5:163489759   2.5896052E8    55.9 m      12.0 s       33.7%     2.8 h     110.0 m 
INFO  18:38:39,533 ProgressMeter -     5:173393340   2.61360546E8    56.4 m      12.0 s       34.0%     2.8 h     109.5 m 
INFO  18:39:09,540 ProgressMeter -       6:1985371   2.63747552E8    56.9 m      12.0 s       34.3%     2.8 h     108.9 m 
INFO  18:39:39,542 ProgressMeter -      6:11284185   2.66147581E8    57.4 m      12.0 s       34.6%     2.8 h     108.4 m 
INFO  18:40:10,057 ProgressMeter -      6:19577795   2.68247604E8    57.9 m      12.0 s       34.9%     2.8 h     108.1 m 
INFO  18:40:40,058 ProgressMeter -      6:29294697   2.7054763E8    58.4 m      12.0 s       35.2%     2.8 h     107.5 m 
INFO  18:41:10,059 ProgressMeter -      6:37810581   2.72847658E8    58.9 m      12.0 s       35.5%     2.8 h     107.2 m 
INFO  18:41:40,184 ProgressMeter -      6:47087575   2.75347689E8    59.4 m      12.0 s       35.8%     2.8 h     106.7 m 
INFO  18:42:10,185 ProgressMeter -      6:56995304   2.77747723E8    59.9 m      12.0 s       36.1%     2.8 h     106.1 m 
INFO  18:42:40,186 ProgressMeter -      6:63301920   2.79448804E8    60.4 m      12.0 s       36.3%     2.8 h     106.0 m 
INFO  18:43:10,187 ProgressMeter -      6:73424046   2.81948832E8    60.9 m      12.0 s       36.6%     2.8 h     105.4 m 
INFO  18:43:40,189 ProgressMeter -      6:83341379   2.84448859E8    61.4 m      12.0 s       36.9%     2.8 h     104.8 m 
INFO  18:44:10,190 ProgressMeter -      6:93205521   2.86848888E8    61.9 m      12.0 s       37.3%     2.8 h     104.3 m 
INFO  18:44:40,191 ProgressMeter -     6:103881238   2.89348915E8    62.4 m      12.0 s       37.6%     2.8 h     103.6 m 
INFO  18:45:10,192 ProgressMeter -     6:113615716   2.91848943E8    62.9 m      12.0 s       37.9%     2.8 h     103.0 m 
INFO  18:45:40,194 ProgressMeter -     6:123632560   2.94348978E8    63.4 m      12.0 s       38.2%     2.8 h     102.4 m 
INFO  18:46:10,195 ProgressMeter -     6:133679034   2.96849005E8    63.9 m      12.0 s       38.6%     2.8 h     101.8 m 
INFO  18:46:40,196 ProgressMeter -     6:143478332   2.99449038E8    64.4 m      12.0 s       38.9%     2.8 h     101.3 m 
INFO  18:47:10,311 ProgressMeter -     6:153287087   3.01949066E8    64.9 m      12.0 s       39.2%     2.8 h     100.7 m 
INFO  18:47:40,312 ProgressMeter -     6:162770505   3.04349093E8    65.4 m      12.0 s       39.5%     2.8 h     100.2 m 
INFO  18:48:10,314 ProgressMeter -       7:1231210   3.06749093E8    65.9 m      12.0 s       39.8%     2.8 h      99.7 m 
INFO  18:48:40,315 ProgressMeter -      7:10115749   3.08949118E8    66.4 m      12.0 s       40.1%     2.8 h      99.2 m 
INFO  18:49:10,316 ProgressMeter -      7:20052377   3.11349147E8    66.9 m      12.0 s       40.4%     2.8 h      98.6 m 
INFO  18:49:40,317 ProgressMeter -      7:29363277   3.13849173E8    67.4 m      12.0 s       40.7%     2.8 h      98.1 m 
INFO  18:50:10,506 ProgressMeter -      7:38927870   3.16249202E8    67.9 m      12.0 s       41.0%     2.8 h      97.6 m 
INFO  18:50:40,612 ProgressMeter -      7:48645510   3.18749229E8    68.4 m      12.0 s       41.3%     2.8 h      97.1 m 
INFO  18:51:10,719 ProgressMeter -      7:57947679   3.21049255E8    68.9 m      12.0 s       41.6%     2.8 h      96.6 m 
INFO  18:51:41,384 ProgressMeter -      7:64864199   3.22550054E8    69.5 m      12.0 s       41.9%     2.8 h      96.4 m 
INFO  18:52:11,510 ProgressMeter -      7:73681389   3.24750079E8    70.0 m      12.0 s       42.1%     2.8 h      96.0 m 
INFO  18:52:41,511 ProgressMeter -      7:84358022   3.27150107E8    70.5 m      12.0 s       42.5%     2.8 h      95.3 m 
INFO  18:53:11,513 ProgressMeter -      7:94523023   3.29650135E8    71.0 m      12.0 s       42.8%     2.8 h      94.7 m 
INFO  18:53:41,514 ProgressMeter -     7:103980000   3.32050165E8    71.5 m      12.0 s       43.1%     2.8 h      94.2 m 
INFO  18:54:11,515 ProgressMeter -     7:113977648   3.34550196E8    72.0 m      12.0 s       43.4%     2.8 h      93.7 m 
INFO  18:54:41,517 ProgressMeter -     7:124093840   3.37050223E8    72.5 m      12.0 s       43.8%     2.8 h      93.1 m 
INFO  18:55:11,518 ProgressMeter -     7:133606811   3.3945025E8    73.0 m      12.0 s       44.1%     2.8 h      92.5 m 
INFO  18:55:41,519 ProgressMeter -     7:143405829   3.41950288E8    73.5 m      12.0 s       44.4%     2.8 h      92.0 m 
INFO  18:56:11,576 ProgressMeter -     7:153109793   3.44350321E8    74.0 m      12.0 s       44.7%     2.8 h      91.5 m 
INFO  18:56:41,577 ProgressMeter -       8:3052557   3.46602983E8    74.5 m      12.0 s       45.0%     2.8 h      91.0 m 
INFO  18:57:11,578 ProgressMeter -      8:12014929   3.4870301E8    75.0 m      12.0 s       45.3%     2.8 h      90.5 m 
INFO  18:57:41,580 ProgressMeter -      8:21518169   3.51003035E8    75.5 m      12.0 s       45.6%     2.8 h      90.0 m 
INFO  18:58:11,686 ProgressMeter -      8:30912008   3.53403059E8    76.0 m      12.0 s       45.9%     2.8 h      89.5 m 
INFO  18:58:41,688 ProgressMeter -      8:41051024   3.55903088E8    76.5 m      12.0 s       46.2%     2.8 h      88.9 m 
INFO  18:59:11,689 ProgressMeter -      8:43096019   3.56808837E8    77.0 m      12.0 s       46.3%     2.8 h      89.3 m 
INFO  18:59:44,806 ProgressMeter -      8:49164296   3.58012875E8    77.5 m      12.0 s       46.5%     2.8 h      89.2 m 
INFO  19:00:14,807 ProgressMeter -      8:58682220   3.60512904E8    78.0 m      12.0 s       46.8%     2.8 h      88.7 m 
INFO  19:00:45,032 ProgressMeter -      8:68601506   3.63012929E8    78.5 m      12.0 s       47.1%     2.8 h      88.1 m 
INFO  19:01:15,034 ProgressMeter -      8:78266459   3.65412956E8    79.0 m      12.0 s       47.4%     2.8 h      87.6 m 
INFO  19:01:45,284 ProgressMeter -      8:88104028   3.67812982E8    79.5 m      12.0 s       47.7%     2.8 h      87.0 m 
INFO  19:02:15,286 ProgressMeter -      8:97663589   3.7021301E8    80.0 m      12.0 s       48.1%     2.8 h      86.5 m 
INFO  19:02:45,287 ProgressMeter -     8:106755853   3.72613038E8    80.5 m      12.0 s       48.3%     2.8 h      86.0 m 
INFO  19:03:15,288 ProgressMeter -     8:116663481   3.75013065E8    81.0 m      12.0 s       48.7%     2.8 h      85.4 m 
INFO  19:03:45,289 ProgressMeter -     8:126254811   3.77413095E8    81.5 m      12.0 s       49.0%     2.8 h      84.9 m 
INFO  19:04:15,290 ProgressMeter -     8:135601608   3.79813122E8    82.0 m      12.0 s       49.3%     2.8 h      84.4 m 
INFO  19:04:45,433 ProgressMeter -     8:144540639   3.82113151E8    82.5 m      12.0 s       49.6%     2.8 h      84.0 m 
INFO  19:05:15,468 ProgressMeter -       9:7359601   3.84440963E8    83.0 m      12.0 s       49.9%     2.8 h      83.5 m 
INFO  19:05:45,469 ProgressMeter -      9:17094080   3.86740988E8    83.5 m      12.0 s       50.2%     2.8 h      82.9 m 
INFO  19:06:15,471 ProgressMeter -      9:26825714   3.8914102E8    84.0 m      12.0 s       50.5%     2.8 h      82.4 m 
INFO  19:06:45,472 ProgressMeter -      9:36162063   3.91541049E8    84.5 m      12.0 s       50.8%     2.8 h      81.9 m 
INFO  19:07:15,473 ProgressMeter -      9:67700485   3.93242949E8    85.0 m      12.0 s       51.8%     2.7 h      79.1 m 
INFO  19:07:45,474 ProgressMeter -      9:76513534   3.95242987E8    85.5 m      12.0 s       52.1%     2.7 h      78.7 m 
INFO  19:08:15,476 ProgressMeter -      9:86078268   3.97643019E8    86.0 m      12.0 s       52.4%     2.7 h      78.1 m 
INFO  19:08:45,477 ProgressMeter -      9:95195633   3.99943046E8    86.5 m      12.0 s       52.7%     2.7 h      77.7 m 
INFO  19:09:15,478 ProgressMeter -     9:104675054   4.02343075E8    87.0 m      12.0 s       53.0%     2.7 h      77.2 m 
INFO  19:09:45,479 ProgressMeter -     9:113702422   4.04543097E8    87.5 m      12.0 s       53.3%     2.7 h      76.7 m 
INFO  19:10:15,480 ProgressMeter -     9:122805615   4.06843126E8    88.0 m      12.0 s       53.6%     2.7 h      76.3 m 
INFO  19:10:45,677 ProgressMeter -     9:132119743   4.09343154E8    88.5 m      12.0 s       53.9%     2.7 h      75.8 m 
INFO  19:11:15,678 ProgressMeter -     9:141122461   4.11643184E8    89.0 m      12.0 s       54.2%     2.7 h      75.3 m 
INFO  19:11:45,679 ProgressMeter -      10:8868031   4.13943016E8    89.5 m      12.0 s       54.5%     2.7 h      74.9 m 
INFO  19:12:15,680 ProgressMeter -     10:17529767   4.16143045E8    90.0 m      12.0 s       54.7%     2.7 h      74.4 m 
INFO  19:12:45,682 ProgressMeter -     10:27619669   4.18643073E8    90.5 m      12.0 s       55.1%     2.7 h      73.9 m 
INFO  19:13:15,683 ProgressMeter -     10:37034351   4.21043099E8    91.0 m      12.0 s       55.4%     2.7 h      73.4 m 
INFO  19:13:45,684 ProgressMeter -     10:42385763   4.22444144E8    91.5 m      12.0 s       55.5%     2.7 h      73.3 m 
INFO  19:14:15,685 ProgressMeter -     10:42529318   4.2364616E8    92.0 m      13.0 s       55.5%     2.8 h      73.6 m 
INFO  19:14:45,686 ProgressMeter -     10:43826850   4.24966647E8    92.5 m      13.0 s       55.6%     2.8 h      73.9 m 
INFO  19:15:15,825 ProgressMeter -     10:55084943   4.27366674E8    93.0 m      13.0 s       55.9%     2.8 h      73.2 m 
INFO  19:15:45,826 ProgressMeter -     10:64692977   4.29666697E8    93.5 m      13.0 s       56.3%     2.8 h      72.7 m 
INFO  19:16:15,827 ProgressMeter -     10:73805856   4.31966724E8    94.0 m      13.0 s       56.6%     2.8 h      72.2 m 
INFO  19:16:45,829 ProgressMeter -     10:83429775   4.34466753E8    94.5 m      13.0 s       56.9%     2.8 h      71.7 m 
INFO  19:17:15,830 ProgressMeter -     10:93171874   4.36966784E8    95.0 m      13.0 s       57.2%     2.8 h      71.2 m 
INFO  19:17:45,908 ProgressMeter -    10:102368818   4.39466814E8    95.5 m      13.0 s       57.5%     2.8 h      70.7 m 
INFO  19:18:15,909 ProgressMeter -    10:111939254   4.41866841E8    96.0 m      13.0 s       57.8%     2.8 h      70.2 m 
INFO  19:18:45,911 ProgressMeter -    10:121234201   4.44266866E8    96.5 m      13.0 s       58.1%     2.8 h      69.7 m 
INFO  19:19:15,912 ProgressMeter -    10:130210498   4.46466889E8    97.0 m      13.0 s       58.4%     2.8 h      69.2 m 
INFO  19:19:45,913 ProgressMeter -      11:3930906   4.48777062E8    97.5 m      13.0 s       58.7%     2.8 h      68.7 m 
INFO  19:20:15,914 ProgressMeter -     11:12875796   4.51077087E8    98.0 m      13.0 s       59.0%     2.8 h      68.2 m 
INFO  19:20:45,916 ProgressMeter -     11:22463175   4.53577113E8    98.5 m      13.0 s       59.3%     2.8 h      67.7 m 
INFO  19:21:15,917 ProgressMeter -     11:32516857   4.5597714E8    99.0 m      13.0 s       59.6%     2.8 h      67.1 m 
INFO  19:21:46,104 ProgressMeter -     11:42209832   4.58377167E8    99.5 m      13.0 s       59.9%     2.8 h      66.6 m 
INFO  19:22:16,105 ProgressMeter -     11:50730231   4.60577192E8   100.0 m      13.0 s       60.2%     2.8 h      66.2 m 
INFO  19:22:46,106 ProgressMeter -     11:60664871   4.62578017E8   100.5 m      13.0 s       60.5%     2.8 h      65.6 m 
INFO  19:23:16,107 ProgressMeter -     11:69533783   4.6487804E8   101.0 m      13.0 s       60.8%     2.8 h      65.2 m 
INFO  19:23:46,109 ProgressMeter -     11:78992712   4.67378067E8   101.5 m      13.0 s       61.1%     2.8 h      64.7 m 
INFO  19:24:16,110 ProgressMeter -     11:88557720   4.69778106E8   102.0 m      13.0 s       61.4%     2.8 h      64.1 m 
INFO  19:24:46,111 ProgressMeter -     11:98664080   4.7217814E8   102.5 m      13.0 s       61.7%     2.8 h      63.6 m 
INFO  19:25:16,112 ProgressMeter -    11:108123260   4.74578165E8   103.0 m      13.0 s       62.0%     2.8 h      63.1 m 
INFO  19:25:46,113 ProgressMeter -    11:117471285   4.77078197E8   103.5 m      13.0 s       62.3%     2.8 h      62.6 m 
INFO  19:26:16,304 ProgressMeter -    11:126724895   4.79478224E8   104.0 m      13.0 s       62.6%     2.8 h      62.1 m 
INFO  19:26:46,306 ProgressMeter -      12:1523052   4.81894515E8   104.5 m      13.0 s       62.9%     2.8 h      61.5 m 
INFO  19:27:16,307 ProgressMeter -     12:10340277   4.84294542E8   105.0 m      13.0 s       63.2%     2.8 h      61.1 m 
INFO  19:27:46,308 ProgressMeter -     12:19720797   4.86694571E8   105.5 m      13.0 s       63.5%     2.8 h      60.6 m 
INFO  19:28:16,309 ProgressMeter -     12:29004592   4.89094598E8   106.0 m      13.0 s       63.8%     2.8 h      60.1 m 
INFO  19:28:46,392 ProgressMeter -     12:40217558   4.91294786E8   106.5 m      13.0 s       64.2%     2.8 h      59.4 m 
INFO  19:29:16,465 ProgressMeter -     12:49684443   4.93794813E8   107.0 m      13.0 s       64.5%     2.8 h      58.9 m 
INFO  19:29:46,466 ProgressMeter -     12:58600431   4.96194845E8   107.5 m      13.0 s       64.8%     2.8 h      58.5 m 
INFO  19:30:16,563 ProgressMeter -     12:68459399   4.98694872E8   108.0 m      12.0 s       65.1%     2.8 h      57.9 m 
INFO  19:30:46,609 ProgressMeter -     12:78429712   5.01194905E8   108.5 m      12.0 s       65.4%     2.8 h      57.4 m 
INFO  19:31:16,610 ProgressMeter -     12:88772402   5.03694931E8   109.0 m      12.0 s       65.8%     2.8 h      56.8 m 
INFO  19:31:46,763 ProgressMeter -     12:93603012   5.04994946E8   109.5 m      13.0 s       65.9%     2.8 h      56.6 m 
INFO  19:32:16,764 ProgressMeter -    12:102879133   5.07494975E8   110.0 m      13.0 s       66.2%     2.8 h      56.1 m 
INFO  19:32:47,132 ProgressMeter -    12:112226794   5.09995005E8   110.5 m      13.0 s       66.5%     2.8 h      55.6 m 
INFO  19:33:17,134 ProgressMeter -    12:121188660   5.12395031E8   111.0 m      13.0 s       66.8%     2.8 h      55.2 m 
INFO  19:33:47,201 ProgressMeter -    12:130219118   5.14695062E8   111.5 m      13.0 s       67.1%     2.8 h      54.7 m 
INFO  19:34:17,338 ProgressMeter -     13:24529099   5.17054796E8   112.1 m      13.0 s       68.0%     2.7 h      52.7 m 
INFO  19:34:47,339 ProgressMeter -     13:33536193   5.19354822E8   112.6 m      13.0 s       68.3%     2.7 h      52.3 m 
INFO  19:35:17,340 ProgressMeter -     13:42975784   5.21754849E8   113.1 m      13.0 s       68.6%     2.7 h      51.8 m 
INFO  19:35:47,341 ProgressMeter -     13:52319590   5.24254879E8   113.6 m      12.0 s       68.9%     2.7 h      51.3 m 
INFO  19:36:17,343 ProgressMeter -     13:62369261   5.26654907E8   114.1 m      12.0 s       69.2%     2.7 h      50.7 m 
INFO  19:36:47,555 ProgressMeter -     13:72333655   5.29054933E8   114.6 m      12.0 s       69.5%     2.7 h      50.2 m 
INFO  19:37:17,556 ProgressMeter -     13:81872837   5.3145496E8   115.1 m      12.0 s       69.9%     2.7 h      49.7 m 
INFO  19:37:47,557 ProgressMeter -     13:92329511   5.3395499E8   115.6 m      12.0 s       70.2%     2.7 h      49.1 m 
INFO  19:38:17,559 ProgressMeter -    13:101819364   5.36355017E8   116.1 m      12.0 s       70.5%     2.7 h      48.6 m 
INFO  19:38:47,560 ProgressMeter -    13:111362805   5.38755054E8   116.6 m      12.0 s       70.8%     2.7 h      48.1 m 
INFO  19:39:17,561 ProgressMeter -     14:24274633   5.40935177E8   117.1 m      12.0 s       71.7%     2.7 h      46.2 m 
INFO  19:39:47,562 ProgressMeter -     14:33977521   5.43335202E8   117.6 m      12.0 s       72.0%     2.7 h      45.7 m 
INFO  19:40:17,642 ProgressMeter -     14:43524795   5.45735228E8   118.1 m      12.0 s       72.3%     2.7 h      45.2 m 
INFO  19:40:47,643 ProgressMeter -     14:53048927   5.48235259E8   118.6 m      12.0 s       72.6%     2.7 h      44.7 m 
INFO  19:41:17,645 ProgressMeter -     14:62413025   5.50635285E8   119.1 m      12.0 s       72.9%     2.7 h      44.2 m 
INFO  19:41:47,646 ProgressMeter -     14:71582648   5.53135319E8   119.6 m      12.0 s       73.2%     2.7 h      43.7 m 
INFO  19:42:17,647 ProgressMeter -     14:80666067   5.55635351E8     2.0 h      12.0 s       73.5%     2.7 h      43.2 m 
INFO  19:42:47,648 ProgressMeter -     14:90722963   5.58035375E8     2.0 h      12.0 s       73.8%     2.7 h      42.7 m 
INFO  19:43:17,649 ProgressMeter -     14:99846823   5.60435403E8     2.0 h      12.0 s       74.1%     2.7 h      42.2 m 
INFO  19:43:47,770 ProgressMeter -     15:20562694   5.62687221E8     2.0 h      12.0 s       75.0%     2.7 h      40.4 m 
INFO  19:44:17,771 ProgressMeter -     15:30061356   5.64887247E8     2.0 h      12.0 s       75.4%     2.7 h      39.9 m 
INFO  19:44:47,888 ProgressMeter -     15:40175487   5.67287273E8     2.0 h      12.0 s       75.7%     2.7 h      39.4 m 
INFO  19:45:18,003 ProgressMeter -     15:49799667   5.69787299E8     2.1 h      12.0 s       76.0%     2.7 h      38.9 m 
INFO  19:45:48,004 ProgressMeter -     15:59024918   5.72187326E8     2.1 h      12.0 s       76.3%     2.7 h      38.4 m 
INFO  19:46:18,005 ProgressMeter -     15:68007720   5.74587352E8     2.1 h      12.0 s       76.6%     2.7 h      37.9 m 
INFO  19:46:48,129 ProgressMeter -     15:77353062   5.77087379E8     2.1 h      12.0 s       76.9%     2.7 h      37.5 m 
INFO  19:47:18,349 ProgressMeter -     15:87142254   5.79487407E8     2.1 h      12.0 s       77.2%     2.7 h      36.9 m 
INFO  19:47:48,493 ProgressMeter -     15:96193556   5.81787434E8     2.1 h      12.0 s       77.5%     2.7 h      36.5 m 
INFO  19:48:18,494 ProgressMeter -      16:2824843   5.84184184E8     2.1 h      12.0 s       77.8%     2.7 h      36.0 m 
INFO  19:48:48,688 ProgressMeter -     16:11618837   5.86384211E8     2.1 h      12.0 s       78.1%     2.7 h      35.6 m 
INFO  19:49:18,701 ProgressMeter -     16:20996524   5.8868424E8     2.1 h      12.0 s       78.4%     2.7 h      35.1 m 
INFO  19:49:48,737 ProgressMeter -     16:30449271   5.91084268E8     2.1 h      12.0 s       78.7%     2.7 h      34.6 m 
INFO  19:50:19,222 ProgressMeter -     16:46391375   5.92984404E8     2.1 h      12.0 s       79.2%     2.7 h      33.7 m 
INFO  19:50:49,223 ProgressMeter -     16:47210856   5.94385052E8     2.1 h      12.0 s       79.2%     2.7 h      33.7 m 
INFO  19:51:19,224 ProgressMeter -     16:56756048   5.96885081E8     2.2 h      12.0 s       79.5%     2.7 h      33.2 m 
INFO  19:51:49,226 ProgressMeter -     16:66958579   5.99285112E8     2.2 h      12.0 s       79.8%     2.7 h      32.7 m 
INFO  19:52:19,227 ProgressMeter -     16:76128109   6.01785143E8     2.2 h      12.0 s       80.1%     2.7 h      32.2 m 
INFO  19:52:49,229 ProgressMeter -     16:84984309   6.03985167E8     2.2 h      12.0 s       80.4%     2.7 h      31.8 m 
INFO  19:53:19,251 ProgressMeter -      17:3081003   6.06153094E8     2.2 h      12.0 s       80.7%     2.7 h      31.3 m 
INFO  19:53:49,361 ProgressMeter -     17:12086034   6.08553121E8     2.2 h      12.0 s       81.0%     2.7 h      30.9 m 
INFO  19:54:19,506 ProgressMeter -     17:21328566   6.10853146E8     2.2 h      12.0 s       81.3%     2.7 h      30.4 m 
INFO  19:54:49,508 ProgressMeter -     17:30594398   6.13053323E8     2.2 h      12.0 s       81.6%     2.7 h      29.9 m 
INFO  19:55:19,509 ProgressMeter -     17:39963331   6.15453351E8     2.2 h      12.0 s       81.9%     2.7 h      29.4 m 
INFO  19:55:49,510 ProgressMeter -     17:48772954   6.17753376E8     2.2 h      12.0 s       82.2%     2.7 h      29.0 m 
INFO  19:56:19,511 ProgressMeter -     17:58477374   6.20253403E8     2.2 h      12.0 s       82.5%     2.7 h      28.5 m 
INFO  19:56:49,513 ProgressMeter -     17:67514268   6.2265343E8     2.2 h      12.0 s       82.8%     2.7 h      28.0 m 
INFO  19:57:19,676 ProgressMeter -     17:76639876   6.25053457E8     2.3 h      12.0 s       83.1%     2.7 h      27.5 m 
INFO  19:57:49,828 ProgressMeter -      18:3427617   6.27245548E8     2.3 h      12.0 s       83.3%     2.7 h      27.1 m 
INFO  19:58:19,830 ProgressMeter -     18:12923546   6.29645575E8     2.3 h      12.0 s       83.6%     2.7 h      26.6 m 
INFO  19:58:49,997 ProgressMeter -     18:22152641   6.31646621E8     2.3 h      12.0 s       83.9%     2.7 h      26.1 m 
INFO  19:59:20,166 ProgressMeter -     18:32080927   6.34146647E8     2.3 h      12.0 s       84.3%     2.7 h      25.6 m 
INFO  19:59:50,167 ProgressMeter -     18:42329102   6.36546674E8     2.3 h      12.0 s       84.6%     2.7 h      25.1 m 
INFO  20:00:20,168 ProgressMeter -     18:51656717   6.39046702E8     2.3 h      12.0 s       84.9%     2.7 h      24.6 m 
INFO  20:00:50,169 ProgressMeter -     18:61275616   6.4144673E8     2.3 h      12.0 s       85.2%     2.7 h      24.1 m 
INFO  20:01:20,170 ProgressMeter -     18:71077008   6.43846756E8     2.3 h      12.0 s       85.5%     2.7 h      23.6 m 
INFO  20:01:50,412 ProgressMeter -      19:2317668   6.46103493E8     2.3 h      12.0 s       85.8%     2.7 h      23.1 m 
INFO  20:02:20,413 ProgressMeter -     19:10910433   6.48303517E8     2.3 h      12.0 s       86.1%     2.7 h      22.6 m 
INFO  20:02:50,415 ProgressMeter -     19:19592598   6.50703551E8     2.3 h      12.0 s       86.4%     2.7 h      22.2 m 
INFO  20:03:20,416 ProgressMeter -     19:27736485   6.52305151E8     2.4 h      12.0 s       86.6%     2.7 h      21.8 m 
INFO  20:03:50,417 ProgressMeter -     19:34895750   6.54305462E8     2.4 h      12.0 s       86.9%     2.7 h      21.4 m 
INFO  20:04:20,419 ProgressMeter -     19:43934380   6.56605486E8     2.4 h      12.0 s       87.2%     2.7 h      20.9 m 
INFO  20:04:50,420 ProgressMeter -     19:52629903   6.58905518E8     2.4 h      12.0 s       87.4%     2.7 h      20.5 m 
INFO  20:05:20,421 ProgressMeter -      20:2440929   6.61225168E8     2.4 h      12.0 s       87.7%     2.7 h      20.0 m 
INFO  20:05:50,422 ProgressMeter -     20:11705923   6.63525196E8     2.4 h      12.0 s       88.0%     2.7 h      19.5 m 
INFO  20:06:20,424 ProgressMeter -     20:21386261   6.65925224E8     2.4 h      12.0 s       88.3%     2.7 h      19.0 m 
INFO  20:06:50,425 ProgressMeter -     20:32119738   6.68125455E8     2.4 h      12.0 s       88.7%     2.7 h      18.5 m 
INFO  20:07:20,426 ProgressMeter -     20:41580003   6.70625486E8     2.4 h      12.0 s       89.0%     2.7 h      18.0 m 
INFO  20:07:50,497 ProgressMeter -     20:49040839   6.7262551E8     2.4 h      12.0 s       89.2%     2.7 h      17.6 m 
INFO  20:08:20,547 ProgressMeter -     20:56886636   6.74625533E8     2.4 h      12.0 s       89.5%     2.7 h      17.2 m 
INFO  20:08:50,548 ProgressMeter -     21:10723351   6.76759164E8     2.4 h      12.0 s       90.0%     2.7 h      16.2 m 
INFO  20:09:20,660 ProgressMeter -     21:18361116   6.78462245E8     2.5 h      13.0 s       90.3%     2.7 h      15.9 m 
INFO  20:09:50,783 ProgressMeter -     21:26904070   6.8056227E8     2.5 h      13.0 s       90.5%     2.7 h      15.4 m 
INFO  20:10:20,784 ProgressMeter -     21:36094389   6.82962298E8     2.5 h      13.0 s       90.8%     2.7 h      14.9 m 
INFO  20:10:50,785 ProgressMeter -     21:45426989   6.85262322E8     2.5 h      13.0 s       91.1%     2.7 h      14.4 m 
INFO  20:11:20,786 ProgressMeter -     22:21513603   6.87474587E8     2.5 h      13.0 s       91.9%     2.7 h      13.1 m 
INFO  20:11:50,788 ProgressMeter -     22:31010959   6.89774616E8     2.5 h      13.0 s       92.2%     2.7 h      12.6 m 
INFO  20:12:20,789 ProgressMeter -     22:40085185   6.92174643E8     2.5 h      13.0 s       92.5%     2.7 h      12.1 m 
INFO  20:12:50,790 ProgressMeter -     22:48677725   6.94474668E8     2.5 h      13.0 s       92.8%     2.7 h      11.7 m 
INFO  20:13:20,791 ProgressMeter -      X:10502364   6.96783179E8     2.5 h      13.0 s       93.2%     2.7 h      11.0 m 
INFO  20:13:50,793 ProgressMeter -      X:30399930   6.99283204E8     2.5 h      13.0 s       93.9%     2.7 h       9.9 m 
INFO  20:14:20,794 ProgressMeter -      X:50241849   7.01783229E8     2.5 h      13.0 s       94.5%     2.7 h       8.8 m 
INFO  20:14:50,795 ProgressMeter -      X:70378015   7.03983286E8     2.5 h      13.0 s       95.2%     2.7 h       7.8 m 
INFO  20:15:20,961 ProgressMeter -      X:90805540   7.06483314E8     2.6 h      13.0 s       95.8%     2.7 h       6.7 m 
INFO  20:15:50,962 ProgressMeter -     X:111545857   7.08983342E8     2.6 h      12.0 s       96.5%     2.7 h       5.6 m 
INFO  20:16:20,963 ProgressMeter -     X:131299468   7.11383367E8     2.6 h      12.0 s       97.1%     2.6 h       4.6 m 
INFO  20:16:51,188 ProgressMeter -     X:152105573   7.13783392E8     2.6 h      12.0 s       97.8%     2.6 h       3.5 m 
INFO  20:17:21,189 ProgressMeter -      Y:13800871   7.15883784E8     2.6 h      13.0 s       98.3%     2.6 h       2.6 m 
INFO  20:17:51,191 ProgressMeter -      Y:23352140   7.17613992E8     2.6 h      13.0 s       98.6%     2.6 h       2.1 m 
INFO  20:18:21,192 ProgressMeter -         MT:9496   7.19282341E8     2.6 h      13.0 s       99.8%     2.6 h      18.0 s 
INFO  20:18:51,193 ProgressMeter - GL000221.1:25663   7.21135613E8     2.6 h      13.0 s       99.9%     2.6 h      12.0 s 
INFO  20:19:21,194 ProgressMeter - GL000199.1:45093   7.22893575E8     2.6 h      13.0 s       99.9%     2.6 h       9.0 s 
INFO  20:19:51,196 ProgressMeter - GL000195.1:152655   7.2452454E8     2.6 h      13.0 s       99.9%     2.6 h       5.0 s 
INFO  20:20:21,197 ProgressMeter - GL000225.1:198322   7.25508236E8     2.6 h      13.0 s      100.0%     2.6 h       1.0 s 
INFO  20:20:47,823 BaseRecalibrator - Calculating quantized quality scores... 
INFO  20:20:47,893 BaseRecalibrator - Writing recalibration report... 
INFO  20:20:48,726 BaseRecalibrator - ...done! 
INFO  20:20:48,727 BaseRecalibrator - BaseRecalibrator was able to recalibrate 725708254 reads 
INFO  20:20:48,727 ProgressMeter -            done   7.25715519E8     2.6 h      13.0 s      100.0%     2.6 h       0.0 s 
INFO  20:20:48,728 ProgressMeter - Total runtime 9514.41 secs, 158.57 min, 2.64 hours 
INFO  20:20:48,728 MicroScheduler - 142488588 reads were filtered out during the traversal out of approximately 868204107 total reads (16.41%) 
INFO  20:20:48,728 MicroScheduler -   -> 84320169 reads (9.71% of total) failing DuplicateReadFilter 
INFO  20:20:48,728 MicroScheduler -   -> 0 reads (0.00% of total) failing FailsVendorQualityCheckFilter 
INFO  20:20:48,728 MicroScheduler -   -> 0 reads (0.00% of total) failing MalformedReadFilter 
INFO  20:20:48,728 MicroScheduler -   -> 0 reads (0.00% of total) failing MappingQualityUnavailableFilter 
INFO  20:20:48,728 MicroScheduler -   -> 56709745 reads (6.53% of total) failing MappingQualityZeroFilter 
INFO  20:20:48,728 MicroScheduler -   -> 1458674 reads (0.17% of total) failing NotPrimaryAlignmentFilter 
INFO  20:20:48,729 MicroScheduler -   -> 0 reads (0.00% of total) failing UnmappedReadFilter 
INFO  20:20:51,126 GATKRunReport - Uploaded run statistics report to AWS S3 
