SLF4J: Class path contains multiple SLF4J bindings.
SLF4J: Found binding in [jar:file:/apus/v1/a2014205/software/piper_bin/Piper/Piper-v1.3.0/lib/GenomeAnalysisTK.jar!/org/slf4j/impl/StaticLoggerBinder.class]
SLF4J: Found binding in [jar:file:/apus/v1/a2014205/software/piper_bin/Piper/Piper-v1.3.0/lib/Queue.jar!/org/slf4j/impl/StaticLoggerBinder.class]
SLF4J: See http://www.slf4j.org/codes.html#multiple_bindings for an explanation.
INFO  04:44:17,263 HelpFormatter - -------------------------------------------------------------------------------- 
INFO  04:44:17,265 HelpFormatter - The Genome Analysis Toolkit (GATK) v3.3-0-geee94ec, Compiled 2015/12/17 12:33:03 
INFO  04:44:17,265 HelpFormatter - Copyright (c) 2010 The Broad Institute 
INFO  04:44:17,265 HelpFormatter - For support and documentation go to http://www.broadinstitute.org/gatk 
INFO  04:44:17,269 HelpFormatter - Program Args: -T BaseRecalibrator -I /scratch/108825/ANALYSIS/P4107/piper_ngi/05_processed_alignments/P4107_1002.clean.dedup.recal.bam -R /proj/a2014205/piper_references/gatk_bundle/2.8/b37/human_g1k_v37.fasta -nct 16 -knownSites /proj/a2014205/piper_references/gatk_bundle/2.8/b37/dbsnp_138.b37.vcf -o /scratch/108825/ANALYSIS/P4107/piper_ngi/05_processed_alignments/P4107_1002.post_recal.table -cov ReadGroupCovariate -cov QualityScoreCovariate -cov CycleCovariate -cov ContextCovariate 
INFO  04:44:17,296 HelpFormatter - Executing as funk_002@n28.uppmax.uu.se on Linux 2.6.32-573.18.1.el6.x86_64 amd64; Java HotSpot(TM) 64-Bit Server VM 1.7.0_25-b15. 
INFO  04:44:17,296 HelpFormatter - Date/Time: 2016/02/23 04:44:17 
INFO  04:44:17,296 HelpFormatter - -------------------------------------------------------------------------------- 
INFO  04:44:17,296 HelpFormatter - -------------------------------------------------------------------------------- 
INFO  04:44:17,619 GenomeAnalysisEngine - Strictness is SILENT 
INFO  04:44:17,767 GenomeAnalysisEngine - Downsampling Settings: No downsampling 
INFO  04:44:17,775 SAMDataSource$SAMReaders - Initializing SAMRecords in serial 
INFO  04:44:17,799 SAMDataSource$SAMReaders - Done initializing BAM readers: total time 0.02 
INFO  04:44:18,078 MicroScheduler - Running the GATK in parallel mode with 16 total threads, 16 CPU thread(s) for each of 1 data thread(s), of 16 processors available on this machine 
INFO  04:44:18,186 GenomeAnalysisEngine - Preparing for traversal over 1 BAM files 
INFO  04:44:18,190 GenomeAnalysisEngine - Done preparing for traversal 
INFO  04:44:18,191 ProgressMeter - [INITIALIZATION COMPLETE; STARTING PROCESSING] 
INFO  04:44:18,191 ProgressMeter -                 | processed |    time |    per 1M |           |   total | remaining 
INFO  04:44:18,191 ProgressMeter -        Location |     reads | elapsed |     reads | completed | runtime |   runtime 
INFO  04:44:18,232 BaseRecalibrator - The covariates being used here:  
INFO  04:44:18,232 BaseRecalibrator - 	ReadGroupCovariate 
INFO  04:44:18,232 BaseRecalibrator - 	QualityScoreCovariate 
INFO  04:44:18,232 BaseRecalibrator - 	ContextCovariate 
INFO  04:44:18,232 ContextCovariate - 		Context sizes: base substitution model 2, indel substitution model 3 
INFO  04:44:18,232 BaseRecalibrator - 	CycleCovariate 
INFO  04:44:18,234 ReadShardBalancer$1 - Loading BAM index data 
INFO  04:44:18,235 ReadShardBalancer$1 - Done loading BAM index data 
INFO  04:44:48,221 ProgressMeter -       1:4240989    900010.0    30.0 s      33.0 s        0.1%     6.1 h       6.1 h 
INFO  04:45:18,435 ProgressMeter -       1:9833606   2300024.0    60.0 s      26.0 s        0.3%     5.3 h       5.2 h 
INFO  04:45:48,606 ProgressMeter -      1:15838105   3800039.0    90.0 s      23.0 s        0.5%     4.9 h       4.9 h 
INFO  04:46:18,608 ProgressMeter -      1:20715313   5200055.0   120.0 s      23.0 s        0.7%     5.0 h       5.0 h 
INFO  04:46:48,609 ProgressMeter -      1:26574038   6700073.0     2.5 m      22.0 s        0.9%     4.9 h       4.8 h 
INFO  04:47:19,642 ProgressMeter -      1:32468872   8200089.0     3.0 m      22.0 s        1.0%     4.8 h       4.8 h 
INFO  04:47:49,644 ProgressMeter -      1:38499798   9800107.0     3.5 m      21.0 s        1.2%     4.7 h       4.7 h 
INFO  04:48:19,645 ProgressMeter -      1:44080360   1.1300125E7     4.0 m      21.0 s        1.4%     4.7 h       4.6 h 
INFO  04:48:49,646 ProgressMeter -      1:50079989   1.2900146E7     4.5 m      21.0 s        1.6%     4.7 h       4.6 h 
INFO  04:49:19,647 ProgressMeter -      1:55843920   1.4400163E7     5.0 m      20.0 s        1.8%     4.6 h       4.6 h 
INFO  04:49:49,775 ProgressMeter -      1:62211505   1.600018E7     5.5 m      20.0 s        2.0%     4.6 h       4.5 h 
INFO  04:50:19,776 ProgressMeter -      1:68000254   1.7500195E7     6.0 m      20.0 s        2.2%     4.6 h       4.5 h 
INFO  04:50:49,778 ProgressMeter -      1:74361991   1.9100211E7     6.5 m      20.0 s        2.4%     4.5 h       4.4 h 
INFO  04:51:20,071 ProgressMeter -      1:80509657   2.0600227E7     7.0 m      20.0 s        2.6%     4.5 h       4.4 h 
INFO  04:51:50,072 ProgressMeter -      1:86740355   2.2100242E7     7.5 m      20.0 s        2.8%     4.5 h       4.4 h 
INFO  04:52:20,073 ProgressMeter -      1:92693980   2.370026E7     8.0 m      20.0 s        3.0%     4.5 h       4.3 h 
INFO  04:52:50,182 ProgressMeter -      1:98788035   2.5200275E7     8.5 m      20.0 s        3.2%     4.5 h       4.3 h 
INFO  04:53:20,183 ProgressMeter -     1:105039475   2.6700294E7     9.0 m      20.0 s        3.4%     4.4 h       4.3 h 
INFO  04:53:51,129 ProgressMeter -     1:111148092   2.8200312E7     9.5 m      20.0 s        3.6%     4.4 h       4.3 h 
INFO  04:54:21,130 ProgressMeter -     1:116922229   2.9800332E7    10.0 m      20.0 s        3.8%     4.4 h       4.3 h 
INFO  04:54:52,228 ProgressMeter -     1:121484215   3.1000346E7    10.6 m      20.0 s        3.9%     4.5 h       4.3 h 
INFO  04:55:30,243 ProgressMeter -     1:121484782   3.1301373E7    11.2 m      21.0 s        3.9%     4.8 h       4.6 h 
INFO  04:56:08,613 ProgressMeter -     1:121484987   3.1401506E7    11.8 m      22.0 s        3.9%     5.0 h       4.8 h 
INFO  04:56:38,614 ProgressMeter -     1:121485346   3.1704447E7    12.3 m      23.0 s        3.9%     5.2 h       5.0 h 
INFO  04:57:08,615 ProgressMeter -     1:145630803   3.2905277E7    12.8 m      23.0 s        4.7%     4.6 h       4.3 h 
INFO  04:57:38,617 ProgressMeter -     1:152391550   3.4305295E7    13.3 m      23.0 s        4.9%     4.5 h       4.3 h 
INFO  04:58:08,618 ProgressMeter -     1:158190375   3.5905315E7    13.8 m      23.0 s        5.1%     4.5 h       4.3 h 
INFO  04:58:38,675 ProgressMeter -     1:164018925   3.7405332E7    14.3 m      23.0 s        5.3%     4.5 h       4.3 h 
INFO  04:59:08,676 ProgressMeter -     1:169880252   3.8905351E7    14.8 m      22.0 s        5.5%     4.5 h       4.3 h 
INFO  04:59:38,677 ProgressMeter -     1:175952537   4.0505371E7    15.3 m      22.0 s        5.7%     4.5 h       4.2 h 
INFO  05:00:08,678 ProgressMeter -     1:181970902   4.210539E7    15.8 m      22.0 s        5.9%     4.5 h       4.2 h 
INFO  05:00:38,680 ProgressMeter -     1:188012542   4.3705413E7    16.3 m      22.0 s        6.1%     4.5 h       4.2 h 
INFO  05:01:08,681 ProgressMeter -     1:194283890   4.5205432E7    16.8 m      22.0 s        6.3%     4.5 h       4.2 h 
INFO  05:01:39,125 ProgressMeter -     1:200463041   4.6805451E7    17.3 m      22.0 s        6.5%     4.5 h       4.2 h 
INFO  05:02:09,126 ProgressMeter -     1:206553934   4.8305466E7    17.8 m      22.0 s        6.7%     4.5 h       4.2 h 
INFO  05:02:39,127 ProgressMeter -     1:212349762   4.9805482E7    18.3 m      22.0 s        6.8%     4.5 h       4.2 h 
INFO  05:03:09,345 ProgressMeter -     1:218736102   5.140758E7    18.9 m      22.0 s        7.1%     4.5 h       4.1 h 
INFO  05:03:39,347 ProgressMeter -     1:224664846   5.3007609E7    19.4 m      21.0 s        7.2%     4.5 h       4.1 h 
INFO  05:04:09,348 ProgressMeter -     1:230693759   5.4507626E7    19.9 m      21.0 s        7.4%     4.4 h       4.1 h 
INFO  05:04:39,349 ProgressMeter -     1:236596793   5.6107645E7    20.4 m      21.0 s        7.6%     4.4 h       4.1 h 
INFO  05:05:09,351 ProgressMeter -     1:242977969   5.7607664E7    20.9 m      21.0 s        7.8%     4.4 h       4.1 h 
INFO  05:05:39,352 ProgressMeter -     1:248871793   5.9107683E7    21.4 m      21.0 s        8.0%     4.4 h       4.1 h 
INFO  05:06:09,371 ProgressMeter -       2:5968924   6.066689E7    21.9 m      21.0 s        8.2%     4.4 h       4.1 h 
INFO  05:06:39,372 ProgressMeter -      2:12120094   6.2166908E7    22.4 m      21.0 s        8.4%     4.4 h       4.0 h 
INFO  05:07:09,374 ProgressMeter -      2:18260286   6.3766925E7    22.9 m      21.0 s        8.6%     4.4 h       4.0 h 
INFO  05:07:39,375 ProgressMeter -      2:24303577   6.526694E7    23.4 m      21.0 s        8.8%     4.4 h       4.0 h 
INFO  05:08:09,376 ProgressMeter -      2:30160416   6.6866956E7    23.9 m      21.0 s        9.0%     4.4 h       4.0 h 
INFO  05:08:39,446 ProgressMeter -      2:34971415   6.8271779E7    24.4 m      21.0 s        9.2%     4.4 h       4.0 h 
INFO  05:09:09,447 ProgressMeter -      2:40902729   6.9771794E7    24.9 m      21.0 s        9.4%     4.4 h       4.0 h 
INFO  05:09:39,449 ProgressMeter -      2:46736034   7.1271811E7    25.4 m      21.0 s        9.5%     4.4 h       4.0 h 
INFO  05:10:09,694 ProgressMeter -      2:52980355   7.287183E7    25.9 m      21.0 s        9.7%     4.4 h       4.0 h 
INFO  05:10:39,695 ProgressMeter -      2:59022467   7.4371847E7    26.4 m      21.0 s        9.9%     4.4 h       4.0 h 
INFO  05:11:09,696 ProgressMeter -      2:64959404   7.5971865E7    26.9 m      21.0 s       10.1%     4.4 h       4.0 h 
INFO  05:11:39,865 ProgressMeter -      2:70928040   7.7571888E7    27.4 m      21.0 s       10.3%     4.4 h       4.0 h 
INFO  05:12:09,866 ProgressMeter -      2:77099978   7.9171905E7    27.9 m      21.0 s       10.5%     4.4 h       3.9 h 
INFO  05:12:39,867 ProgressMeter -      2:83860801   8.0771925E7    28.4 m      21.0 s       10.7%     4.4 h       3.9 h 
INFO  05:13:09,869 ProgressMeter -      2:89853272   8.217194E7    28.9 m      21.0 s       10.9%     4.4 h       3.9 h 
INFO  05:13:39,984 ProgressMeter -      2:92307405   8.327434E7    29.4 m      21.0 s       11.0%     4.4 h       4.0 h 
INFO  05:14:10,082 ProgressMeter -      2:97418413   8.4374626E7    29.9 m      21.0 s       11.2%     4.5 h       4.0 h 
INFO  05:14:40,223 ProgressMeter -     2:103898879   8.5974643E7    30.4 m      21.0 s       11.4%     4.4 h       3.9 h 
INFO  05:15:10,224 ProgressMeter -     2:109922030   8.7474662E7    30.9 m      21.0 s       11.6%     4.4 h       3.9 h 
INFO  05:15:40,225 ProgressMeter -     2:116577415   8.8974679E7    31.4 m      21.0 s       11.8%     4.4 h       3.9 h 
INFO  05:16:10,227 ProgressMeter -     2:122644291   9.0574697E7    31.9 m      21.0 s       12.0%     4.4 h       3.9 h 
INFO  05:16:40,228 ProgressMeter -     2:128942849   9.2074714E7    32.4 m      21.0 s       12.2%     4.4 h       3.9 h 
INFO  05:17:10,229 ProgressMeter -     2:134641159   9.3574734E7    32.9 m      21.0 s       12.4%     4.4 h       3.9 h 
INFO  05:17:40,231 ProgressMeter -     2:140869994   9.5074751E7    33.4 m      21.0 s       12.6%     4.4 h       3.9 h 
INFO  05:18:10,232 ProgressMeter -     2:147295740   9.6674768E7    33.9 m      21.0 s       12.8%     4.4 h       3.9 h 
INFO  05:18:40,471 ProgressMeter -     2:153677165   9.8274784E7    34.4 m      20.0 s       13.0%     4.4 h       3.8 h 
INFO  05:19:10,472 ProgressMeter -     2:160026198   9.9874804E7    34.9 m      20.0 s       13.2%     4.4 h       3.8 h 
INFO  05:19:40,473 ProgressMeter -     2:166255399   1.01474823E8    35.4 m      20.0 s       13.4%     4.4 h       3.8 h 
INFO  05:20:10,474 ProgressMeter -     2:172200906   1.03074842E8    35.9 m      20.0 s       13.6%     4.4 h       3.8 h 
INFO  05:20:40,476 ProgressMeter -     2:178173732   1.04574858E8    36.4 m      20.0 s       13.8%     4.4 h       3.8 h 
INFO  05:21:10,477 ProgressMeter -     2:184218080   1.06174874E8    36.9 m      20.0 s       14.0%     4.4 h       3.8 h 
INFO  05:21:40,478 ProgressMeter -     2:190473300   1.07774891E8    37.4 m      20.0 s       14.2%     4.4 h       3.8 h 
INFO  05:22:10,479 ProgressMeter -     2:196688563   1.09274908E8    37.9 m      20.0 s       14.4%     4.4 h       3.8 h 
INFO  05:22:40,481 ProgressMeter -     2:202755811   1.10874926E8    38.4 m      20.0 s       14.6%     4.4 h       3.7 h 
INFO  05:23:10,482 ProgressMeter -     2:208607985   1.12474943E8    38.9 m      20.0 s       14.8%     4.4 h       3.7 h 
INFO  05:23:40,483 ProgressMeter -     2:214838510   1.13974959E8    39.4 m      20.0 s       15.0%     4.4 h       3.7 h 
INFO  05:24:10,497 ProgressMeter -     2:220605218   1.15574979E8    39.9 m      20.0 s       15.1%     4.4 h       3.7 h 
INFO  05:24:40,498 ProgressMeter -     2:226848113   1.17074996E8    40.4 m      20.0 s       15.3%     4.4 h       3.7 h 
INFO  05:25:10,499 ProgressMeter -     2:232567814   1.18675016E8    40.9 m      20.0 s       15.5%     4.4 h       3.7 h 
INFO  05:25:40,610 ProgressMeter -     2:238805835   1.20175032E8    41.4 m      20.0 s       15.7%     4.4 h       3.7 h 
INFO  05:26:10,611 ProgressMeter -       3:1696631   1.2166738E8    41.9 m      20.0 s       15.9%     4.4 h       3.7 h 
INFO  05:26:40,612 ProgressMeter -       3:7652678   1.23167397E8    42.4 m      20.0 s       16.1%     4.4 h       3.7 h 
INFO  05:27:10,789 ProgressMeter -      3:13459398   1.24767415E8    42.9 m      20.0 s       16.3%     4.4 h       3.7 h 
INFO  05:27:40,790 ProgressMeter -      3:19375612   1.2626743E8    43.4 m      20.0 s       16.5%     4.4 h       3.7 h 
INFO  05:28:10,936 ProgressMeter -      3:25623734   1.27867447E8    43.9 m      20.0 s       16.7%     4.4 h       3.6 h 
INFO  05:28:40,940 ProgressMeter -      3:32065681   1.29467467E8    44.4 m      20.0 s       16.9%     4.4 h       3.6 h 
INFO  05:29:10,941 ProgressMeter -      3:38219378   1.31067487E8    44.9 m      20.0 s       17.1%     4.4 h       3.6 h 
INFO  05:29:40,942 ProgressMeter -      3:44226111   1.32567505E8    45.4 m      20.0 s       17.3%     4.4 h       3.6 h 
INFO  05:30:11,162 ProgressMeter -      3:50185741   1.34167524E8    45.9 m      20.0 s       17.5%     4.4 h       3.6 h 
INFO  05:30:41,163 ProgressMeter -      3:56160259   1.35767545E8    46.4 m      20.0 s       17.7%     4.4 h       3.6 h 
INFO  05:31:11,164 ProgressMeter -      3:62066878   1.37267562E8    46.9 m      20.0 s       17.9%     4.4 h       3.6 h 
INFO  05:31:41,166 ProgressMeter -      3:68337405   1.38867583E8    47.4 m      20.0 s       18.1%     4.4 h       3.6 h 
INFO  05:32:11,167 ProgressMeter -      3:74597200   1.40367598E8    47.9 m      20.0 s       18.3%     4.4 h       3.6 h 
INFO  05:32:41,168 ProgressMeter -      3:81059141   1.41867614E8    48.4 m      20.0 s       18.5%     4.4 h       3.6 h 
INFO  05:33:11,169 ProgressMeter -      3:87764980   1.43467632E8    48.9 m      20.0 s       18.7%     4.4 h       3.5 h 
INFO  05:33:41,170 ProgressMeter -      3:97203743   1.45067657E8    49.4 m      20.0 s       19.0%     4.3 h       3.5 h 
INFO  05:34:11,171 ProgressMeter -     3:103247480   1.46667675E8    49.9 m      20.0 s       19.2%     4.3 h       3.5 h 
INFO  05:34:41,172 ProgressMeter -     3:109478992   1.48167693E8    50.4 m      20.0 s       19.4%     4.3 h       3.5 h 
INFO  05:35:11,173 ProgressMeter -     3:115401338   1.49767713E8    50.9 m      20.0 s       19.6%     4.3 h       3.5 h 
INFO  05:35:41,371 ProgressMeter -     3:121456328   1.51367731E8    51.4 m      20.0 s       19.8%     4.3 h       3.5 h 
INFO  05:36:11,372 ProgressMeter -     3:127334313   1.52867749E8    51.9 m      20.0 s       20.0%     4.3 h       3.5 h 
INFO  05:36:41,373 ProgressMeter -     3:133193804   1.54467765E8    52.4 m      20.0 s       20.2%     4.3 h       3.5 h 
INFO  05:37:11,609 ProgressMeter -     3:139361558   1.55967782E8    52.9 m      20.0 s       20.4%     4.3 h       3.4 h 
INFO  05:37:41,610 ProgressMeter -     3:145542589   1.57567801E8    53.4 m      20.0 s       20.6%     4.3 h       3.4 h 
INFO  05:38:11,611 ProgressMeter -     3:151781492   1.5916782E8    53.9 m      20.0 s       20.8%     4.3 h       3.4 h 
INFO  05:38:41,876 ProgressMeter -     3:157911190   1.60767837E8    54.4 m      20.0 s       21.0%     4.3 h       3.4 h 
INFO  05:39:11,877 ProgressMeter -     3:164219683   1.62267854E8    54.9 m      20.0 s       21.2%     4.3 h       3.4 h 
INFO  05:39:41,878 ProgressMeter -     3:170681755   1.63867871E8    55.4 m      20.0 s       21.4%     4.3 h       3.4 h 
INFO  05:40:11,879 ProgressMeter -     3:176962481   1.65467888E8    55.9 m      20.0 s       21.6%     4.3 h       3.4 h 
INFO  05:40:42,008 ProgressMeter -     3:183138635   1.67067906E8    56.4 m      20.0 s       21.8%     4.3 h       3.4 h 
INFO  05:41:12,009 ProgressMeter -     3:189194474   1.68667923E8    56.9 m      20.0 s       22.0%     4.3 h       3.4 h 
INFO  05:41:42,011 ProgressMeter -     3:195096975   1.70167941E8    57.4 m      20.0 s       22.2%     4.3 h       3.4 h 
INFO  05:42:12,012 ProgressMeter -       4:2440033   1.71679405E8    57.9 m      20.0 s       22.3%     4.3 h       3.4 h 
INFO  05:42:42,013 ProgressMeter -       4:8038905   1.73179424E8    58.4 m      20.0 s       22.5%     4.3 h       3.3 h 
INFO  05:43:12,200 ProgressMeter -      4:14272380   1.7467944E8    58.9 m      20.0 s       22.7%     4.3 h       3.3 h 
INFO  05:43:42,201 ProgressMeter -      4:20721218   1.76179457E8    59.4 m      20.0 s       22.9%     4.3 h       3.3 h 
INFO  05:44:12,202 ProgressMeter -      4:27012133   1.77779475E8    59.9 m      20.0 s       23.1%     4.3 h       3.3 h 
INFO  05:44:42,203 ProgressMeter -      4:33646890   1.79279491E8    60.4 m      20.0 s       23.3%     4.3 h       3.3 h 
INFO  05:45:12,204 ProgressMeter -      4:39730636   1.80879509E8    60.9 m      20.0 s       23.5%     4.3 h       3.3 h 
INFO  05:45:42,206 ProgressMeter -      4:45771304   1.82379527E8    61.4 m      20.0 s       23.7%     4.3 h       3.3 h 
INFO  05:46:12,207 ProgressMeter -      4:49108974   1.83580162E8    61.9 m      20.0 s       23.8%     4.3 h       3.3 h 
INFO  05:46:42,208 ProgressMeter -      4:49155851   1.84488895E8    62.4 m      20.0 s       23.8%     4.4 h       3.3 h 
INFO  05:47:12,209 ProgressMeter -      4:56078400   1.8578922E8    62.9 m      20.0 s       24.1%     4.4 h       3.3 h 
INFO  05:47:42,210 ProgressMeter -      4:62488264   1.87389241E8    63.4 m      20.0 s       24.3%     4.4 h       3.3 h 
INFO  05:48:12,318 ProgressMeter -      4:68395953   1.8878958E8    63.9 m      20.0 s       24.5%     4.4 h       3.3 h 
INFO  05:48:42,320 ProgressMeter -      4:74462374   1.90289596E8    64.4 m      20.0 s       24.7%     4.4 h       3.3 h 
INFO  05:49:12,343 ProgressMeter -      4:80553331   1.91889615E8    64.9 m      20.0 s       24.9%     4.4 h       3.3 h 
INFO  05:49:42,344 ProgressMeter -      4:86659281   1.93489634E8    65.4 m      20.0 s       25.1%     4.4 h       3.3 h 
INFO  05:50:12,345 ProgressMeter -      4:93149536   1.95089654E8    65.9 m      20.0 s       25.3%     4.3 h       3.2 h 
INFO  05:50:42,476 ProgressMeter -      4:99815409   1.96689672E8    66.4 m      20.0 s       25.5%     4.3 h       3.2 h 
INFO  05:51:12,477 ProgressMeter -     4:106087382   1.98289688E8    66.9 m      20.0 s       25.7%     4.3 h       3.2 h 
INFO  05:51:42,478 ProgressMeter -     4:112291742   1.99789705E8    67.4 m      20.0 s       25.9%     4.3 h       3.2 h 
INFO  05:52:12,479 ProgressMeter -     4:118687884   2.01389723E8    67.9 m      20.0 s       26.1%     4.3 h       3.2 h 
INFO  05:52:42,480 ProgressMeter -     4:124660784   2.0288974E8    68.4 m      20.0 s       26.3%     4.3 h       3.2 h 
INFO  05:53:12,481 ProgressMeter -     4:131222637   2.04489759E8    68.9 m      20.0 s       26.5%     4.3 h       3.2 h 
INFO  05:53:42,482 ProgressMeter -     4:137906457   2.06089776E8    69.4 m      20.0 s       26.7%     4.3 h       3.2 h 
INFO  05:54:12,615 ProgressMeter -     4:143859898   2.07689796E8    69.9 m      20.0 s       26.9%     4.3 h       3.2 h 
INFO  05:54:42,616 ProgressMeter -     4:149888609   2.09289816E8    70.4 m      20.0 s       27.1%     4.3 h       3.2 h 
INFO  05:55:12,617 ProgressMeter -     4:155600205   2.10789833E8    70.9 m      20.0 s       27.3%     4.3 h       3.2 h 
INFO  05:55:42,783 ProgressMeter -     4:161814272   2.12389851E8    71.4 m      20.0 s       27.5%     4.3 h       3.1 h 
INFO  05:56:12,784 ProgressMeter -     4:167796885   2.13989868E8    71.9 m      20.0 s       27.7%     4.3 h       3.1 h 
INFO  05:56:42,812 ProgressMeter -     4:173828903   2.15489886E8    72.4 m      20.0 s       27.9%     4.3 h       3.1 h 
INFO  05:57:12,813 ProgressMeter -     4:179770092   2.16991483E8    72.9 m      20.0 s       28.1%     4.3 h       3.1 h 
INFO  05:57:42,814 ProgressMeter -     4:185630932   2.18491499E8    73.4 m      20.0 s       28.2%     4.3 h       3.1 h 
INFO  05:58:12,815 ProgressMeter -     4:190763001   2.19891516E8    73.9 m      20.0 s       28.4%     4.3 h       3.1 h 
INFO  05:58:42,816 ProgressMeter -       5:5695472   2.2137141E8    74.4 m      20.0 s       28.6%     4.3 h       3.1 h 
INFO  05:59:12,817 ProgressMeter -      5:11611892   2.22871431E8    74.9 m      20.0 s       28.8%     4.3 h       3.1 h 
INFO  05:59:42,819 ProgressMeter -      5:17984381   2.24471452E8    75.4 m      20.0 s       29.0%     4.3 h       3.1 h 
INFO  06:00:12,820 ProgressMeter -      5:24482265   2.25971469E8    75.9 m      20.0 s       29.2%     4.3 h       3.1 h 
INFO  06:00:42,822 ProgressMeter -      5:31180365   2.27571488E8    76.4 m      20.0 s       29.4%     4.3 h       3.1 h 
INFO  06:01:12,823 ProgressMeter -      5:36958612   2.29071508E8    76.9 m      20.0 s       29.6%     4.3 h       3.0 h 
INFO  06:01:42,824 ProgressMeter -      5:43127697   2.30671525E8    77.4 m      20.0 s       29.8%     4.3 h       3.0 h 
INFO  06:02:12,943 ProgressMeter -      5:51796830   2.32171549E8    77.9 m      20.0 s       30.1%     4.3 h       3.0 h 
INFO  06:02:42,944 ProgressMeter -      5:57981196   2.33671565E8    78.4 m      20.0 s       30.3%     4.3 h       3.0 h 
INFO  06:03:12,945 ProgressMeter -      5:64199638   2.35271583E8    78.9 m      20.0 s       30.5%     4.3 h       3.0 h 
INFO  06:03:43,019 ProgressMeter -      5:71408114   2.36771599E8    79.4 m      20.0 s       30.7%     4.3 h       3.0 h 
INFO  06:04:13,020 ProgressMeter -      5:77527502   2.38371617E8    79.9 m      20.0 s       30.9%     4.3 h       3.0 h 
INFO  06:04:43,198 ProgressMeter -      5:83729305   2.39971634E8    80.4 m      20.0 s       31.1%     4.3 h       3.0 h 
INFO  06:05:13,199 ProgressMeter -      5:90076212   2.41571654E8    80.9 m      20.0 s       31.3%     4.3 h       3.0 h 
INFO  06:05:43,200 ProgressMeter -      5:96340527   2.4317167E8    81.4 m      20.0 s       31.5%     4.3 h       2.9 h 
INFO  06:06:13,423 ProgressMeter -     5:102614878   2.44771691E8    81.9 m      20.0 s       31.7%     4.3 h       2.9 h 
INFO  06:06:43,424 ProgressMeter -     5:109094099   2.46371708E8    82.4 m      20.0 s       31.9%     4.3 h       2.9 h 
INFO  06:07:13,425 ProgressMeter -     5:114959933   2.47971726E8    82.9 m      20.0 s       32.1%     4.3 h       2.9 h 
INFO  06:07:43,636 ProgressMeter -     5:121197190   2.49471741E8    83.4 m      20.0 s       32.3%     4.3 h       2.9 h 
INFO  06:08:13,721 ProgressMeter -     5:127352418   2.51071758E8    83.9 m      20.0 s       32.5%     4.3 h       2.9 h 
INFO  06:08:43,722 ProgressMeter -     5:133505305   2.52671774E8    84.4 m      20.0 s       32.7%     4.3 h       2.9 h 
INFO  06:09:13,854 ProgressMeter -     5:139539031   2.54271792E8    84.9 m      20.0 s       32.9%     4.3 h       2.9 h 
INFO  06:09:43,927 ProgressMeter -     5:145575828   2.5587181E8    85.4 m      20.0 s       33.1%     4.3 h       2.9 h 
INFO  06:10:13,928 ProgressMeter -     5:151590898   2.57471827E8    85.9 m      20.0 s       33.3%     4.3 h       2.9 h 
INFO  06:10:43,929 ProgressMeter -     5:157754147   2.59071844E8    86.4 m      20.0 s       33.5%     4.3 h       2.9 h 
INFO  06:11:13,947 ProgressMeter -     5:163997245   2.60571861E8    86.9 m      20.0 s       33.7%     4.3 h       2.8 h 
INFO  06:11:44,106 ProgressMeter -     5:170441460   2.62171878E8    87.4 m      20.0 s       33.9%     4.3 h       2.8 h 
INFO  06:12:14,107 ProgressMeter -     5:176174661   2.63671898E8    87.9 m      20.0 s       34.1%     4.3 h       2.8 h 
INFO  06:12:44,108 ProgressMeter -       6:1382136   2.6524358E8    88.4 m      20.0 s       34.3%     4.3 h       2.8 h 
INFO  06:13:14,109 ProgressMeter -       6:7422214   2.66743597E8    88.9 m      20.0 s       34.5%     4.3 h       2.8 h 
INFO  06:13:44,299 ProgressMeter -      6:13095629   2.68143612E8    89.4 m      20.0 s       34.7%     4.3 h       2.8 h 
INFO  06:14:14,300 ProgressMeter -      6:18932095   2.69643628E8    89.9 m      20.0 s       34.9%     4.3 h       2.8 h 
INFO  06:14:44,446 ProgressMeter -      6:24939905   2.71143646E8    90.4 m      20.0 s       35.1%     4.3 h       2.8 h 
INFO  06:15:14,447 ProgressMeter -      6:30737613   2.72643665E8    90.9 m      20.0 s       35.2%     4.3 h       2.8 h 
INFO  06:15:44,644 ProgressMeter -      6:36330100   2.7404368E8    91.4 m      20.0 s       35.4%     4.3 h       2.8 h 
INFO  06:16:14,646 ProgressMeter -      6:41916868   2.75543696E8    91.9 m      20.0 s       35.6%     4.3 h       2.8 h 
INFO  06:16:44,647 ProgressMeter -      6:47691003   2.77043715E8    92.4 m      20.0 s       35.8%     4.3 h       2.8 h 
INFO  06:17:14,767 ProgressMeter -      6:54006307   2.78643732E8    92.9 m      20.0 s       36.0%     4.3 h       2.8 h 
INFO  06:17:44,769 ProgressMeter -      6:58776801   2.80043747E8    93.4 m      20.0 s       36.2%     4.3 h       2.8 h 
INFO  06:18:14,770 ProgressMeter -      6:63838197   2.81244398E8    93.9 m      20.0 s       36.3%     4.3 h       2.7 h 
INFO  06:18:44,771 ProgressMeter -      6:70247412   2.82844416E8    94.4 m      20.0 s       36.5%     4.3 h       2.7 h 
INFO  06:19:14,772 ProgressMeter -      6:76269579   2.84344432E8    94.9 m      20.0 s       36.7%     4.3 h       2.7 h 
INFO  06:19:44,773 ProgressMeter -      6:82604161   2.85944451E8    95.4 m      20.0 s       36.9%     4.3 h       2.7 h 
INFO  06:20:14,774 ProgressMeter -      6:88786240   2.87444468E8    95.9 m      20.0 s       37.1%     4.3 h       2.7 h 
INFO  06:20:44,775 ProgressMeter -      6:95233768   2.89044486E8    96.4 m      20.0 s       37.3%     4.3 h       2.7 h 
INFO  06:21:14,777 ProgressMeter -     6:101812132   2.90644507E8    96.9 m      20.0 s       37.5%     4.3 h       2.7 h 
INFO  06:21:44,971 ProgressMeter -     6:108025210   2.92144523E8    97.4 m      20.0 s       37.7%     4.3 h       2.7 h 
INFO  06:22:14,972 ProgressMeter -     6:114144238   2.9374454E8    97.9 m      20.0 s       37.9%     4.3 h       2.7 h 
INFO  06:22:44,973 ProgressMeter -     6:120342458   2.95344559E8    98.4 m      19.0 s       38.1%     4.3 h       2.7 h 
INFO  06:23:15,203 ProgressMeter -     6:126708761   2.96944575E8    99.0 m      19.0 s       38.3%     4.3 h       2.7 h 
INFO  06:23:45,204 ProgressMeter -     6:133023122   2.98544591E8    99.5 m      19.0 s       38.5%     4.3 h       2.6 h 
INFO  06:24:15,206 ProgressMeter -     6:139029854   3.00144609E8   100.0 m      19.0 s       38.7%     4.3 h       2.6 h 
INFO  06:24:45,207 ProgressMeter -     6:145323681   3.01744628E8   100.5 m      19.0 s       38.9%     4.3 h       2.6 h 
INFO  06:25:15,452 ProgressMeter -     6:151441700   3.03344645E8   101.0 m      19.0 s       39.1%     4.3 h       2.6 h 
INFO  06:25:45,453 ProgressMeter -     6:157524515   3.04844664E8   101.5 m      19.0 s       39.3%     4.3 h       2.6 h 
INFO  06:26:15,454 ProgressMeter -     6:163521374   3.06444682E8   102.0 m      19.0 s       39.5%     4.3 h       2.6 h 
INFO  06:26:45,455 ProgressMeter -     6:169589153   3.079447E8   102.5 m      19.0 s       39.7%     4.3 h       2.6 h 
INFO  06:27:15,598 ProgressMeter -       7:4514469   3.09398493E8   103.0 m      19.0 s       39.9%     4.3 h       2.6 h 
INFO  06:27:45,599 ProgressMeter -      7:10354742   3.10898509E8   103.5 m      19.0 s       40.1%     4.3 h       2.6 h 
INFO  06:28:15,750 ProgressMeter -      7:16838238   3.12398525E8   104.0 m      19.0 s       40.3%     4.3 h       2.6 h 
INFO  06:28:45,751 ProgressMeter -      7:22792257   3.13998542E8   104.5 m      19.0 s       40.5%     4.3 h       2.6 h 
INFO  06:29:15,752 ProgressMeter -      7:28798502   3.1549856E8   105.0 m      19.0 s       40.7%     4.3 h       2.5 h 
INFO  06:29:45,753 ProgressMeter -      7:34919626   3.17098578E8   105.5 m      19.0 s       40.9%     4.3 h       2.5 h 
INFO  06:30:15,754 ProgressMeter -      7:40775812   3.18598596E8   106.0 m      19.0 s       41.1%     4.3 h       2.5 h 
INFO  06:30:45,755 ProgressMeter -      7:46898247   3.20198614E8   106.5 m      19.0 s       41.3%     4.3 h       2.5 h 
INFO  06:31:15,756 ProgressMeter -      7:52989434   3.21698629E8   107.0 m      19.0 s       41.5%     4.3 h       2.5 h 
INFO  06:31:45,757 ProgressMeter -      7:61083540   3.23098683E8   107.5 m      19.0 s       41.7%     4.3 h       2.5 h 
INFO  06:32:15,758 ProgressMeter -      7:63998464   3.24199711E8   108.0 m      19.0 s       41.8%     4.3 h       2.5 h 
INFO  06:32:45,935 ProgressMeter -      7:69897918   3.25699728E8   108.5 m      19.0 s       42.0%     4.3 h       2.5 h 
INFO  06:33:16,100 ProgressMeter -      7:76555031   3.27199748E8   109.0 m      19.0 s       42.2%     4.3 h       2.5 h 
INFO  06:33:46,101 ProgressMeter -      7:83003225   3.28799766E8   109.5 m      19.0 s       42.4%     4.3 h       2.5 h 
INFO  06:34:16,102 ProgressMeter -      7:89422611   3.30299782E8   110.0 m      19.0 s       42.7%     4.3 h       2.5 h 
INFO  06:34:46,103 ProgressMeter -      7:95831857   3.3199981E8   110.5 m      19.0 s       42.9%     4.3 h       2.5 h 
INFO  06:35:16,104 ProgressMeter -     7:101745385   3.33499828E8   111.0 m      19.0 s       43.1%     4.3 h       2.4 h 
INFO  06:35:46,105 ProgressMeter -     7:107736649   3.34999844E8   111.5 m      19.0 s       43.2%     4.3 h       2.4 h 
INFO  06:36:16,106 ProgressMeter -     7:114334161   3.36599861E8   112.0 m      19.0 s       43.5%     4.3 h       2.4 h 
INFO  06:36:46,500 ProgressMeter -     7:120652315   3.38299883E8   112.5 m      19.0 s       43.7%     4.3 h       2.4 h 
INFO  06:37:16,501 ProgressMeter -     7:127098926   3.39799899E8   113.0 m      19.0 s       43.9%     4.3 h       2.4 h 
INFO  06:37:46,502 ProgressMeter -     7:133078818   3.41399915E8   113.5 m      19.0 s       44.1%     4.3 h       2.4 h 
INFO  06:38:16,588 ProgressMeter -     7:139128327   3.42899933E8   114.0 m      19.0 s       44.3%     4.3 h       2.4 h 
INFO  06:38:46,956 ProgressMeter -     7:145637326   3.44499949E8   114.5 m      19.0 s       44.5%     4.3 h       2.4 h 
INFO  06:39:16,957 ProgressMeter -     7:151751999   3.45999969E8   115.0 m      19.0 s       44.7%     4.3 h       2.4 h 
INFO  06:39:46,958 ProgressMeter -     7:157616084   3.47499985E8   115.5 m      19.0 s       44.9%     4.3 h       2.4 h 
INFO  06:40:16,959 ProgressMeter -       8:4242186   3.48852107E8   116.0 m      19.0 s       45.0%     4.3 h       2.4 h 
INFO  06:40:46,961 ProgressMeter -      8:10247879   3.50252122E8   116.5 m      19.0 s       45.2%     4.3 h       2.4 h 
INFO  06:41:16,962 ProgressMeter -      8:16028014   3.51652137E8   117.0 m      19.0 s       45.4%     4.3 h       2.3 h 
INFO  06:41:46,963 ProgressMeter -      8:22222262   3.53252157E8   117.5 m      19.0 s       45.6%     4.3 h       2.3 h 
INFO  06:42:17,205 ProgressMeter -      8:28271857   3.54752172E8   118.0 m      19.0 s       45.8%     4.3 h       2.3 h 
INFO  06:42:47,206 ProgressMeter -      8:34302001   3.56352189E8   118.5 m      19.0 s       46.0%     4.3 h       2.3 h 
INFO  06:43:17,208 ProgressMeter -      8:40716793   3.57952206E8   119.0 m      19.0 s       46.2%     4.3 h       2.3 h 
INFO  06:43:47,209 ProgressMeter -      8:43093337   3.58679066E8   119.5 m      19.0 s       46.3%     4.3 h       2.3 h 
INFO  06:44:17,210 ProgressMeter -      8:43120591   3.59080993E8   120.0 m      20.0 s       46.3%     4.3 h       2.3 h 
INFO  06:44:47,211 ProgressMeter -      8:50250772   3.60481116E8     2.0 h      20.0 s       46.5%     4.3 h       2.3 h 
INFO  06:45:17,373 ProgressMeter -      8:56408586   3.61981136E8     2.0 h      20.0 s       46.7%     4.3 h       2.3 h 
INFO  06:45:47,374 ProgressMeter -      8:62382864   3.63581153E8     2.0 h      20.0 s       46.9%     4.3 h       2.3 h 
INFO  06:46:17,375 ProgressMeter -      8:68470304   3.65181169E8     2.0 h      20.0 s       47.1%     4.3 h       2.3 h 
INFO  06:46:47,578 ProgressMeter -      8:74695237   3.66681186E8     2.0 h      20.0 s       47.3%     4.3 h       2.3 h 
INFO  06:47:17,578 ProgressMeter -      8:81115002   3.68281202E8     2.0 h      20.0 s       47.5%     4.3 h       2.3 h 
INFO  06:47:47,580 ProgressMeter -      8:87452922   3.69881219E8     2.1 h      20.0 s       47.7%     4.3 h       2.3 h 
INFO  06:48:17,581 ProgressMeter -      8:93995004   3.71481238E8     2.1 h      20.0 s       47.9%     4.3 h       2.2 h 
INFO  06:48:47,587 ProgressMeter -      8:99789010   3.73081257E8     2.1 h      20.0 s       48.1%     4.3 h       2.2 h 
INFO  06:49:17,588 ProgressMeter -     8:105751181   3.74581274E8     2.1 h      20.0 s       48.3%     4.3 h       2.2 h 
INFO  06:49:47,590 ProgressMeter -     8:112352022   3.76181292E8     2.1 h      20.0 s       48.5%     4.3 h       2.2 h 
INFO  06:50:17,591 ProgressMeter -     8:119005060   3.7778131E8     2.1 h      20.0 s       48.7%     4.3 h       2.2 h 
INFO  06:50:47,592 ProgressMeter -     8:125195058   3.79381327E8     2.1 h      20.0 s       48.9%     4.3 h       2.2 h 
INFO  06:51:17,752 ProgressMeter -     8:130969909   3.80881344E8     2.1 h      20.0 s       49.1%     4.3 h       2.2 h 
INFO  06:51:47,753 ProgressMeter -     8:137004402   3.82481364E8     2.1 h      19.0 s       49.3%     4.3 h       2.2 h 
INFO  06:52:17,754 ProgressMeter -     8:143039732   3.8398138E8     2.1 h      19.0 s       49.5%     4.3 h       2.2 h 
INFO  06:52:47,958 ProgressMeter -       9:2696398   3.85405059E8     2.1 h      20.0 s       49.7%     4.3 h       2.2 h 
INFO  06:53:17,959 ProgressMeter -       9:8331950   3.86905075E8     2.1 h      20.0 s       49.9%     4.3 h       2.2 h 
INFO  06:53:47,960 ProgressMeter -      9:14715408   3.88405091E8     2.2 h      20.0 s       50.1%     4.3 h       2.1 h 
INFO  06:54:17,961 ProgressMeter -      9:20618290   3.90005108E8     2.2 h      19.0 s       50.3%     4.3 h       2.1 h 
INFO  06:54:48,211 ProgressMeter -      9:26996263   3.91505125E8     2.2 h      19.0 s       50.5%     4.3 h       2.1 h 
INFO  06:55:18,212 ProgressMeter -      9:33219832   3.93005142E8     2.2 h      19.0 s       50.7%     4.3 h       2.1 h 
INFO  06:55:48,213 ProgressMeter -      9:38803717   3.94505158E8     2.2 h      19.0 s       50.9%     4.3 h       2.1 h 
INFO  06:56:18,214 ProgressMeter -      9:67341044   3.95605576E8     2.2 h      20.0 s       51.8%     4.2 h       2.0 h 
INFO  06:56:48,215 ProgressMeter -      9:73291219   3.96805592E8     2.2 h      20.0 s       52.0%     4.2 h       2.0 h 
INFO  06:57:18,216 ProgressMeter -      9:79614649   3.98405608E8     2.2 h      20.0 s       52.2%     4.2 h       2.0 h 
INFO  06:57:48,217 ProgressMeter -      9:85980161   3.99905624E8     2.2 h      20.0 s       52.4%     4.2 h       2.0 h 
INFO  06:58:18,331 ProgressMeter -      9:92202308   4.01505642E8     2.2 h      20.0 s       52.6%     4.2 h       2.0 h 
INFO  06:58:48,332 ProgressMeter -      9:98390575   4.03105662E8     2.2 h      20.0 s       52.8%     4.2 h       2.0 h 
INFO  06:59:18,333 ProgressMeter -     9:104378943   4.04705679E8     2.3 h      20.0 s       53.0%     4.2 h     119.8 m 
INFO  06:59:48,334 ProgressMeter -     9:110866290   4.06205696E8     2.3 h      20.0 s       53.2%     4.2 h     119.2 m 
INFO  07:00:18,335 ProgressMeter -     9:116516056   4.07705713E8     2.3 h      20.0 s       53.4%     4.2 h     118.8 m 
INFO  07:00:48,336 ProgressMeter -     9:122905438   4.09305731E8     2.3 h      20.0 s       53.6%     4.2 h     118.2 m 
INFO  07:01:18,338 ProgressMeter -     9:128543696   4.10905749E8     2.3 h      20.0 s       53.8%     4.2 h     117.8 m 
INFO  07:01:48,339 ProgressMeter -     9:134393397   4.12405765E8     2.3 h      20.0 s       54.0%     4.2 h     117.3 m 
INFO  07:02:18,363 ProgressMeter -     9:140181905   4.1380578E8     2.3 h      20.0 s       54.1%     4.2 h     116.9 m 
INFO  07:02:48,364 ProgressMeter -      10:4797365   4.15360054E8     2.3 h      20.0 s       54.3%     4.2 h     116.4 m 
INFO  07:03:18,381 ProgressMeter -     10:10596643   4.16860073E8     2.3 h      20.0 s       54.5%     4.2 h     116.0 m 
INFO  07:03:48,382 ProgressMeter -     10:16223034   4.18360089E8     2.3 h      20.0 s       54.7%     4.3 h     115.5 m 
INFO  07:04:18,383 ProgressMeter -     10:22960819   4.19860106E8     2.3 h      20.0 s       54.9%     4.2 h     114.9 m 
INFO  07:04:48,587 ProgressMeter -     10:28838564   4.21460122E8     2.3 h      20.0 s       55.1%     4.2 h     114.5 m 
INFO  07:05:18,588 ProgressMeter -     10:34919544   4.22960138E8     2.4 h      20.0 s       55.3%     4.2 h     114.0 m 
INFO  07:05:48,590 ProgressMeter -     10:39133963   4.2426031E8     2.4 h      20.0 s       55.4%     4.3 h     113.8 m 
INFO  07:06:18,591 ProgressMeter -     10:42388562   4.25168953E8     2.4 h      20.0 s       55.5%     4.3 h     113.7 m 
INFO  07:06:48,592 ProgressMeter -     10:42400737   4.26071541E8     2.4 h      20.0 s       55.5%     4.3 h     114.1 m 
INFO  07:07:18,593 ProgressMeter -     10:42599722   4.26874324E8     2.4 h      20.0 s       55.5%     4.3 h     114.4 m 
INFO  07:07:48,594 ProgressMeter -     10:46953634   4.28176011E8     2.4 h      20.0 s       55.7%     4.3 h     114.2 m 
INFO  07:08:18,595 ProgressMeter -     10:54405270   4.29676029E8     2.4 h      20.0 s       55.9%     4.3 h     113.5 m 
INFO  07:08:48,596 ProgressMeter -     10:60743489   4.31176044E8     2.4 h      20.0 s       56.1%     4.3 h     112.9 m 
INFO  07:09:18,597 ProgressMeter -     10:66684575   4.32776066E8     2.4 h      20.0 s       56.3%     4.3 h     112.4 m 
INFO  07:09:48,598 ProgressMeter -     10:72701546   4.34276082E8     2.4 h      20.0 s       56.5%     4.3 h     111.9 m 
INFO  07:10:18,635 ProgressMeter -     10:78502963   4.35876101E8     2.4 h      20.0 s       56.7%     4.3 h     111.5 m 
INFO  07:10:48,636 ProgressMeter -     10:84693191   4.37376117E8     2.4 h      20.0 s       56.9%     4.3 h     110.9 m 
INFO  07:11:18,637 ProgressMeter -     10:90844839   4.38976137E8     2.5 h      20.0 s       57.1%     4.3 h     110.4 m 
INFO  07:11:48,638 ProgressMeter -     10:96794353   4.40576155E8     2.5 h      20.0 s       57.3%     4.3 h     109.9 m 
INFO  07:12:18,734 ProgressMeter -    10:102566096   4.42076172E8     2.5 h      20.0 s       57.5%     4.3 h     109.5 m 
INFO  07:12:48,735 ProgressMeter -    10:108535379   4.43676191E8     2.5 h      20.0 s       57.7%     4.3 h     109.0 m 
INFO  07:13:18,736 ProgressMeter -    10:114486523   4.45176342E8     2.5 h      20.0 s       57.9%     4.3 h     108.5 m 
INFO  07:13:48,906 ProgressMeter -    10:120608115   4.46776362E8     2.5 h      20.0 s       58.1%     4.3 h     108.0 m 
INFO  07:14:18,907 ProgressMeter -    10:126514241   4.48276379E8     2.5 h      20.0 s       58.3%     4.3 h     107.5 m 
INFO  07:14:48,908 ProgressMeter -    10:132795600   4.49776396E8     2.5 h      20.0 s       58.5%     4.3 h     107.0 m 
INFO  07:15:18,909 ProgressMeter -      11:2891633   4.51241685E8     2.5 h      20.0 s       58.6%     4.3 h     106.5 m 
INFO  07:15:48,910 ProgressMeter -      11:8688214   4.52642136E8     2.5 h      20.0 s       58.8%     4.3 h     106.0 m 
INFO  07:16:18,911 ProgressMeter -     11:14405838   4.54242156E8     2.5 h      20.0 s       59.0%     4.3 h     105.6 m 
INFO  07:16:49,046 ProgressMeter -     11:20500171   4.55742174E8     2.5 h      20.0 s       59.2%     4.3 h     105.1 m 
INFO  07:17:19,047 ProgressMeter -     11:26643845   4.5724219E8     2.6 h      20.0 s       59.4%     4.3 h     104.6 m 
INFO  07:17:49,048 ProgressMeter -     11:33042407   4.58842209E8     2.6 h      20.0 s       59.6%     4.3 h     104.0 m 
INFO  07:18:19,209 ProgressMeter -     11:39106920   4.60342224E8     2.6 h      20.0 s       59.8%     4.3 h     103.5 m 
INFO  07:18:49,210 ProgressMeter -     11:45294443   4.6184224E8     2.6 h      20.0 s       60.0%     4.3 h     103.0 m 
INFO  07:19:19,211 ProgressMeter -     11:50688920   4.63342255E8     2.6 h      20.0 s       60.2%     4.3 h     102.6 m 
INFO  07:19:49,429 ProgressMeter -     11:57968235   4.64542442E8     2.6 h      20.0 s       60.4%     4.3 h     101.9 m 
INFO  07:20:19,430 ProgressMeter -     11:63599901   4.66142459E8     2.6 h      20.0 s       60.6%     4.3 h     101.5 m 
INFO  07:20:49,660 ProgressMeter -     11:69327106   4.67642475E8     2.6 h      20.0 s       60.8%     4.3 h     101.0 m 
INFO  07:21:19,661 ProgressMeter -     11:75262178   4.69142492E8     2.6 h      20.0 s       61.0%     4.3 h     100.5 m 
INFO  07:21:49,662 ProgressMeter -     11:81224165   4.7074251E8     2.6 h      20.0 s       61.2%     4.3 h     100.0 m 
INFO  07:22:19,663 ProgressMeter -     11:87273595   4.72242527E8     2.6 h      20.0 s       61.4%     4.3 h      99.5 m 
INFO  07:22:49,664 ProgressMeter -     11:93701906   4.73742543E8     2.6 h      20.0 s       61.6%     4.3 h      99.0 m 
INFO  07:23:19,665 ProgressMeter -     11:99868461   4.75342561E8     2.7 h      20.0 s       61.8%     4.3 h      98.4 m 
INFO  07:23:49,666 ProgressMeter -    11:106061094   4.76842579E8     2.7 h      20.0 s       62.0%     4.3 h      97.9 m 
INFO  07:24:19,668 ProgressMeter -    11:111811172   4.78342596E8     2.7 h      20.0 s       62.1%     4.3 h      97.5 m 
INFO  07:24:49,964 ProgressMeter -    11:117945394   4.79942614E8     2.7 h      20.0 s       62.3%     4.3 h      96.9 m 
INFO  07:25:19,965 ProgressMeter -    11:123529240   4.8144263E8     2.7 h      20.0 s       62.5%     4.3 h      96.5 m 
INFO  07:25:49,967 ProgressMeter -    11:129635987   4.83042649E8     2.7 h      20.0 s       62.7%     4.3 h      96.0 m 
INFO  07:26:19,968 ProgressMeter -       12:795250   4.84535657E8     2.7 h      20.0 s       62.9%     4.3 h      95.5 m 
INFO  07:26:50,076 ProgressMeter -      12:6466274   4.86135677E8     2.7 h      20.0 s       63.1%     4.3 h      95.0 m 
INFO  07:27:20,077 ProgressMeter -     12:11958465   4.87535692E8     2.7 h      20.0 s       63.3%     4.3 h      94.6 m 
INFO  07:27:50,078 ProgressMeter -     12:17964781   4.89135714E8     2.7 h      20.0 s       63.5%     4.3 h      94.1 m 
INFO  07:28:20,079 ProgressMeter -     12:24164767   4.90635731E8     2.7 h      20.0 s       63.7%     4.3 h      93.6 m 
INFO  07:28:50,080 ProgressMeter -     12:29869998   4.92235751E8     2.7 h      20.0 s       63.9%     4.3 h      93.1 m 
INFO  07:29:20,217 ProgressMeter -     12:38085052   4.93635766E8     2.8 h      20.0 s       64.1%     4.3 h      92.3 m 
INFO  07:29:50,218 ProgressMeter -     12:43880797   4.95235785E8     2.8 h      20.0 s       64.3%     4.3 h      91.9 m 
INFO  07:30:20,219 ProgressMeter -     12:49869874   4.96735809E8     2.8 h      20.0 s       64.5%     4.3 h      91.4 m 
INFO  07:30:50,220 ProgressMeter -     12:55488644   4.98335827E8     2.8 h      20.0 s       64.7%     4.3 h      90.9 m 
INFO  07:31:20,221 ProgressMeter -     12:61114411   4.99835845E8     2.8 h      20.0 s       64.9%     4.3 h      90.5 m 
INFO  07:31:50,222 ProgressMeter -     12:67327313   5.01335862E8     2.8 h      20.0 s       65.1%     4.3 h      89.9 m 
INFO  07:32:20,223 ProgressMeter -     12:73244804   5.02935879E8     2.8 h      20.0 s       65.3%     4.3 h      89.5 m 
INFO  07:32:50,226 ProgressMeter -     12:79562776   5.04435894E8     2.8 h      20.0 s       65.5%     4.3 h      88.9 m 
INFO  07:33:20,227 ProgressMeter -     12:86118947   5.06035914E8     2.8 h      20.0 s       65.7%     4.3 h      88.4 m 
INFO  07:33:50,228 ProgressMeter -     12:92436057   5.07635932E8     2.8 h      20.0 s       65.9%     4.3 h      87.8 m 
INFO  07:34:20,229 ProgressMeter -     12:97977459   5.09235952E8     2.8 h      20.0 s       66.1%     4.3 h      87.4 m 
INFO  07:34:50,405 ProgressMeter -    12:104016118   5.1083597E8     2.8 h      20.0 s       66.2%     4.3 h      86.9 m 
INFO  07:35:20,406 ProgressMeter -    12:109922139   5.12335986E8     2.9 h      20.0 s       66.4%     4.3 h      86.4 m 
INFO  07:35:50,407 ProgressMeter -    12:115848357   5.13936003E8     2.9 h      20.0 s       66.6%     4.3 h      85.9 m 
INFO  07:36:20,408 ProgressMeter -    12:121535847   5.15536021E8     2.9 h      20.0 s       66.8%     4.3 h      85.4 m 
INFO  07:36:50,586 ProgressMeter -    12:127248139   5.17036038E8     2.9 h      20.0 s       67.0%     4.3 h      85.0 m 
INFO  07:37:20,587 ProgressMeter -    12:133175948   5.18536059E8     2.9 h      20.0 s       67.2%     4.3 h      84.5 m 
INFO  07:37:50,588 ProgressMeter -     13:24235000   5.1997599E8     2.9 h      20.0 s       68.0%     4.3 h      81.7 m 
INFO  07:38:20,829 ProgressMeter -     13:29933641   5.21476005E8     2.9 h      20.0 s       68.2%     4.3 h      81.2 m 
INFO  07:38:50,830 ProgressMeter -     13:35779998   5.22976023E8     2.9 h      20.0 s       68.4%     4.3 h      80.8 m 
INFO  07:39:21,081 ProgressMeter -     13:41910263   5.24576039E8     2.9 h      20.0 s       68.6%     4.3 h      80.3 m 
INFO  07:39:51,082 ProgressMeter -     13:47672527   5.26076058E8     2.9 h      20.0 s       68.7%     4.3 h      79.8 m 
INFO  07:40:21,083 ProgressMeter -     13:53674004   5.27676079E8     2.9 h      20.0 s       68.9%     4.3 h      79.3 m 
INFO  07:40:51,246 ProgressMeter -     13:60045441   5.29276096E8     2.9 h      20.0 s       69.1%     4.3 h      78.8 m 
INFO  07:41:21,247 ProgressMeter -     13:66444680   5.30776153E8     3.0 h      20.0 s       69.4%     4.3 h      78.2 m 
INFO  07:41:51,248 ProgressMeter -     13:72882444   5.32276169E8     3.0 h      20.0 s       69.6%     4.3 h      77.7 m 
INFO  07:42:21,249 ProgressMeter -     13:78625855   5.33776189E8     3.0 h      20.0 s       69.7%     4.3 h      77.2 m 
INFO  07:42:51,250 ProgressMeter -     13:85060643   5.35376207E8     3.0 h      20.0 s       70.0%     4.3 h      76.7 m 
INFO  07:43:21,251 ProgressMeter -     13:91727633   5.36876223E8     3.0 h      20.0 s       70.2%     4.3 h      76.1 m 
INFO  07:43:51,252 ProgressMeter -     13:97931383   5.38476241E8     3.0 h      20.0 s       70.4%     4.3 h      75.6 m 
INFO  07:44:21,253 ProgressMeter -    13:103748901   5.39976258E8     3.0 h      20.0 s       70.6%     4.3 h      75.1 m 
INFO  07:44:51,254 ProgressMeter -    13:109905832   5.41576275E8     3.0 h      20.0 s       70.8%     4.3 h      74.6 m 
INFO  07:45:21,255 ProgressMeter -     14:19705915   5.4293115E8     3.0 h      20.0 s       71.6%     4.2 h      72.0 m 
INFO  07:45:51,256 ProgressMeter -     14:25420797   5.44431169E8     3.0 h      20.0 s       71.7%     4.2 h      71.5 m 
INFO  07:46:21,257 ProgressMeter -     14:31557707   5.45931188E8     3.0 h      20.0 s       71.9%     4.2 h      71.0 m 
INFO  07:46:51,258 ProgressMeter -     14:37583420   5.47531206E8     3.0 h      20.0 s       72.1%     4.2 h      70.5 m 
INFO  07:47:21,259 ProgressMeter -     14:43833720   5.49131223E8     3.1 h      20.0 s       72.3%     4.2 h      70.0 m 
INFO  07:47:51,343 ProgressMeter -     14:50134866   5.50631239E8     3.1 h      20.0 s       72.5%     4.2 h      69.5 m 
INFO  07:48:21,344 ProgressMeter -     14:55732340   5.52131259E8     3.1 h      20.0 s       72.7%     4.2 h      69.0 m 
INFO  07:48:51,345 ProgressMeter -     14:61819263   5.53731276E8     3.1 h      19.0 s       72.9%     4.2 h      68.5 m 
INFO  07:49:21,346 ProgressMeter -     14:67641985   5.55331293E8     3.1 h      19.0 s       73.1%     4.2 h      68.1 m 
INFO  07:49:51,454 ProgressMeter -     14:73248346   5.56931311E8     3.1 h      19.0 s       73.3%     4.2 h      67.6 m 
INFO  07:50:21,455 ProgressMeter -     14:78971639   5.58431328E8     3.1 h      19.0 s       73.5%     4.2 h      67.2 m 
INFO  07:50:51,456 ProgressMeter -     14:85280562   5.60031345E8     3.1 h      19.0 s       73.7%     4.2 h      66.7 m 
INFO  07:51:21,457 ProgressMeter -     14:91472411   5.61531363E8     3.1 h      19.0 s       73.9%     4.2 h      66.2 m 
INFO  07:51:51,459 ProgressMeter -     14:97048983   5.63031381E8     3.1 h      19.0 s       74.1%     4.2 h      65.7 m 
INFO  07:52:21,460 ProgressMeter -    14:102907012   5.64631398E8     3.1 h      19.0 s       74.2%     4.2 h      65.2 m 
INFO  07:52:51,462 ProgressMeter -     15:20566136   5.65994602E8     3.1 h      19.0 s       75.0%     4.2 h      62.7 m 
INFO  07:53:21,463 ProgressMeter -     15:26513914   5.6739462E8     3.2 h      19.0 s       75.2%     4.2 h      62.2 m 
INFO  07:53:51,539 ProgressMeter -     15:33427214   5.68894635E8     3.2 h      19.0 s       75.5%     4.2 h      61.6 m 
INFO  07:54:21,540 ProgressMeter -     15:39357602   5.70394653E8     3.2 h      19.0 s       75.7%     4.2 h      61.2 m 
INFO  07:54:51,541 ProgressMeter -     15:45359554   5.71994671E8     3.2 h      19.0 s       75.8%     4.2 h      60.7 m 
INFO  07:55:21,753 ProgressMeter -     15:51470474   5.73594689E8     3.2 h      19.0 s       76.0%     4.2 h      60.2 m 
INFO  07:55:51,754 ProgressMeter -     15:57336696   5.7509471E8     3.2 h      19.0 s       76.2%     4.2 h      59.7 m 
INFO  07:56:21,755 ProgressMeter -     15:63113269   5.76694732E8     3.2 h      19.0 s       76.4%     4.2 h      59.3 m 
INFO  07:56:52,034 ProgressMeter -     15:68832827   5.78194749E8     3.2 h      19.0 s       76.6%     4.2 h      58.8 m 
INFO  07:57:22,035 ProgressMeter -     15:74659249   5.79694765E8     3.2 h      19.0 s       76.8%     4.2 h      58.3 m 
INFO  07:57:52,036 ProgressMeter -     15:80585667   5.81294789E8     3.2 h      19.0 s       77.0%     4.2 h      57.9 m 
INFO  07:58:22,037 ProgressMeter -     15:87066712   5.82794812E8     3.2 h      19.0 s       77.2%     4.2 h      57.3 m 
INFO  07:58:52,038 ProgressMeter -     15:92831103   5.84294832E8     3.2 h      19.0 s       77.4%     4.2 h      56.9 m 
INFO  07:59:22,039 ProgressMeter -     15:98866537   5.8589485E8     3.3 h      19.0 s       77.6%     4.2 h      56.4 m 
INFO  07:59:52,040 ProgressMeter -      16:1989815   5.87370993E8     3.3 h      19.0 s       77.8%     4.2 h      55.9 m 
INFO  08:00:22,041 ProgressMeter -      16:7919949   5.88771007E8     3.3 h      19.0 s       77.9%     4.2 h      55.5 m 
INFO  08:00:52,304 ProgressMeter -     16:13323471   5.90271025E8     3.3 h      19.0 s       78.1%     4.2 h      55.1 m 
INFO  08:01:22,516 ProgressMeter -     16:19560147   5.91771042E8     3.3 h      19.0 s       78.3%     4.2 h      54.5 m 
INFO  08:01:52,517 ProgressMeter -     16:25486356   5.9327106E8     3.3 h      19.0 s       78.5%     4.2 h      54.1 m 
INFO  08:02:22,519 ProgressMeter -     16:31526158   5.94771078E8     3.3 h      19.0 s       78.7%     4.2 h      53.6 m 
INFO  08:02:52,520 ProgressMeter -     16:34858077   5.95971154E8     3.3 h      19.0 s       78.8%     4.2 h      53.4 m 
INFO  08:03:22,521 ProgressMeter -     16:46405614   5.97071399E8     3.3 h      20.0 s       79.2%     4.2 h      52.3 m 
INFO  08:03:52,522 ProgressMeter -     16:49207104   5.98371539E8     3.3 h      20.0 s       79.3%     4.2 h      52.2 m 
INFO  08:04:22,523 ProgressMeter -     16:55401450   5.99871559E8     3.3 h      20.0 s       79.5%     4.2 h      51.7 m 
INFO  08:04:52,717 ProgressMeter -     16:61437486   6.01471576E8     3.3 h      20.0 s       79.7%     4.2 h      51.2 m 
INFO  08:05:22,718 ProgressMeter -     16:67843023   6.02971595E8     3.4 h      20.0 s       79.9%     4.2 h      50.7 m 
INFO  08:05:52,719 ProgressMeter -     16:73828421   6.04571613E8     3.4 h      20.0 s       80.1%     4.2 h      50.2 m 
INFO  08:06:22,720 ProgressMeter -     16:79548937   6.06071628E8     3.4 h      20.0 s       80.3%     4.2 h      49.7 m 
INFO  08:06:52,721 ProgressMeter -     16:85121957   6.07471643E8     3.4 h      20.0 s       80.4%     4.2 h      49.3 m 
INFO  08:07:22,722 ProgressMeter -       17:490844   6.08912335E8     3.4 h      20.0 s       80.6%     4.2 h      48.8 m 
INFO  08:07:52,723 ProgressMeter -      17:5989758   6.1041235E8     3.4 h      20.0 s       80.8%     4.2 h      48.4 m 
INFO  08:08:22,724 ProgressMeter -     17:11881544   6.11912366E8     3.4 h      20.0 s       81.0%     4.2 h      47.9 m 
INFO  08:08:52,725 ProgressMeter -     17:17816151   6.13412383E8     3.4 h      20.0 s       81.2%     4.2 h      47.4 m 
INFO  08:09:22,815 ProgressMeter -     17:22257440   6.14812439E8     3.4 h      20.0 s       81.3%     4.2 h      47.1 m 
INFO  08:09:52,816 ProgressMeter -     17:29788067   6.16212623E8     3.4 h      20.0 s       81.6%     4.2 h      46.5 m 
INFO  08:10:22,817 ProgressMeter -     17:35761550   6.17812643E8     3.4 h      20.0 s       81.8%     4.2 h      46.0 m 
INFO  08:10:52,818 ProgressMeter -     17:41400198   6.19312665E8     3.4 h      20.0 s       81.9%     4.2 h      45.5 m 
INFO  08:11:23,046 ProgressMeter -     17:47057008   6.20812685E8     3.5 h      20.0 s       82.1%     4.2 h      45.1 m 
INFO  08:11:53,047 ProgressMeter -     17:53171786   6.22312701E8     3.5 h      20.0 s       82.3%     4.2 h      44.6 m 
INFO  08:12:23,048 ProgressMeter -     17:59200029   6.23912718E8     3.5 h      20.0 s       82.5%     4.2 h      44.1 m 
INFO  08:12:53,049 ProgressMeter -     17:64975479   6.25512735E8     3.5 h      20.0 s       82.7%     4.2 h      43.6 m 
INFO  08:13:23,332 ProgressMeter -     17:71075572   6.27012751E8     3.5 h      20.0 s       82.9%     4.2 h      43.1 m 
INFO  08:13:53,333 ProgressMeter -     17:76674264   6.2851277E8     3.5 h      20.0 s       83.1%     4.2 h      42.7 m 
INFO  08:14:23,334 ProgressMeter -       18:359040   6.29920897E8     3.5 h      20.0 s       83.2%     4.2 h      42.3 m 
INFO  08:14:53,620 ProgressMeter -      18:6290441   6.31420915E8     3.5 h      20.0 s       83.4%     4.2 h      41.8 m 
INFO  08:15:23,622 ProgressMeter -     18:12113184   6.32920934E8     3.5 h      20.0 s       83.6%     4.2 h      41.4 m 
INFO  08:15:53,623 ProgressMeter -     18:18519631   6.34221247E8     3.5 h      20.0 s       83.8%     4.2 h      40.8 m 
INFO  08:16:23,902 ProgressMeter -     18:24356054   6.35721264E8     3.5 h      20.0 s       84.0%     4.2 h      40.4 m 
INFO  08:16:53,903 ProgressMeter -     18:30870259   6.37321282E8     3.5 h      20.0 s       84.2%     4.2 h      39.8 m 
INFO  08:17:23,904 ProgressMeter -     18:37071054   6.389213E8     3.6 h      20.0 s       84.4%     4.2 h      39.3 m 
INFO  08:17:53,905 ProgressMeter -     18:43597058   6.40421315E8     3.6 h      20.0 s       84.6%     4.2 h      38.8 m 
INFO  08:18:24,131 ProgressMeter -     18:49408681   6.42021334E8     3.6 h      20.0 s       84.8%     4.2 h      38.3 m 
INFO  08:18:54,132 ProgressMeter -     18:55653167   6.4352135E8     3.6 h      20.0 s       85.0%     4.2 h      37.8 m 
INFO  08:19:24,133 ProgressMeter -     18:61352188   6.45121367E8     3.6 h      20.0 s       85.2%     4.2 h      37.4 m 
INFO  08:19:54,134 ProgressMeter -     18:67737330   6.46621385E8     3.6 h      20.0 s       85.4%     4.2 h      36.8 m 
INFO  08:20:24,257 ProgressMeter -     18:74050825   6.48121404E8     3.6 h      20.0 s       85.6%     4.2 h      36.3 m 
INFO  08:20:54,258 ProgressMeter -      19:1726254   6.49597771E8     3.6 h      20.0 s       85.8%     4.2 h      35.9 m 
INFO  08:21:24,430 ProgressMeter -      19:7508460   6.50997788E8     3.6 h      20.0 s       86.0%     4.2 h      35.4 m 
INFO  08:21:54,472 ProgressMeter -     19:13060977   6.52497805E8     3.6 h      20.0 s       86.2%     4.2 h      35.0 m 
INFO  08:22:24,473 ProgressMeter -     19:18529998   6.5399782E8     3.6 h      20.0 s       86.3%     4.2 h      34.5 m 
INFO  08:22:54,474 ProgressMeter -     19:24531261   6.55397834E8     3.6 h      20.0 s       86.5%     4.2 h      34.0 m 
INFO  08:23:25,492 ProgressMeter -     19:29181107   6.56400596E8     3.7 h      20.0 s       86.7%     4.2 h      33.7 m 
INFO  08:23:55,704 ProgressMeter -     19:35174090   6.57900616E8     3.7 h      20.0 s       86.9%     4.2 h      33.2 m 
INFO  08:24:25,705 ProgressMeter -     19:40996532   6.59500636E8     3.7 h      20.0 s       87.1%     4.2 h      32.7 m 
INFO  08:24:55,736 ProgressMeter -     19:46790020   6.61000654E8     3.7 h      20.0 s       87.2%     4.2 h      32.2 m 
INFO  08:25:25,737 ProgressMeter -     19:52457295   6.62500671E8     3.7 h      20.0 s       87.4%     4.2 h      31.8 m 
INFO  08:25:55,738 ProgressMeter -     19:58401520   6.64000689E8     3.7 h      20.0 s       87.6%     4.2 h      31.3 m 
INFO  08:26:25,739 ProgressMeter -      20:5178263   6.6552198E8     3.7 h      20.0 s       87.8%     4.2 h      30.8 m 
INFO  08:26:55,740 ProgressMeter -     20:11388277   6.67121999E8     3.7 h      20.0 s       88.0%     4.2 h      30.3 m 
INFO  08:27:25,741 ProgressMeter -     20:17779694   6.68622021E8     3.7 h      20.0 s       88.2%     4.2 h      29.8 m 
INFO  08:27:55,742 ProgressMeter -     20:24108079   6.70222041E8     3.7 h      20.0 s       88.4%     4.2 h      29.3 m 
INFO  08:28:25,743 ProgressMeter -     20:31647409   6.71622058E8     3.7 h      20.0 s       88.7%     4.2 h      28.7 m 
INFO  08:28:55,938 ProgressMeter -     20:37537183   6.73222076E8     3.7 h      20.0 s       88.9%     4.2 h      28.2 m 
INFO  08:29:25,939 ProgressMeter -     20:43673573   6.74822093E8     3.8 h      20.0 s       89.1%     4.2 h      27.7 m 
INFO  08:29:55,940 ProgressMeter -     20:49498811   6.76322109E8     3.8 h      20.0 s       89.2%     4.2 h      27.2 m 
INFO  08:30:26,118 ProgressMeter -     20:55292210   6.77922131E8     3.8 h      20.0 s       89.4%     4.2 h      26.7 m 
INFO  08:30:56,119 ProgressMeter -     20:61385677   6.79422147E8     3.8 h      20.0 s       89.6%     4.2 h      26.2 m 
INFO  08:31:26,121 ProgressMeter -     21:10800332   6.80593947E8     3.8 h      20.0 s       90.0%     4.2 h      25.2 m 
INFO  08:31:56,122 ProgressMeter -     21:17838140   6.81994122E8     3.8 h      20.0 s       90.3%     4.2 h      24.6 m 
INFO  08:32:26,123 ProgressMeter -     21:24168050   6.83494137E8     3.8 h      20.0 s       90.5%     4.2 h      24.1 m 
INFO  08:32:56,124 ProgressMeter -     21:30295752   6.85094158E8     3.8 h      20.0 s       90.7%     4.2 h      23.6 m 
INFO  08:33:26,125 ProgressMeter -     21:36218846   6.86594174E8     3.8 h      20.0 s       90.8%     4.2 h      23.1 m 
INFO  08:33:56,215 ProgressMeter -     21:42318761   6.88194193E8     3.8 h      20.0 s       91.0%     4.2 h      22.6 m 
INFO  08:34:26,216 ProgressMeter -     21:48051477   6.8969421E8     3.8 h      20.0 s       91.2%     4.2 h      22.1 m 
INFO  08:34:56,217 ProgressMeter -     22:21345751   6.91067649E8     3.8 h      20.0 s       91.9%     4.2 h      20.3 m 
INFO  08:35:26,299 ProgressMeter -     22:27551528   6.92567667E8     3.9 h      20.0 s       92.1%     4.2 h      19.8 m 
INFO  08:35:56,300 ProgressMeter -     22:33596007   6.94167685E8     3.9 h      20.0 s       92.3%     4.2 h      19.3 m 
INFO  08:36:26,301 ProgressMeter -     22:39389619   6.95667706E8     3.9 h      20.0 s       92.5%     4.2 h      18.8 m 
INFO  08:36:56,520 ProgressMeter -     22:45220642   6.97267725E8     3.9 h      20.0 s       92.7%     4.2 h      18.4 m 
INFO  08:37:26,521 ProgressMeter -     22:50880627   6.98767743E8     3.9 h      20.0 s       92.9%     4.2 h      17.9 m 
INFO  08:37:56,522 ProgressMeter -       X:8790851   7.00163668E8     3.9 h      20.0 s       93.2%     4.2 h      17.1 m 
INFO  08:38:26,546 ProgressMeter -      X:21024973   7.01763686E8     3.9 h      20.0 s       93.6%     4.2 h      16.1 m 
INFO  08:38:56,547 ProgressMeter -      X:33666536   7.03363702E8     3.9 h      20.0 s       94.0%     4.2 h      15.1 m 
INFO  08:39:26,594 ProgressMeter -      X:46326896   7.04963719E8     3.9 h      20.0 s       94.4%     4.2 h      14.0 m 
INFO  08:39:56,682 ProgressMeter -      X:61692095   7.06463735E8     3.9 h      20.0 s       94.9%     4.1 h      12.7 m 
INFO  08:40:26,683 ProgressMeter -      X:72252001   7.07963769E8     3.9 h      20.0 s       95.2%     4.1 h      11.9 m 
INFO  08:40:56,763 ProgressMeter -      X:84852615   7.09563787E8     3.9 h      20.0 s       95.6%     4.1 h      10.8 m 
INFO  08:41:26,874 ProgressMeter -      X:98502378   7.11063805E8     4.0 h      20.0 s       96.1%     4.1 h       9.7 m 
INFO  08:41:56,875 ProgressMeter -     X:111516128   7.12663822E8     4.0 h      20.0 s       96.5%     4.1 h       8.7 m 
INFO  08:42:27,046 ProgressMeter -     X:124062743   7.1426384E8     4.0 h      20.0 s       96.9%     4.1 h       7.7 m 
INFO  08:42:57,081 ProgressMeter -     X:136737619   7.15863856E8     4.0 h      20.0 s       97.3%     4.1 h       6.6 m 
INFO  08:43:27,082 ProgressMeter -     X:150331231   7.17363871E8     4.0 h      20.0 s       97.7%     4.1 h       5.6 m 
INFO  08:43:57,094 ProgressMeter -       Y:9115415   7.18984279E8     4.0 h      19.0 s       98.2%     4.1 h       4.4 m 
INFO  08:44:27,095 ProgressMeter -      Y:13844093   7.19991111E8     4.0 h      20.0 s       98.3%     4.1 h       4.1 m 
INFO  08:44:57,096 ProgressMeter -      Y:23592378   7.21491222E8     4.0 h      20.0 s       98.6%     4.1 h       3.3 m 
INFO  08:45:27,337 ProgressMeter -         MT:2924   7.22431744E8     4.0 h      20.0 s       99.8%     4.0 h      28.0 s 
INFO  08:45:57,338 ProgressMeter - GL000207.1:4254   7.23878225E8     4.0 h      20.0 s       99.8%     4.0 h      28.0 s 
INFO  08:46:27,339 ProgressMeter - GL000221.1:151132   7.24994612E8     4.0 h      20.0 s       99.9%     4.0 h      19.0 s 
INFO  08:46:57,340 ProgressMeter - GL000220.1:139091   7.26341482E8     4.0 h      20.0 s       99.9%     4.0 h      17.0 s 
INFO  08:47:27,341 ProgressMeter - GL000199.1:169799   7.27350344E8     4.1 h      20.0 s       99.9%     4.1 h      14.0 s 
INFO  08:47:57,342 ProgressMeter - GL000212.1:40659   7.28468503E8     4.1 h      20.0 s       99.9%     4.1 h       7.0 s 
INFO  08:48:27,343 ProgressMeter - GL000225.1:197954   7.29386211E8     4.1 h      20.0 s      100.0%     4.1 h       2.0 s 
INFO  08:48:57,344 ProgressMeter - GL000225.1:197954   7.29386211E8     4.1 h      20.0 s      100.0%     4.1 h       2.0 s 
INFO  08:49:27,345 ProgressMeter - GL000225.1:197954   7.29386211E8     4.1 h      20.0 s      100.0%     4.1 h       2.0 s 
INFO  08:49:38,930 BaseRecalibrator - Calculating quantized quality scores... 
INFO  08:49:39,035 BaseRecalibrator - Writing recalibration report... 
INFO  08:49:41,540 BaseRecalibrator - ...done! 
INFO  08:49:41,541 BaseRecalibrator - BaseRecalibrator was able to recalibrate 729588073 reads 
INFO  08:49:41,541 ProgressMeter -            done   7.29595287E8     4.1 h      20.0 s      100.0%     4.1 h       0.0 s 
INFO  08:49:41,541 ProgressMeter - Total runtime 14723.35 secs, 245.39 min, 4.09 hours 
INFO  08:49:41,542 MicroScheduler - 136380557 reads were filtered out during the traversal out of approximately 865975844 total reads (15.75%) 
INFO  08:49:41,542 MicroScheduler -   -> 79483128 reads (9.18% of total) failing DuplicateReadFilter 
INFO  08:49:41,542 MicroScheduler -   -> 0 reads (0.00% of total) failing FailsVendorQualityCheckFilter 
INFO  08:49:41,542 MicroScheduler -   -> 0 reads (0.00% of total) failing MalformedReadFilter 
INFO  08:49:41,542 MicroScheduler -   -> 0 reads (0.00% of total) failing MappingQualityUnavailableFilter 
INFO  08:49:41,542 MicroScheduler -   -> 55391799 reads (6.40% of total) failing MappingQualityZeroFilter 
INFO  08:49:41,542 MicroScheduler -   -> 1505630 reads (0.17% of total) failing NotPrimaryAlignmentFilter 
INFO  08:49:41,542 MicroScheduler -   -> 0 reads (0.00% of total) failing UnmappedReadFilter 
INFO  08:49:43,321 GATKRunReport - Uploaded run statistics report to AWS S3 
