SLF4J: Class path contains multiple SLF4J bindings.
SLF4J: Found binding in [jar:file:/apus/v1/a2014205/software/piper_bin/Piper/Piper-v1.3.0/lib/GenomeAnalysisTK.jar!/org/slf4j/impl/StaticLoggerBinder.class]
SLF4J: Found binding in [jar:file:/apus/v1/a2014205/software/piper_bin/Piper/Piper-v1.3.0/lib/Queue.jar!/org/slf4j/impl/StaticLoggerBinder.class]
SLF4J: See http://www.slf4j.org/codes.html#multiple_bindings for an explanation.
INFO  18:46:36,546 HelpFormatter - -------------------------------------------------------------------------------- 
INFO  18:46:36,549 HelpFormatter - The Genome Analysis Toolkit (GATK) v3.3-0-geee94ec, Compiled 2016/02/26 09:40:23 
INFO  18:46:36,549 HelpFormatter - Copyright (c) 2010 The Broad Institute 
INFO  18:46:36,549 HelpFormatter - For support and documentation go to http://www.broadinstitute.org/gatk 
INFO  18:46:36,553 HelpFormatter - Program Args: -T BaseRecalibrator -I /scratch/109642/ANALYSIS/P4107/piper_ngi/05_processed_alignments/P4107_1003.clean.dedup.recal.bam -R /proj/a2014205/piper_references/gatk_bundle/2.8/b37/human_g1k_v37.fasta -nct 16 -knownSites /proj/a2014205/piper_references/gatk_bundle/2.8/b37/dbsnp_138.b37.vcf -o /scratch/109642/ANALYSIS/P4107/piper_ngi/05_processed_alignments/P4107_1003.post_recal.table -cov ReadGroupCovariate -cov QualityScoreCovariate -cov CycleCovariate -cov ContextCovariate 
INFO  18:46:36,566 HelpFormatter - Executing as funk_002@n24.uppmax.uu.se on Linux 2.6.32-573.18.1.el6.x86_64 amd64; Java HotSpot(TM) 64-Bit Server VM 1.7.0_25-b15. 
INFO  18:46:36,566 HelpFormatter - Date/Time: 2016/02/28 18:46:36 
INFO  18:46:36,566 HelpFormatter - -------------------------------------------------------------------------------- 
INFO  18:46:36,567 HelpFormatter - -------------------------------------------------------------------------------- 
INFO  18:46:36,967 GenomeAnalysisEngine - Strictness is SILENT 
INFO  18:46:37,155 GenomeAnalysisEngine - Downsampling Settings: No downsampling 
INFO  18:46:37,163 SAMDataSource$SAMReaders - Initializing SAMRecords in serial 
INFO  18:46:37,204 SAMDataSource$SAMReaders - Done initializing BAM readers: total time 0.03 
INFO  18:46:37,530 MicroScheduler - Running the GATK in parallel mode with 16 total threads, 16 CPU thread(s) for each of 1 data thread(s), of 16 processors available on this machine 
INFO  18:46:37,707 GenomeAnalysisEngine - Preparing for traversal over 1 BAM files 
INFO  18:46:37,711 GenomeAnalysisEngine - Done preparing for traversal 
INFO  18:46:37,712 ProgressMeter - [INITIALIZATION COMPLETE; STARTING PROCESSING] 
INFO  18:46:37,712 ProgressMeter -                 | processed |    time |    per 1M |           |   total | remaining 
INFO  18:46:37,713 ProgressMeter -        Location |     reads | elapsed |     reads | completed | runtime |   runtime 
INFO  18:46:37,753 BaseRecalibrator - The covariates being used here:  
INFO  18:46:37,754 BaseRecalibrator - 	ReadGroupCovariate 
INFO  18:46:37,754 BaseRecalibrator - 	QualityScoreCovariate 
INFO  18:46:37,754 BaseRecalibrator - 	ContextCovariate 
INFO  18:46:37,754 ContextCovariate - 		Context sizes: base substitution model 2, indel substitution model 3 
INFO  18:46:37,754 BaseRecalibrator - 	CycleCovariate 
INFO  18:46:37,756 ReadShardBalancer$1 - Loading BAM index data 
INFO  18:46:37,757 ReadShardBalancer$1 - Done loading BAM index data 
INFO  18:47:07,743 ProgressMeter -       1:4314376    900011.0    30.0 s      33.0 s        0.1%     6.0 h       6.0 h 
INFO  18:47:37,747 ProgressMeter -       1:9993830   2400027.0    60.0 s      25.0 s        0.3%     5.2 h       5.2 h 
INFO  18:48:08,716 ProgressMeter -      1:16480878   3900043.0    91.0 s      23.0 s        0.5%     4.8 h       4.7 h 
INFO  18:48:38,717 ProgressMeter -      1:21785642   5500059.0     2.0 m      22.0 s        0.7%     4.8 h       4.8 h 
INFO  18:49:08,719 ProgressMeter -      1:27412997   6900073.0     2.5 m      21.0 s        0.9%     4.7 h       4.7 h 
INFO  18:49:38,720 ProgressMeter -      1:33166541   8400089.0     3.0 m      21.0 s        1.1%     4.7 h       4.7 h 
INFO  18:50:08,721 ProgressMeter -      1:39226416   1.0000106E7     3.5 m      21.0 s        1.3%     4.6 h       4.6 h 
INFO  18:50:38,722 ProgressMeter -      1:44820546   1.1500122E7     4.0 m      20.0 s        1.4%     4.6 h       4.6 h 
INFO  18:51:08,724 ProgressMeter -      1:50869960   1.3100142E7     4.5 m      20.0 s        1.6%     4.6 h       4.5 h 
INFO  18:51:38,725 ProgressMeter -      1:56856604   1.4700161E7     5.0 m      20.0 s        1.8%     4.6 h       4.5 h 
INFO  18:52:08,726 ProgressMeter -      1:63018876   1.6200179E7     5.5 m      20.0 s        2.0%     4.5 h       4.4 h 
INFO  18:52:38,727 ProgressMeter -      1:68978501   1.7700196E7     6.0 m      20.0 s        2.2%     4.5 h       4.4 h 
INFO  18:53:09,953 ProgressMeter -      1:75712369   1.9300216E7     6.5 m      20.0 s        2.4%     4.5 h       4.4 h 
INFO  18:53:39,954 ProgressMeter -      1:81886013   2.0900235E7     7.0 m      20.0 s        2.6%     4.4 h       4.3 h 
INFO  18:54:09,956 ProgressMeter -      1:88029176   2.2400252E7     7.5 m      20.0 s        2.8%     4.4 h       4.3 h 
INFO  18:54:39,957 ProgressMeter -      1:94196413   2.400027E7     8.0 m      20.0 s        3.0%     4.4 h       4.3 h 
INFO  18:55:10,773 ProgressMeter -     1:100685848   2.5600286E7     8.6 m      20.0 s        3.2%     4.4 h       4.2 h 
INFO  18:55:40,774 ProgressMeter -     1:107432077   2.7200308E7     9.1 m      19.0 s        3.5%     4.4 h       4.2 h 
INFO  18:56:11,129 ProgressMeter -     1:113459858   2.8700326E7     9.6 m      19.0 s        3.7%     4.4 h       4.2 h 
INFO  18:56:41,130 ProgressMeter -     1:119747622   3.0400343E7    10.1 m      19.0 s        3.9%     4.3 h       4.2 h 
INFO  18:57:11,131 ProgressMeter -     1:121484676   3.1103132E7    10.6 m      20.0 s        3.9%     4.5 h       4.3 h 
INFO  18:57:45,895 ProgressMeter -     1:121484948   3.1203225E7    11.1 m      21.0 s        3.9%     4.7 h       4.6 h 
INFO  18:58:34,779 ProgressMeter -     1:121485008   3.1303579E7    12.0 m      22.0 s        3.9%     5.1 h       4.9 h 
INFO  18:59:04,781 ProgressMeter -     1:142553790   3.1806196E7    12.5 m      23.0 s        4.6%     4.5 h       4.3 h 
INFO  18:59:35,029 ProgressMeter -     1:148010532   3.3106213E7    13.0 m      23.0 s        4.8%     4.5 h       4.3 h 
INFO  19:00:05,030 ProgressMeter -     1:154142372   3.4606229E7    13.5 m      23.0 s        5.0%     4.5 h       4.3 h 
INFO  19:00:35,031 ProgressMeter -     1:159804093   3.6106246E7    14.0 m      23.0 s        5.2%     4.5 h       4.3 h 
INFO  19:01:05,140 ProgressMeter -     1:165625756   3.7706266E7    14.5 m      23.0 s        5.3%     4.5 h       4.3 h 
INFO  19:01:35,220 ProgressMeter -     1:171764436   3.9206282E7    15.0 m      22.0 s        5.5%     4.5 h       4.3 h 
INFO  19:02:05,553 ProgressMeter -     1:178001313   4.0906302E7    15.5 m      22.0 s        5.7%     4.5 h       4.2 h 
INFO  19:02:35,554 ProgressMeter -     1:184286774   4.250632E7    16.0 m      22.0 s        5.9%     4.5 h       4.2 h 
INFO  19:03:05,556 ProgressMeter -     1:190592938   4.4106338E7    16.5 m      22.0 s        6.1%     4.5 h       4.2 h 
INFO  19:03:35,557 ProgressMeter -     1:197016853   4.5606358E7    17.0 m      22.0 s        6.4%     4.4 h       4.2 h 
INFO  19:04:05,558 ProgressMeter -     1:203102869   4.7206379E7    17.5 m      22.0 s        6.5%     4.4 h       4.2 h 
INFO  19:04:35,559 ProgressMeter -     1:209457886   4.8806396E7    18.0 m      22.0 s        6.8%     4.4 h       4.1 h 
INFO  19:05:05,729 ProgressMeter -     1:215645146   5.0506419E7    18.5 m      21.0 s        7.0%     4.4 h       4.1 h 
INFO  19:05:35,730 ProgressMeter -     1:222442773   5.2106437E7    19.0 m      21.0 s        7.2%     4.4 h       4.1 h 
INFO  19:06:05,731 ProgressMeter -     1:228186262   5.3606454E7    19.5 m      21.0 s        7.4%     4.4 h       4.1 h 
INFO  19:06:35,876 ProgressMeter -     1:234528091   5.5306476E7    20.0 m      21.0 s        7.6%     4.4 h       4.1 h 
INFO  19:07:05,877 ProgressMeter -     1:241001133   5.6906497E7    20.5 m      21.0 s        7.8%     4.4 h       4.0 h 
INFO  19:07:35,879 ProgressMeter -     1:247198749   5.8406512E7    21.0 m      21.0 s        8.0%     4.4 h       4.0 h 
INFO  19:08:05,880 ProgressMeter -       2:4600514   5.9973122E7    21.5 m      21.0 s        8.2%     4.4 h       4.0 h 
INFO  19:08:35,881 ProgressMeter -      2:10999557   6.157314E7    22.0 m      21.0 s        8.4%     4.4 h       4.0 h 
INFO  19:09:06,208 ProgressMeter -      2:17560692   6.3273157E7    22.5 m      21.0 s        8.6%     4.4 h       4.0 h 
INFO  19:09:36,210 ProgressMeter -      2:24032621   6.4873178E7    23.0 m      21.0 s        8.8%     4.3 h       4.0 h 
INFO  19:10:06,558 ProgressMeter -      2:30061474   6.6473197E7    23.5 m      21.0 s        9.0%     4.3 h       4.0 h 
INFO  19:10:36,787 ProgressMeter -      2:35264697   6.7973688E7    24.0 m      21.0 s        9.2%     4.4 h       4.0 h 
INFO  19:11:06,788 ProgressMeter -      2:41252182   6.9473707E7    24.5 m      21.0 s        9.4%     4.4 h       3.9 h 
INFO  19:11:36,790 ProgressMeter -      2:47014976   7.1073726E7    25.0 m      21.0 s        9.6%     4.4 h       3.9 h 
INFO  19:12:06,791 ProgressMeter -      2:53424895   7.2573742E7    25.5 m      21.0 s        9.8%     4.4 h       3.9 h 
INFO  19:12:36,792 ProgressMeter -      2:59347540   7.417376E7    26.0 m      21.0 s        9.9%     4.4 h       3.9 h 
INFO  19:13:06,794 ProgressMeter -      2:65280789   7.5673778E7    26.5 m      20.0 s       10.1%     4.4 h       3.9 h 
INFO  19:13:36,795 ProgressMeter -      2:71305761   7.7273796E7    27.0 m      20.0 s       10.3%     4.4 h       3.9 h 
INFO  19:14:06,927 ProgressMeter -      2:77554554   7.8873813E7    27.5 m      20.0 s       10.5%     4.3 h       3.9 h 
INFO  19:14:37,386 ProgressMeter -      2:84339763   8.0473832E7    28.0 m      20.0 s       10.8%     4.3 h       3.9 h 
INFO  19:15:07,695 ProgressMeter -      2:89865346   8.1873942E7    28.5 m      20.0 s       10.9%     4.3 h       3.9 h 
INFO  19:15:38,361 ProgressMeter -      2:92307891   8.2874909E7    29.0 m      21.0 s       11.0%     4.4 h       3.9 h 
INFO  19:16:08,362 ProgressMeter -      2:97814428   8.4075797E7    29.5 m      21.0 s       11.2%     4.4 h       3.9 h 
INFO  19:16:38,363 ProgressMeter -     2:104532024   8.5675816E7    30.0 m      21.0 s       11.4%     4.4 h       3.9 h 
INFO  19:17:08,717 ProgressMeter -     2:111084183   8.7176414E7    30.5 m      21.0 s       11.6%     4.4 h       3.9 h 
INFO  19:17:38,719 ProgressMeter -     2:117908616   8.8876434E7    31.0 m      20.0 s       11.8%     4.4 h       3.9 h 
INFO  19:18:08,987 ProgressMeter -     2:124566371   9.0476453E7    31.5 m      20.0 s       12.1%     4.4 h       3.8 h 
INFO  19:18:38,989 ProgressMeter -     2:131016563   9.2076473E7    32.0 m      20.0 s       12.3%     4.4 h       3.8 h 
INFO  19:19:08,990 ProgressMeter -     2:137198722   9.3676492E7    32.5 m      20.0 s       12.5%     4.3 h       3.8 h 
INFO  19:19:38,991 ProgressMeter -     2:143814089   9.5276511E7    33.0 m      20.0 s       12.7%     4.3 h       3.8 h 
INFO  19:20:08,992 ProgressMeter -     2:150266552   9.6976531E7    33.5 m      20.0 s       12.9%     4.3 h       3.8 h 
INFO  19:20:38,994 ProgressMeter -     2:156630590   9.8476548E7    34.0 m      20.0 s       13.1%     4.3 h       3.8 h 
INFO  19:21:08,995 ProgressMeter -     2:162379964   9.9976566E7    34.5 m      20.0 s       13.3%     4.3 h       3.8 h 
INFO  19:21:39,446 ProgressMeter -     2:168919563   1.01576583E8    35.0 m      20.0 s       13.5%     4.3 h       3.7 h 
INFO  19:22:09,448 ProgressMeter -     2:174637284   1.03076601E8    35.5 m      20.0 s       13.7%     4.3 h       3.7 h 
INFO  19:22:39,957 ProgressMeter -     2:180742721   1.04676619E8    36.0 m      20.0 s       13.9%     4.3 h       3.7 h 
INFO  19:23:10,160 ProgressMeter -     2:186955410   1.06276636E8    36.5 m      20.0 s       14.1%     4.3 h       3.7 h 
INFO  19:23:40,397 ProgressMeter -     2:193083118   1.07876653E8    37.0 m      20.0 s       14.3%     4.3 h       3.7 h 
INFO  19:24:10,399 ProgressMeter -     2:199408607   1.09376672E8    37.5 m      20.0 s       14.5%     4.3 h       3.7 h 
INFO  19:24:40,869 ProgressMeter -     2:205412898   1.10976689E8    38.1 m      20.0 s       14.7%     4.3 h       3.7 h 
INFO  19:25:11,534 ProgressMeter -     2:211596662   1.12576708E8    38.6 m      20.0 s       14.9%     4.3 h       3.7 h 
INFO  19:25:41,615 ProgressMeter -     2:217580406   1.14076726E8    39.1 m      20.0 s       15.1%     4.3 h       3.7 h 
INFO  19:26:11,617 ProgressMeter -     2:223594231   1.15576753E8    39.6 m      20.0 s       15.2%     4.3 h       3.7 h 
INFO  19:26:42,060 ProgressMeter -     2:229760326   1.17176774E8    40.1 m      20.0 s       15.4%     4.3 h       3.7 h 
INFO  19:27:12,061 ProgressMeter -     2:235662428   1.18776794E8    40.6 m      20.0 s       15.6%     4.3 h       3.6 h 
INFO  19:27:42,062 ProgressMeter -     2:241818246   1.20276809E8    41.1 m      20.0 s       15.8%     4.3 h       3.6 h 
INFO  19:28:12,063 ProgressMeter -       3:4906863   1.21790403E8    41.6 m      20.0 s       16.0%     4.3 h       3.6 h 
INFO  19:28:42,065 ProgressMeter -      3:10788989   1.23290421E8    42.1 m      20.0 s       16.2%     4.3 h       3.6 h 
INFO  19:29:12,159 ProgressMeter -      3:16697321   1.2489044E8    42.6 m      20.0 s       16.4%     4.3 h       3.6 h 
INFO  19:29:42,160 ProgressMeter -      3:23157160   1.26490459E8    43.1 m      20.0 s       16.6%     4.3 h       3.6 h 
INFO  19:30:12,161 ProgressMeter -      3:29565383   1.28190483E8    43.6 m      20.0 s       16.8%     4.3 h       3.6 h 
INFO  19:30:42,163 ProgressMeter -      3:35947451   1.296905E8    44.1 m      20.0 s       17.0%     4.3 h       3.6 h 
INFO  19:31:12,164 ProgressMeter -      3:41752393   1.31190516E8    44.6 m      20.0 s       17.2%     4.3 h       3.6 h 
INFO  19:31:42,390 ProgressMeter -      3:47635994   1.32790538E8    45.1 m      20.0 s       17.4%     4.3 h       3.6 h 
INFO  19:32:12,404 ProgressMeter -      3:53417751   1.34290557E8    45.6 m      20.0 s       17.6%     4.3 h       3.6 h 
INFO  19:32:42,405 ProgressMeter -      3:59244446   1.35890576E8    46.1 m      20.0 s       17.8%     4.3 h       3.5 h 
INFO  19:33:12,407 ProgressMeter -      3:65457770   1.37390591E8    46.6 m      20.0 s       18.0%     4.3 h       3.5 h 
INFO  19:33:42,408 ProgressMeter -      3:71786957   1.38890607E8    47.1 m      20.0 s       18.2%     4.3 h       3.5 h 
INFO  19:34:12,409 ProgressMeter -      3:78095533   1.40390625E8    47.6 m      20.0 s       18.4%     4.3 h       3.5 h 
INFO  19:34:42,410 ProgressMeter -      3:84990521   1.42090645E8    48.1 m      20.0 s       18.6%     4.3 h       3.5 h 
INFO  19:35:12,412 ProgressMeter -      3:94765028   1.43690663E8    48.6 m      20.0 s       18.9%     4.3 h       3.5 h 
INFO  19:35:42,496 ProgressMeter -     3:101345053   1.45290682E8    49.1 m      20.0 s       19.1%     4.3 h       3.5 h 
INFO  19:36:12,497 ProgressMeter -     3:107763022   1.46890701E8    49.6 m      20.0 s       19.4%     4.3 h       3.4 h 
INFO  19:36:42,667 ProgressMeter -     3:114021401   1.48490719E8    50.1 m      20.0 s       19.6%     4.3 h       3.4 h 
INFO  19:37:12,668 ProgressMeter -     3:120538789   1.50190738E8    50.6 m      20.0 s       19.8%     4.3 h       3.4 h 
INFO  19:37:42,879 ProgressMeter -     3:126630705   1.51790756E8    51.1 m      20.0 s       20.0%     4.3 h       3.4 h 
INFO  19:38:12,881 ProgressMeter -     3:132768687   1.53390773E8    51.6 m      20.0 s       20.2%     4.3 h       3.4 h 
INFO  19:38:43,194 ProgressMeter -     3:139006201   1.54990793E8    52.1 m      20.0 s       20.4%     4.3 h       3.4 h 
INFO  19:39:13,455 ProgressMeter -     3:145086481   1.56590814E8    52.6 m      20.0 s       20.6%     4.3 h       3.4 h 
INFO  19:39:43,456 ProgressMeter -     3:151410473   1.58190832E8    53.1 m      20.0 s       20.8%     4.3 h       3.4 h 
INFO  19:40:13,457 ProgressMeter -     3:157522104   1.59690849E8    53.6 m      20.0 s       21.0%     4.3 h       3.4 h 
INFO  19:40:43,458 ProgressMeter -     3:163640627   1.61290866E8    54.1 m      20.0 s       21.2%     4.3 h       3.4 h 
INFO  19:41:13,460 ProgressMeter -     3:170207143   1.62790883E8    54.6 m      20.0 s       21.4%     4.3 h       3.3 h 
INFO  19:41:43,461 ProgressMeter -     3:176338177   1.64390899E8    55.1 m      20.0 s       21.6%     4.3 h       3.3 h 
INFO  19:42:13,751 ProgressMeter -     3:182510690   1.65990916E8    55.6 m      20.0 s       21.8%     4.3 h       3.3 h 
INFO  19:42:43,768 ProgressMeter -     3:188478943   1.67490932E8    56.1 m      20.0 s       22.0%     4.3 h       3.3 h 
INFO  19:43:13,943 ProgressMeter -     3:194413253   1.68990948E8    56.6 m      20.0 s       22.1%     4.3 h       3.3 h 
INFO  19:43:44,559 ProgressMeter -       4:1740942   1.70485572E8    57.1 m      20.0 s       22.3%     4.3 h       3.3 h 
INFO  19:44:15,324 ProgressMeter -       4:7398288   1.71985589E8    57.6 m      20.0 s       22.5%     4.3 h       3.3 h 
INFO  19:44:46,076 ProgressMeter -      4:13616684   1.73485604E8    58.1 m      20.0 s       22.7%     4.3 h       3.3 h 
INFO  19:45:16,322 ProgressMeter -      4:19891205   1.7498562E8    58.6 m      20.0 s       22.9%     4.3 h       3.3 h 
INFO  19:45:46,323 ProgressMeter -      4:26148733   1.76485637E8    59.1 m      20.0 s       23.1%     4.3 h       3.3 h 
INFO  19:46:16,324 ProgressMeter -      4:32523484   1.78085653E8    59.6 m      20.0 s       23.3%     4.3 h       3.3 h 
INFO  19:46:46,326 ProgressMeter -      4:38830927   1.79585671E8    60.1 m      20.0 s       23.5%     4.3 h       3.3 h 
INFO  19:47:16,327 ProgressMeter -      4:44598501   1.8108569E8    60.6 m      20.0 s       23.7%     4.3 h       3.3 h 
INFO  19:47:46,328 ProgressMeter -      4:49104391   1.82386111E8    61.1 m      20.0 s       23.8%     4.3 h       3.3 h 
INFO  19:48:16,330 ProgressMeter -      4:49151558   1.83287262E8    61.6 m      20.0 s       23.8%     4.3 h       3.3 h 
INFO  19:48:46,459 ProgressMeter -      4:55142338   1.84489174E8    62.1 m      20.0 s       24.0%     4.3 h       3.3 h 
INFO  19:49:16,460 ProgressMeter -      4:61910105   1.86089191E8    62.6 m      20.0 s       24.3%     4.3 h       3.3 h 
INFO  19:49:46,690 ProgressMeter -      4:68266517   1.87689213E8    63.1 m      20.0 s       24.5%     4.3 h       3.2 h 
INFO  19:50:17,035 ProgressMeter -      4:74495009   1.89189229E8    63.7 m      20.0 s       24.7%     4.3 h       3.2 h 
INFO  19:50:47,036 ProgressMeter -      4:80997300   1.9088925E8    64.2 m      20.0 s       24.9%     4.3 h       3.2 h 
INFO  19:51:17,038 ProgressMeter -      4:87294516   1.92489268E8    64.7 m      20.0 s       25.1%     4.3 h       3.2 h 
INFO  19:51:47,097 ProgressMeter -      4:94006507   1.94089286E8    65.2 m      20.0 s       25.3%     4.3 h       3.2 h 
INFO  19:52:17,098 ProgressMeter -     4:100976232   1.95789306E8    65.7 m      20.0 s       25.5%     4.3 h       3.2 h 
INFO  19:52:47,100 ProgressMeter -     4:107363517   1.97489326E8    66.2 m      20.0 s       25.7%     4.3 h       3.2 h 
INFO  19:53:17,124 ProgressMeter -     4:114022133   1.99089343E8    66.7 m      20.0 s       25.9%     4.3 h       3.2 h 
INFO  19:53:47,364 ProgressMeter -     4:120615748   2.0068936E8    67.2 m      20.0 s       26.1%     4.3 h       3.2 h 
INFO  19:54:17,365 ProgressMeter -     4:127141281   2.02289377E8    67.7 m      20.0 s       26.4%     4.3 h       3.1 h 
INFO  19:54:47,367 ProgressMeter -     4:133875076   2.03989398E8    68.2 m      20.0 s       26.6%     4.3 h       3.1 h 
INFO  19:55:17,575 ProgressMeter -     4:140509795   2.05589416E8    68.7 m      20.0 s       26.8%     4.3 h       3.1 h 
INFO  19:55:47,576 ProgressMeter -     4:146988371   2.07189434E8    69.2 m      20.0 s       27.0%     4.3 h       3.1 h 
INFO  19:56:17,578 ProgressMeter -     4:152971103   2.08889454E8    69.7 m      20.0 s       27.2%     4.3 h       3.1 h 
INFO  19:56:47,579 ProgressMeter -     4:159209014   2.10489475E8    70.2 m      20.0 s       27.4%     4.3 h       3.1 h 
INFO  19:57:17,580 ProgressMeter -     4:165486672   2.12089492E8    70.7 m      19.0 s       27.6%     4.3 h       3.1 h 
INFO  19:57:47,927 ProgressMeter -     4:171756368   2.1368951E8    71.2 m      19.0 s       27.8%     4.3 h       3.1 h 
INFO  19:58:17,928 ProgressMeter -     4:178083628   2.15290186E8    71.7 m      19.0 s       28.0%     4.3 h       3.1 h 
INFO  19:58:47,929 ProgressMeter -     4:184463613   2.16890202E8    72.2 m      19.0 s       28.2%     4.3 h       3.1 h 
INFO  19:59:17,930 ProgressMeter -     4:190384086   2.18390218E8    72.7 m      19.0 s       28.4%     4.3 h       3.1 h 
INFO  19:59:47,932 ProgressMeter -       5:4843839   2.1986007E8    73.2 m      19.0 s       28.6%     4.3 h       3.0 h 
INFO  20:00:17,933 ProgressMeter -      5:10915116   2.21460087E8    73.7 m      19.0 s       28.8%     4.3 h       3.0 h 
INFO  20:00:47,934 ProgressMeter -      5:17290527   2.22960104E8    74.2 m      19.0 s       29.0%     4.3 h       3.0 h 
INFO  20:01:17,936 ProgressMeter -      5:23766202   2.24460119E8    74.7 m      19.0 s       29.2%     4.3 h       3.0 h 
INFO  20:01:47,937 ProgressMeter -      5:30311336   2.2606014E8    75.2 m      19.0 s       29.4%     4.3 h       3.0 h 
INFO  20:02:17,955 ProgressMeter -      5:36257424   2.2756016E8    75.7 m      19.0 s       29.6%     4.3 h       3.0 h 
INFO  20:02:47,957 ProgressMeter -      5:42486358   2.29060176E8    76.2 m      19.0 s       29.8%     4.3 h       3.0 h 
INFO  20:03:18,373 ProgressMeter -      5:51225070   2.30660192E8    76.7 m      19.0 s       30.1%     4.2 h       3.0 h 
INFO  20:03:48,374 ProgressMeter -      5:57418091   2.32160208E8    77.2 m      19.0 s       30.3%     4.2 h       3.0 h 
INFO  20:04:18,792 ProgressMeter -      5:63730874   2.33760227E8    77.7 m      19.0 s       30.5%     4.2 h       3.0 h 
INFO  20:04:48,793 ProgressMeter -      5:71010098   2.35260245E8    78.2 m      19.0 s       30.7%     4.2 h       2.9 h 
INFO  20:05:18,795 ProgressMeter -      5:76975368   2.36860267E8    78.7 m      19.0 s       30.9%     4.2 h       2.9 h 
INFO  20:05:48,796 ProgressMeter -      5:83045135   2.38360285E8    79.2 m      19.0 s       31.1%     4.2 h       2.9 h 
INFO  20:06:18,797 ProgressMeter -      5:89259344   2.39960305E8    79.7 m      19.0 s       31.3%     4.2 h       2.9 h 
INFO  20:06:49,186 ProgressMeter -      5:95834216   2.41560325E8    80.2 m      19.0 s       31.5%     4.2 h       2.9 h 
INFO  20:07:19,327 ProgressMeter -     5:102094595   2.43160343E8    80.7 m      19.0 s       31.7%     4.2 h       2.9 h 
INFO  20:07:49,328 ProgressMeter -     5:108322853   2.4476036E8    81.2 m      19.0 s       31.9%     4.2 h       2.9 h 
INFO  20:08:19,330 ProgressMeter -     5:114394025   2.46260375E8    81.7 m      19.0 s       32.1%     4.2 h       2.9 h 
INFO  20:08:49,331 ProgressMeter -     5:120461965   2.47860394E8    82.2 m      19.0 s       32.3%     4.2 h       2.9 h 
INFO  20:09:19,949 ProgressMeter -     5:126681837   2.4936041E8    82.7 m      19.0 s       32.5%     4.2 h       2.9 h 
INFO  20:09:50,441 ProgressMeter -     5:132893487   2.50960428E8    83.2 m      19.0 s       32.7%     4.2 h       2.9 h 
INFO  20:10:20,844 ProgressMeter -     5:139006826   2.52560447E8    83.7 m      19.0 s       32.9%     4.2 h       2.8 h 
INFO  20:10:51,097 ProgressMeter -     5:145062644   2.54160465E8    84.2 m      19.0 s       33.1%     4.2 h       2.8 h 
INFO  20:11:21,099 ProgressMeter -     5:150979479   2.55760483E8    84.7 m      19.0 s       33.3%     4.2 h       2.8 h 
INFO  20:11:51,100 ProgressMeter -     5:157150123   2.572605E8    85.2 m      19.0 s       33.5%     4.2 h       2.8 h 
INFO  20:12:21,101 ProgressMeter -     5:163061520   2.58760518E8    85.7 m      19.0 s       33.7%     4.2 h       2.8 h 
INFO  20:12:51,102 ProgressMeter -     5:169627602   2.60360536E8    86.2 m      19.0 s       33.9%     4.2 h       2.8 h 
INFO  20:13:21,104 ProgressMeter -     5:175344248   2.61860551E8    86.7 m      19.0 s       34.1%     4.2 h       2.8 h 
INFO  20:13:51,105 ProgressMeter -        6:507873   2.63347547E8    87.2 m      19.0 s       34.3%     4.2 h       2.8 h 
INFO  20:14:21,106 ProgressMeter -       6:6734614   2.64947565E8    87.7 m      19.0 s       34.5%     4.2 h       2.8 h 
INFO  20:14:51,149 ProgressMeter -      6:12418186   2.66447584E8    88.2 m      19.0 s       34.7%     4.2 h       2.8 h 
INFO  20:15:22,126 ProgressMeter -      6:18325879   2.67947601E8    88.7 m      19.0 s       34.8%     4.2 h       2.8 h 
INFO  20:15:52,303 ProgressMeter -      6:24566691   2.69447618E8    89.2 m      19.0 s       35.0%     4.2 h       2.8 h 
INFO  20:16:22,304 ProgressMeter -      6:30422784   2.70847634E8    89.7 m      19.0 s       35.2%     4.2 h       2.7 h 
INFO  20:16:52,305 ProgressMeter -      6:35996518   2.72347651E8    90.2 m      19.0 s       35.4%     4.2 h       2.7 h 
INFO  20:17:22,976 ProgressMeter -      6:41826768   2.73947672E8    90.8 m      19.0 s       35.6%     4.2 h       2.7 h 
INFO  20:17:52,977 ProgressMeter -      6:47839434   2.7544769E8    91.3 m      19.0 s       35.8%     4.2 h       2.7 h 
INFO  20:18:23,456 ProgressMeter -      6:53946739   2.77047715E8    91.8 m      19.0 s       36.0%     4.2 h       2.7 h 
INFO  20:18:53,526 ProgressMeter -      6:58776972   2.78447824E8    92.3 m      19.0 s       36.2%     4.3 h       2.7 h 
INFO  20:19:23,927 ProgressMeter -      6:63928858   2.79648806E8    92.8 m      19.0 s       36.3%     4.3 h       2.7 h 
INFO  20:19:54,282 ProgressMeter -      6:70415731   2.81148823E8    93.3 m      19.0 s       36.5%     4.3 h       2.7 h 
INFO  20:20:24,815 ProgressMeter -      6:76646808   2.82748841E8    93.8 m      19.0 s       36.7%     4.3 h       2.7 h 
INFO  20:20:55,033 ProgressMeter -      6:83006386   2.84348858E8    94.3 m      19.0 s       36.9%     4.3 h       2.7 h 
INFO  20:21:25,034 ProgressMeter -      6:89223227   2.85848876E8    94.8 m      19.0 s       37.1%     4.3 h       2.7 h 
INFO  20:21:55,530 ProgressMeter -      6:95968893   2.87448895E8    95.3 m      19.0 s       37.3%     4.3 h       2.7 h 
INFO  20:22:25,812 ProgressMeter -     6:102231073   2.89048912E8    95.8 m      19.0 s       37.6%     4.3 h       2.7 h 
INFO  20:22:55,826 ProgressMeter -     6:108571625   2.90548929E8    96.3 m      19.0 s       37.8%     4.3 h       2.6 h 
INFO  20:23:26,321 ProgressMeter -     6:114768899   2.92148946E8    96.8 m      19.0 s       38.0%     4.3 h       2.6 h 
INFO  20:23:56,714 ProgressMeter -     6:121071387   2.93748971E8    97.3 m      19.0 s       38.2%     4.3 h       2.6 h 
INFO  20:24:26,944 ProgressMeter -     6:127669932   2.95348989E8    97.8 m      19.0 s       38.4%     4.2 h       2.6 h 
INFO  20:24:57,215 ProgressMeter -     6:134079182   2.96949006E8    98.3 m      19.0 s       38.6%     4.2 h       2.6 h 
INFO  20:25:27,216 ProgressMeter -     6:140072085   2.98649028E8    98.8 m      19.0 s       38.8%     4.2 h       2.6 h 
INFO  20:25:57,217 ProgressMeter -     6:146779117   3.00249047E8    99.3 m      19.0 s       39.0%     4.2 h       2.6 h 
INFO  20:26:27,219 ProgressMeter -     6:153196591   3.01949066E8    99.8 m      19.0 s       39.2%     4.2 h       2.6 h 
INFO  20:26:57,379 ProgressMeter -     6:159398989   3.03549085E8   100.3 m      19.0 s       39.4%     4.2 h       2.6 h 
INFO  20:27:27,380 ProgressMeter -     6:165778144   3.05149103E8   100.8 m      19.0 s       39.6%     4.2 h       2.6 h 
INFO  20:27:57,381 ProgressMeter -       7:1161135   3.06649092E8   101.3 m      19.0 s       39.8%     4.2 h       2.6 h 
INFO  20:28:27,382 ProgressMeter -       7:7011404   3.0814911E8   101.8 m      19.0 s       40.0%     4.2 h       2.5 h 
INFO  20:28:57,601 ProgressMeter -      7:13477845   3.09749128E8   102.3 m      19.0 s       40.2%     4.2 h       2.5 h 
INFO  20:29:27,602 ProgressMeter -      7:20052377   3.11349147E8   102.8 m      19.0 s       40.4%     4.2 h       2.5 h 
INFO  20:29:57,882 ProgressMeter -      7:26214056   3.13049164E8   103.3 m      19.0 s       40.6%     4.2 h       2.5 h 
INFO  20:30:27,883 ProgressMeter -      7:32643462   3.14649186E8   103.8 m      19.0 s       40.8%     4.2 h       2.5 h 
INFO  20:30:57,885 ProgressMeter -      7:38929457   3.16249202E8   104.3 m      19.0 s       41.0%     4.2 h       2.5 h 
INFO  20:31:28,119 ProgressMeter -      7:45228992   3.1784922E8   104.8 m      19.0 s       41.2%     4.2 h       2.5 h 
INFO  20:31:58,121 ProgressMeter -      7:51526735   3.19449237E8   105.3 m      19.0 s       41.4%     4.2 h       2.5 h 
INFO  20:32:28,122 ProgressMeter -      7:57714157   3.21049255E8   105.8 m      19.0 s       41.6%     4.2 h       2.5 h 
INFO  20:32:58,123 ProgressMeter -      7:62534601   3.21950048E8   106.3 m      19.0 s       41.8%     4.2 h       2.5 h 
INFO  20:33:28,124 ProgressMeter -      7:68371847   3.23450064E8   106.8 m      19.0 s       42.0%     4.2 h       2.5 h 
INFO  20:33:58,126 ProgressMeter -      7:75077706   3.24950083E8   107.3 m      19.0 s       42.2%     4.2 h       2.5 h 
INFO  20:34:28,414 ProgressMeter -      7:81797052   3.265501E8   107.8 m      19.0 s       42.4%     4.2 h       2.4 h 
INFO  20:34:58,415 ProgressMeter -      7:88228266   3.28150118E8   108.3 m      19.0 s       42.6%     4.2 h       2.4 h 
INFO  20:35:28,417 ProgressMeter -      7:94582500   3.29650135E8   108.8 m      19.0 s       42.8%     4.2 h       2.4 h 
INFO  20:35:58,523 ProgressMeter -     7:100615804   3.31250156E8   109.3 m      19.0 s       43.0%     4.2 h       2.4 h 
INFO  20:36:28,525 ProgressMeter -     7:106360689   3.32750172E8   109.8 m      19.0 s       43.2%     4.2 h       2.4 h 
INFO  20:36:58,526 ProgressMeter -     7:112795877   3.34250192E8   110.3 m      19.0 s       43.4%     4.2 h       2.4 h 
INFO  20:37:28,527 ProgressMeter -     7:118897399   3.35850211E8   110.8 m      19.0 s       43.6%     4.2 h       2.4 h 
INFO  20:37:58,529 ProgressMeter -     7:125275535   3.37350227E8   111.3 m      19.0 s       43.8%     4.2 h       2.4 h 
INFO  20:38:28,865 ProgressMeter -     7:131325220   3.38950245E8   111.9 m      19.0 s       44.0%     4.2 h       2.4 h 
INFO  20:38:58,866 ProgressMeter -     7:137534495   3.40450273E8   112.4 m      19.0 s       44.2%     4.2 h       2.4 h 
INFO  20:39:28,867 ProgressMeter -     7:144128130   3.4215029E8   112.9 m      19.0 s       44.4%     4.2 h       2.4 h 
INFO  20:39:58,869 ProgressMeter -     7:150808031   3.43750313E8   113.4 m      19.0 s       44.6%     4.2 h       2.3 h 
INFO  20:40:28,870 ProgressMeter -     7:156966843   3.4525033E8   113.9 m      19.0 s       44.8%     4.2 h       2.3 h 
INFO  20:40:59,250 ProgressMeter -       8:3962137   3.46802985E8   114.4 m      19.0 s       45.0%     4.2 h       2.3 h 
INFO  20:41:29,252 ProgressMeter -      8:10293328   3.48203004E8   114.9 m      19.0 s       45.2%     4.2 h       2.3 h 
INFO  20:41:59,253 ProgressMeter -      8:16522514   3.49703022E8   115.4 m      19.0 s       45.4%     4.2 h       2.3 h 
INFO  20:42:29,254 ProgressMeter -      8:22980810   3.51303038E8   115.9 m      19.0 s       45.6%     4.2 h       2.3 h 
INFO  20:42:59,351 ProgressMeter -      8:29205383   3.52903054E8   116.4 m      19.0 s       45.8%     4.2 h       2.3 h 
INFO  20:43:29,352 ProgressMeter -      8:35664786   3.54503074E8   116.9 m      19.0 s       46.1%     4.2 h       2.3 h 
INFO  20:43:59,353 ProgressMeter -      8:42018709   3.5610309E8   117.4 m      19.0 s       46.3%     4.2 h       2.3 h 
INFO  20:44:29,354 ProgressMeter -      8:43096019   3.56808837E8   117.9 m      19.0 s       46.3%     4.2 h       2.3 h 
INFO  20:44:59,655 ProgressMeter -      8:46851852   3.57412869E8   118.4 m      19.0 s       46.4%     4.2 h       2.3 h 
INFO  20:45:30,174 ProgressMeter -      8:52789617   3.58912887E8   118.9 m      19.0 s       46.6%     4.3 h       2.3 h 
INFO  20:46:00,175 ProgressMeter -      8:58627543   3.60412903E8   119.4 m      19.0 s       46.8%     4.3 h       2.3 h 
INFO  20:46:30,507 ProgressMeter -      8:65321823   3.6211292E8   119.9 m      19.0 s       47.0%     4.2 h       2.3 h 
INFO  20:47:00,508 ProgressMeter -      8:71139790   3.63612936E8     2.0 h      19.0 s       47.2%     4.3 h       2.2 h 
INFO  20:47:30,510 ProgressMeter -      8:77515848   3.65212953E8     2.0 h      19.0 s       47.4%     4.2 h       2.2 h 
INFO  20:48:00,511 ProgressMeter -      8:83751942   3.66812972E8     2.0 h      19.0 s       47.6%     4.2 h       2.2 h 
INFO  20:48:30,512 ProgressMeter -      8:90223160   3.68312987E8     2.0 h      19.0 s       47.8%     4.2 h       2.2 h 
INFO  20:49:00,592 ProgressMeter -      8:96506503   3.69913006E8     2.0 h      19.0 s       48.0%     4.2 h       2.2 h 
INFO  20:49:30,594 ProgressMeter -     8:102506956   3.71513026E8     2.0 h      19.0 s       48.2%     4.2 h       2.2 h 
INFO  20:50:00,595 ProgressMeter -     8:108833595   3.73113044E8     2.1 h      19.0 s       48.4%     4.2 h       2.2 h 
INFO  20:50:30,596 ProgressMeter -     8:115643568   3.74813061E8     2.1 h      19.0 s       48.6%     4.2 h       2.2 h 
INFO  20:51:02,061 ProgressMeter -     8:122077170   3.76313082E8     2.1 h      19.0 s       48.8%     4.2 h       2.2 h 
INFO  20:51:32,344 ProgressMeter -     8:128206778   3.779131E8     2.1 h      19.0 s       49.0%     4.2 h       2.2 h 
INFO  20:52:02,345 ProgressMeter -     8:134125734   3.79513117E8     2.1 h      19.0 s       49.2%     4.2 h       2.2 h 
INFO  20:52:32,346 ProgressMeter -     8:140335120   3.81013138E8     2.1 h      19.0 s       49.4%     4.2 h       2.1 h 
INFO  20:53:02,347 ProgressMeter -     8:146301210   3.82513155E8     2.1 h      19.0 s       49.6%     4.2 h       2.1 h 
INFO  20:53:32,721 ProgressMeter -       9:5718933   3.84040958E8     2.1 h      19.0 s       49.8%     4.2 h       2.1 h 
INFO  20:54:02,722 ProgressMeter -      9:12280187   3.85540976E8     2.1 h      19.0 s       50.0%     4.2 h       2.1 h 
INFO  20:54:32,766 ProgressMeter -      9:18338017   3.87040992E8     2.1 h      19.0 s       50.2%     4.2 h       2.1 h 
INFO  20:55:02,767 ProgressMeter -      9:24761597   3.88641012E8     2.1 h      19.0 s       50.4%     4.2 h       2.1 h 
INFO  20:55:32,769 ProgressMeter -      9:31094401   3.90141031E8     2.1 h      19.0 s       50.6%     4.2 h       2.1 h 
INFO  20:56:03,138 ProgressMeter -      9:37053526   3.91741051E8     2.2 h      19.0 s       50.8%     4.2 h       2.1 h 
INFO  20:56:33,544 ProgressMeter -      9:66479853   3.92941063E8     2.2 h      19.0 s       51.8%     4.2 h       2.0 h 
INFO  20:57:03,545 ProgressMeter -      9:71528495   3.94042972E8     2.2 h      19.0 s       51.9%     4.2 h       2.0 h 
INFO  20:57:33,546 ProgressMeter -      9:77502093   3.95542991E8     2.2 h      19.0 s       52.1%     4.2 h       2.0 h 
INFO  20:58:03,547 ProgressMeter -      9:83888851   3.9704301E8     2.2 h      19.0 s       52.3%     4.2 h     119.7 m 
INFO  20:58:33,548 ProgressMeter -      9:90359476   3.98643029E8     2.2 h      19.0 s       52.5%     4.2 h     119.2 m 
INFO  20:59:04,013 ProgressMeter -      9:96624461   4.00243049E8     2.2 h      19.0 s       52.7%     4.2 h     118.7 m 
INFO  20:59:34,373 ProgressMeter -     9:102689826   4.01843069E8     2.2 h      19.0 s       52.9%     4.2 h     118.2 m 
INFO  21:00:04,375 ProgressMeter -     9:108944539   4.03343085E8     2.2 h      19.0 s       53.1%     4.2 h     117.7 m 
INFO  21:00:34,376 ProgressMeter -     9:114878421   4.04943102E8     2.2 h      19.0 s       53.3%     4.2 h     117.2 m 
INFO  21:01:04,377 ProgressMeter -     9:121104023   4.0644312E8     2.2 h      19.0 s       53.5%     4.2 h     116.7 m 
INFO  21:01:34,379 ProgressMeter -     9:127057750   4.08043141E8     2.2 h      19.0 s       53.7%     4.2 h     116.3 m 
INFO  21:02:04,380 ProgressMeter -     9:132857736   4.09543158E8     2.3 h      19.0 s       53.9%     4.2 h     115.8 m 
INFO  21:02:35,512 ProgressMeter -     9:138646196   4.11043176E8     2.3 h      19.0 s       54.1%     4.2 h     115.4 m 
INFO  21:03:05,746 ProgressMeter -      10:3191216   4.12442996E8     2.3 h      19.0 s       54.3%     4.2 h     115.0 m 
INFO  21:03:35,747 ProgressMeter -      10:9025884   4.13943016E8     2.3 h      19.0 s       54.5%     4.2 h     114.5 m 
INFO  21:04:05,748 ProgressMeter -     10:14370660   4.15343035E8     2.3 h      19.0 s       54.6%     4.2 h     114.1 m 
INFO  21:04:35,749 ProgressMeter -     10:20838817   4.16843052E8     2.3 h      19.0 s       54.8%     4.2 h     113.6 m 
INFO  21:05:05,751 ProgressMeter -     10:26852439   4.18443071E8     2.3 h      19.0 s       55.0%     4.2 h     113.1 m 
INFO  21:05:35,752 ProgressMeter -     10:32759629   4.19943086E8     2.3 h      19.0 s       55.2%     4.2 h     112.6 m 
INFO  21:06:05,753 ProgressMeter -     10:38818835   4.21443103E8     2.3 h      19.0 s       55.4%     4.2 h     112.2 m 
INFO  21:06:36,013 ProgressMeter -     10:42385435   4.22444144E8     2.3 h      19.0 s       55.5%     4.2 h     112.0 m 
INFO  21:07:06,014 ProgressMeter -     10:42400341   4.2324523E8     2.3 h      19.0 s       55.5%     4.2 h     112.4 m 
INFO  21:07:36,016 ProgressMeter -     10:42597208   4.24147658E8     2.3 h      19.0 s       55.5%     4.2 h     112.8 m 
INFO  21:08:06,017 ProgressMeter -     10:45003554   4.2526665E8     2.4 h      19.0 s       55.6%     4.2 h     112.9 m 
INFO  21:08:36,295 ProgressMeter -     10:52945986   4.26766666E8     2.4 h      19.0 s       55.9%     4.2 h     112.1 m 
INFO  21:09:06,296 ProgressMeter -     10:59346941   4.28266683E8     2.4 h      19.0 s       56.1%     4.2 h     111.5 m 
INFO  21:09:36,297 ProgressMeter -     10:65645648   4.29866699E8     2.4 h      19.0 s       56.3%     4.2 h     111.0 m 
INFO  21:10:06,728 ProgressMeter -     10:71764162   4.31466718E8     2.4 h      19.0 s       56.5%     4.2 h     110.5 m 
INFO  21:10:36,729 ProgressMeter -     10:77670930   4.33066738E8     2.4 h      19.0 s       56.7%     4.2 h     110.1 m 
INFO  21:11:06,731 ProgressMeter -     10:83847279   4.34566755E8     2.4 h      19.0 s       56.9%     4.2 h     109.5 m 
INFO  21:11:36,732 ProgressMeter -     10:90030820   4.36166774E8     2.4 h      19.0 s       57.1%     4.2 h     109.0 m 
INFO  21:12:06,733 ProgressMeter -     10:95890432   4.37766794E8     2.4 h      19.0 s       57.3%     4.2 h     108.6 m 
INFO  21:12:38,054 ProgressMeter -    10:101834918   4.39266812E8     2.4 h      19.0 s       57.5%     4.2 h     108.1 m 
INFO  21:13:08,056 ProgressMeter -    10:108039822   4.4086683E8     2.4 h      19.0 s       57.7%     4.2 h     107.6 m 
INFO  21:13:38,225 ProgressMeter -    10:114302445   4.42566848E8     2.5 h      19.0 s       57.9%     4.2 h     107.1 m 
INFO  21:14:08,226 ProgressMeter -    10:120723825   4.44166865E8     2.5 h      19.0 s       58.1%     4.2 h     106.5 m 
INFO  21:14:38,227 ProgressMeter -    10:126870643   4.45666881E8     2.5 h      19.0 s       58.3%     4.2 h     106.0 m 
INFO  21:15:08,228 ProgressMeter -    10:133112674   4.47166897E8     2.5 h      19.0 s       58.5%     4.2 h     105.5 m 
INFO  21:15:38,254 ProgressMeter -      11:3559550   4.48677061E8     2.5 h      19.0 s       58.7%     4.2 h     105.0 m 
INFO  21:16:08,256 ProgressMeter -      11:9436463   4.50177077E8     2.5 h      19.0 s       58.8%     4.2 h     104.5 m 
INFO  21:16:38,519 ProgressMeter -     11:15702548   4.51877096E8     2.5 h      19.0 s       59.0%     4.2 h     104.0 m 
INFO  21:17:08,520 ProgressMeter -     11:21867715   4.53377111E8     2.5 h      19.0 s       59.2%     4.2 h     103.5 m 
INFO  21:17:38,521 ProgressMeter -     11:28327418   4.54977129E8     2.5 h      19.0 s       59.5%     4.2 h     103.0 m 
INFO  21:18:08,527 ProgressMeter -     11:34846730   4.56577146E8     2.5 h      19.0 s       59.7%     4.2 h     102.4 m 
INFO  21:18:38,528 ProgressMeter -     11:41454556   4.58177165E8     2.5 h      19.0 s       59.9%     4.2 h     101.8 m 
INFO  21:19:08,817 ProgressMeter -     11:47764977   4.59777183E8     2.5 h      19.0 s       60.1%     4.2 h     101.3 m 
INFO  21:19:38,818 ProgressMeter -     11:51583106   4.60877926E8     2.6 h      19.0 s       60.2%     4.2 h     101.1 m 
INFO  21:20:08,819 ProgressMeter -     11:60517493   4.62478015E8     2.6 h      19.0 s       60.5%     4.2 h     100.3 m 
INFO  21:20:38,821 ProgressMeter -     11:66428235   4.64078032E8     2.6 h      19.0 s       60.7%     4.2 h      99.8 m 
INFO  21:21:08,822 ProgressMeter -     11:72148926   4.65578047E8     2.6 h      19.0 s       60.9%     4.2 h      99.3 m 
INFO  21:21:38,986 ProgressMeter -     11:78256024   4.67178065E8     2.6 h      19.0 s       61.1%     4.2 h      98.8 m 
INFO  21:22:08,987 ProgressMeter -     11:84609850   4.68778093E8     2.6 h      19.0 s       61.3%     4.2 h      98.3 m 
INFO  21:22:38,988 ProgressMeter -     11:91259229   4.70378113E8     2.6 h      19.0 s       61.5%     4.2 h      97.7 m 
INFO  21:23:08,990 ProgressMeter -     11:97799655   4.71978138E8     2.6 h      19.0 s       61.7%     4.2 h      97.2 m 
INFO  21:23:38,991 ProgressMeter -    11:103807132   4.73478153E8     2.6 h      19.0 s       61.9%     4.2 h      96.7 m 
INFO  21:24:08,992 ProgressMeter -    11:109815387   4.7507817E8     2.6 h      19.0 s       62.1%     4.2 h      96.2 m 
INFO  21:24:39,058 ProgressMeter -    11:115984403   4.76678188E8     2.6 h      19.0 s       62.3%     4.2 h      95.7 m 
INFO  21:25:09,059 ProgressMeter -    11:121884471   4.78178209E8     2.6 h      19.0 s       62.5%     4.2 h      95.2 m 
INFO  21:25:39,060 ProgressMeter -    11:127655604   4.79678226E8     2.7 h      19.0 s       62.7%     4.2 h      94.8 m 
INFO  21:26:09,062 ProgressMeter -    11:133644854   4.81179457E8     2.7 h      19.0 s       62.9%     4.2 h      94.3 m 
INFO  21:26:39,063 ProgressMeter -      12:4529718   4.82794524E8     2.7 h      19.0 s       63.0%     4.2 h      93.8 m 
INFO  21:27:09,064 ProgressMeter -     12:10198158   4.84194541E8     2.7 h      19.0 s       63.2%     4.2 h      93.4 m 
INFO  21:27:39,065 ProgressMeter -     12:16130172   4.85794559E8     2.7 h      19.0 s       63.4%     4.2 h      92.9 m 
INFO  21:28:09,129 ProgressMeter -     12:22306347   4.87394579E8     2.7 h      19.0 s       63.6%     4.2 h      92.4 m 
INFO  21:28:39,131 ProgressMeter -     12:28308856   4.88894595E8     2.7 h      19.0 s       63.8%     4.2 h      91.9 m 
INFO  21:29:09,417 ProgressMeter -     12:34416520   4.90494612E8     2.7 h      19.0 s       64.0%     4.2 h      91.4 m 
INFO  21:29:39,418 ProgressMeter -     12:42667690   4.91994794E8     2.7 h      19.0 s       64.3%     4.2 h      90.6 m 
INFO  21:30:09,420 ProgressMeter -     12:48688488   4.9349481E8     2.7 h      19.0 s       64.5%     4.2 h      90.1 m 
INFO  21:30:39,421 ProgressMeter -     12:54203585   4.94994827E8     2.7 h      19.0 s       64.6%     4.2 h      89.7 m 
INFO  21:31:09,631 ProgressMeter -     12:59764763   4.96494849E8     2.7 h      19.0 s       64.8%     4.2 h      89.3 m 
INFO  21:31:39,997 ProgressMeter -     12:66070334   4.98094866E8     2.8 h      19.0 s       65.0%     4.2 h      88.8 m 
INFO  21:32:09,998 ProgressMeter -     12:72260814   4.99694885E8     2.8 h      19.0 s       65.2%     4.2 h      88.3 m 
INFO  21:32:40,165 ProgressMeter -     12:78845014   5.01294906E8     2.8 h      19.0 s       65.4%     4.2 h      87.7 m 
INFO  21:33:10,166 ProgressMeter -     12:85526457   5.02994924E8     2.8 h      19.0 s       65.7%     4.2 h      87.1 m 
INFO  21:33:40,167 ProgressMeter -     12:92229503   5.04594942E8     2.8 h      19.0 s       65.9%     4.2 h      86.5 m 
INFO  21:34:10,214 ProgressMeter -     12:97879423   5.06194961E8     2.8 h      19.0 s       66.1%     4.2 h      86.1 m 
INFO  21:34:40,215 ProgressMeter -    12:104245936   5.07794978E8     2.8 h      19.0 s       66.3%     4.2 h      85.6 m 
INFO  21:35:10,603 ProgressMeter -    12:110243987   5.09495E8     2.8 h      19.0 s       66.5%     4.2 h      85.1 m 
INFO  21:35:40,604 ProgressMeter -    12:116538848   5.11095016E8     2.8 h      19.0 s       66.7%     4.2 h      84.6 m 
INFO  21:36:10,754 ProgressMeter -    12:122520340   5.12695035E8     2.8 h      19.0 s       66.8%     4.2 h      84.1 m 
INFO  21:36:41,832 ProgressMeter -    12:128582465   5.14295058E8     2.8 h      19.0 s       67.0%     4.2 h      83.6 m 
INFO  21:37:11,833 ProgressMeter -     13:19855141   5.15754782E8     2.8 h      19.0 s       67.9%     4.2 h      80.8 m 
INFO  21:37:42,133 ProgressMeter -     13:25907844   5.173548E8     2.9 h      19.0 s       68.0%     4.2 h      80.3 m 
INFO  21:38:12,135 ProgressMeter -     13:31658189   5.18854816E8     2.9 h      19.0 s       68.2%     4.2 h      79.9 m 
INFO  21:38:42,193 ProgressMeter -     13:37922220   5.20454834E8     2.9 h      19.0 s       68.4%     4.2 h      79.4 m 
INFO  21:39:12,267 ProgressMeter -     13:43703830   5.21954851E8     2.9 h      19.0 s       68.6%     4.2 h      78.9 m 
INFO  21:39:42,268 ProgressMeter -     13:49441845   5.23554871E8     2.9 h      19.0 s       68.8%     4.2 h      78.5 m 
INFO  21:40:12,269 ProgressMeter -     13:55592435   5.25154889E8     2.9 h      19.0 s       69.0%     4.2 h      78.0 m 
INFO  21:40:42,540 ProgressMeter -     13:62369261   5.26654907E8     2.9 h      19.0 s       69.2%     4.2 h      77.4 m 
INFO  21:41:12,541 ProgressMeter -     13:68814918   5.28254923E8     2.9 h      19.0 s       69.4%     4.2 h      76.9 m 
INFO  21:41:42,542 ProgressMeter -     13:74886928   5.2965494E8     2.9 h      19.0 s       69.6%     4.2 h      76.4 m 
INFO  21:42:12,543 ProgressMeter -     13:81058338   5.31254957E8     2.9 h      19.0 s       69.8%     4.2 h      75.9 m 
INFO  21:42:43,008 ProgressMeter -     13:88071441   5.32854976E8     2.9 h      19.0 s       70.1%     4.2 h      75.3 m 
INFO  21:43:13,009 ProgressMeter -     13:94535671   5.34454996E8     2.9 h      19.0 s       70.3%     4.2 h      74.7 m 
INFO  21:43:43,011 ProgressMeter -    13:100596263   5.36055014E8     3.0 h      19.0 s       70.5%     4.2 h      74.3 m 
INFO  21:44:13,025 ProgressMeter -    13:106850202   5.37555041E8     3.0 h      19.0 s       70.7%     4.2 h      73.8 m 
INFO  21:44:43,026 ProgressMeter -    13:113111485   5.39155058E8     3.0 h      19.0 s       70.9%     4.2 h      73.2 m 
INFO  21:45:13,027 ProgressMeter -     14:22940409   5.40635174E8     3.0 h      19.0 s       71.7%     4.2 h      70.6 m 
INFO  21:45:43,028 ProgressMeter -     14:29328965   5.42235191E8     3.0 h      19.0 s       71.9%     4.2 h      70.1 m 
INFO  21:46:13,030 ProgressMeter -     14:35638434   5.43835207E8     3.0 h      19.0 s       72.1%     4.2 h      69.6 m 
INFO  21:46:44,137 ProgressMeter -     14:42198125   5.45435225E8     3.0 h      19.0 s       72.3%     4.2 h      69.1 m 
INFO  21:47:14,138 ProgressMeter -     14:48801980   5.47035244E8     3.0 h      19.0 s       72.5%     4.2 h      68.5 m 
INFO  21:47:44,139 ProgressMeter -     14:54470725   5.48535263E8     3.0 h      19.0 s       72.7%     4.2 h      68.1 m 
INFO  21:48:14,141 ProgressMeter -     14:60574991   5.5013528E8     3.0 h      19.0 s       72.9%     4.2 h      67.6 m 
INFO  21:48:44,238 ProgressMeter -     14:66579117   5.518353E8     3.0 h      19.0 s       73.1%     4.2 h      67.1 m 
INFO  21:49:14,414 ProgressMeter -     14:72679252   5.53435323E8     3.0 h      19.0 s       73.3%     4.2 h      66.6 m 
INFO  21:49:44,415 ProgressMeter -     14:78189064   5.54935342E8     3.1 h      19.0 s       73.4%     4.2 h      66.2 m 
INFO  21:50:14,417 ProgressMeter -     14:84942840   5.56635361E8     3.1 h      19.0 s       73.7%     4.2 h      65.6 m 
INFO  21:50:44,527 ProgressMeter -     14:91391017   5.58235378E8     3.1 h      19.0 s       73.9%     4.2 h      65.1 m 
INFO  21:51:14,529 ProgressMeter -     14:97096008   5.59735396E8     3.1 h      19.0 s       74.1%     4.2 h      64.7 m 
INFO  21:51:44,836 ProgressMeter -    14:103253804   5.61435415E8     3.1 h      19.0 s       74.3%     4.2 h      64.2 m 
INFO  21:52:14,837 ProgressMeter -     15:20855837   5.62787222E8     3.1 h      19.0 s       75.1%     4.1 h      61.7 m 
INFO  21:52:45,007 ProgressMeter -     15:27376558   5.6428724E8     3.1 h      19.0 s       75.3%     4.1 h      61.2 m 
INFO  21:53:15,008 ProgressMeter -     15:34506019   5.65887258E8     3.1 h      19.0 s       75.5%     4.1 h      60.6 m 
INFO  21:53:45,381 ProgressMeter -     15:40908338   5.67487275E8     3.1 h      19.0 s       75.7%     4.1 h      60.1 m 
INFO  21:54:15,382 ProgressMeter -     15:47027760   5.69087292E8     3.1 h      19.0 s       75.9%     4.1 h      59.6 m 
INFO  21:54:45,730 ProgressMeter -     15:53188107   5.7078731E8     3.1 h      19.0 s       76.1%     4.1 h      59.1 m 
INFO  21:55:15,731 ProgressMeter -     15:59203450   5.72287327E8     3.1 h      19.0 s       76.3%     4.1 h      58.6 m 
INFO  21:55:45,804 ProgressMeter -     15:65156459   5.73887344E8     3.2 h      19.0 s       76.5%     4.1 h      58.1 m 
INFO  21:56:15,806 ProgressMeter -     15:71028314   5.75387361E8     3.2 h      19.0 s       76.7%     4.1 h      57.7 m 
INFO  21:56:45,807 ProgressMeter -     15:76883503   5.76987378E8     3.2 h      19.0 s       76.9%     4.1 h      57.2 m 
INFO  21:57:15,808 ProgressMeter -     15:82554215   5.78487395E8     3.2 h      19.0 s       77.0%     4.1 h      56.8 m 
INFO  21:57:45,810 ProgressMeter -     15:89065810   5.79987412E8     3.2 h      19.0 s       77.3%     4.1 h      56.3 m 
INFO  21:58:15,811 ProgressMeter -     15:94989209   5.8148743E8     3.2 h      19.0 s       77.4%     4.1 h      55.8 m 
INFO  21:58:45,907 ProgressMeter -    15:101144631   5.83087447E8     3.2 h      19.0 s       77.6%     4.1 h      55.3 m 
INFO  21:59:15,908 ProgressMeter -      16:4271496   5.84484188E8     3.2 h      19.0 s       77.8%     4.1 h      54.9 m 
INFO  21:59:45,909 ProgressMeter -      16:9883315   5.85884206E8     3.2 h      19.0 s       78.0%     4.1 h      54.4 m 
INFO  22:00:15,911 ProgressMeter -     16:15395610   5.87384225E8     3.2 h      19.0 s       78.2%     4.1 h      54.0 m 
INFO  22:00:45,912 ProgressMeter -     16:21970903   5.88884242E8     3.2 h      19.0 s       78.4%     4.1 h      53.5 m 
INFO  22:01:16,143 ProgressMeter -     16:27959147   5.9048426E8     3.2 h      19.0 s       78.6%     4.1 h      53.0 m 
INFO  22:01:46,144 ProgressMeter -     16:33533240   5.9198428E8     3.3 h      19.0 s       78.8%     4.1 h      52.6 m 
INFO  22:02:16,191 ProgressMeter -     16:46392054   5.93084424E8     3.3 h      19.0 s       79.2%     4.1 h      51.4 m 
INFO  22:02:46,733 ProgressMeter -     16:46432885   5.94085013E8     3.3 h      19.0 s       79.2%     4.1 h      51.6 m 
INFO  22:03:17,128 ProgressMeter -     16:51960614   5.95585067E8     3.3 h      19.0 s       79.4%     4.1 h      51.1 m 
INFO  22:03:47,178 ProgressMeter -     16:58019517   5.97185084E8     3.3 h      19.0 s       79.6%     4.1 h      50.6 m 
INFO  22:04:17,644 ProgressMeter -     16:64553898   5.98685106E8     3.3 h      19.0 s       79.8%     4.1 h      50.1 m 
INFO  22:04:47,645 ProgressMeter -     16:70655287   6.00285124E8     3.3 h      19.0 s       80.0%     4.1 h      49.6 m 
INFO  22:05:17,646 ProgressMeter -     16:76793410   6.01885144E8     3.3 h      19.0 s       80.2%     4.1 h      49.1 m 
INFO  22:05:47,648 ProgressMeter -     16:82752752   6.0338516E8     3.3 h      19.0 s       80.4%     4.1 h      48.7 m 
INFO  22:06:17,649 ProgressMeter -     16:88255129   6.04885177E8     3.3 h      19.0 s       80.5%     4.1 h      48.3 m 
INFO  22:06:47,768 ProgressMeter -      17:3597953   6.06353097E8     3.3 h      19.0 s       80.7%     4.1 h      47.8 m 
INFO  22:07:17,769 ProgressMeter -      17:9520883   6.07853113E8     3.3 h      19.0 s       80.9%     4.1 h      47.3 m 
INFO  22:07:48,116 ProgressMeter -     17:16072176   6.09553133E8     3.4 h      19.0 s       81.1%     4.1 h      46.8 m 
INFO  22:08:18,117 ProgressMeter -     17:21563784   6.10953148E8     3.4 h      19.0 s       81.3%     4.1 h      46.4 m 
INFO  22:08:48,718 ProgressMeter -     17:27941531   6.12253313E8     3.4 h      19.0 s       81.5%     4.1 h      45.9 m 
INFO  22:09:18,720 ProgressMeter -     17:34078246   6.13953333E8     3.4 h      19.0 s       81.7%     4.1 h      45.4 m 
INFO  22:09:49,026 ProgressMeter -     17:40430302   6.15553352E8     3.4 h      19.0 s       81.9%     4.1 h      44.9 m 
INFO  22:10:19,027 ProgressMeter -     17:46255317   6.1715337E8     3.4 h      19.0 s       82.1%     4.1 h      44.4 m 
INFO  22:10:49,029 ProgressMeter -     17:52502179   6.18753388E8     3.4 h      19.0 s       82.3%     4.1 h      43.9 m 
INFO  22:11:19,269 ProgressMeter -     17:58789924   6.20353404E8     3.4 h      19.0 s       82.5%     4.1 h      43.4 m 
INFO  22:11:49,560 ProgressMeter -     17:64879252   6.21953422E8     3.4 h      19.0 s       82.7%     4.1 h      42.9 m 
INFO  22:12:19,796 ProgressMeter -     17:71145148   6.23553441E8     3.4 h      19.0 s       82.9%     4.1 h      42.4 m 
INFO  22:12:49,798 ProgressMeter -     17:76837895   6.25053457E8     3.4 h      19.0 s       83.1%     4.1 h      42.0 m 
INFO  22:13:19,799 ProgressMeter -       18:515412   6.2644554E8     3.4 h      19.0 s       83.2%     4.1 h      41.6 m 
INFO  22:13:49,829 ProgressMeter -      18:6359599   6.28045556E8     3.5 h      19.0 s       83.4%     4.1 h      41.2 m 
INFO  22:14:20,199 ProgressMeter -     18:12316754   6.29545574E8     3.5 h      19.0 s       83.6%     4.1 h      40.7 m 
INFO  22:14:50,201 ProgressMeter -     18:18723130   6.30746611E8     3.5 h      19.0 s       83.8%     4.1 h      40.2 m 
INFO  22:15:20,426 ProgressMeter -     18:24847302   6.32346628E8     3.5 h      19.0 s       84.0%     4.1 h      39.7 m 
INFO  22:15:50,929 ProgressMeter -     18:31401074   6.33946645E8     3.5 h      19.0 s       84.2%     4.1 h      39.2 m 
INFO  22:16:20,930 ProgressMeter -     18:37678860   6.3544666E8     3.5 h      19.0 s       84.4%     4.1 h      38.7 m 
INFO  22:16:50,932 ProgressMeter -     18:44034937   6.37046681E8     3.5 h      19.0 s       84.6%     4.1 h      38.1 m 
INFO  22:17:20,933 ProgressMeter -     18:50054286   6.38546697E8     3.5 h      19.0 s       84.8%     4.1 h      37.7 m 
INFO  22:17:50,934 ProgressMeter -     18:56283966   6.40146714E8     3.5 h      19.0 s       85.0%     4.1 h      37.2 m 
INFO  22:18:21,408 ProgressMeter -     18:62097624   6.41746735E8     3.5 h      19.0 s       85.2%     4.1 h      36.7 m 
INFO  22:18:51,409 ProgressMeter -     18:68716677   6.4324675E8     3.5 h      19.0 s       85.4%     4.1 h      36.2 m 
INFO  22:19:21,410 ProgressMeter -     18:74559062   6.44646764E8     3.5 h      19.0 s       85.6%     4.1 h      35.7 m 
INFO  22:19:51,411 ProgressMeter -      19:2219715   6.46103493E8     3.6 h      19.0 s       85.8%     4.1 h      35.3 m 
INFO  22:20:21,412 ProgressMeter -      19:7812491   6.47503508E8     3.6 h      19.0 s       86.0%     4.1 h      34.8 m 
INFO  22:20:51,414 ProgressMeter -     19:13564155   6.49103526E8     3.6 h      19.0 s       86.2%     4.1 h      34.4 m 
INFO  22:21:21,521 ProgressMeter -     19:19545083   6.5060355E8     3.6 h      19.0 s       86.4%     4.1 h      33.9 m 
INFO  22:21:51,523 ProgressMeter -     19:27732115   6.51903565E8     3.6 h      19.0 s       86.6%     4.1 h      33.2 m 
INFO  22:22:21,524 ProgressMeter -     19:30430122   6.53105423E8     3.6 h      19.0 s       86.7%     4.1 h      33.0 m 
INFO  22:22:51,525 ProgressMeter -     19:36702579   6.54805467E8     3.6 h      19.0 s       86.9%     4.1 h      32.5 m 
INFO  22:23:21,611 ProgressMeter -     19:42770156   6.56305483E8     3.6 h      19.0 s       87.1%     4.1 h      32.0 m 
INFO  22:23:51,613 ProgressMeter -     19:48591807   6.57905506E8     3.6 h      19.0 s       87.3%     4.1 h      31.6 m 
INFO  22:24:21,614 ProgressMeter -     19:54263642   6.59305523E8     3.6 h      19.0 s       87.5%     4.1 h      31.1 m 
INFO  22:24:51,615 ProgressMeter -      20:1195849   6.60825163E8     3.6 h      19.0 s       87.7%     4.1 h      30.7 m 
INFO  22:25:21,616 ProgressMeter -      20:6890567   6.62325182E8     3.6 h      19.0 s       87.9%     4.1 h      30.2 m 
INFO  22:25:51,617 ProgressMeter -     20:13355041   6.639252E8     3.7 h      19.0 s       88.1%     4.1 h      29.7 m 
INFO  22:26:21,618 ProgressMeter -     20:19429039   6.65425219E8     3.7 h      19.0 s       88.3%     4.1 h      29.2 m 
INFO  22:26:52,341 ProgressMeter -     20:25736053   6.67025235E8     3.7 h      19.0 s       88.5%     4.1 h      28.7 m 
INFO  22:27:22,343 ProgressMeter -     20:33071015   6.68325457E8     3.7 h      19.0 s       88.7%     4.1 h      28.1 m 
INFO  22:27:52,882 ProgressMeter -     20:39135775   6.69925477E8     3.7 h      19.0 s       88.9%     4.1 h      27.6 m 
INFO  22:28:22,883 ProgressMeter -     20:45213936   6.71525496E8     3.7 h      19.0 s       89.1%     4.1 h      27.1 m 
INFO  22:28:52,884 ProgressMeter -     20:50787557   6.73025514E8     3.7 h      19.0 s       89.3%     4.1 h      26.7 m 
INFO  22:29:22,995 ProgressMeter -     20:56861752   6.74625533E8     3.7 h      19.0 s       89.5%     4.1 h      26.2 m 
INFO  22:29:53,239 ProgressMeter -     20:62845160   6.76125554E8     3.7 h      19.0 s       89.7%     4.1 h      25.7 m 
INFO  22:30:23,240 ProgressMeter -     21:11067016   6.77259187E8     3.7 h      19.0 s       90.0%     4.1 h      24.8 m 
INFO  22:30:53,241 ProgressMeter -     21:19379733   6.78762248E8     3.7 h      19.0 s       90.3%     4.1 h      24.1 m 
INFO  22:31:23,445 ProgressMeter -     21:25997847   6.80262267E8     3.7 h      19.0 s       90.5%     4.1 h      23.6 m 
INFO  22:31:53,446 ProgressMeter -     21:32265797   6.81862285E8     3.8 h      19.0 s       90.7%     4.1 h      23.0 m 
INFO  22:32:23,447 ProgressMeter -     21:38355714   6.83462303E8     3.8 h      19.0 s       90.9%     4.1 h      22.6 m 
INFO  22:32:53,448 ProgressMeter -     21:44241393   6.84962319E8     3.8 h      19.0 s       91.1%     4.1 h      22.1 m 
INFO  22:33:23,450 ProgressMeter -     22:18215501   6.86474519E8     3.8 h      19.0 s       91.8%     4.1 h      20.2 m 
INFO  22:33:53,492 ProgressMeter -     22:23893535   6.87974593E8     3.8 h      19.0 s       92.0%     4.1 h      19.8 m 
INFO  22:34:23,494 ProgressMeter -     22:29905759   6.89574613E8     3.8 h      19.0 s       92.2%     4.1 h      19.3 m 
INFO  22:34:53,820 ProgressMeter -     22:35959665   6.91074631E8     3.8 h      19.0 s       92.4%     4.1 h      18.8 m 
INFO  22:35:23,868 ProgressMeter -     22:41490958   6.92574648E8     3.8 h      19.0 s       92.6%     4.1 h      18.4 m 
INFO  22:35:53,870 ProgressMeter -     22:47091404   6.94074664E8     3.8 h      19.0 s       92.7%     4.1 h      17.9 m 
INFO  22:36:24,257 ProgressMeter -       X:1818448   6.95583166E8     3.8 h      19.0 s       92.9%     4.1 h      17.5 m 
INFO  22:36:54,794 ProgressMeter -      X:13218629   6.97083182E8     3.8 h      19.0 s       93.3%     4.1 h      16.5 m 
INFO  22:37:25,019 ProgressMeter -      X:24969380   6.98583197E8     3.8 h      19.0 s       93.7%     4.1 h      15.5 m 
INFO  22:37:55,020 ProgressMeter -      X:37712355   7.00183213E8     3.9 h      19.0 s       94.1%     4.1 h      14.5 m 
INFO  22:38:25,034 ProgressMeter -      X:49855982   7.01683228E8     3.9 h      19.0 s       94.5%     4.1 h      13.5 m 
INFO  22:38:55,607 ProgressMeter -      X:62235413   7.02983276E8     3.9 h      19.0 s       94.9%     4.1 h      12.5 m 
INFO  22:39:25,608 ProgressMeter -      X:74625616   7.04483291E8     3.9 h      19.0 s       95.3%     4.1 h      11.5 m 
INFO  22:39:55,777 ProgressMeter -      X:87170261   7.0608331E8     3.9 h      19.0 s       95.7%     4.1 h      10.5 m 
INFO  22:40:26,479 ProgressMeter -     X:100800793   7.07583327E8     3.9 h      19.0 s       96.1%     4.1 h       9.4 m 
INFO  22:40:56,480 ProgressMeter -     X:113965169   7.09183344E8     3.9 h      19.0 s       96.6%     4.0 h       8.4 m 
INFO  22:41:36,481 ProgressMeter -     X:130174141   7.11183365E8     3.9 h      19.0 s       97.1%     4.0 h       7.1 m 
INFO  22:42:06,514 ProgressMeter -     X:143611100   7.12783381E8     3.9 h      19.0 s       97.5%     4.0 h       6.0 m 
INFO  22:42:36,803 ProgressMeter -       Y:3766515   7.14383409E8     3.9 h      19.0 s       98.0%     4.0 h       4.8 m 
INFO  22:43:06,804 ProgressMeter -      Y:13481507   7.15683781E8     3.9 h      19.0 s       98.3%     4.0 h       4.0 m 
INFO  22:43:37,356 ProgressMeter -      Y:17368711   7.17013986E8     3.9 h      19.0 s       98.4%     4.0 h       3.7 m 
INFO  22:44:07,554 ProgressMeter -      Y:58834097   7.1801403E8     4.0 h      19.0 s       99.8%     4.0 h      30.0 s 
INFO  22:44:37,984 ProgressMeter -        MT:11865   7.19482484E8     4.0 h      19.0 s       99.8%     4.0 h      28.0 s 
INFO  22:45:07,985 ProgressMeter - GL000208.1:71605   7.20717914E8     4.0 h      19.0 s       99.8%     4.0 h      22.0 s 
INFO  22:45:37,986 ProgressMeter - GL000220.1:129211   7.21983475E8     4.0 h      19.0 s       99.9%     4.0 h      16.0 s 
INFO  22:46:07,987 ProgressMeter - GL000199.1:82982   7.2309363E8     4.0 h      19.0 s       99.9%     4.0 h      14.0 s 
INFO  22:46:37,993 ProgressMeter - GL000224.1:39379   7.24227283E8     4.0 h      19.0 s       99.9%     4.0 h      10.0 s 
INFO  22:47:07,994 ProgressMeter - GL000225.1:132380   7.25508236E8     4.0 h      19.0 s      100.0%     4.0 h       2.0 s 
INFO  22:47:37,996 ProgressMeter - GL000225.1:198322   7.25508236E8     4.0 h      19.0 s      100.0%     4.0 h       2.0 s 
INFO  22:48:07,997 ProgressMeter - GL000225.1:198322   7.25508236E8     4.0 h      19.0 s      100.0%     4.0 h       2.0 s 
INFO  22:48:32,123 BaseRecalibrator - Calculating quantized quality scores... 
INFO  22:48:32,198 BaseRecalibrator - Writing recalibration report... 
INFO  22:48:34,744 BaseRecalibrator - ...done! 
INFO  22:48:34,744 BaseRecalibrator - BaseRecalibrator was able to recalibrate 725708254 reads 
INFO  22:48:34,745 ProgressMeter -            done   7.25715519E8     4.0 h      20.0 s      100.0%     4.0 h       0.0 s 
INFO  22:48:34,745 ProgressMeter - Total runtime 14517.03 secs, 241.95 min, 4.03 hours 
INFO  22:48:34,745 MicroScheduler - 142488588 reads were filtered out during the traversal out of approximately 868204107 total reads (16.41%) 
INFO  22:48:34,745 MicroScheduler -   -> 84320169 reads (9.71% of total) failing DuplicateReadFilter 
INFO  22:48:34,746 MicroScheduler -   -> 0 reads (0.00% of total) failing FailsVendorQualityCheckFilter 
INFO  22:48:34,746 MicroScheduler -   -> 0 reads (0.00% of total) failing MalformedReadFilter 
INFO  22:48:34,746 MicroScheduler -   -> 0 reads (0.00% of total) failing MappingQualityUnavailableFilter 
INFO  22:48:34,746 MicroScheduler -   -> 56709745 reads (6.53% of total) failing MappingQualityZeroFilter 
INFO  22:48:34,746 MicroScheduler -   -> 1458674 reads (0.17% of total) failing NotPrimaryAlignmentFilter 
INFO  22:48:34,746 MicroScheduler -   -> 0 reads (0.00% of total) failing UnmappedReadFilter 
INFO  22:48:36,571 GATKRunReport - Uploaded run statistics report to AWS S3 
