SLF4J: Class path contains multiple SLF4J bindings.
SLF4J: Found binding in [jar:file:/apus/v1/a2014205/software/piper_bin/Piper/Piper-v1.3.0/lib/GenomeAnalysisTK.jar!/org/slf4j/impl/StaticLoggerBinder.class]
SLF4J: Found binding in [jar:file:/apus/v1/a2014205/software/piper_bin/Piper/Piper-v1.3.0/lib/Queue.jar!/org/slf4j/impl/StaticLoggerBinder.class]
SLF4J: See http://www.slf4j.org/codes.html#multiple_bindings for an explanation.
INFO  05:08:11,166 HelpFormatter - -------------------------------------------------------------------------------- 
INFO  05:08:11,168 HelpFormatter - The Genome Analysis Toolkit (GATK) v3.3-0-geee94ec, Compiled 2015/12/17 12:33:03 
INFO  05:08:11,168 HelpFormatter - Copyright (c) 2010 The Broad Institute 
INFO  05:08:11,168 HelpFormatter - For support and documentation go to http://www.broadinstitute.org/gatk 
INFO  05:08:11,172 HelpFormatter - Program Args: -T BaseRecalibrator -I /scratch/108820/ANALYSIS/P4107/piper_ngi/05_processed_alignments/P4107_1006.clean.dedup.recal.bam -R /proj/a2014205/piper_references/gatk_bundle/2.8/b37/human_g1k_v37.fasta -nct 16 -knownSites /proj/a2014205/piper_references/gatk_bundle/2.8/b37/dbsnp_138.b37.vcf -o /scratch/108820/ANALYSIS/P4107/piper_ngi/05_processed_alignments/P4107_1006.post_recal.table -cov ReadGroupCovariate -cov QualityScoreCovariate -cov CycleCovariate -cov ContextCovariate 
INFO  05:08:11,177 HelpFormatter - Executing as funk_002@n29.uppmax.uu.se on Linux 2.6.32-573.18.1.el6.x86_64 amd64; Java HotSpot(TM) 64-Bit Server VM 1.7.0_25-b15. 
INFO  05:08:11,177 HelpFormatter - Date/Time: 2016/02/23 05:08:11 
INFO  05:08:11,178 HelpFormatter - -------------------------------------------------------------------------------- 
INFO  05:08:11,178 HelpFormatter - -------------------------------------------------------------------------------- 
INFO  05:08:11,411 GenomeAnalysisEngine - Strictness is SILENT 
INFO  05:08:11,551 GenomeAnalysisEngine - Downsampling Settings: No downsampling 
INFO  05:08:11,559 SAMDataSource$SAMReaders - Initializing SAMRecords in serial 
INFO  05:08:11,590 SAMDataSource$SAMReaders - Done initializing BAM readers: total time 0.03 
INFO  05:08:11,908 MicroScheduler - Running the GATK in parallel mode with 16 total threads, 16 CPU thread(s) for each of 1 data thread(s), of 16 processors available on this machine 
INFO  05:08:11,979 GenomeAnalysisEngine - Preparing for traversal over 1 BAM files 
INFO  05:08:11,983 GenomeAnalysisEngine - Done preparing for traversal 
INFO  05:08:11,984 ProgressMeter - [INITIALIZATION COMPLETE; STARTING PROCESSING] 
INFO  05:08:11,984 ProgressMeter -                 | processed |    time |    per 1M |           |   total | remaining 
INFO  05:08:11,985 ProgressMeter -        Location |     reads | elapsed |     reads | completed | runtime |   runtime 
INFO  05:08:12,026 BaseRecalibrator - The covariates being used here:  
INFO  05:08:12,026 BaseRecalibrator - 	ReadGroupCovariate 
INFO  05:08:12,026 BaseRecalibrator - 	QualityScoreCovariate 
INFO  05:08:12,026 BaseRecalibrator - 	ContextCovariate 
INFO  05:08:12,026 ContextCovariate - 		Context sizes: base substitution model 2, indel substitution model 3 
INFO  05:08:12,026 BaseRecalibrator - 	CycleCovariate 
INFO  05:08:12,028 ReadShardBalancer$1 - Loading BAM index data 
INFO  05:08:12,029 ReadShardBalancer$1 - Done loading BAM index data 
INFO  05:08:42,015 ProgressMeter -       1:4380086    900011.0    30.0 s      33.0 s        0.1%     5.9 h       5.9 h 
INFO  05:09:12,017 ProgressMeter -      1:10201922   2500028.0    60.0 s      24.0 s        0.3%     5.1 h       5.1 h 
INFO  05:09:42,018 ProgressMeter -      1:16604074   4100049.0    90.0 s      21.0 s        0.5%     4.7 h       4.6 h 
INFO  05:10:12,020 ProgressMeter -      1:21957667   5600070.0   120.0 s      21.0 s        0.7%     4.7 h       4.7 h 
INFO  05:10:42,021 ProgressMeter -      1:27963137   7300091.0     2.5 m      20.0 s        0.9%     4.6 h       4.6 h 
INFO  05:11:12,022 ProgressMeter -      1:34093502   8900111.0     3.0 m      20.0 s        1.1%     4.5 h       4.5 h 
INFO  05:11:42,023 ProgressMeter -      1:40221303   1.0600131E7     3.5 m      19.0 s        1.3%     4.5 h       4.4 h 
INFO  05:12:12,025 ProgressMeter -      1:46085990   1.2200148E7     4.0 m      19.0 s        1.5%     4.5 h       4.4 h 
INFO  05:12:42,026 ProgressMeter -      1:52559374   1.3900169E7     4.5 m      19.0 s        1.7%     4.4 h       4.4 h 
INFO  05:13:12,027 ProgressMeter -      1:58725929   1.5500188E7     5.0 m      19.0 s        1.9%     4.4 h       4.3 h 
INFO  05:13:42,029 ProgressMeter -      1:65170863   1.7200205E7     5.5 m      19.0 s        2.1%     4.4 h       4.3 h 
INFO  05:14:12,030 ProgressMeter -      1:71405531   1.8800222E7     6.0 m      19.0 s        2.3%     4.3 h       4.2 h 
INFO  05:14:42,031 ProgressMeter -      1:78219966   2.0500241E7     6.5 m      19.0 s        2.5%     4.3 h       4.2 h 
INFO  05:15:12,032 ProgressMeter -      1:84849405   2.220026E7     7.0 m      18.0 s        2.7%     4.3 h       4.1 h 
INFO  05:15:42,034 ProgressMeter -      1:90936749   2.3800278E7     7.5 m      18.0 s        2.9%     4.3 h       4.1 h 
INFO  05:16:12,035 ProgressMeter -      1:97033805   2.5500296E7     8.0 m      18.0 s        3.1%     4.3 h       4.1 h 
INFO  05:16:42,036 ProgressMeter -     1:103139364   2.7100315E7     8.5 m      18.0 s        3.3%     4.3 h       4.1 h 
INFO  05:17:12,283 ProgressMeter -     1:110304272   2.8700333E7     9.0 m      18.0 s        3.6%     4.2 h       4.1 h 
INFO  05:17:42,318 ProgressMeter -     1:116195982   3.0300351E7     9.5 m      18.0 s        3.7%     4.2 h       4.1 h 
INFO  05:18:12,502 ProgressMeter -     1:121484209   3.1800375E7    10.0 m      18.0 s        3.9%     4.3 h       4.1 h 
INFO  05:19:02,871 ProgressMeter -     1:121484779   3.2102476E7    10.8 m      20.0 s        3.9%     4.6 h       4.4 h 
INFO  05:19:56,682 ProgressMeter -     1:121485165   3.2302831E7    11.7 m      21.0 s        3.9%     5.0 h       4.8 h 
INFO  05:20:26,684 ProgressMeter -     1:143422673   3.3106301E7    12.2 m      22.0 s        4.6%     4.4 h       4.2 h 
INFO  05:20:56,813 ProgressMeter -     1:150131549   3.4606318E7    12.7 m      22.0 s        4.8%     4.4 h       4.2 h 
INFO  05:21:26,814 ProgressMeter -     1:156154910   3.6206335E7    13.2 m      21.0 s        5.0%     4.4 h       4.2 h 
INFO  05:21:56,994 ProgressMeter -     1:162204781   3.7906354E7    13.8 m      21.0 s        5.2%     4.4 h       4.2 h 
INFO  05:22:27,128 ProgressMeter -     1:168554373   3.9606376E7    14.3 m      21.0 s        5.4%     4.4 h       4.1 h 
INFO  05:22:57,130 ProgressMeter -     1:175061717   4.1306394E7    14.8 m      21.0 s        5.6%     4.4 h       4.1 h 
INFO  05:23:27,131 ProgressMeter -     1:181326663   4.3006413E7    15.3 m      21.0 s        5.8%     4.3 h       4.1 h 
INFO  05:23:57,365 ProgressMeter -     1:187757755   4.4706445E7    15.8 m      21.0 s        6.1%     4.3 h       4.1 h 
INFO  05:24:27,366 ProgressMeter -     1:194460811   4.6406464E7    16.3 m      21.0 s        6.3%     4.3 h       4.0 h 
INFO  05:24:57,422 ProgressMeter -     1:201010691   4.8106483E7    16.8 m      20.0 s        6.5%     4.3 h       4.0 h 
INFO  05:25:27,424 ProgressMeter -     1:207239434   4.9806504E7    17.3 m      20.0 s        6.7%     4.3 h       4.0 h 
INFO  05:25:57,425 ProgressMeter -     1:213440079   5.1406521E7    17.8 m      20.0 s        6.9%     4.3 h       4.0 h 
INFO  05:26:27,426 ProgressMeter -     1:220114610   5.310654E7    18.3 m      20.0 s        7.1%     4.3 h       4.0 h 
INFO  05:26:57,428 ProgressMeter -     1:226447949   5.4806559E7    18.8 m      20.0 s        7.3%     4.3 h       4.0 h 
INFO  05:27:27,454 ProgressMeter -     1:232787035   5.6506577E7    19.3 m      20.0 s        7.5%     4.3 h       4.0 h 
INFO  05:27:57,456 ProgressMeter -     1:238945229   5.8106594E7    19.8 m      20.0 s        7.7%     4.3 h       3.9 h 
INFO  05:28:27,457 ProgressMeter -     1:245541172   5.9806611E7    20.3 m      20.0 s        7.9%     4.3 h       3.9 h 
INFO  05:28:57,686 ProgressMeter -       2:2872018   6.14048E7    20.8 m      20.0 s        8.1%     4.3 h       3.9 h 
INFO  05:29:27,803 ProgressMeter -       2:9309955   6.310482E7    21.3 m      20.0 s        8.3%     4.2 h       3.9 h 
INFO  05:29:57,804 ProgressMeter -      2:15635519   6.4704839E7    21.8 m      20.0 s        8.5%     4.2 h       3.9 h 
INFO  05:30:27,805 ProgressMeter -      2:22189517   6.6404858E7    22.3 m      20.0 s        8.8%     4.2 h       3.9 h 
INFO  05:30:57,807 ProgressMeter -      2:28166803   6.8104877E7    22.8 m      20.0 s        8.9%     4.2 h       3.9 h 
INFO  05:31:27,809 ProgressMeter -      2:33141664   6.9504967E7    23.3 m      20.0 s        9.1%     4.3 h       3.9 h 
INFO  05:31:57,810 ProgressMeter -      2:39305380   7.1205346E7    23.8 m      20.0 s        9.3%     4.3 h       3.9 h 
INFO  05:32:27,812 ProgressMeter -      2:45365336   7.2805367E7    24.3 m      19.0 s        9.5%     4.3 h       3.9 h 
INFO  05:32:57,850 ProgressMeter -      2:51837405   7.4505385E7    24.8 m      19.0 s        9.7%     4.2 h       3.8 h 
INFO  05:33:27,851 ProgressMeter -      2:58346470   7.6205404E7    25.3 m      19.0 s        9.9%     4.2 h       3.8 h 
INFO  05:33:57,852 ProgressMeter -      2:64617074   7.7905428E7    25.8 m      19.0 s       10.1%     4.2 h       3.8 h 
INFO  05:34:27,853 ProgressMeter -      2:70803494   7.960545E7    26.3 m      19.0 s       10.3%     4.2 h       3.8 h 
INFO  05:34:57,855 ProgressMeter -      2:77203253   8.1305471E7    26.8 m      19.0 s       10.5%     4.2 h       3.8 h 
INFO  05:35:27,856 ProgressMeter -      2:84211181   8.3005493E7    27.3 m      19.0 s       10.8%     4.2 h       3.8 h 
INFO  05:35:58,031 ProgressMeter -      2:89870055   8.450551E7    27.8 m      19.0 s       10.9%     4.2 h       3.8 h 
INFO  05:36:28,032 ProgressMeter -      2:92313424   8.5605806E7    28.3 m      19.0 s       11.0%     4.3 h       3.8 h 
INFO  05:36:58,033 ProgressMeter -      2:99013817   8.7006231E7    28.8 m      19.0 s       11.2%     4.3 h       3.8 h 
INFO  05:37:28,035 ProgressMeter -     2:105734290   8.8706252E7    29.3 m      19.0 s       11.4%     4.3 h       3.8 h 
INFO  05:37:58,036 ProgressMeter -     2:112662480   9.030627E7    29.8 m      19.0 s       11.7%     4.3 h       3.8 h 
INFO  05:38:28,083 ProgressMeter -     2:119248032   9.2006294E7    30.3 m      19.0 s       11.9%     4.2 h       3.7 h 
INFO  05:38:58,084 ProgressMeter -     2:125771155   9.3706313E7    30.8 m      19.0 s       12.1%     4.2 h       3.7 h 
INFO  05:39:28,085 ProgressMeter -     2:132294288   9.5306331E7    31.3 m      19.0 s       12.3%     4.2 h       3.7 h 
INFO  05:39:58,249 ProgressMeter -     2:138106857   9.7006352E7    31.8 m      19.0 s       12.5%     4.2 h       3.7 h 
INFO  05:40:28,251 ProgressMeter -     2:144807672   9.8606369E7    32.3 m      19.0 s       12.7%     4.2 h       3.7 h 
INFO  05:40:58,316 ProgressMeter -     2:151738931   1.00406392E8    32.8 m      19.0 s       12.9%     4.2 h       3.7 h 
INFO  05:41:28,317 ProgressMeter -     2:158405015   1.02106413E8    33.3 m      19.0 s       13.1%     4.2 h       3.7 h 
INFO  05:41:58,319 ProgressMeter -     2:164704568   1.03806431E8    33.8 m      19.0 s       13.3%     4.2 h       3.7 h 
INFO  05:42:28,320 ProgressMeter -     2:171219875   1.05506452E8    34.3 m      19.0 s       13.6%     4.2 h       3.6 h 
INFO  05:42:58,321 ProgressMeter -     2:177557876   1.0720647E8    34.8 m      19.0 s       13.8%     4.2 h       3.6 h 
INFO  05:43:28,323 ProgressMeter -     2:183955192   1.0890649E8    35.3 m      19.0 s       14.0%     4.2 h       3.6 h 
INFO  05:43:58,324 ProgressMeter -     2:190640383   1.10606525E8    35.8 m      19.0 s       14.2%     4.2 h       3.6 h 
INFO  05:44:28,325 ProgressMeter -     2:197125808   1.12306544E8    36.3 m      19.0 s       14.4%     4.2 h       3.6 h 
INFO  05:44:58,326 ProgressMeter -     2:203466951   1.14006563E8    36.8 m      19.0 s       14.6%     4.2 h       3.6 h 
INFO  05:45:28,328 ProgressMeter -     2:209817065   1.15706586E8    37.3 m      19.0 s       14.8%     4.2 h       3.6 h 
INFO  05:45:58,329 ProgressMeter -     2:216024012   1.17306604E8    37.8 m      19.0 s       15.0%     4.2 h       3.6 h 
INFO  05:46:28,531 ProgressMeter -     2:222319244   1.19006622E8    38.3 m      19.0 s       15.2%     4.2 h       3.6 h 
INFO  05:46:58,532 ProgressMeter -     2:228596714   1.20706645E8    38.8 m      19.0 s       15.4%     4.2 h       3.5 h 
INFO  05:47:28,534 ProgressMeter -     2:234766953   1.22406662E8    39.3 m      19.0 s       15.6%     4.2 h       3.5 h 
INFO  05:47:58,535 ProgressMeter -     2:241292517   1.24006681E8    39.8 m      19.0 s       15.8%     4.2 h       3.5 h 
INFO  05:48:28,756 ProgressMeter -       3:4546480   1.25678232E8    40.3 m      19.0 s       16.0%     4.2 h       3.5 h 
INFO  05:48:58,757 ProgressMeter -      3:10822987   1.27278252E8    40.8 m      19.0 s       16.2%     4.2 h       3.5 h 
INFO  05:49:28,759 ProgressMeter -      3:16917207   1.28978275E8    41.3 m      19.0 s       16.4%     4.2 h       3.5 h 
INFO  05:49:58,760 ProgressMeter -      3:23444068   1.30678294E8    41.8 m      19.0 s       16.6%     4.2 h       3.5 h 
INFO  05:50:28,761 ProgressMeter -      3:29996631   1.32378312E8    42.3 m      19.0 s       16.8%     4.2 h       3.5 h 
INFO  05:50:58,763 ProgressMeter -      3:36603012   1.3407833E8    42.8 m      19.0 s       17.1%     4.2 h       3.5 h 
INFO  05:51:28,871 ProgressMeter -      3:42849118   1.35778351E8    43.3 m      19.0 s       17.3%     4.2 h       3.5 h 
INFO  05:51:59,143 ProgressMeter -      3:49145564   1.37478369E8    43.8 m      19.0 s       17.5%     4.2 h       3.4 h 
INFO  05:52:29,194 ProgressMeter -      3:55407913   1.39178388E8    44.3 m      19.0 s       17.7%     4.2 h       3.4 h 
INFO  05:52:59,383 ProgressMeter -      3:61760505   1.40878407E8    44.8 m      19.0 s       17.9%     4.2 h       3.4 h 
INFO  05:53:29,385 ProgressMeter -      3:68477255   1.42578425E8    45.3 m      19.0 s       18.1%     4.2 h       3.4 h 
INFO  05:53:59,386 ProgressMeter -      3:74978439   1.44178443E8    45.8 m      19.0 s       18.3%     4.2 h       3.4 h 
INFO  05:54:29,621 ProgressMeter -      3:82017668   1.45878462E8    46.3 m      19.0 s       18.5%     4.2 h       3.4 h 
INFO  05:54:59,623 ProgressMeter -      3:88943907   1.47578484E8    46.8 m      19.0 s       18.7%     4.2 h       3.4 h 
INFO  05:55:29,624 ProgressMeter -      3:98546538   1.49278501E8    47.3 m      19.0 s       19.1%     4.1 h       3.3 h 
INFO  05:55:59,626 ProgressMeter -     3:104957050   1.50978521E8    47.8 m      18.0 s       19.3%     4.1 h       3.3 h 
INFO  05:56:29,788 ProgressMeter -     3:111414147   1.52678542E8    48.3 m      18.0 s       19.5%     4.1 h       3.3 h 
INFO  05:56:59,790 ProgressMeter -     3:117893253   1.54378562E8    48.8 m      18.0 s       19.7%     4.1 h       3.3 h 
INFO  05:57:29,809 ProgressMeter -     3:124096664   1.56078582E8    49.3 m      18.0 s       19.9%     4.1 h       3.3 h 
INFO  05:57:59,810 ProgressMeter -     3:130285208   1.57678602E8    49.8 m      18.0 s       20.1%     4.1 h       3.3 h 
INFO  05:58:29,812 ProgressMeter -     3:136623767   1.59378623E8    50.3 m      18.0 s       20.3%     4.1 h       3.3 h 
INFO  05:58:59,813 ProgressMeter -     3:143004005   1.61078642E8    50.8 m      18.0 s       20.5%     4.1 h       3.3 h 
INFO  05:59:29,814 ProgressMeter -     3:149674071   1.6277866E8    51.3 m      18.0 s       20.7%     4.1 h       3.3 h 
INFO  05:59:59,815 ProgressMeter -     3:156112762   1.64478681E8    51.8 m      18.0 s       20.9%     4.1 h       3.3 h 
INFO  06:00:29,817 ProgressMeter -     3:162620689   1.661787E8    52.3 m      18.0 s       21.1%     4.1 h       3.3 h 
INFO  06:01:00,081 ProgressMeter -     3:169336161   1.6787872E8    52.8 m      18.0 s       21.3%     4.1 h       3.2 h 
INFO  06:01:30,294 ProgressMeter -     3:175895802   1.69578739E8    53.3 m      18.0 s       21.5%     4.1 h       3.2 h 
INFO  06:02:00,295 ProgressMeter -     3:182416817   1.71278757E8    53.8 m      18.0 s       21.8%     4.1 h       3.2 h 
INFO  06:02:30,297 ProgressMeter -     3:188627382   1.72978777E8    54.3 m      18.0 s       22.0%     4.1 h       3.2 h 
INFO  06:03:00,298 ProgressMeter -     3:194816433   1.74578797E8    54.8 m      18.0 s       22.2%     4.1 h       3.2 h 
INFO  06:03:30,508 ProgressMeter -       4:2638656   1.76287867E8    55.3 m      18.0 s       22.3%     4.1 h       3.2 h 
INFO  06:04:00,509 ProgressMeter -       4:8445616   1.77787883E8    55.8 m      18.0 s       22.5%     4.1 h       3.2 h 
INFO  06:04:30,657 ProgressMeter -      4:15092254   1.79487902E8    56.3 m      18.0 s       22.7%     4.1 h       3.2 h 
INFO  06:05:00,658 ProgressMeter -      4:21824353   1.8118792E8    56.8 m      18.0 s       23.0%     4.1 h       3.2 h 
INFO  06:05:30,660 ProgressMeter -      4:28489030   1.82787936E8    57.3 m      18.0 s       23.2%     4.1 h       3.2 h 
INFO  06:06:00,661 ProgressMeter -      4:35608786   1.84487993E8    57.8 m      18.0 s       23.4%     4.1 h       3.2 h 
INFO  06:06:30,662 ProgressMeter -      4:41764470   1.86188011E8    58.3 m      18.0 s       23.6%     4.1 h       3.1 h 
INFO  06:07:00,663 ProgressMeter -      4:48299602   1.87888031E8    58.8 m      18.0 s       23.8%     4.1 h       3.1 h 
INFO  06:07:30,665 ProgressMeter -      4:49140273   1.88889504E8    59.3 m      18.0 s       23.8%     4.1 h       3.2 h 
INFO  06:08:00,666 ProgressMeter -      4:53334455   1.89992386E8    59.8 m      18.0 s       24.0%     4.2 h       3.2 h 
INFO  06:08:30,667 ProgressMeter -      4:60049389   1.91692407E8    60.3 m      18.0 s       24.2%     4.2 h       3.1 h 
INFO  06:09:00,894 ProgressMeter -      4:66995165   1.93392426E8    60.8 m      18.0 s       24.4%     4.1 h       3.1 h 
INFO  06:09:30,896 ProgressMeter -      4:72808021   1.94992759E8    61.3 m      18.0 s       24.6%     4.2 h       3.1 h 
INFO  06:10:00,897 ProgressMeter -      4:79356421   1.96592778E8    61.8 m      18.0 s       24.8%     4.2 h       3.1 h 
INFO  06:10:30,898 ProgressMeter -      4:85737616   1.98292796E8    62.3 m      18.0 s       25.0%     4.1 h       3.1 h 
INFO  06:11:00,899 ProgressMeter -      4:92338599   1.99992814E8    62.8 m      18.0 s       25.2%     4.1 h       3.1 h 
INFO  06:11:30,901 ProgressMeter -      4:99413196   2.01792835E8    63.3 m      18.0 s       25.5%     4.1 h       3.1 h 
INFO  06:12:00,902 ProgressMeter -     4:106085571   2.03492854E8    63.8 m      18.0 s       25.7%     4.1 h       3.1 h 
INFO  06:12:30,904 ProgressMeter -     4:112665976   2.05192871E8    64.3 m      18.0 s       25.9%     4.1 h       3.1 h 
INFO  06:13:00,905 ProgressMeter -     4:119320152   2.06892889E8    64.8 m      18.0 s       26.1%     4.1 h       3.1 h 
INFO  06:13:30,906 ProgressMeter -     4:125952410   2.0859291E8    65.3 m      18.0 s       26.3%     4.1 h       3.0 h 
INFO  06:14:00,908 ProgressMeter -     4:132717115   2.10292928E8    65.8 m      18.0 s       26.5%     4.1 h       3.0 h 
INFO  06:14:30,909 ProgressMeter -     4:139458237   2.11992949E8    66.3 m      18.0 s       26.8%     4.1 h       3.0 h 
INFO  06:15:00,911 ProgressMeter -     4:145801330   2.13592967E8    66.8 m      18.0 s       27.0%     4.1 h       3.0 h 
INFO  06:15:31,089 ProgressMeter -     4:152054126   2.15392988E8    67.3 m      18.0 s       27.2%     4.1 h       3.0 h 
INFO  06:16:01,090 ProgressMeter -     4:158099315   2.17093007E8    67.8 m      18.0 s       27.4%     4.1 h       3.0 h 
INFO  06:16:31,236 ProgressMeter -     4:164518114   2.18693027E8    68.3 m      18.0 s       27.6%     4.1 h       3.0 h 
INFO  06:17:01,237 ProgressMeter -     4:170854006   2.20393051E8    68.8 m      18.0 s       27.8%     4.1 h       3.0 h 
INFO  06:17:31,238 ProgressMeter -     4:177197553   2.22098641E8    69.3 m      18.0 s       28.0%     4.1 h       3.0 h 
INFO  06:18:01,240 ProgressMeter -     4:183631541   2.23698658E8    69.8 m      18.0 s       28.2%     4.1 h       3.0 h 
INFO  06:18:31,242 ProgressMeter -     4:189574788   2.25298677E8    70.3 m      18.0 s       28.4%     4.1 h       3.0 h 
INFO  06:19:01,244 ProgressMeter -       5:4104182   2.26884577E8    70.8 m      18.0 s       28.6%     4.1 h       3.0 h 
INFO  06:19:31,245 ProgressMeter -      5:10613071   2.28484611E8    71.3 m      18.0 s       28.8%     4.1 h       2.9 h 
INFO  06:20:01,247 ProgressMeter -      5:17122668   2.30184631E8    71.8 m      18.0 s       29.0%     4.1 h       2.9 h 
INFO  06:20:31,485 ProgressMeter -      5:23956542   2.31884651E8    72.3 m      18.0 s       29.2%     4.1 h       2.9 h 
INFO  06:21:01,486 ProgressMeter -      5:30989669   2.33484669E8    72.8 m      18.0 s       29.4%     4.1 h       2.9 h 
INFO  06:21:31,487 ProgressMeter -      5:37325345   2.35184689E8    73.3 m      18.0 s       29.6%     4.1 h       2.9 h 
INFO  06:22:01,488 ProgressMeter -      5:43713954   2.36884711E8    73.8 m      18.0 s       29.8%     4.1 h       2.9 h 
INFO  06:22:31,697 ProgressMeter -      5:52796174   2.38484732E8    74.3 m      18.0 s       30.1%     4.1 h       2.9 h 
INFO  06:23:01,698 ProgressMeter -      5:59284036   2.40184749E8    74.8 m      18.0 s       30.3%     4.1 h       2.9 h 
INFO  06:23:31,700 ProgressMeter -      5:65651485   2.41984769E8    75.3 m      18.0 s       30.5%     4.1 h       2.9 h 
INFO  06:24:01,701 ProgressMeter -      5:73262274   2.43584785E8    75.8 m      18.0 s       30.8%     4.1 h       2.8 h 
INFO  06:24:31,703 ProgressMeter -      5:79590979   2.45284804E8    76.3 m      18.0 s       31.0%     4.1 h       2.8 h 
INFO  06:25:01,831 ProgressMeter -      5:86234068   2.46984823E8    76.8 m      18.0 s       31.2%     4.1 h       2.8 h 
INFO  06:25:31,832 ProgressMeter -      5:93103389   2.48784844E8    77.3 m      18.0 s       31.4%     4.1 h       2.8 h 
INFO  06:26:01,833 ProgressMeter -      5:99553853   2.50484862E8    77.8 m      18.0 s       31.6%     4.1 h       2.8 h 
INFO  06:26:31,835 ProgressMeter -     5:106305796   2.52184882E8    78.3 m      18.0 s       31.9%     4.1 h       2.8 h 
INFO  06:27:01,836 ProgressMeter -     5:112728394   2.53884901E8    78.8 m      18.0 s       32.1%     4.1 h       2.8 h 
INFO  06:27:31,838 ProgressMeter -     5:118968123   2.55584921E8    79.3 m      18.0 s       32.3%     4.1 h       2.8 h 
INFO  06:28:01,839 ProgressMeter -     5:125511843   2.5728494E8    79.8 m      18.0 s       32.5%     4.1 h       2.8 h 
INFO  06:28:31,885 ProgressMeter -     5:131996518   2.58984962E8    80.3 m      18.0 s       32.7%     4.1 h       2.8 h 
INFO  06:29:01,886 ProgressMeter -     5:138234602   2.60684981E8    80.8 m      18.0 s       32.9%     4.1 h       2.7 h 
INFO  06:29:31,888 ProgressMeter -     5:144686780   2.62385004E8    81.3 m      18.0 s       33.1%     4.1 h       2.7 h 
INFO  06:30:01,919 ProgressMeter -     5:151100624   2.64085022E8    81.8 m      18.0 s       33.3%     4.1 h       2.7 h 
INFO  06:30:31,920 ProgressMeter -     5:157409117   2.65785041E8    82.3 m      18.0 s       33.5%     4.1 h       2.7 h 
INFO  06:31:01,921 ProgressMeter -     5:163703690   2.67385057E8    82.8 m      18.0 s       33.7%     4.1 h       2.7 h 
INFO  06:31:31,923 ProgressMeter -     5:170391030   2.69085076E8    83.3 m      18.0 s       33.9%     4.1 h       2.7 h 
INFO  06:32:02,116 ProgressMeter -     5:176568045   2.70785093E8    83.8 m      18.0 s       34.1%     4.1 h       2.7 h 
INFO  06:32:32,118 ProgressMeter -       6:2022189   2.72338596E8    84.3 m      18.0 s       34.3%     4.1 h       2.7 h 
INFO  06:33:02,119 ProgressMeter -       6:8482647   2.74038616E8    84.8 m      18.0 s       34.5%     4.1 h       2.7 h 
INFO  06:33:32,120 ProgressMeter -      6:14757959   2.75738634E8    85.3 m      18.0 s       34.7%     4.1 h       2.7 h 
INFO  06:34:02,122 ProgressMeter -      6:21380905   2.77338651E8    85.8 m      18.0 s       34.9%     4.1 h       2.7 h 
INFO  06:34:32,123 ProgressMeter -      6:27893442   2.7903867E8    86.3 m      18.0 s       35.2%     4.1 h       2.7 h 
INFO  06:35:02,124 ProgressMeter -      6:33657455   2.80538689E8    86.8 m      18.0 s       35.3%     4.1 h       2.6 h 
INFO  06:35:32,126 ProgressMeter -      6:39845509   2.82238708E8    87.3 m      18.0 s       35.5%     4.1 h       2.6 h 
INFO  06:36:02,127 ProgressMeter -      6:46107706   2.83938725E8    87.8 m      18.0 s       35.7%     4.1 h       2.6 h 
INFO  06:36:32,375 ProgressMeter -      6:52657442   2.85638745E8    88.3 m      18.0 s       36.0%     4.1 h       2.6 h 
INFO  06:37:02,376 ProgressMeter -      6:58364771   2.87238762E8    88.8 m      18.0 s       36.1%     4.1 h       2.6 h 
INFO  06:37:32,378 ProgressMeter -      6:63348102   2.88539853E8    89.3 m      18.0 s       36.3%     4.1 h       2.6 h 
INFO  06:38:02,379 ProgressMeter -      6:70177194   2.90239872E8    89.8 m      18.0 s       36.5%     4.1 h       2.6 h 
INFO  06:38:32,546 ProgressMeter -      6:76600400   2.91939891E8    90.3 m      18.0 s       36.7%     4.1 h       2.6 h 
INFO  06:39:02,548 ProgressMeter -      6:83274432   2.93639911E8    90.8 m      18.0 s       36.9%     4.1 h       2.6 h 
INFO  06:39:32,549 ProgressMeter -      6:89750170   2.95339928E8    91.3 m      18.0 s       37.1%     4.1 h       2.6 h 
INFO  06:40:02,550 ProgressMeter -      6:96665040   2.97039946E8    91.8 m      18.0 s       37.4%     4.1 h       2.6 h 
INFO  06:40:32,552 ProgressMeter -     6:103439905   2.98739964E8    92.3 m      18.0 s       37.6%     4.1 h       2.6 h 
INFO  06:41:02,553 ProgressMeter -     6:110046189   3.00439982E8    92.8 m      18.0 s       37.8%     4.1 h       2.5 h 
INFO  06:41:32,554 ProgressMeter -     6:116459213    3.0214E8    93.3 m      18.0 s       38.0%     4.1 h       2.5 h 
INFO  06:42:02,556 ProgressMeter -     6:123098140   3.0384002E8    93.8 m      18.0 s       38.2%     4.1 h       2.5 h 
INFO  06:42:32,557 ProgressMeter -     6:129831351   3.05540042E8    94.3 m      18.0 s       38.4%     4.1 h       2.5 h 
INFO  06:43:02,593 ProgressMeter -     6:136245757   3.07340063E8    94.8 m      18.0 s       38.6%     4.1 h       2.5 h 
INFO  06:43:32,595 ProgressMeter -     6:142850860   3.09040086E8    95.3 m      18.0 s       38.9%     4.1 h       2.5 h 
INFO  06:44:02,596 ProgressMeter -     6:149386555   3.10740105E8    95.8 m      18.0 s       39.1%     4.1 h       2.5 h 
INFO  06:44:32,597 ProgressMeter -     6:155785830   3.12440124E8    96.3 m      18.0 s       39.3%     4.1 h       2.5 h 
INFO  06:45:02,599 ProgressMeter -     6:161921469   3.14140152E8    96.8 m      18.0 s       39.5%     4.1 h       2.5 h 
INFO  06:45:32,600 ProgressMeter -     6:168517892   3.15740171E8    97.3 m      18.0 s       39.7%     4.1 h       2.5 h 
INFO  06:46:02,602 ProgressMeter -       7:3559216   3.17342833E8    97.8 m      18.0 s       39.9%     4.1 h       2.5 h 
INFO  06:46:32,603 ProgressMeter -       7:9747913   3.18942851E8    98.3 m      18.0 s       40.1%     4.1 h       2.4 h 
INFO  06:47:02,604 ProgressMeter -      7:16441118   3.20542871E8    98.8 m      18.0 s       40.3%     4.1 h       2.4 h 
INFO  06:47:32,605 ProgressMeter -      7:22859775   3.22242889E8    99.3 m      18.0 s       40.5%     4.1 h       2.4 h 
INFO  06:48:02,677 ProgressMeter -      7:29199872   3.23942913E8    99.8 m      18.0 s       40.7%     4.1 h       2.4 h 
INFO  06:48:32,857 ProgressMeter -      7:35670465   3.25642931E8   100.3 m      18.0 s       40.9%     4.1 h       2.4 h 
INFO  06:49:03,033 ProgressMeter -      7:42081826   3.27342953E8   100.9 m      18.0 s       41.1%     4.1 h       2.4 h 
INFO  06:49:33,183 ProgressMeter -      7:48449748   3.29042971E8   101.4 m      18.0 s       41.3%     4.1 h       2.4 h 
INFO  06:50:03,409 ProgressMeter -      7:55118508   3.30742991E8   101.9 m      18.0 s       41.5%     4.1 h       2.4 h 
INFO  06:50:33,867 ProgressMeter -      7:61969161   3.32043121E8   102.4 m      18.0 s       41.8%     4.1 h       2.4 h 
INFO  06:51:03,868 ProgressMeter -      7:65588410   3.33143855E8   102.9 m      18.0 s       41.9%     4.1 h       2.4 h 
INFO  06:51:33,870 ProgressMeter -      7:71315461   3.34643872E8   103.4 m      18.0 s       42.1%     4.1 h       2.4 h 
INFO  06:52:04,026 ProgressMeter -      7:78256151   3.3624389E8   103.9 m      18.0 s       42.3%     4.1 h       2.4 h 
INFO  06:52:34,027 ProgressMeter -      7:85039046   3.37943908E8   104.4 m      18.0 s       42.5%     4.1 h       2.4 h 
INFO  06:53:04,283 ProgressMeter -      7:91618336   3.39643926E8   104.9 m      18.0 s       42.7%     4.1 h       2.3 h 
INFO  06:53:34,379 ProgressMeter -      7:98367904   3.41343945E8   105.4 m      18.0 s       42.9%     4.1 h       2.3 h 
INFO  06:54:04,381 ProgressMeter -     7:104421668   3.43043965E8   105.9 m      18.0 s       43.1%     4.1 h       2.3 h 
INFO  06:54:34,382 ProgressMeter -     7:110920933   3.44643982E8   106.4 m      18.0 s       43.3%     4.1 h       2.3 h 
INFO  06:55:04,383 ProgressMeter -     7:117627728   3.46444003E8   106.9 m      18.0 s       43.6%     4.1 h       2.3 h 
INFO  06:55:34,385 ProgressMeter -     7:124333040   3.48144022E8   107.4 m      18.0 s       43.8%     4.1 h       2.3 h 
INFO  06:56:04,387 ProgressMeter -     7:130757492   3.4984404E8   107.9 m      18.0 s       44.0%     4.1 h       2.3 h 
INFO  06:56:34,388 ProgressMeter -     7:137196107   3.51444058E8   108.4 m      18.0 s       44.2%     4.1 h       2.3 h 
INFO  06:57:04,389 ProgressMeter -     7:143690771   3.53144076E8   108.9 m      18.0 s       44.4%     4.1 h       2.3 h 
INFO  06:57:34,390 ProgressMeter -     7:150273032   3.54744092E8   109.4 m      18.0 s       44.6%     4.1 h       2.3 h 
INFO  06:58:04,392 ProgressMeter -     7:156473592   3.56344111E8   109.9 m      18.0 s       44.8%     4.1 h       2.3 h 
INFO  06:58:34,393 ProgressMeter -       8:3461229   3.57941129E8   110.4 m      18.0 s       45.0%     4.1 h       2.2 h 
INFO  06:59:04,394 ProgressMeter -       8:9746469   3.5944115E8   110.9 m      18.0 s       45.2%     4.1 h       2.2 h 
INFO  06:59:34,549 ProgressMeter -      8:16005301   3.60941168E8   111.4 m      18.0 s       45.4%     4.1 h       2.2 h 
INFO  07:00:04,550 ProgressMeter -      8:22391952   3.62641187E8   111.9 m      18.0 s       45.6%     4.1 h       2.2 h 
INFO  07:00:34,551 ProgressMeter -      8:28752308   3.64241204E8   112.4 m      18.0 s       45.8%     4.1 h       2.2 h 
INFO  07:01:04,552 ProgressMeter -      8:34913030   3.65841222E8   112.9 m      18.0 s       46.0%     4.1 h       2.2 h 
INFO  07:01:34,671 ProgressMeter -      8:41563675   3.67541241E8   113.4 m      18.0 s       46.2%     4.1 h       2.2 h 
INFO  07:02:04,673 ProgressMeter -      8:43094941   3.68351689E8   113.9 m      18.0 s       46.3%     4.1 h       2.2 h 
INFO  07:02:34,674 ProgressMeter -      8:43566725   3.68752121E8   114.4 m      18.0 s       46.3%     4.1 h       2.2 h 
INFO  07:03:04,722 ProgressMeter -      8:50762889   3.7005248E8   114.9 m      18.0 s       46.5%     4.1 h       2.2 h 
INFO  07:03:34,724 ProgressMeter -      8:56891264   3.71752497E8   115.4 m      18.0 s       46.7%     4.1 h       2.2 h 
INFO  07:04:04,849 ProgressMeter -      8:63194634   3.73352514E8   115.9 m      18.0 s       46.9%     4.1 h       2.2 h 
INFO  07:04:34,850 ProgressMeter -      8:69959980   3.75152533E8   116.4 m      18.0 s       47.2%     4.1 h       2.2 h 
INFO  07:05:04,852 ProgressMeter -      8:76322481   3.76852553E8   116.9 m      18.0 s       47.4%     4.1 h       2.2 h 
INFO  07:05:34,853 ProgressMeter -      8:82956451   3.78552571E8   117.4 m      18.0 s       47.6%     4.1 h       2.2 h 
INFO  07:06:04,854 ProgressMeter -      8:89702354   3.80252591E8   117.9 m      18.0 s       47.8%     4.1 h       2.1 h 
INFO  07:06:34,855 ProgressMeter -      8:96377895   3.81952611E8   118.4 m      18.0 s       48.0%     4.1 h       2.1 h 
INFO  07:07:04,857 ProgressMeter -     8:102719936   3.83652629E8   118.9 m      18.0 s       48.2%     4.1 h       2.1 h 
INFO  07:07:34,858 ProgressMeter -     8:109247259   3.85352649E8   119.4 m      18.0 s       48.4%     4.1 h       2.1 h 
INFO  07:08:04,859 ProgressMeter -     8:116207779   3.87052668E8   119.9 m      18.0 s       48.6%     4.1 h       2.1 h 
INFO  07:08:34,860 ProgressMeter -     8:122904465   3.88852687E8     2.0 h      18.0 s       48.9%     4.1 h       2.1 h 
INFO  07:09:04,862 ProgressMeter -     8:129151754   3.90452704E8     2.0 h      18.0 s       49.1%     4.1 h       2.1 h 
INFO  07:09:34,863 ProgressMeter -     8:135584863   3.92152726E8     2.0 h      18.0 s       49.3%     4.1 h       2.1 h 
INFO  07:10:04,864 ProgressMeter -     8:141975298   3.93852746E8     2.0 h      18.0 s       49.5%     4.1 h       2.1 h 
INFO  07:10:34,865 ProgressMeter -       9:1895203   3.95369901E8     2.0 h      18.0 s       49.7%     4.1 h       2.1 h 
INFO  07:11:04,867 ProgressMeter -       9:8017047   3.97069923E8     2.0 h      18.0 s       49.9%     4.1 h       2.1 h 
INFO  07:11:34,868 ProgressMeter -      9:14730226   3.98669939E8     2.1 h      18.0 s       50.1%     4.1 h       2.0 h 
INFO  07:12:05,036 ProgressMeter -      9:20951854   4.00369957E8     2.1 h      18.0 s       50.3%     4.1 h       2.0 h 
INFO  07:12:35,037 ProgressMeter -      9:27552482   4.01969974E8     2.1 h      18.0 s       50.5%     4.1 h       2.0 h 
INFO  07:13:05,039 ProgressMeter -      9:34063235   4.03669994E8     2.1 h      18.0 s       50.7%     4.1 h       2.0 h 
INFO  07:13:35,187 ProgressMeter -      9:42443394   4.05170012E8     2.1 h      18.0 s       51.0%     4.1 h       2.0 h 
INFO  07:14:05,188 ProgressMeter -      9:68484743   4.06270138E8     2.1 h      18.0 s       51.8%     4.0 h     117.0 m 
INFO  07:14:35,189 ProgressMeter -      9:75380549   4.07870158E8     2.1 h      18.0 s       52.1%     4.0 h     116.4 m 
INFO  07:15:05,191 ProgressMeter -      9:81922609   4.09570176E8     2.1 h      18.0 s       52.3%     4.0 h     115.9 m 
INFO  07:15:35,192 ProgressMeter -      9:88720118   4.11170194E8     2.1 h      18.0 s       52.5%     4.0 h     115.3 m 
INFO  07:16:05,193 ProgressMeter -      9:95247322   4.12870213E8     2.1 h      18.0 s       52.7%     4.0 h     114.8 m 
INFO  07:16:35,195 ProgressMeter -     9:101527909   4.1457023E8     2.1 h      18.0 s       52.9%     4.0 h     114.3 m 
INFO  07:17:05,300 ProgressMeter -     9:108195150   4.16270249E8     2.1 h      18.0 s       53.1%     4.0 h     113.8 m 
INFO  07:17:35,469 ProgressMeter -     9:114672979   4.17970267E8     2.2 h      18.0 s       53.3%     4.0 h     113.3 m 
INFO  07:18:05,470 ProgressMeter -     9:121011663   4.19670285E8     2.2 h      18.0 s       53.5%     4.0 h     112.8 m 
INFO  07:18:35,471 ProgressMeter -     9:127282329   4.21370303E8     2.2 h      18.0 s       53.7%     4.0 h     112.3 m 
INFO  07:19:05,473 ProgressMeter -     9:133541407   4.22970321E8     2.2 h      18.0 s       53.9%     4.0 h     111.8 m 
INFO  07:19:35,474 ProgressMeter -     9:139685574   4.24570338E8     2.2 h      18.0 s       54.1%     4.0 h     111.4 m 
INFO  07:20:05,533 ProgressMeter -      10:4616184   4.26166391E8     2.2 h      18.0 s       54.3%     4.0 h     110.9 m 
INFO  07:20:35,534 ProgressMeter -     10:10667617   4.2776641E8     2.2 h      18.0 s       54.5%     4.0 h     110.4 m 
INFO  07:21:05,604 ProgressMeter -     10:16559298   4.29366429E8     2.2 h      18.0 s       54.7%     4.0 h     110.0 m 
INFO  07:21:35,653 ProgressMeter -     10:23554914   4.31066447E8     2.2 h      18.0 s       54.9%     4.0 h     109.4 m 
INFO  07:22:05,878 ProgressMeter -     10:29911381   4.32766466E8     2.2 h      18.0 s       55.1%     4.0 h     108.9 m 
INFO  07:22:35,879 ProgressMeter -     10:36229195   4.34466486E8     2.2 h      18.0 s       55.3%     4.0 h     108.4 m 
INFO  07:23:05,911 ProgressMeter -     10:42365680   4.35673295E8     2.2 h      18.0 s       55.5%     4.0 h     108.0 m 
INFO  07:23:35,912 ProgressMeter -     10:42396209   4.3670381E8     2.3 h      18.0 s       55.5%     4.1 h     108.4 m 
INFO  07:24:05,914 ProgressMeter -     10:42530715   4.37608829E8     2.3 h      18.0 s       55.5%     4.1 h     108.8 m 
INFO  07:24:35,915 ProgressMeter -     10:43627472   4.38710391E8     2.3 h      18.0 s       55.6%     4.1 h     109.0 m 
INFO  07:25:05,916 ProgressMeter -     10:51582322   4.40310411E8     2.3 h      18.0 s       55.8%     4.1 h     108.3 m 
INFO  07:25:35,917 ProgressMeter -     10:58324339   4.4201043E8     2.3 h      18.0 s       56.1%     4.1 h     107.7 m 
INFO  07:26:06,080 ProgressMeter -     10:64851306   4.43610447E8     2.3 h      18.0 s       56.3%     4.1 h     107.2 m 
INFO  07:26:36,082 ProgressMeter -     10:71297991   4.45310467E8     2.3 h      18.0 s       56.5%     4.1 h     106.7 m 
INFO  07:27:06,083 ProgressMeter -     10:77382156   4.47010487E8     2.3 h      18.0 s       56.7%     4.1 h     106.2 m 
INFO  07:27:36,084 ProgressMeter -     10:83869040   4.48710505E8     2.3 h      18.0 s       56.9%     4.1 h     105.7 m 
INFO  07:28:06,086 ProgressMeter -     10:90279759   4.50410524E8     2.3 h      18.0 s       57.1%     4.1 h     105.2 m 
INFO  07:28:36,087 ProgressMeter -     10:96471566   4.52110541E8     2.3 h      18.0 s       57.3%     4.1 h     104.7 m 
INFO  07:29:06,140 ProgressMeter -    10:102583168   4.53710568E8     2.3 h      18.0 s       57.5%     4.1 h     104.2 m 
INFO  07:29:36,401 ProgressMeter -    10:108969468   4.55410589E8     2.4 h      18.0 s       57.7%     4.1 h     103.7 m 
INFO  07:30:06,402 ProgressMeter -    10:115344880   4.57110612E8     2.4 h      18.0 s       57.9%     4.1 h     103.2 m 
INFO  07:30:36,403 ProgressMeter -    10:121753394   4.58810631E8     2.4 h      18.0 s       58.1%     4.1 h     102.7 m 
INFO  07:31:06,405 ProgressMeter -    10:127937791   4.60410649E8     2.4 h      18.0 s       58.3%     4.1 h     102.2 m 
INFO  07:31:36,406 ProgressMeter -    10:134537945   4.62010666E8     2.4 h      18.0 s       58.5%     4.1 h     101.7 m 
INFO  07:32:06,407 ProgressMeter -      11:4918854   4.63585571E8     2.4 h      18.0 s       58.7%     4.1 h     101.2 m 
INFO  07:32:36,408 ProgressMeter -     11:10994880   4.65185591E8     2.4 h      18.0 s       58.9%     4.1 h     100.8 m 
INFO  07:33:06,409 ProgressMeter -     11:17231244   4.66885612E8     2.4 h      18.0 s       59.1%     4.1 h     100.3 m 
INFO  07:33:36,411 ProgressMeter -     11:23626473   4.68485631E8     2.4 h      18.0 s       59.3%     4.1 h      99.8 m 
INFO  07:34:06,412 ProgressMeter -     11:30243604   4.7018565E8     2.4 h      18.0 s       59.5%     4.1 h      99.2 m 
INFO  07:34:36,413 ProgressMeter -     11:36488240   4.71785668E8     2.4 h      18.0 s       59.7%     4.1 h      98.7 m 
INFO  07:35:06,575 ProgressMeter -     11:43201520   4.73485688E8     2.4 h      18.0 s       59.9%     4.1 h      98.2 m 
INFO  07:35:36,576 ProgressMeter -     11:49069545   4.75085791E8     2.5 h      18.0 s       60.1%     4.1 h      97.8 m 
INFO  07:36:06,577 ProgressMeter -     11:55792255   4.76288137E8     2.5 h      18.0 s       60.3%     4.1 h      97.2 m 
INFO  07:36:36,578 ProgressMeter -     11:61677664   4.77788157E8     2.5 h      18.0 s       60.5%     4.1 h      96.8 m 
INFO  07:37:06,579 ProgressMeter -     11:67560945   4.79488175E8     2.5 h      18.0 s       60.7%     4.1 h      96.3 m 
INFO  07:37:36,580 ProgressMeter -     11:73867694   4.81088194E8     2.5 h      18.0 s       60.9%     4.1 h      95.8 m 
INFO  07:38:06,581 ProgressMeter -     11:80159050   4.82788213E8     2.5 h      18.0 s       61.1%     4.1 h      95.3 m 
INFO  07:38:36,582 ProgressMeter -     11:86566931   4.84488232E8     2.5 h      18.0 s       61.3%     4.1 h      94.8 m 
INFO  07:39:06,584 ProgressMeter -     11:93591943   4.86188251E8     2.5 h      18.0 s       61.6%     4.1 h      94.2 m 
INFO  07:39:36,748 ProgressMeter -    11:100264346   4.8788827E8     2.5 h      18.0 s       61.8%     4.1 h      93.7 m 
INFO  07:40:06,892 ProgressMeter -    11:106758099   4.89588288E8     2.5 h      18.0 s       62.0%     4.1 h      93.2 m 
INFO  07:40:36,893 ProgressMeter -    11:113031906   4.91288322E8     2.5 h      18.0 s       62.2%     4.1 h      92.7 m 
INFO  07:41:07,053 ProgressMeter -    11:119367359   4.92988341E8     2.5 h      18.0 s       62.4%     4.1 h      92.2 m 
INFO  07:41:37,213 ProgressMeter -    11:125562088   4.94688363E8     2.6 h      18.0 s       62.6%     4.1 h      91.7 m 
INFO  07:42:07,214 ProgressMeter -    11:131993839   4.96388383E8     2.6 h      18.0 s       62.8%     4.1 h      91.2 m 
INFO  07:42:37,395 ProgressMeter -      12:3416040   4.98081061E8     2.6 h      18.0 s       63.0%     4.1 h      90.7 m 
INFO  07:43:07,396 ProgressMeter -      12:9524055   4.99681079E8     2.6 h      18.0 s       63.2%     4.1 h      90.2 m 
INFO  07:43:37,397 ProgressMeter -     12:15389863   5.01381098E8     2.6 h      18.0 s       63.4%     4.1 h      89.7 m 
INFO  07:44:07,398 ProgressMeter -     12:21975263   5.02981119E8     2.6 h      18.0 s       63.6%     4.1 h      89.2 m 
INFO  07:44:37,399 ProgressMeter -     12:28197098   5.04681141E8     2.6 h      18.0 s       63.8%     4.1 h      88.7 m 
INFO  07:45:07,400 ProgressMeter -     12:34529298   5.06381161E8     2.6 h      18.0 s       64.0%     4.1 h      88.2 m 
INFO  07:45:37,619 ProgressMeter -     12:43195197   5.07981188E8     2.6 h      18.0 s       64.3%     4.1 h      87.4 m 
INFO  07:46:07,620 ProgressMeter -     12:49275602   5.09681206E8     2.6 h      18.0 s       64.5%     4.1 h      87.0 m 
INFO  07:46:37,621 ProgressMeter -     12:55236456   5.11381223E8     2.6 h      18.0 s       64.7%     4.1 h      86.5 m 
INFO  07:47:07,622 ProgressMeter -     12:61638120   5.13081243E8     2.6 h      18.0 s       64.9%     4.1 h      86.0 m 
INFO  07:47:37,630 ProgressMeter -     12:68055508   5.14781261E8     2.7 h      18.0 s       65.1%     4.1 h      85.5 m 
INFO  07:48:07,632 ProgressMeter -     12:74618457   5.1648128E8     2.7 h      18.0 s       65.3%     4.1 h      85.0 m 
INFO  07:48:37,633 ProgressMeter -     12:81404435   5.18181298E8     2.7 h      18.0 s       65.5%     4.1 h      84.4 m 
INFO  07:49:07,634 ProgressMeter -     12:88292763   5.1988132E8     2.7 h      18.0 s       65.7%     4.1 h      83.9 m 
INFO  07:49:37,635 ProgressMeter -     12:94513044   5.21581338E8     2.7 h      18.0 s       65.9%     4.1 h      83.4 m 
INFO  07:50:07,636 ProgressMeter -    12:100745562   5.23281358E8     2.7 h      18.0 s       66.1%     4.1 h      82.9 m 
INFO  07:50:37,637 ProgressMeter -    12:106962890   5.25081381E8     2.7 h      18.0 s       66.3%     4.1 h      82.4 m 
INFO  07:51:07,638 ProgressMeter -    12:113342680   5.26781401E8     2.7 h      18.0 s       66.6%     4.1 h      81.9 m 
INFO  07:51:37,868 ProgressMeter -    12:119648694   5.2848142E8     2.7 h      18.0 s       66.8%     4.1 h      81.4 m 
INFO  07:52:07,869 ProgressMeter -    12:125467512   5.3018144E8     2.7 h      18.0 s       66.9%     4.1 h      81.0 m 
INFO  07:52:37,870 ProgressMeter -    12:131830976   5.31781457E8     2.7 h      18.0 s       67.1%     4.1 h      80.4 m 
INFO  07:53:07,871 ProgressMeter -     13:23238477   5.3331707E8     2.7 h      18.0 s       68.0%     4.0 h      77.7 m 
INFO  07:53:37,910 ProgressMeter -     13:29432323   5.35017091E8     2.8 h      18.0 s       68.2%     4.0 h      77.3 m 
INFO  07:54:07,911 ProgressMeter -     13:35518950   5.36717111E8     2.8 h      18.0 s       68.4%     4.0 h      76.8 m 
INFO  07:54:37,912 ProgressMeter -     13:41943755   5.38317128E8     2.8 h      18.0 s       68.6%     4.0 h      76.3 m 
INFO  07:55:07,913 ProgressMeter -     13:48069534   5.40017151E8     2.8 h      18.0 s       68.8%     4.0 h      75.8 m 
INFO  07:55:37,914 ProgressMeter -     13:54340316   5.4171717E8     2.8 h      18.0 s       69.0%     4.0 h      75.3 m 
INFO  07:56:07,915 ProgressMeter -     13:61327932   5.4341719E8     2.8 h      18.0 s       69.2%     4.0 h      74.8 m 
INFO  07:56:37,916 ProgressMeter -     13:68142148   5.45117207E8     2.8 h      18.0 s       69.4%     4.0 h      74.2 m 
INFO  07:57:08,136 ProgressMeter -     13:74847866   5.46817225E8     2.8 h      18.0 s       69.6%     4.0 h      73.7 m 
INFO  07:57:38,137 ProgressMeter -     13:81019548   5.48517246E8     2.8 h      18.0 s       69.8%     4.0 h      73.2 m 
INFO  07:58:08,138 ProgressMeter -     13:88147863   5.50117265E8     2.8 h      18.0 s       70.1%     4.0 h      72.6 m 
INFO  07:58:38,139 ProgressMeter -     13:95002872   5.51817283E8     2.8 h      18.0 s       70.3%     4.0 h      72.1 m 
INFO  07:59:08,140 ProgressMeter -    13:101276780   5.53517302E8     2.8 h      18.0 s       70.5%     4.0 h      71.6 m 
INFO  07:59:38,141 ProgressMeter -    13:107865315   5.55217321E8     2.9 h      18.0 s       70.7%     4.0 h      71.1 m 
INFO  08:00:08,142 ProgressMeter -    13:114228597   5.56817341E8     2.9 h      18.0 s       70.9%     4.0 h      70.6 m 
INFO  08:00:38,143 ProgressMeter -     14:24238458   5.58396682E8     2.9 h      18.0 s       71.7%     4.0 h      68.0 m 
INFO  08:01:08,144 ProgressMeter -     14:30688877   5.600967E8     2.9 h      18.0 s       71.9%     4.0 h      67.5 m 
INFO  08:01:38,145 ProgressMeter -     14:36847266   5.61796721E8     2.9 h      18.0 s       72.1%     4.0 h      67.1 m 
INFO  08:02:08,146 ProgressMeter -     14:43555900   5.6349674E8     2.9 h      18.0 s       72.3%     4.0 h      66.5 m 
INFO  08:02:38,262 ProgressMeter -     14:50203985   5.6519676E8     2.9 h      18.0 s       72.5%     4.0 h      66.0 m 
INFO  08:03:08,264 ProgressMeter -     14:56291164   5.66796778E8     2.9 h      18.0 s       72.7%     4.0 h      65.6 m 
INFO  08:03:38,498 ProgressMeter -     14:62633459   5.68596798E8     2.9 h      18.0 s       72.9%     4.0 h      65.1 m 
INFO  08:04:08,503 ProgressMeter -     14:68831059   5.70296815E8     2.9 h      18.0 s       73.1%     4.0 h      64.6 m 
INFO  08:04:38,537 ProgressMeter -     14:74829024   5.71996836E8     2.9 h      18.0 s       73.3%     4.0 h      64.1 m 
INFO  08:05:08,642 ProgressMeter -     14:80974229   5.73696854E8     2.9 h      18.0 s       73.5%     4.0 h      63.7 m 
INFO  08:05:38,788 ProgressMeter -     14:87943792   5.75396872E8     3.0 h      18.0 s       73.8%     4.0 h      63.1 m 
INFO  08:06:08,951 ProgressMeter -     14:94095570   5.77096892E8     3.0 h      18.0 s       74.0%     4.0 h      62.7 m 
INFO  08:06:38,953 ProgressMeter -    14:100369150   5.78696909E8     3.0 h      18.0 s       74.2%     4.0 h      62.2 m 
INFO  08:07:09,047 ProgressMeter -    14:106590734   5.80396927E8     3.0 h      18.0 s       74.4%     4.0 h      61.7 m 
INFO  08:07:39,222 ProgressMeter -     15:24554349   5.81850956E8     3.0 h      18.0 s       75.2%     4.0 h      59.3 m 
INFO  08:08:09,223 ProgressMeter -     15:31779454   5.8355098E8     3.0 h      18.0 s       75.4%     4.0 h      58.7 m 
INFO  08:08:39,224 ProgressMeter -     15:38551900   5.85150999E8     3.0 h      18.0 s       75.6%     4.0 h      58.2 m 
INFO  08:09:09,387 ProgressMeter -     15:44795473   5.86851021E8     3.0 h      18.0 s       75.8%     4.0 h      57.7 m 
INFO  08:09:39,632 ProgressMeter -     15:51221208   5.88551048E8     3.0 h      18.0 s       76.0%     4.0 h      57.2 m 
INFO  08:10:09,633 ProgressMeter -     15:57561529   5.90251067E8     3.0 h      18.0 s       76.2%     4.0 h      56.7 m 
INFO  08:10:39,764 ProgressMeter -     15:63765213   5.91951086E8     3.0 h      18.0 s       76.4%     4.0 h      56.2 m 
INFO  08:11:09,882 ProgressMeter -     15:69758673   5.93651104E8     3.0 h      18.0 s       76.6%     4.0 h      55.8 m 
INFO  08:11:39,884 ProgressMeter -     15:76093116   5.95351122E8     3.1 h      18.0 s       76.8%     4.0 h      55.3 m 
INFO  08:12:09,885 ProgressMeter -     15:82092474   5.9695114E8     3.1 h      18.0 s       77.0%     4.0 h      54.8 m 
INFO  08:12:39,886 ProgressMeter -     15:89250653   5.98651164E8     3.1 h      18.0 s       77.3%     4.0 h      54.3 m 
INFO  08:13:09,958 ProgressMeter -     15:95353486   6.00351183E8     3.1 h      18.0 s       77.5%     4.0 h      53.8 m 
INFO  08:13:39,959 ProgressMeter -    15:101637315   6.01951202E8     3.1 h      18.0 s       77.7%     4.0 h      53.3 m 
INFO  08:14:09,960 ProgressMeter -      16:5319861   6.03572492E8     3.1 h      18.0 s       77.9%     4.0 h      52.9 m 
INFO  08:14:39,961 ProgressMeter -     16:11466873   6.05172508E8     3.1 h      18.0 s       78.1%     4.0 h      52.4 m 
INFO  08:15:09,962 ProgressMeter -     16:17735437   6.06772529E8     3.1 h      18.0 s       78.3%     4.0 h      51.9 m 
INFO  08:15:40,192 ProgressMeter -     16:24126773   6.08472548E8     3.1 h      18.0 s       78.5%     4.0 h      51.4 m 
INFO  08:16:10,195 ProgressMeter -     16:30347313   6.10072566E8     3.1 h      18.0 s       78.7%     4.0 h      51.0 m 
INFO  08:16:40,196 ProgressMeter -     16:34184296   6.11472599E8     3.1 h      18.0 s       78.8%     4.0 h      50.7 m 
INFO  08:17:10,197 ProgressMeter -     16:46405218   6.12673193E8     3.1 h      18.0 s       79.2%     4.0 h      49.7 m 
INFO  08:17:40,198 ProgressMeter -     16:49539852   6.14073371E8     3.2 h      18.0 s       79.3%     4.0 h      49.5 m 
INFO  08:18:10,199 ProgressMeter -     16:56039599   6.15773389E8     3.2 h      18.0 s       79.5%     4.0 h      49.0 m 
INFO  08:18:40,201 ProgressMeter -     16:62597093   6.1747341E8     3.2 h      18.0 s       79.7%     4.0 h      48.5 m 
INFO  08:19:10,202 ProgressMeter -     16:69252121   6.1917343E8     3.2 h      18.0 s       79.9%     4.0 h      48.0 m 
INFO  08:19:40,203 ProgressMeter -     16:75392840   6.2087345E8     3.2 h      18.0 s       80.1%     4.0 h      47.5 m 
INFO  08:20:10,204 ProgressMeter -     16:81685514   6.22473469E8     3.2 h      18.0 s       80.3%     4.0 h      47.0 m 
INFO  08:20:40,205 ProgressMeter -     16:87513212   6.2407349E8     3.2 h      18.0 s       80.5%     4.0 h      46.6 m 
INFO  08:21:10,206 ProgressMeter -      17:3106487   6.2567889E8     3.2 h      18.0 s       80.7%     4.0 h      46.1 m 
INFO  08:21:40,207 ProgressMeter -      17:9179613   6.27278909E8     3.2 h      18.0 s       80.9%     4.0 h      45.7 m 
INFO  08:22:10,208 ProgressMeter -     17:15568206   6.28878928E8     3.2 h      18.0 s       81.1%     4.0 h      45.2 m 
INFO  08:22:40,209 ProgressMeter -     17:21512956   6.30478951E8     3.2 h      18.0 s       81.3%     4.0 h      44.7 m 
INFO  08:23:10,210 ProgressMeter -     17:28369774   6.31979176E8     3.2 h      18.0 s       81.5%     4.0 h      44.2 m 
INFO  08:23:40,211 ProgressMeter -     17:34415151   6.33679196E8     3.3 h      18.0 s       81.7%     4.0 h      43.7 m 
INFO  08:24:10,212 ProgressMeter -     17:40571665   6.35279216E8     3.3 h      18.0 s       81.9%     4.0 h      43.3 m 
INFO  08:24:40,213 ProgressMeter -     17:46704067   6.36979253E8     3.3 h      18.0 s       82.1%     4.0 h      42.8 m 
INFO  08:25:10,214 ProgressMeter -     17:53158032   6.38679276E8     3.3 h      18.0 s       82.3%     4.0 h      42.3 m 
INFO  08:25:40,216 ProgressMeter -     17:59521506   6.40379294E8     3.3 h      18.0 s       82.5%     4.0 h      41.8 m 
INFO  08:26:10,217 ProgressMeter -     17:65783916   6.42079318E8     3.3 h      18.0 s       82.7%     4.0 h      41.3 m 
INFO  08:26:40,218 ProgressMeter -     17:72008328   6.43779338E8     3.3 h      18.0 s       82.9%     4.0 h      40.9 m 
INFO  08:27:10,219 ProgressMeter -     17:78140898   6.45379359E8     3.3 h      18.0 s       83.1%     4.0 h      40.4 m 
INFO  08:27:40,220 ProgressMeter -      18:2079788   6.46916689E8     3.3 h      18.0 s       83.3%     4.0 h      40.0 m 
INFO  08:28:10,221 ProgressMeter -      18:8451147   6.48516705E8     3.3 h      18.0 s       83.5%     4.0 h      39.5 m 
INFO  08:28:40,222 ProgressMeter -     18:14762956   6.50216727E8     3.3 h      18.0 s       83.7%     4.0 h      39.0 m 
INFO  08:29:10,316 ProgressMeter -     18:20827239   6.51416988E8     3.3 h      18.0 s       83.9%     4.0 h      38.6 m 
INFO  08:29:40,457 ProgressMeter -     18:27202071   6.53117006E8     3.4 h      18.0 s       84.1%     4.0 h      38.1 m 
INFO  08:30:10,458 ProgressMeter -     18:33856816   6.54817024E8     3.4 h      18.0 s       84.3%     4.0 h      37.6 m 
INFO  08:30:40,459 ProgressMeter -     18:40705339   6.56517045E8     3.4 h      18.0 s       84.5%     4.0 h      37.0 m 
INFO  08:31:10,460 ProgressMeter -     18:47047976   6.58117066E8     3.4 h      18.0 s       84.7%     4.0 h      36.6 m 
INFO  08:31:40,650 ProgressMeter -     18:53389885   6.59817085E8     3.4 h      18.0 s       84.9%     4.0 h      36.1 m 
INFO  08:32:10,651 ProgressMeter -     18:59531401   6.61517106E8     3.4 h      18.0 s       85.1%     4.0 h      35.6 m 
INFO  08:32:40,712 ProgressMeter -     18:66155972   6.63117127E8     3.4 h      18.0 s       85.4%     4.0 h      35.1 m 
INFO  08:33:10,713 ProgressMeter -     18:72621145   6.64717145E8     3.4 h      18.0 s       85.6%     4.0 h      34.6 m 
INFO  08:33:40,714 ProgressMeter -       19:927599   6.66297862E8     3.4 h      18.0 s       85.8%     4.0 h      34.1 m 
INFO  08:34:10,715 ProgressMeter -      19:6886608   6.67897881E8     3.4 h      18.0 s       86.0%     4.0 h      33.6 m 
INFO  08:34:40,716 ProgressMeter -     19:12911707   6.69497904E8     3.4 h      18.0 s       86.2%     4.0 h      33.2 m 
INFO  08:35:10,717 ProgressMeter -     19:18788387   6.71097924E8     3.4 h      18.0 s       86.3%     4.0 h      32.7 m 
INFO  08:35:40,718 ProgressMeter -     19:24621629   6.7259794E8     3.5 h      18.0 s       86.5%     4.0 h      32.3 m 
INFO  08:36:10,719 ProgressMeter -     19:30147224   6.7379932E8     3.5 h      18.0 s       86.7%     4.0 h      31.9 m 
INFO  08:36:40,720 ProgressMeter -     19:36633515   6.75499342E8     3.5 h      18.0 s       86.9%     4.0 h      31.4 m 
INFO  08:37:10,721 ProgressMeter -     19:42570968   6.77099359E8     3.5 h      18.0 s       87.1%     4.0 h      30.9 m 
INFO  08:37:40,958 ProgressMeter -     19:48614401   6.78799379E8     3.5 h      18.0 s       87.3%     4.0 h      30.5 m 
INFO  08:38:10,959 ProgressMeter -     19:54709068   6.80399398E8     3.5 h      18.0 s       87.5%     4.0 h      30.0 m 
INFO  08:38:40,961 ProgressMeter -      20:1927724   6.81972364E8     3.5 h      18.0 s       87.7%     4.0 h      29.5 m 
INFO  08:39:10,962 ProgressMeter -      20:8100714   6.83672384E8     3.5 h      18.0 s       87.9%     4.0 h      29.0 m 
INFO  08:39:40,963 ProgressMeter -     20:14637355   6.85372402E8     3.5 h      18.0 s       88.1%     4.0 h      28.5 m 
INFO  08:40:10,964 ProgressMeter -     20:21119359   6.86972421E8     3.5 h      18.0 s       88.3%     4.0 h      28.0 m 
INFO  08:40:41,133 ProgressMeter -     20:29583263   6.88572443E8     3.5 h      18.0 s       88.6%     4.0 h      27.3 m 
INFO  08:41:11,134 ProgressMeter -     20:35508348   6.9017246E8     3.5 h      18.0 s       88.8%     4.0 h      26.9 m 
INFO  08:41:41,135 ProgressMeter -     20:41810416   6.91872478E8     3.6 h      18.0 s       89.0%     4.0 h      26.4 m 
INFO  08:42:11,136 ProgressMeter -     20:47846361   6.93572497E8     3.6 h      18.0 s       89.2%     4.0 h      25.9 m 
INFO  08:42:41,137 ProgressMeter -     20:53803201   6.95174319E8     3.6 h      18.0 s       89.4%     4.0 h      25.5 m 
INFO  08:43:11,236 ProgressMeter -     20:60309983   6.96874337E8     3.6 h      18.0 s       89.6%     4.0 h      25.0 m 
INFO  08:43:41,237 ProgressMeter -     21:10752507   6.98257158E8     3.6 h      18.0 s       90.0%     4.0 h      23.9 m 
INFO  08:44:11,238 ProgressMeter -     21:17193666   6.99657549E8     3.6 h      18.0 s       90.2%     4.0 h      23.4 m 
INFO  08:44:41,239 ProgressMeter -     21:23916529   7.01357568E8     3.6 h      18.0 s       90.4%     4.0 h      22.9 m 
INFO  08:45:11,241 ProgressMeter -     21:30328394   7.02957588E8     3.6 h      18.0 s       90.7%     4.0 h      22.4 m 
INFO  08:45:41,297 ProgressMeter -     21:36544188   7.04657622E8     3.6 h      18.0 s       90.9%     4.0 h      21.9 m 
INFO  08:46:11,298 ProgressMeter -     21:42700042   7.06257643E8     3.6 h      18.0 s       91.1%     4.0 h      21.4 m 
INFO  08:46:41,299 ProgressMeter -     22:16527642   7.07799269E8     3.6 h      18.0 s       91.8%     4.0 h      19.6 m 
INFO  08:47:11,318 ProgressMeter -     22:22332851   7.09399317E8     3.6 h      18.0 s       91.9%     4.0 h      19.2 m 
INFO  08:47:41,319 ProgressMeter -     22:28791419   7.10999333E8     3.7 h      18.0 s       92.2%     4.0 h      18.7 m 
INFO  08:48:11,320 ProgressMeter -     22:35011479   7.12699351E8     3.7 h      18.0 s       92.4%     4.0 h      18.2 m 
INFO  08:48:41,322 ProgressMeter -     22:41006377   7.1429937E8     3.7 h      18.0 s       92.6%     4.0 h      17.7 m 
INFO  08:49:11,339 ProgressMeter -     22:46997811   7.15999389E8     3.7 h      18.0 s       92.7%     4.0 h      17.3 m 
INFO  08:49:41,622 ProgressMeter -       X:2005118   7.17525944E8     3.7 h      18.0 s       92.9%     4.0 h      16.8 m 
INFO  08:50:11,623 ProgressMeter -      X:13897468   7.19225963E8     3.7 h      18.0 s       93.3%     4.0 h      15.9 m 
INFO  08:50:41,858 ProgressMeter -      X:26852384   7.20925981E8     3.7 h      18.0 s       93.7%     4.0 h      14.8 m 
INFO  08:51:11,862 ProgressMeter -      X:40257827   7.22626002E8     3.7 h      18.0 s       94.2%     3.9 h      13.8 m 
INFO  08:51:41,863 ProgressMeter -      X:53742178   7.2432602E8     3.7 h      18.0 s       94.6%     3.9 h      12.7 m 
INFO  08:52:11,939 ProgressMeter -      X:66635309   7.25726098E8     3.7 h      18.0 s       95.0%     3.9 h      11.7 m 
INFO  08:52:41,940 ProgressMeter -      X:79965061   7.27428071E8     3.7 h      18.0 s       95.5%     3.9 h      10.7 m 
INFO  08:53:11,942 ProgressMeter -      X:93602054   7.29128088E8     3.7 h      18.0 s       95.9%     3.9 h       9.6 m 
INFO  08:53:42,045 ProgressMeter -     X:107230804   7.30728106E8     3.8 h      18.0 s       96.3%     3.9 h       8.6 m 
INFO  08:54:12,046 ProgressMeter -     X:120512638   7.32428123E8     3.8 h      18.0 s       96.8%     3.9 h       7.5 m 
INFO  08:54:42,301 ProgressMeter -     X:133678540   7.3412814E8     3.8 h      18.0 s       97.2%     3.9 h       6.5 m 
INFO  08:55:12,336 ProgressMeter -     X:147095786   7.35728158E8     3.8 h      18.0 s       97.6%     3.9 h       5.5 m 
INFO  08:55:42,337 ProgressMeter -       Y:7213362   7.37463382E8     3.8 h      18.0 s       98.1%     3.9 h       4.4 m 
INFO  08:56:12,338 ProgressMeter -      Y:13833404   7.38663718E8     3.8 h      18.0 s       98.3%     3.9 h       3.9 m 
INFO  08:56:42,339 ProgressMeter -      Y:22680031   7.40272349E8     3.8 h      18.0 s       98.6%     3.9 h       3.2 m 
INFO  08:57:12,341 ProgressMeter -         MT:1119   7.41126714E8     3.8 h      18.0 s       99.8%     3.8 h      27.0 s 
INFO  08:57:42,342 ProgressMeter - GL000207.1:4255   7.42811544E8     3.8 h      18.0 s       99.8%     3.8 h      27.0 s 
INFO  08:58:12,532 ProgressMeter - GL000218.1:125632   7.44015881E8     3.8 h      18.0 s       99.9%     3.8 h      16.0 s 
INFO  08:58:42,533 ProgressMeter - GL000220.1:142872   7.45503756E8     3.8 h      18.0 s       99.9%     3.8 h      16.0 s 
INFO  08:59:12,534 ProgressMeter - GL000216.1:44712   7.46539276E8     3.9 h      18.0 s       99.9%     3.9 h      12.0 s 
INFO  08:59:42,536 ProgressMeter - GL000193.1:139251   7.47815261E8     3.9 h      18.0 s      100.0%     3.9 h       4.0 s 
INFO  09:00:12,537 ProgressMeter - GL000225.1:190539   7.48441169E8     3.9 h      18.0 s      100.0%     3.9 h       2.0 s 
INFO  09:00:42,538 ProgressMeter - GL000225.1:190539   7.48441169E8     3.9 h      18.0 s      100.0%     3.9 h       2.0 s 
INFO  09:01:12,539 ProgressMeter - GL000192.1:547306   7.4856166E8     3.9 h      18.0 s      100.0%     3.9 h       0.0 s 
INFO  09:01:12,695 BaseRecalibrator - Calculating quantized quality scores... 
INFO  09:01:12,790 BaseRecalibrator - Writing recalibration report... 
INFO  09:01:15,243 BaseRecalibrator - ...done! 
INFO  09:01:15,243 BaseRecalibrator - BaseRecalibrator was able to recalibrate 748653752 reads 
INFO  09:01:15,244 ProgressMeter -            done   7.48661087E8     3.9 h      18.0 s      100.0%     3.9 h       0.0 s 
INFO  09:01:15,244 ProgressMeter - Total runtime 13983.26 secs, 233.05 min, 3.88 hours 
INFO  09:01:15,244 MicroScheduler - 163722582 reads were filtered out during the traversal out of approximately 912383669 total reads (17.94%) 
INFO  09:01:15,245 MicroScheduler -   -> 106138156 reads (11.63% of total) failing DuplicateReadFilter 
INFO  09:01:15,245 MicroScheduler -   -> 0 reads (0.00% of total) failing FailsVendorQualityCheckFilter 
INFO  09:01:15,245 MicroScheduler -   -> 0 reads (0.00% of total) failing MalformedReadFilter 
INFO  09:01:15,245 MicroScheduler -   -> 0 reads (0.00% of total) failing MappingQualityUnavailableFilter 
INFO  09:01:15,245 MicroScheduler -   -> 56002698 reads (6.14% of total) failing MappingQualityZeroFilter 
INFO  09:01:15,245 MicroScheduler -   -> 1581728 reads (0.17% of total) failing NotPrimaryAlignmentFilter 
INFO  09:01:15,245 MicroScheduler -   -> 0 reads (0.00% of total) failing UnmappedReadFilter 
INFO  09:01:17,405 GATKRunReport - Uploaded run statistics report to AWS S3 
