SLF4J: Class path contains multiple SLF4J bindings.
SLF4J: Found binding in [jar:file:/apus/v1/a2014205/software/piper_bin/Piper/Piper-v1.3.0/lib/GenomeAnalysisTK.jar!/org/slf4j/impl/StaticLoggerBinder.class]
SLF4J: Found binding in [jar:file:/apus/v1/a2014205/software/piper_bin/Piper/Piper-v1.3.0/lib/Queue.jar!/org/slf4j/impl/StaticLoggerBinder.class]
SLF4J: See http://www.slf4j.org/codes.html#multiple_bindings for an explanation.
INFO  00:10:32,354 HelpFormatter - -------------------------------------------------------------------------------- 
INFO  00:10:32,372 HelpFormatter - The Genome Analysis Toolkit (GATK) v3.3-0-geee94ec, Compiled 2015/12/17 12:33:03 
INFO  00:10:32,372 HelpFormatter - Copyright (c) 2010 The Broad Institute 
INFO  00:10:32,372 HelpFormatter - For support and documentation go to http://www.broadinstitute.org/gatk 
INFO  00:10:32,376 HelpFormatter - Program Args: -T BaseRecalibrator -I /scratch/108818/ANALYSIS/P4107/piper_ngi/05_processed_alignments/P4107_1005.clean.dedup.bam -R /proj/a2014205/piper_references/gatk_bundle/2.8/b37/human_g1k_v37.fasta -nct 16 -knownSites /proj/a2014205/piper_references/gatk_bundle/2.8/b37/dbsnp_138.b37.vcf -o /scratch/108818/ANALYSIS/P4107/piper_ngi/05_processed_alignments/P4107_1005.pre_recal.table -cov ReadGroupCovariate -cov QualityScoreCovariate -cov CycleCovariate -cov ContextCovariate 
INFO  00:10:32,380 HelpFormatter - Executing as funk_002@n19.uppmax.uu.se on Linux 2.6.32-573.18.1.el6.x86_64 amd64; Java HotSpot(TM) 64-Bit Server VM 1.7.0_25-b15. 
INFO  00:10:32,380 HelpFormatter - Date/Time: 2016/02/22 00:10:32 
INFO  00:10:32,380 HelpFormatter - -------------------------------------------------------------------------------- 
INFO  00:10:32,380 HelpFormatter - -------------------------------------------------------------------------------- 
INFO  00:10:32,587 GenomeAnalysisEngine - Strictness is SILENT 
INFO  00:10:32,746 GenomeAnalysisEngine - Downsampling Settings: No downsampling 
INFO  00:10:32,754 SAMDataSource$SAMReaders - Initializing SAMRecords in serial 
INFO  00:10:32,781 SAMDataSource$SAMReaders - Done initializing BAM readers: total time 0.03 
INFO  00:10:33,097 MicroScheduler - Running the GATK in parallel mode with 16 total threads, 16 CPU thread(s) for each of 1 data thread(s), of 16 processors available on this machine 
INFO  00:10:33,205 GenomeAnalysisEngine - Preparing for traversal over 1 BAM files 
INFO  00:10:33,209 GenomeAnalysisEngine - Done preparing for traversal 
INFO  00:10:33,210 ProgressMeter - [INITIALIZATION COMPLETE; STARTING PROCESSING] 
INFO  00:10:33,210 ProgressMeter -                 | processed |    time |    per 1M |           |   total | remaining 
INFO  00:10:33,211 ProgressMeter -        Location |     reads | elapsed |     reads | completed | runtime |   runtime 
INFO  00:10:33,251 BaseRecalibrator - The covariates being used here:  
INFO  00:10:33,251 BaseRecalibrator - 	ReadGroupCovariate 
INFO  00:10:33,251 BaseRecalibrator - 	QualityScoreCovariate 
INFO  00:10:33,251 BaseRecalibrator - 	ContextCovariate 
INFO  00:10:33,251 ContextCovariate - 		Context sizes: base substitution model 2, indel substitution model 3 
INFO  00:10:33,252 BaseRecalibrator - 	CycleCovariate 
INFO  00:10:33,254 ReadShardBalancer$1 - Loading BAM index data 
INFO  00:10:33,254 ReadShardBalancer$1 - Done loading BAM index data 
INFO  00:11:03,241 ProgressMeter -       1:6642729   1400016.0    30.0 s      21.0 s        0.2%     3.9 h       3.9 h 
INFO  00:11:33,729 ProgressMeter -      1:15967188   3600041.0    60.0 s      16.0 s        0.5%     3.2 h       3.2 h 
INFO  00:12:03,884 ProgressMeter -      1:24210581   5700066.0    90.0 s      15.0 s        0.8%     3.2 h       3.2 h 
INFO  00:12:33,885 ProgressMeter -      1:33233983   7900093.0   120.0 s      15.0 s        1.1%     3.1 h       3.1 h 
INFO  00:13:03,991 ProgressMeter -      1:42154719   1.0200118E7     2.5 m      14.0 s        1.4%     3.1 h       3.0 h 
INFO  00:13:33,992 ProgressMeter -      1:51718293   1.2500142E7     3.0 m      14.0 s        1.7%     3.0 h       2.9 h 
INFO  00:14:03,993 ProgressMeter -      1:61035735   1.480017E7     3.5 m      14.0 s        2.0%     3.0 h       2.9 h 
INFO  00:14:33,994 ProgressMeter -      1:70428271   1.7000195E7     4.0 m      14.0 s        2.3%     2.9 h       2.9 h 
INFO  00:15:04,273 ProgressMeter -      1:80127895   1.9300219E7     4.5 m      14.0 s        2.6%     2.9 h       2.8 h 
INFO  00:15:34,274 ProgressMeter -      1:89484841   2.1500244E7     5.0 m      14.0 s        2.9%     2.9 h       2.8 h 
INFO  00:16:04,275 ProgressMeter -      1:98895247   2.3700272E7     5.5 m      13.0 s        3.2%     2.9 h       2.8 h 
INFO  00:16:34,276 ProgressMeter -     1:108692906   2.6000296E7     6.0 m      13.0 s        3.5%     2.9 h       2.8 h 
INFO  00:17:04,563 ProgressMeter -     1:118056800   2.8300323E7     6.5 m      13.0 s        3.8%     2.9 h       2.7 h 
INFO  00:17:37,092 ProgressMeter -     1:121484548   2.9300431E7     7.1 m      14.0 s        3.9%     3.0 h       2.9 h 
INFO  00:18:07,389 ProgressMeter -     1:121484963   2.9500623E7     7.6 m      15.0 s        3.9%     3.2 h       3.1 h 
INFO  00:18:41,266 ProgressMeter -     1:121485136   2.9601199E7     8.1 m      16.0 s        3.9%     3.5 h       3.3 h 
INFO  00:19:11,267 ProgressMeter -     1:143994624   3.05035E7     8.6 m      16.0 s        4.6%     3.1 h       3.0 h 
INFO  00:19:41,268 ProgressMeter -     1:153481235   3.2603544E7     9.1 m      16.0 s        4.9%     3.1 h       2.9 h 
INFO  00:20:11,586 ProgressMeter -     1:162335812   3.4803566E7     9.6 m      16.0 s        5.2%     3.1 h       2.9 h 
INFO  00:20:41,587 ProgressMeter -     1:171795550   3.7103594E7    10.1 m      16.0 s        5.5%     3.0 h       2.9 h 
INFO  00:21:11,588 ProgressMeter -     1:180826595   3.9403622E7    10.6 m      16.0 s        5.8%     3.0 h       2.9 h 
INFO  00:21:42,119 ProgressMeter -     1:190245460   4.1603645E7    11.1 m      16.0 s        6.1%     3.0 h       2.8 h 
INFO  00:22:12,430 ProgressMeter -     1:200062619   4.3903672E7    11.7 m      15.0 s        6.4%     3.0 h       2.8 h 
INFO  00:22:42,431 ProgressMeter -     1:209138261   4.6103701E7    12.2 m      15.0 s        6.7%     3.0 h       2.8 h 
INFO  00:23:12,433 ProgressMeter -     1:218149540   4.8303727E7    12.7 m      15.0 s        7.0%     3.0 h       2.8 h 
INFO  00:23:42,704 ProgressMeter -     1:227323949   5.0503751E7    13.2 m      15.0 s        7.3%     3.0 h       2.8 h 
INFO  00:24:12,899 ProgressMeter -     1:236445958   5.2803775E7    13.7 m      15.0 s        7.6%     3.0 h       2.8 h 
INFO  00:24:42,953 ProgressMeter -     1:245811865   5.4903799E7    14.2 m      15.0 s        7.9%     3.0 h       2.7 h 
INFO  00:25:13,411 ProgressMeter -       2:6139578   5.7084916E7    14.7 m      15.0 s        8.2%     3.0 h       2.7 h 
INFO  00:25:43,836 ProgressMeter -      2:15424169   5.9384939E7    15.2 m      15.0 s        8.5%     3.0 h       2.7 h 
INFO  00:26:13,837 ProgressMeter -      2:24643625   6.1584961E7    15.7 m      15.0 s        8.8%     3.0 h       2.7 h 
INFO  00:26:43,838 ProgressMeter -      2:32973657   6.3584983E7    16.2 m      15.0 s        9.1%     3.0 h       2.7 h 
INFO  00:27:13,840 ProgressMeter -      2:40560827   6.5585709E7    16.7 m      15.0 s        9.3%     3.0 h       2.7 h 
INFO  00:27:44,221 ProgressMeter -      2:49405001   6.7885734E7    17.2 m      15.0 s        9.6%     3.0 h       2.7 h 
INFO  00:28:14,222 ProgressMeter -      2:58759979   6.9985756E7    17.7 m      15.0 s        9.9%     3.0 h       2.7 h 
INFO  00:28:44,588 ProgressMeter -      2:67663748   7.2285779E7    18.2 m      15.0 s       10.2%     3.0 h       2.7 h 
INFO  00:29:14,947 ProgressMeter -      2:77023328   7.4585807E7    18.7 m      15.0 s       10.5%     3.0 h       2.6 h 
INFO  00:29:45,404 ProgressMeter -      2:87074269   7.6885831E7    19.2 m      14.0 s       10.8%     3.0 h       2.6 h 
INFO  00:30:15,405 ProgressMeter -      2:92306925   7.838942E7    19.7 m      15.0 s       11.0%     3.0 h       2.7 h 
INFO  00:30:45,406 ProgressMeter -      2:99984941   8.0089866E7    20.2 m      15.0 s       11.3%     3.0 h       2.7 h 
INFO  00:31:15,408 ProgressMeter -     2:109752933   8.2389893E7    20.7 m      15.0 s       11.6%     3.0 h       2.6 h 
INFO  00:31:45,409 ProgressMeter -     2:119807639   8.4589918E7    21.2 m      15.0 s       11.9%     3.0 h       2.6 h 
INFO  00:32:15,431 ProgressMeter -     2:128813886   8.6689941E7    21.7 m      15.0 s       12.2%     3.0 h       2.6 h 
INFO  00:32:45,555 ProgressMeter -     2:136249773   8.8489959E7    22.2 m      15.0 s       12.4%     3.0 h       2.6 h 
INFO  00:33:15,556 ProgressMeter -     2:145552072   9.0689981E7    22.7 m      15.0 s       12.7%     3.0 h       2.6 h 
INFO  00:33:45,557 ProgressMeter -     2:154861997   9.2890005E7    23.2 m      14.0 s       13.0%     3.0 h       2.6 h 
INFO  00:34:15,559 ProgressMeter -     2:163990912   9.5090028E7    23.7 m      14.0 s       13.3%     3.0 h       2.6 h 
INFO  00:34:45,560 ProgressMeter -     2:172938541   9.7290053E7    24.2 m      14.0 s       13.6%     3.0 h       2.6 h 
INFO  00:35:15,846 ProgressMeter -     2:182035241   9.9490079E7    24.7 m      14.0 s       13.9%     3.0 h       2.5 h 
INFO  00:35:46,522 ProgressMeter -     2:191630991   1.01790102E8    25.2 m      14.0 s       14.2%     3.0 h       2.5 h 
INFO  00:36:17,242 ProgressMeter -     2:201127235   1.04090126E8    25.7 m      14.0 s       14.5%     3.0 h       2.5 h 
INFO  00:36:47,304 ProgressMeter -     2:210386183   1.06290151E8    26.2 m      14.0 s       14.8%     3.0 h       2.5 h 
INFO  00:37:17,306 ProgressMeter -     2:219541390   1.08490177E8    26.7 m      14.0 s       15.1%     2.9 h       2.5 h 
INFO  00:37:47,307 ProgressMeter -     2:228542175   1.10690199E8    27.2 m      14.0 s       15.4%     2.9 h       2.5 h 
INFO  00:38:17,308 ProgressMeter -     2:237452046   1.12890223E8    27.7 m      14.0 s       15.7%     2.9 h       2.5 h 
INFO  00:38:47,309 ProgressMeter -       3:3797877   1.15089248E8    28.2 m      14.0 s       16.0%     2.9 h       2.5 h 
INFO  00:39:17,310 ProgressMeter -      3:12599153   1.1718927E8    28.7 m      14.0 s       16.3%     2.9 h       2.5 h 
INFO  00:39:47,752 ProgressMeter -      3:21585029   1.19389293E8    29.2 m      14.0 s       16.6%     2.9 h       2.5 h 
INFO  00:40:17,753 ProgressMeter -      3:30643229   1.21589319E8    29.7 m      14.0 s       16.9%     2.9 h       2.4 h 
INFO  00:40:47,868 ProgressMeter -      3:39996615   1.23789344E8    30.2 m      14.0 s       17.2%     2.9 h       2.4 h 
INFO  00:41:17,869 ProgressMeter -      3:48991695   1.26089372E8    30.7 m      14.0 s       17.5%     2.9 h       2.4 h 
INFO  00:41:47,871 ProgressMeter -      3:57699361   1.28289399E8    31.2 m      14.0 s       17.7%     2.9 h       2.4 h 
INFO  00:42:17,872 ProgressMeter -      3:67365545   1.30489423E8    31.7 m      14.0 s       18.0%     2.9 h       2.4 h 
INFO  00:42:47,873 ProgressMeter -      3:76588004   1.32589445E8    32.2 m      14.0 s       18.3%     2.9 h       2.4 h 
INFO  00:43:17,874 ProgressMeter -      3:86585899   1.34789472E8    32.7 m      14.0 s       18.7%     2.9 h       2.4 h 
INFO  00:43:47,876 ProgressMeter -      3:99213123   1.370895E8    33.2 m      14.0 s       19.1%     2.9 h       2.3 h 
INFO  00:44:17,877 ProgressMeter -     3:108325750   1.39289525E8    33.7 m      14.0 s       19.4%     2.9 h       2.3 h 
INFO  00:44:47,878 ProgressMeter -     3:117794126   1.41489549E8    34.2 m      14.0 s       19.7%     2.9 h       2.3 h 
INFO  00:45:17,879 ProgressMeter -     3:126203944   1.43589573E8    34.7 m      14.0 s       19.9%     2.9 h       2.3 h 
INFO  00:45:47,880 ProgressMeter -     3:134675034   1.45689595E8    35.2 m      14.0 s       20.2%     2.9 h       2.3 h 
INFO  00:46:18,441 ProgressMeter -     3:143732793   1.4798962E8    35.8 m      14.0 s       20.5%     2.9 h       2.3 h 
INFO  00:46:48,543 ProgressMeter -     3:152798183   1.50089646E8    36.3 m      14.0 s       20.8%     2.9 h       2.3 h 
INFO  00:47:18,544 ProgressMeter -     3:162154310   1.52289669E8    36.8 m      14.0 s       21.1%     2.9 h       2.3 h 
INFO  00:47:48,978 ProgressMeter -     3:171674633   1.54489692E8    37.3 m      14.0 s       21.4%     2.9 h       2.3 h 
INFO  00:48:18,979 ProgressMeter -     3:180857590   1.5668972E8    37.8 m      14.0 s       21.7%     2.9 h       2.3 h 
INFO  00:48:49,094 ProgressMeter -     3:190069746   1.58989747E8    38.3 m      14.0 s       22.0%     2.9 h       2.3 h 
INFO  00:49:19,579 ProgressMeter -        4:347811   1.61120142E8    38.8 m      14.0 s       22.3%     2.9 h       2.3 h 
INFO  00:49:50,321 ProgressMeter -       4:8987398   1.63220164E8    39.3 m      14.0 s       22.6%     2.9 h       2.2 h 
INFO  00:50:20,322 ProgressMeter -      4:18103916   1.6532019E8    39.8 m      14.0 s       22.8%     2.9 h       2.2 h 
INFO  00:50:50,391 ProgressMeter -      4:27643444   1.67420214E8    40.3 m      14.0 s       23.2%     2.9 h       2.2 h 
INFO  00:51:20,392 ProgressMeter -      4:37462470   1.69620237E8    40.8 m      14.0 s       23.5%     2.9 h       2.2 h 
INFO  00:51:50,393 ProgressMeter -      4:46543278   1.71820261E8    41.3 m      14.0 s       23.8%     2.9 h       2.2 h 
INFO  00:52:20,394 ProgressMeter -      4:49141831   1.73321981E8    41.8 m      14.0 s       23.8%     2.9 h       2.2 h 
INFO  00:52:50,837 ProgressMeter -      4:55701766   1.75024446E8    42.3 m      14.0 s       24.1%     2.9 h       2.2 h 
INFO  00:53:20,838 ProgressMeter -      4:65563197   1.77124467E8    42.8 m      14.0 s       24.4%     2.9 h       2.2 h 
INFO  00:53:51,083 ProgressMeter -      4:74329796   1.79324492E8    43.3 m      14.0 s       24.7%     2.9 h       2.2 h 
INFO  00:54:21,379 ProgressMeter -      4:83655806   1.81524516E8    43.8 m      14.0 s       25.0%     2.9 h       2.2 h 
INFO  00:54:51,762 ProgressMeter -      4:93512981   1.83824541E8    44.3 m      14.0 s       25.3%     2.9 h       2.2 h 
INFO  00:55:21,763 ProgressMeter -     4:103762737   1.86224568E8    44.8 m      14.0 s       25.6%     2.9 h       2.2 h 
INFO  00:55:52,482 ProgressMeter -     4:113425465   1.88524593E8    45.3 m      14.0 s       25.9%     2.9 h       2.2 h 
INFO  00:56:22,483 ProgressMeter -     4:122723348   1.90724615E8    45.8 m      14.0 s       26.2%     2.9 h       2.1 h 
INFO  00:56:52,484 ProgressMeter -     4:132391577   1.9292464E8    46.3 m      14.0 s       26.5%     2.9 h       2.1 h 
INFO  00:57:22,485 ProgressMeter -     4:142178652   1.95224663E8    46.8 m      14.0 s       26.8%     2.9 h       2.1 h 
INFO  00:57:52,487 ProgressMeter -     4:151686262   1.97524687E8    47.3 m      14.0 s       27.2%     2.9 h       2.1 h 
INFO  00:58:22,979 ProgressMeter -     4:160232139   1.99724712E8    47.8 m      14.0 s       27.4%     2.9 h       2.1 h 
INFO  00:58:53,294 ProgressMeter -     4:169240115   2.01824802E8    48.3 m      14.0 s       27.7%     2.9 h       2.1 h 
INFO  00:59:23,560 ProgressMeter -     4:177890204   2.04025407E8    48.8 m      14.0 s       28.0%     2.9 h       2.1 h 
INFO  00:59:53,869 ProgressMeter -     4:186851071   2.06125429E8    49.3 m      14.0 s       28.3%     2.9 h       2.1 h 
INFO  01:00:23,870 ProgressMeter -       5:3981928   2.08182968E8    49.8 m      14.0 s       28.6%     2.9 h       2.1 h 
INFO  01:00:53,871 ProgressMeter -      5:13252495   2.10282991E8    50.3 m      14.0 s       28.9%     2.9 h       2.1 h 
INFO  01:01:23,872 ProgressMeter -      5:23153296   2.12583016E8    50.8 m      14.0 s       29.2%     2.9 h       2.1 h 
INFO  01:01:53,873 ProgressMeter -      5:33255261   2.14883044E8    51.3 m      14.0 s       29.5%     2.9 h       2.0 h 
INFO  01:02:23,875 ProgressMeter -      5:42336930   2.1708307E8    51.8 m      14.0 s       29.8%     2.9 h       2.0 h 
INFO  01:02:53,876 ProgressMeter -      5:54292767   2.19183093E8    52.3 m      14.0 s       30.2%     2.9 h       2.0 h 
INFO  01:03:24,417 ProgressMeter -      5:63796320   2.21483118E8    52.9 m      14.0 s       30.5%     2.9 h       2.0 h 
INFO  01:03:54,419 ProgressMeter -      5:74276149   2.23683141E8    53.4 m      14.0 s       30.8%     2.9 h     119.8 m 
INFO  01:04:24,420 ProgressMeter -      5:83644538   2.25983165E8    53.9 m      14.0 s       31.1%     2.9 h     119.2 m 
INFO  01:04:54,555 ProgressMeter -      5:93253811   2.28283194E8    54.4 m      14.0 s       31.4%     2.9 h     118.6 m 
INFO  01:05:24,556 ProgressMeter -     5:102143791   2.30383219E8    54.9 m      14.0 s       31.7%     2.9 h     118.1 m 
INFO  01:05:54,745 ProgressMeter -     5:111822612   2.32683244E8    55.4 m      14.0 s       32.0%     2.9 h     117.5 m 
INFO  01:06:24,746 ProgressMeter -     5:121039659   2.34883269E8    55.9 m      14.0 s       32.3%     2.9 h     116.9 m 
INFO  01:06:54,747 ProgressMeter -     5:130189304   2.37083293E8    56.4 m      14.0 s       32.6%     2.9 h     116.4 m 
INFO  01:07:24,997 ProgressMeter -     5:139404172   2.39383319E8    56.9 m      14.0 s       32.9%     2.9 h     115.9 m 
INFO  01:07:55,146 ProgressMeter -     5:148882472   2.41783344E8    57.4 m      14.0 s       33.2%     2.9 h     115.3 m 
INFO  01:08:25,766 ProgressMeter -     5:158301341   2.44083367E8    57.9 m      14.0 s       33.5%     2.9 h     114.7 m 
INFO  01:08:56,281 ProgressMeter -     5:168115641   2.46283391E8    58.4 m      14.0 s       33.8%     2.9 h     114.1 m 
INFO  01:09:26,406 ProgressMeter -     5:177099907   2.4858342E8    58.9 m      14.0 s       34.1%     2.9 h     113.6 m 
INFO  01:09:56,964 ProgressMeter -       6:5561698   2.50676691E8    59.4 m      14.0 s       34.4%     2.9 h     113.1 m 
INFO  01:10:26,965 ProgressMeter -      6:13941292   2.52676713E8    59.9 m      14.0 s       34.7%     2.9 h     112.7 m 
INFO  01:10:56,966 ProgressMeter -      6:23470242   2.54876738E8    60.4 m      14.0 s       35.0%     2.9 h     112.1 m 
INFO  01:11:26,967 ProgressMeter -      6:32186968   2.56976762E8    60.9 m      14.0 s       35.3%     2.9 h     111.6 m 
INFO  01:11:56,968 ProgressMeter -      6:40855519   2.59176785E8    61.4 m      14.0 s       35.6%     2.9 h     111.2 m 
INFO  01:12:26,969 ProgressMeter -      6:50020490   2.61376808E8    61.9 m      14.0 s       35.9%     2.9 h     110.6 m 
INFO  01:12:56,970 ProgressMeter -      6:58725424   2.63576833E8    62.4 m      14.0 s       36.1%     2.9 h     110.2 m 
INFO  01:13:26,972 ProgressMeter -      6:65673071   2.65278114E8    62.9 m      14.0 s       36.4%     2.9 h     110.0 m 
INFO  01:13:56,973 ProgressMeter -      6:75255700   2.67478139E8    63.4 m      14.0 s       36.7%     2.9 h     109.4 m 
INFO  01:14:26,974 ProgressMeter -      6:85248141   2.69778163E8    63.9 m      14.0 s       37.0%     2.9 h     108.8 m 
INFO  01:14:57,395 ProgressMeter -      6:95014948   2.72178191E8    64.4 m      14.0 s       37.3%     2.9 h     108.2 m 
INFO  01:15:27,396 ProgressMeter -     6:105317973   2.74478219E8    64.9 m      14.0 s       37.7%     2.9 h     107.5 m 
INFO  01:15:57,623 ProgressMeter -     6:114622999   2.76778246E8    65.4 m      14.0 s       38.0%     2.9 h     106.9 m 
INFO  01:16:28,247 ProgressMeter -     6:123535322   2.78778268E8    65.9 m      14.0 s       38.2%     2.9 h     106.5 m 
INFO  01:16:58,248 ProgressMeter -     6:133224894   2.81078294E8    66.4 m      14.0 s       38.6%     2.9 h     105.9 m 
INFO  01:17:28,249 ProgressMeter -     6:142668141   2.83378323E8    66.9 m      14.0 s       38.9%     2.9 h     105.3 m 
INFO  01:17:58,250 ProgressMeter -     6:152212431   2.8577835E8    67.4 m      14.0 s       39.2%     2.9 h     104.7 m 
INFO  01:18:28,251 ProgressMeter -     6:161536347   2.87978373E8    67.9 m      14.0 s       39.5%     2.9 h     104.2 m 
INFO  01:18:58,252 ProgressMeter -     6:171053710   2.90178397E8    68.4 m      14.0 s       39.8%     2.9 h     103.6 m 
INFO  01:19:28,377 ProgressMeter -       7:8645203   2.92249224E8    68.9 m      14.0 s       40.1%     2.9 h     103.2 m 
INFO  01:19:58,459 ProgressMeter -      7:18334003   2.94449248E8    69.4 m      14.0 s       40.4%     2.9 h     102.6 m 
INFO  01:20:28,460 ProgressMeter -      7:27685806   2.96749277E8    69.9 m      14.0 s       40.7%     2.9 h     102.0 m 
INFO  01:20:58,461 ProgressMeter -      7:37188417   2.99049305E8    70.4 m      14.0 s       41.0%     2.9 h     101.5 m 
INFO  01:21:28,462 ProgressMeter -      7:46622074   3.01349331E8    70.9 m      14.0 s       41.3%     2.9 h     100.9 m 
INFO  01:21:58,463 ProgressMeter -      7:56387395   3.03649355E8    71.4 m      14.0 s       41.6%     2.9 h     100.3 m 
INFO  01:22:29,105 ProgressMeter -      7:63107880   3.05049837E8    71.9 m      14.0 s       41.8%     2.9 h     100.1 m 
INFO  01:22:59,323 ProgressMeter -      7:71409447   3.07049858E8    72.4 m      14.0 s       42.1%     2.9 h      99.7 m 
INFO  01:23:30,002 ProgressMeter -      7:81321157   3.09149888E8    72.9 m      14.0 s       42.4%     2.9 h      99.1 m 
INFO  01:24:00,195 ProgressMeter -      7:91081492   3.11349913E8    73.4 m      14.0 s       42.7%     2.9 h      98.5 m 
INFO  01:24:30,397 ProgressMeter -     7:100543707   3.13649941E8    74.0 m      14.0 s       43.0%     2.9 h      98.0 m 
INFO  01:25:00,398 ProgressMeter -     7:109358115   3.15749963E8    74.5 m      14.0 s       43.3%     2.9 h      97.5 m 
INFO  01:25:30,780 ProgressMeter -     7:119225439   3.18049987E8    75.0 m      14.0 s       43.6%     2.9 h      96.9 m 
INFO  01:26:00,830 ProgressMeter -     7:128640823   3.20350012E8    75.5 m      14.0 s       43.9%     2.9 h      96.3 m 
INFO  01:26:30,832 ProgressMeter -     7:137697834   3.22450034E8    76.0 m      14.0 s       44.2%     2.9 h      95.8 m 
INFO  01:27:00,833 ProgressMeter -     7:147053845   3.24650059E8    76.5 m      14.0 s       44.5%     2.9 h      95.3 m 
INFO  01:27:30,834 ProgressMeter -     7:155903765   3.26750081E8    77.0 m      14.0 s       44.8%     2.9 h      94.8 m 
INFO  01:28:00,835 ProgressMeter -       8:5315068   3.28666483E8    77.5 m      14.0 s       45.1%     2.9 h      94.4 m 
INFO  01:28:30,889 ProgressMeter -      8:13537326   3.30566507E8    78.0 m      14.0 s       45.3%     2.9 h      94.0 m 
INFO  01:29:00,890 ProgressMeter -      8:22617637   3.32566529E8    78.5 m      14.0 s       45.6%     2.9 h      93.5 m 
INFO  01:29:30,891 ProgressMeter -      8:31655792   3.34866555E8    79.0 m      14.0 s       45.9%     2.9 h      93.0 m 
INFO  01:30:01,274 ProgressMeter -      8:41152102   3.37066579E8    79.5 m      14.0 s       46.2%     2.9 h      92.4 m 
INFO  01:30:41,099 ProgressMeter -      8:43096201   3.3796919E8    80.1 m      14.0 s       46.3%     2.9 h      93.0 m 
INFO  01:31:11,100 ProgressMeter -      8:50156673   3.39369708E8    80.6 m      14.0 s       46.5%     2.9 h      92.7 m 
INFO  01:31:41,102 ProgressMeter -      8:59664621   3.41569734E8    81.1 m      14.0 s       46.8%     2.9 h      92.1 m 
INFO  01:32:11,361 ProgressMeter -      8:68920347   3.43869762E8    81.6 m      14.0 s       47.1%     2.9 h      91.6 m 
INFO  01:32:41,422 ProgressMeter -      8:78614523   3.46169788E8    82.1 m      14.0 s       47.4%     2.9 h      91.0 m 
INFO  01:33:11,689 ProgressMeter -      8:88533683   3.48469814E8    82.6 m      14.0 s       47.8%     2.9 h      90.4 m 
INFO  01:33:41,690 ProgressMeter -      8:97925108   3.5066984E8    83.1 m      14.0 s       48.1%     2.9 h      89.8 m 
INFO  01:34:11,691 ProgressMeter -     8:107183918   3.5296987E8    83.6 m      14.0 s       48.4%     2.9 h      89.3 m 
INFO  01:34:42,315 ProgressMeter -     8:117462856   3.55369896E8    84.2 m      14.0 s       48.7%     2.9 h      88.7 m 
INFO  01:35:12,859 ProgressMeter -     8:127075500   3.57669929E8    84.7 m      14.0 s       49.0%     2.9 h      88.1 m 
INFO  01:35:43,192 ProgressMeter -     8:136266997   3.59869954E8    85.2 m      14.0 s       49.3%     2.9 h      87.6 m 
INFO  01:36:13,193 ProgressMeter -     8:145901345   3.62069981E8    85.7 m      14.0 s       49.6%     2.9 h      87.0 m 
INFO  01:36:43,194 ProgressMeter -       9:8462427   3.642675E8    86.2 m      14.0 s       49.9%     2.9 h      86.5 m 
INFO  01:37:13,496 ProgressMeter -      9:17972187   3.66467525E8    86.7 m      14.0 s       50.2%     2.9 h      86.0 m 
INFO  01:37:43,949 ProgressMeter -      9:27606813   3.68767552E8    87.2 m      14.0 s       50.5%     2.9 h      85.4 m 
INFO  01:38:13,950 ProgressMeter -      9:37123696   3.70967576E8    87.7 m      14.0 s       50.8%     2.9 h      84.8 m 
INFO  01:38:44,261 ProgressMeter -      9:68492644   3.72667693E8    88.2 m      14.0 s       51.8%     2.8 h      82.0 m 
INFO  01:39:14,262 ProgressMeter -      9:77804707   3.74667714E8    88.7 m      14.0 s       52.1%     2.8 h      81.4 m 
INFO  01:39:44,264 ProgressMeter -      9:87204565   3.76767737E8    89.2 m      14.0 s       52.4%     2.8 h      80.9 m 
INFO  01:40:14,392 ProgressMeter -      9:96602122   3.79067763E8    89.7 m      14.0 s       52.7%     2.8 h      80.4 m 
INFO  01:40:44,415 ProgressMeter -     9:106003965   3.81267789E8    90.2 m      14.0 s       53.0%     2.8 h      79.8 m 
INFO  01:41:14,416 ProgressMeter -     9:115145523   3.83467814E8    90.7 m      14.0 s       53.3%     2.8 h      79.3 m 
INFO  01:41:44,418 ProgressMeter -     9:124085293   3.85667838E8    91.2 m      14.0 s       53.6%     2.8 h      78.9 m 
INFO  01:42:14,469 ProgressMeter -     9:132937946   3.87867862E8    91.7 m      14.0 s       53.9%     2.8 h      78.4 m 
INFO  01:42:44,470 ProgressMeter -       10:889145   3.89983624E8    92.2 m      14.0 s       54.2%     2.8 h      77.9 m 
INFO  01:43:14,886 ProgressMeter -      10:9366605   3.92083648E8    92.7 m      14.0 s       54.5%     2.8 h      77.5 m 
INFO  01:43:44,958 ProgressMeter -     10:18505971   3.94183672E8    93.2 m      14.0 s       54.8%     2.8 h      77.0 m 
INFO  01:44:14,959 ProgressMeter -     10:27724253   3.96383697E8    93.7 m      14.0 s       55.1%     2.8 h      76.4 m 
INFO  01:44:44,960 ProgressMeter -     10:36843258   3.98583721E8    94.2 m      14.0 s       55.4%     2.8 h      75.9 m 
INFO  01:45:14,995 ProgressMeter -     10:42385367   3.99986807E8    94.7 m      14.0 s       55.5%     2.8 h      75.8 m 
INFO  01:45:44,996 ProgressMeter -     10:42400715   4.01089944E8    95.2 m      14.0 s       55.5%     2.9 h      76.2 m 
INFO  01:46:15,219 ProgressMeter -     10:42599911   4.02192033E8    95.7 m      14.0 s       55.5%     2.9 h      76.6 m 
INFO  01:46:45,220 ProgressMeter -     10:51809481   4.04092086E8    96.2 m      14.0 s       55.8%     2.9 h      76.1 m 
INFO  01:47:15,561 ProgressMeter -     10:61478290   4.06292114E8    96.7 m      14.0 s       56.2%     2.9 h      75.5 m 
INFO  01:47:45,562 ProgressMeter -     10:70908352   4.0859214E8    97.2 m      14.0 s       56.5%     2.9 h      75.0 m 
INFO  01:48:15,563 ProgressMeter -     10:79726971   4.10692165E8    97.7 m      14.0 s       56.7%     2.9 h      74.5 m 
INFO  01:48:45,564 ProgressMeter -     10:89172621   4.12992189E8    98.2 m      14.0 s       57.0%     2.9 h      73.9 m 
INFO  01:49:15,565 ProgressMeter -     10:97745476   4.15092213E8    98.7 m      14.0 s       57.3%     2.9 h      73.5 m 
INFO  01:49:45,567 ProgressMeter -    10:106931512   4.17392241E8    99.2 m      14.0 s       57.6%     2.9 h      73.0 m 
INFO  01:50:15,568 ProgressMeter -    10:116081180   4.19592267E8    99.7 m      14.0 s       57.9%     2.9 h      72.4 m 
INFO  01:50:45,569 ProgressMeter -    10:125436476   4.2189229E8   100.2 m      14.0 s       58.2%     2.9 h      71.9 m 
INFO  01:51:15,570 ProgressMeter -    10:134992158   4.24092312E8   100.7 m      14.0 s       58.5%     2.9 h      71.4 m 
INFO  01:51:45,766 ProgressMeter -      11:8289004   4.2615477E8   101.2 m      14.0 s       58.8%     2.9 h      70.9 m 
INFO  01:52:15,842 ProgressMeter -     11:17630798   4.28454795E8   101.7 m      14.0 s       59.1%     2.9 h      70.3 m 
INFO  01:52:45,843 ProgressMeter -     11:27046994   4.3065482E8   102.2 m      14.0 s       59.4%     2.9 h      69.8 m 
INFO  01:53:15,844 ProgressMeter -     11:36341275   4.32854844E8   102.7 m      14.0 s       59.7%     2.9 h      69.3 m 
INFO  01:53:45,846 ProgressMeter -     11:45574093   4.3495487E8   103.2 m      14.0 s       60.0%     2.9 h      68.8 m 
INFO  01:54:16,247 ProgressMeter -     11:51590943   4.3665554E8   103.7 m      14.0 s       60.2%     2.9 h      68.6 m 
INFO  01:54:46,248 ProgressMeter -     11:63378371   4.38855565E8   104.2 m      14.0 s       60.6%     2.9 h      67.8 m 
INFO  01:55:16,249 ProgressMeter -     11:72001137   4.40955588E8   104.7 m      14.0 s       60.9%     2.9 h      67.3 m 
INFO  01:55:46,250 ProgressMeter -     11:81048637   4.43155613E8   105.2 m      14.0 s       61.2%     2.9 h      66.8 m 
INFO  01:56:16,253 ProgressMeter -     11:90264160   4.45355642E8   105.7 m      14.0 s       61.5%     2.9 h      66.3 m 
INFO  01:56:46,255 ProgressMeter -     11:99764814   4.47555667E8   106.2 m      14.0 s       61.8%     2.9 h      65.8 m 
INFO  01:57:16,256 ProgressMeter -    11:109197718   4.49755689E8   106.7 m      14.0 s       62.1%     2.9 h      65.2 m 
INFO  01:57:46,257 ProgressMeter -    11:118027901   4.51955713E8   107.2 m      14.0 s       62.3%     2.9 h      64.7 m 
INFO  01:58:16,258 ProgressMeter -    11:126993497   4.54256132E8   107.7 m      14.0 s       62.6%     2.9 h      64.3 m 
INFO  01:58:46,260 ProgressMeter -      12:1423408   4.56471459E8   108.2 m      14.0 s       62.9%     2.9 h      63.7 m 
INFO  01:59:16,261 ProgressMeter -     12:10025984   4.58571481E8   108.7 m      14.0 s       63.2%     2.9 h      63.3 m 
INFO  01:59:46,262 ProgressMeter -     12:18577697   4.60771506E8   109.2 m      14.0 s       63.5%     2.9 h      62.8 m 
INFO  02:00:16,263 ProgressMeter -     12:27164990   4.6277153E8   109.7 m      14.0 s       63.8%     2.9 h      62.3 m 
INFO  02:00:46,265 ProgressMeter -     12:38050151   4.64871557E8   110.2 m      14.0 s       64.1%     2.9 h      61.7 m 
INFO  02:01:16,266 ProgressMeter -     12:46728687   4.66971582E8   110.7 m      14.0 s       64.4%     2.9 h      61.2 m 
INFO  02:01:46,818 ProgressMeter -     12:55238991   4.69171608E8   111.2 m      14.0 s       64.7%     2.9 h      60.7 m 
INFO  02:02:16,819 ProgressMeter -     12:64265259   4.71371632E8   111.7 m      14.0 s       65.0%     2.9 h      60.2 m 
INFO  02:02:47,066 ProgressMeter -     12:73072222   4.73571658E8   112.2 m      14.0 s       65.3%     2.9 h      59.8 m 
INFO  02:03:17,209 ProgressMeter -     12:82744938   4.75771682E8   112.7 m      14.0 s       65.6%     2.9 h      59.2 m 
INFO  02:03:47,396 ProgressMeter -     12:92160025   4.77971705E8   113.2 m      14.0 s       65.9%     2.9 h      58.7 m 
INFO  02:04:17,398 ProgressMeter -    12:100706509   4.80171729E8   113.7 m      14.0 s       66.1%     2.9 h      58.2 m 
INFO  02:04:47,616 ProgressMeter -    12:109455506   4.82371755E8   114.2 m      14.0 s       66.4%     2.9 h      57.7 m 
INFO  02:05:17,990 ProgressMeter -    12:118911219   4.8467178E8   114.7 m      14.0 s       66.7%     2.9 h      57.2 m 
INFO  02:05:48,077 ProgressMeter -    12:127272602   4.86871804E8   115.2 m      14.0 s       67.0%     2.9 h      56.8 m 
INFO  02:06:18,079 ProgressMeter -     13:21213958   4.88871629E8   115.7 m      14.0 s       67.9%     2.8 h      54.7 m 
INFO  02:06:48,080 ProgressMeter -     13:29668046   4.90871651E8   116.2 m      14.0 s       68.2%     2.8 h      54.3 m 
INFO  02:07:18,217 ProgressMeter -     13:38711196   4.93071677E8   116.8 m      14.0 s       68.5%     2.8 h      53.8 m 
INFO  02:07:48,726 ProgressMeter -     13:47481723   4.95271702E8   117.3 m      14.0 s       68.7%     2.8 h      53.3 m 
INFO  02:08:18,728 ProgressMeter -     13:56574656   4.97471726E8   117.8 m      14.0 s       69.0%     2.8 h      52.8 m 
INFO  02:08:48,729 ProgressMeter -     13:66020471   4.99671753E8   118.3 m      14.0 s       69.3%     2.8 h      52.3 m 
INFO  02:09:18,730 ProgressMeter -     13:75905728   5.0187178E8   118.8 m      14.0 s       69.7%     2.8 h      51.7 m 
INFO  02:09:48,731 ProgressMeter -     13:84845175   5.04071804E8   119.3 m      14.0 s       69.9%     2.8 h      51.2 m 
INFO  02:10:18,732 ProgressMeter -     13:94576667   5.06171826E8   119.8 m      14.0 s       70.3%     2.8 h      50.7 m 
INFO  02:10:48,734 ProgressMeter -    13:103345935   5.08371851E8     2.0 h      14.0 s       70.5%     2.8 h      50.2 m 
INFO  02:11:19,386 ProgressMeter -    13:112516798   5.10471874E8     2.0 h      14.0 s       70.8%     2.8 h      49.7 m 
INFO  02:11:49,388 ProgressMeter -     14:24986457   5.12476443E8     2.0 h      14.0 s       71.7%     2.8 h      47.8 m 
INFO  02:12:19,389 ProgressMeter -     14:34572590   5.1477647E8     2.0 h      14.0 s       72.0%     2.8 h      47.3 m 
INFO  02:12:49,576 ProgressMeter -     14:44235654   5.17076497E8     2.0 h      14.0 s       72.4%     2.8 h      46.7 m 
INFO  02:13:19,905 ProgressMeter -     14:53438749   5.19276523E8     2.0 h      14.0 s       72.6%     2.8 h      46.2 m 
INFO  02:13:50,318 ProgressMeter -     14:62549642   5.21576548E8     2.1 h      14.0 s       72.9%     2.8 h      45.7 m 
INFO  02:14:20,319 ProgressMeter -     14:71341618   5.23776575E8     2.1 h      14.0 s       73.2%     2.8 h      45.3 m 
INFO  02:14:50,320 ProgressMeter -     14:80183413   5.26076603E8     2.1 h      14.0 s       73.5%     2.8 h      44.8 m 
INFO  02:15:20,321 ProgressMeter -     14:90196099   5.28376631E8     2.1 h      14.0 s       73.8%     2.8 h      44.2 m 
INFO  02:15:50,323 ProgressMeter -     14:99183052   5.30576656E8     2.1 h      14.0 s       74.1%     2.8 h      43.7 m 
INFO  02:16:20,324 ProgressMeter -     15:20245925   5.32670802E8     2.1 h      14.0 s       75.0%     2.8 h      41.8 m 
INFO  02:16:50,325 ProgressMeter -     15:28847532   5.34670825E8     2.1 h      14.0 s       75.3%     2.8 h      41.4 m 
INFO  02:17:20,326 ProgressMeter -     15:38839809   5.36870851E8     2.1 h      14.0 s       75.6%     2.8 h      40.8 m 
INFO  02:17:50,328 ProgressMeter -     15:48208551   5.39170877E8     2.1 h      14.0 s       75.9%     2.8 h      40.3 m 
INFO  02:18:20,329 ProgressMeter -     15:56923093   5.41370902E8     2.1 h      14.0 s       76.2%     2.8 h      39.9 m 
INFO  02:18:50,330 ProgressMeter -     15:65815918   5.43570926E8     2.1 h      14.0 s       76.5%     2.8 h      39.4 m 
INFO  02:19:20,331 ProgressMeter -     15:74882624   5.45870953E8     2.1 h      14.0 s       76.8%     2.8 h      38.9 m 
INFO  02:19:50,333 ProgressMeter -     15:84157186   5.47970974E8     2.2 h      14.0 s       77.1%     2.8 h      38.4 m 
INFO  02:20:20,334 ProgressMeter -     15:93072282   5.50170999E8     2.2 h      14.0 s       77.4%     2.8 h      37.9 m 
INFO  02:20:50,701 ProgressMeter -    15:102054422   5.52371026E8     2.2 h      14.0 s       77.7%     2.8 h      37.4 m 
INFO  02:21:20,702 ProgressMeter -      16:8012347   5.54285203E8     2.2 h      14.0 s       77.9%     2.8 h      37.0 m 
INFO  02:21:50,703 ProgressMeter -     16:16297227   5.56385227E8     2.2 h      14.0 s       78.2%     2.8 h      36.6 m 
INFO  02:22:20,704 ProgressMeter -     16:25433931   5.58485253E8     2.2 h      14.0 s       78.5%     2.8 h      36.1 m 
INFO  02:22:50,706 ProgressMeter -     16:33590559   5.60485274E8     2.2 h      14.0 s       78.8%     2.8 h      35.6 m 
INFO  02:23:20,707 ProgressMeter -     16:46403704   5.61886037E8     2.2 h      14.0 s       79.2%     2.8 h      34.9 m 
INFO  02:23:50,853 ProgressMeter -     16:50341810   5.63586243E8     2.2 h      14.0 s       79.3%     2.8 h      34.8 m 
INFO  02:24:20,854 ProgressMeter -     16:59287327   5.65786272E8     2.2 h      14.0 s       79.6%     2.8 h      34.3 m 
INFO  02:24:51,352 ProgressMeter -     16:69145242   5.68086297E8     2.2 h      14.0 s       79.9%     2.8 h      33.7 m 
INFO  02:25:21,413 ProgressMeter -     16:78078482   5.70186328E8     2.2 h      14.0 s       80.2%     2.8 h      33.3 m 
INFO  02:25:51,414 ProgressMeter -     16:86305057   5.72186352E8     2.3 h      14.0 s       80.5%     2.8 h      32.8 m 
INFO  02:26:21,415 ProgressMeter -      17:4369557   5.74255228E8     2.3 h      14.0 s       80.7%     2.8 h      32.4 m 
INFO  02:26:51,416 ProgressMeter -     17:13042076   5.7635525E8     2.3 h      14.0 s       81.0%     2.8 h      31.9 m 
INFO  02:27:21,418 ProgressMeter -     17:21818695   5.78455274E8     2.3 h      14.0 s       81.3%     2.8 h      31.5 m 
INFO  02:27:51,419 ProgressMeter -     17:30329533   5.80355656E8     2.3 h      14.0 s       81.6%     2.8 h      31.0 m 
INFO  02:28:21,877 ProgressMeter -     17:39339791   5.82555681E8     2.3 h      14.0 s       81.9%     2.8 h      30.5 m 
INFO  02:28:51,878 ProgressMeter -     17:48471636   5.84755712E8     2.3 h      14.0 s       82.2%     2.8 h      30.0 m 
INFO  02:29:21,880 ProgressMeter -     17:57531806   5.86955736E8     2.3 h      14.0 s       82.5%     2.8 h      29.5 m 
INFO  02:29:52,156 ProgressMeter -     17:66441688   5.89255764E8     2.3 h      14.0 s       82.7%     2.8 h      29.0 m 
INFO  02:30:22,438 ProgressMeter -     17:75415385   5.91355786E8     2.3 h      14.0 s       83.0%     2.8 h      28.6 m 
INFO  02:30:52,439 ProgressMeter -      18:1433914   5.93234469E8     2.3 h      14.0 s       83.3%     2.8 h      28.2 m 
INFO  02:31:22,440 ProgressMeter -     18:10455619   5.95434493E8     2.3 h      14.0 s       83.6%     2.8 h      27.7 m 
INFO  02:31:52,714 ProgressMeter -     18:19471346   5.97334792E8     2.4 h      14.0 s       83.8%     2.8 h      27.2 m 
INFO  02:32:22,827 ProgressMeter -     18:28954196   5.99534815E8     2.4 h      14.0 s       84.2%     2.8 h      26.7 m 
INFO  02:32:52,828 ProgressMeter -     18:38564297   6.0173484E8     2.4 h      14.0 s       84.5%     2.8 h      26.2 m 
INFO  02:33:22,830 ProgressMeter -     18:47847561   6.04034866E8     2.4 h      14.0 s       84.8%     2.8 h      25.7 m 
INFO  02:33:52,831 ProgressMeter -     18:56931038   6.06135106E8     2.4 h      14.0 s       85.1%     2.8 h      25.2 m 
INFO  02:34:22,832 ProgressMeter -     18:66553082   6.08435131E8     2.4 h      14.0 s       85.4%     2.8 h      24.7 m 
INFO  02:34:52,833 ProgressMeter -     18:75996543   6.10635154E8     2.4 h      14.0 s       85.7%     2.8 h      24.1 m 
INFO  02:35:22,834 ProgressMeter -      19:6663679   6.12650996E8     2.4 h      14.0 s       86.0%     2.8 h      23.7 m 
INFO  02:35:53,209 ProgressMeter -     19:15465258   6.14851021E8     2.4 h      14.0 s       86.2%     2.8 h      23.2 m 
INFO  02:36:23,210 ProgressMeter -     19:24049522   6.16851047E8     2.4 h      14.0 s       86.5%     2.8 h      22.7 m 
INFO  02:36:54,463 ProgressMeter -     19:30789556   6.18353225E8     2.4 h      14.0 s       86.7%     2.8 h      22.4 m 
INFO  02:37:24,464 ProgressMeter -     19:39575213   6.20453249E8     2.4 h      14.0 s       87.0%     2.8 h      21.9 m 
INFO  02:37:54,466 ProgressMeter -     19:48136344   6.22553273E8     2.5 h      14.0 s       87.3%     2.8 h      21.5 m 
INFO  02:38:24,468 ProgressMeter -     19:56486404   6.24553295E8     2.5 h      14.0 s       87.6%     2.8 h      21.0 m 
INFO  02:38:55,059 ProgressMeter -      20:5912668   6.26683088E8     2.5 h      14.0 s       87.8%     2.8 h      20.5 m 
INFO  02:39:25,061 ProgressMeter -     20:15141836   6.28883123E8     2.5 h      14.0 s       88.1%     2.8 h      20.0 m 
INFO  02:39:55,062 ProgressMeter -     20:24386758   6.30983145E8     2.5 h      14.0 s       88.4%     2.8 h      19.5 m 
INFO  02:40:25,190 ProgressMeter -     20:34116017   6.32883178E8     2.5 h      14.0 s       88.7%     2.8 h      19.0 m 
INFO  02:40:55,191 ProgressMeter -     20:43225398   6.35083203E8     2.5 h      14.0 s       89.0%     2.8 h      18.5 m 
INFO  02:41:25,193 ProgressMeter -     20:51619598   6.37183225E8     2.5 h      14.0 s       89.3%     2.8 h      18.1 m 
INFO  02:41:55,906 ProgressMeter -     20:60668706   6.39383253E8     2.5 h      14.0 s       89.6%     2.8 h      17.6 m 
INFO  02:42:25,907 ProgressMeter -     21:11067569   6.41027123E8     2.5 h      14.0 s       90.0%     2.8 h      16.8 m 
INFO  02:42:56,099 ProgressMeter -     21:22323592   6.43027143E8     2.5 h      14.0 s       90.4%     2.8 h      16.2 m 
INFO  02:43:26,101 ProgressMeter -     21:31267402   6.45127165E8     2.5 h      14.0 s       90.7%     2.8 h      15.7 m 
INFO  02:43:56,102 ProgressMeter -     21:40238196   6.47327187E8     2.6 h      14.0 s       91.0%     2.8 h      15.2 m 
INFO  02:44:26,168 ProgressMeter -     22:16867722   6.49434713E8     2.6 h      14.0 s       91.8%     2.8 h      13.8 m 
INFO  02:44:56,861 ProgressMeter -     22:25394968   6.51435221E8     2.6 h      14.0 s       92.0%     2.8 h      13.3 m 
INFO  02:45:26,863 ProgressMeter -     22:34199209   6.5363525E8     2.6 h      14.0 s       92.3%     2.8 h      12.9 m 
INFO  02:45:56,864 ProgressMeter -     22:42710328   6.55735274E8     2.6 h      14.0 s       92.6%     2.8 h      12.4 m 
INFO  02:46:26,865 ProgressMeter -     22:51243271   6.57835295E8     2.6 h      14.0 s       92.9%     2.8 h      11.9 m 
INFO  02:46:57,259 ProgressMeter -      X:15219603   6.60013238E8     2.6 h      14.0 s       93.4%     2.8 h      11.1 m 
INFO  02:47:27,481 ProgressMeter -      X:34012465   6.62213939E8     2.6 h      14.0 s       94.0%     2.8 h      10.1 m 
INFO  02:47:57,482 ProgressMeter -      X:53647853   6.64413963E8     2.6 h      14.0 s       94.6%     2.8 h       9.0 m 
INFO  02:48:27,483 ProgressMeter -      X:73443071   6.66614004E8     2.6 h      14.0 s       95.3%     2.8 h       7.9 m 
INFO  02:48:57,785 ProgressMeter -      X:92790245   6.68814027E8     2.6 h      14.0 s       95.9%     2.8 h       6.8 m 
INFO  02:49:28,042 ProgressMeter -     X:113494622   6.71214053E8     2.6 h      14.0 s       96.5%     2.7 h       5.7 m 
INFO  02:49:58,043 ProgressMeter -     X:133199098   6.73514086E8     2.7 h      14.0 s       97.2%     2.7 h       4.6 m 
INFO  02:50:28,069 ProgressMeter -     X:153938291   6.75714108E8     2.7 h      14.0 s       97.8%     2.7 h       3.5 m 
INFO  02:50:58,155 ProgressMeter -      Y:13804911   6.77616463E8     2.7 h      14.0 s       98.3%     2.7 h       2.7 m 
INFO  02:51:28,156 ProgressMeter -      Y:28583284   6.79434137E8     2.7 h      14.0 s       98.8%     2.7 h     116.0 s 
INFO  02:51:58,157 ProgressMeter -        MT:12264   6.81112449E8     2.7 h      14.0 s       99.8%     2.7 h      19.0 s 
INFO  02:52:28,436 ProgressMeter - GL000218.1:161147   6.82711313E8     2.7 h      14.0 s       99.9%     2.7 h      11.0 s 
INFO  02:52:58,583 ProgressMeter - GL000199.1:68142   6.84428805E8     2.7 h      14.0 s       99.9%     2.7 h      10.0 s 
INFO  02:53:28,584 ProgressMeter - GL000195.1:181221   6.85931545E8     2.7 h      14.0 s       99.9%     2.7 h       5.0 s 
INFO  02:53:58,585 ProgressMeter - GL000225.1:132101   6.86782571E8     2.7 h      14.0 s      100.0%     2.7 h       1.0 s 
INFO  02:54:21,998 BaseRecalibrator - Calculating quantized quality scores... 
INFO  02:54:22,069 BaseRecalibrator - Writing recalibration report... 
INFO  02:54:22,854 BaseRecalibrator - ...done! 
INFO  02:54:22,854 BaseRecalibrator - BaseRecalibrator was able to recalibrate 687050071 reads 
INFO  02:54:22,854 ProgressMeter -            done   6.87056945E8     2.7 h      14.0 s      100.0%     2.7 h       0.0 s 
INFO  02:54:22,855 ProgressMeter - Total runtime 9829.64 secs, 163.83 min, 2.73 hours 
INFO  02:54:22,855 MicroScheduler - 287898848 reads were filtered out during the traversal out of approximately 974955793 total reads (29.53%) 
INFO  02:54:22,855 MicroScheduler -   -> 226017691 reads (23.18% of total) failing DuplicateReadFilter 
INFO  02:54:22,855 MicroScheduler -   -> 0 reads (0.00% of total) failing FailsVendorQualityCheckFilter 
INFO  02:54:22,855 MicroScheduler -   -> 0 reads (0.00% of total) failing MalformedReadFilter 
INFO  02:54:22,855 MicroScheduler -   -> 0 reads (0.00% of total) failing MappingQualityUnavailableFilter 
INFO  02:54:22,855 MicroScheduler -   -> 60100406 reads (6.16% of total) failing MappingQualityZeroFilter 
INFO  02:54:22,856 MicroScheduler -   -> 1780751 reads (0.18% of total) failing NotPrimaryAlignmentFilter 
INFO  02:54:22,856 MicroScheduler -   -> 0 reads (0.00% of total) failing UnmappedReadFilter 
INFO  02:54:25,814 GATKRunReport - Uploaded run statistics report to AWS S3 
