SLF4J: Class path contains multiple SLF4J bindings.
SLF4J: Found binding in [jar:file:/apus/v1/a2014205/software/piper_bin/Piper/Piper-v1.3.0/lib/GenomeAnalysisTK.jar!/org/slf4j/impl/StaticLoggerBinder.class]
SLF4J: Found binding in [jar:file:/apus/v1/a2014205/software/piper_bin/Piper/Piper-v1.3.0/lib/Queue.jar!/org/slf4j/impl/StaticLoggerBinder.class]
SLF4J: See http://www.slf4j.org/codes.html#multiple_bindings for an explanation.
INFO  21:40:20,647 HelpFormatter - -------------------------------------------------------------------------------- 
INFO  21:40:20,677 HelpFormatter - The Genome Analysis Toolkit (GATK) v3.3-0-geee94ec, Compiled 2015/12/17 12:33:03 
INFO  21:40:20,677 HelpFormatter - Copyright (c) 2010 The Broad Institute 
INFO  21:40:20,677 HelpFormatter - For support and documentation go to http://www.broadinstitute.org/gatk 
INFO  21:40:20,682 HelpFormatter - Program Args: -T BaseRecalibrator -I /scratch/108823/ANALYSIS/P4107/piper_ngi/05_processed_alignments/P4107_1001.clean.dedup.recal.bam -R /proj/a2014205/piper_references/gatk_bundle/2.8/b37/human_g1k_v37.fasta -nct 16 -knownSites /proj/a2014205/piper_references/gatk_bundle/2.8/b37/dbsnp_138.b37.vcf -o /scratch/108823/ANALYSIS/P4107/piper_ngi/05_processed_alignments/P4107_1001.post_recal.table -cov ReadGroupCovariate -cov QualityScoreCovariate -cov CycleCovariate -cov ContextCovariate 
INFO  21:40:20,896 HelpFormatter - Executing as funk_002@n31.uppmax.uu.se on Linux 2.6.32-573.18.1.el6.x86_64 amd64; Java HotSpot(TM) 64-Bit Server VM 1.7.0_25-b15. 
INFO  21:40:20,897 HelpFormatter - Date/Time: 2016/02/22 21:40:20 
INFO  21:40:20,897 HelpFormatter - -------------------------------------------------------------------------------- 
INFO  21:40:20,897 HelpFormatter - -------------------------------------------------------------------------------- 
INFO  21:40:21,491 GenomeAnalysisEngine - Strictness is SILENT 
INFO  21:40:21,764 GenomeAnalysisEngine - Downsampling Settings: No downsampling 
INFO  21:40:21,772 SAMDataSource$SAMReaders - Initializing SAMRecords in serial 
INFO  21:40:21,810 SAMDataSource$SAMReaders - Done initializing BAM readers: total time 0.04 
INFO  21:40:22,889 MicroScheduler - Running the GATK in parallel mode with 16 total threads, 16 CPU thread(s) for each of 1 data thread(s), of 16 processors available on this machine 
INFO  21:40:23,397 GenomeAnalysisEngine - Preparing for traversal over 1 BAM files 
INFO  21:40:23,401 GenomeAnalysisEngine - Done preparing for traversal 
INFO  21:40:23,402 ProgressMeter - [INITIALIZATION COMPLETE; STARTING PROCESSING] 
INFO  21:40:23,403 ProgressMeter -                 | processed |    time |    per 1M |           |   total | remaining 
INFO  21:40:23,403 ProgressMeter -        Location |     reads | elapsed |     reads | completed | runtime |   runtime 
INFO  21:40:23,444 BaseRecalibrator - The covariates being used here:  
INFO  21:40:23,444 BaseRecalibrator - 	ReadGroupCovariate 
INFO  21:40:23,444 BaseRecalibrator - 	QualityScoreCovariate 
INFO  21:40:23,445 BaseRecalibrator - 	ContextCovariate 
INFO  21:40:23,445 ContextCovariate - 		Context sizes: base substitution model 2, indel substitution model 3 
INFO  21:40:23,445 BaseRecalibrator - 	CycleCovariate 
INFO  21:40:23,447 ReadShardBalancer$1 - Loading BAM index data 
INFO  21:40:23,448 ReadShardBalancer$1 - Done loading BAM index data 
INFO  21:40:53,433 ProgressMeter -       1:3764753    700008.0    30.0 s      42.0 s        0.1%     6.9 h       6.9 h 
INFO  21:41:23,435 ProgressMeter -       1:9349645   2000022.0    60.0 s      30.0 s        0.3%     5.5 h       5.5 h 
INFO  21:41:53,436 ProgressMeter -      1:14870847   3200036.0    90.0 s      28.0 s        0.5%     5.2 h       5.2 h 
INFO  21:42:23,438 ProgressMeter -      1:19280404   4400048.0   120.0 s      27.0 s        0.6%     5.4 h       5.3 h 
INFO  21:42:53,439 ProgressMeter -      1:24595806   5700062.0     2.5 m      26.0 s        0.8%     5.3 h       5.2 h 
INFO  21:43:23,488 ProgressMeter -      1:30519635   7100087.0     3.0 m      25.0 s        1.0%     5.1 h       5.0 h 
INFO  21:43:53,490 ProgressMeter -      1:35458910   8400103.0     3.5 m      25.0 s        1.1%     5.1 h       5.0 h 
INFO  21:44:23,491 ProgressMeter -      1:41104160   9700119.0     4.0 m      24.0 s        1.3%     5.0 h       5.0 h 
INFO  21:44:53,492 ProgressMeter -      1:46276263   1.1000132E7     4.5 m      24.0 s        1.5%     5.0 h       5.0 h 
INFO  21:45:23,494 ProgressMeter -      1:52394751   1.2500148E7     5.0 m      24.0 s        1.7%     4.9 h       4.9 h 
INFO  21:45:53,495 ProgressMeter -      1:57649309   1.3700163E7     5.5 m      24.0 s        1.9%     4.9 h       4.8 h 
INFO  21:46:23,799 ProgressMeter -      1:63355003   1.5100178E7     6.0 m      23.0 s        2.0%     4.9 h       4.8 h 
INFO  21:46:53,800 ProgressMeter -      1:68715818   1.6300191E7     6.5 m      23.0 s        2.2%     4.9 h       4.8 h 
INFO  21:47:23,908 ProgressMeter -      1:74698211   1.770021E7     7.0 m      23.0 s        2.4%     4.8 h       4.7 h 
INFO  21:47:53,910 ProgressMeter -      1:80510433   1.9000226E7     7.5 m      23.0 s        2.6%     4.8 h       4.7 h 
INFO  21:48:23,911 ProgressMeter -      1:86209794   2.0300239E7     8.0 m      23.0 s        2.8%     4.8 h       4.7 h 
INFO  21:48:53,912 ProgressMeter -      1:91863494   2.1700256E7     8.5 m      23.0 s        3.0%     4.8 h       4.6 h 
INFO  21:49:24,138 ProgressMeter -      1:97626625   2.3000272E7     9.0 m      23.0 s        3.1%     4.8 h       4.6 h 
INFO  21:49:54,139 ProgressMeter -     1:103272759   2.4300287E7     9.5 m      23.0 s        3.3%     4.8 h       4.6 h 
INFO  21:50:24,141 ProgressMeter -     1:108707477   2.5500299E7    10.0 m      23.0 s        3.5%     4.8 h       4.6 h 
INFO  21:50:54,360 ProgressMeter -     1:114017932   2.6700311E7    10.5 m      23.0 s        3.7%     4.8 h       4.6 h 
INFO  21:51:24,362 ProgressMeter -     1:119929461   2.8100327E7    11.0 m      23.0 s        3.9%     4.7 h       4.6 h 
INFO  21:52:16,637 ProgressMeter -     1:121484695   2.8800715E7    11.9 m      24.0 s        3.9%     5.1 h       4.9 h 
INFO  21:53:02,356 ProgressMeter -     1:121485028   2.9001248E7    12.6 m      26.0 s        3.9%     5.4 h       5.2 h 
INFO  21:53:32,357 ProgressMeter -     1:142653195   2.9603742E7    13.1 m      26.0 s        4.6%     4.8 h       4.5 h 
INFO  21:54:02,358 ProgressMeter -     1:148905098   3.0803759E7    13.6 m      26.0 s        4.8%     4.7 h       4.5 h 
INFO  21:54:32,359 ProgressMeter -     1:153884962   3.2003771E7    14.1 m      26.0 s        5.0%     4.7 h       4.5 h 
INFO  21:55:02,360 ProgressMeter -     1:158876017   3.3303786E7    14.6 m      26.0 s        5.1%     4.8 h       4.5 h 
INFO  21:55:32,437 ProgressMeter -     1:164250763   3.46038E7    15.2 m      26.0 s        5.3%     4.8 h       4.5 h 
INFO  21:56:02,438 ProgressMeter -     1:169630886   3.5903815E7    15.7 m      26.0 s        5.5%     4.8 h       4.5 h 
INFO  21:56:32,439 ProgressMeter -     1:175346343   3.720383E7    16.2 m      26.0 s        5.7%     4.8 h       4.5 h 
INFO  21:57:02,440 ProgressMeter -     1:181149215   3.8603846E7    16.7 m      25.0 s        5.8%     4.8 h       4.5 h 
INFO  21:57:32,442 ProgressMeter -     1:186933807   4.000386E7    17.2 m      25.0 s        6.0%     4.7 h       4.5 h 
INFO  21:58:02,443 ProgressMeter -     1:192756122   4.1303875E7    17.7 m      25.0 s        6.2%     4.7 h       4.4 h 
INFO  21:58:32,444 ProgressMeter -     1:198522538   4.2603889E7    18.2 m      25.0 s        6.4%     4.7 h       4.4 h 
INFO  21:59:02,684 ProgressMeter -     1:204137587   4.4003905E7    18.7 m      25.0 s        6.6%     4.7 h       4.4 h 
INFO  21:59:32,685 ProgressMeter -     1:209006254   4.5103918E7    19.2 m      25.0 s        6.7%     4.7 h       4.4 h 
INFO  22:00:02,686 ProgressMeter -     1:214441943   4.6503932E7    19.7 m      25.0 s        6.9%     4.7 h       4.4 h 
INFO  22:00:32,864 ProgressMeter -     1:220326414   4.7803947E7    20.2 m      25.0 s        7.1%     4.7 h       4.4 h 
INFO  22:01:02,866 ProgressMeter -     1:225922639   4.9103961E7    20.7 m      25.0 s        7.3%     4.7 h       4.4 h 
INFO  22:01:32,867 ProgressMeter -     1:231360605   5.0403977E7    21.2 m      25.0 s        7.5%     4.7 h       4.4 h 
INFO  22:02:02,868 ProgressMeter -     1:236735272   5.170399E7    21.7 m      25.0 s        7.6%     4.7 h       4.4 h 
INFO  22:02:32,869 ProgressMeter -     1:242110502   5.2904002E7    22.2 m      25.0 s        7.8%     4.7 h       4.4 h 
INFO  22:03:02,920 ProgressMeter -     1:247046530   5.4104015E7    22.7 m      25.0 s        8.0%     4.7 h       4.4 h 
INFO  22:03:32,921 ProgressMeter -       2:3178104   5.5241123E7    23.2 m      25.0 s        8.1%     4.7 h       4.4 h 
INFO  22:04:03,091 ProgressMeter -       2:8555139   5.6441135E7    23.7 m      25.0 s        8.3%     4.7 h       4.3 h 
INFO  22:04:33,197 ProgressMeter -      2:14302623   5.7841805E7    24.2 m      25.0 s        8.5%     4.7 h       4.3 h 
INFO  22:05:03,396 ProgressMeter -      2:20842726   5.9341821E7    24.7 m      24.0 s        8.7%     4.7 h       4.3 h 
INFO  22:05:33,397 ProgressMeter -      2:27038955   6.0841837E7    25.2 m      24.0 s        8.9%     4.7 h       4.3 h 
INFO  22:06:03,398 ProgressMeter -      2:32835041   6.2241855E7    25.7 m      24.0 s        9.1%     4.7 h       4.3 h 
INFO  22:06:33,399 ProgressMeter -      2:37994504   6.3642729E7    26.2 m      24.0 s        9.3%     4.7 h       4.3 h 
INFO  22:07:03,400 ProgressMeter -      2:43999539   6.5042745E7    26.7 m      24.0 s        9.5%     4.7 h       4.3 h 
INFO  22:07:33,463 ProgressMeter -      2:49725366   6.6442763E7    27.2 m      24.0 s        9.6%     4.7 h       4.2 h 
INFO  22:08:03,464 ProgressMeter -      2:56320835   6.7942779E7    27.7 m      24.0 s        9.9%     4.7 h       4.2 h 
INFO  22:08:33,466 ProgressMeter -      2:62586446   6.9442796E7    28.2 m      24.0 s       10.1%     4.7 h       4.2 h 
INFO  22:09:03,467 ProgressMeter -      2:68778491   7.1042812E7    28.7 m      24.0 s       10.3%     4.7 h       4.2 h 
INFO  22:09:33,468 ProgressMeter -      2:75216636   7.2542828E7    29.2 m      24.0 s       10.5%     4.6 h       4.2 h 
INFO  22:10:03,469 ProgressMeter -      2:82140240   7.4142845E7    29.7 m      24.0 s       10.7%     4.6 h       4.1 h 
INFO  22:10:33,470 ProgressMeter -      2:89071578   7.5642865E7    30.2 m      23.0 s       10.9%     4.6 h       4.1 h 
INFO  22:11:03,471 ProgressMeter -      2:92305832   7.6643729E7    30.7 m      24.0 s       11.0%     4.6 h       4.1 h 
INFO  22:11:33,472 ProgressMeter -      2:97595408   7.7845901E7    31.2 m      24.0 s       11.2%     4.6 h       4.1 h 
INFO  22:12:03,474 ProgressMeter -     2:104363844   7.9445918E7    31.7 m      23.0 s       11.4%     4.6 h       4.1 h 
INFO  22:12:33,728 ProgressMeter -     2:111550384   8.0845934E7    32.2 m      23.0 s       11.6%     4.6 h       4.1 h 
INFO  22:13:03,729 ProgressMeter -     2:118222254   8.244595E7    32.7 m      23.0 s       11.8%     4.6 h       4.1 h 
INFO  22:13:33,858 ProgressMeter -     2:124673052   8.3945967E7    33.2 m      23.0 s       12.1%     4.6 h       4.0 h 
INFO  22:14:03,874 ProgressMeter -     2:131178709   8.5445985E7    33.7 m      23.0 s       12.3%     4.6 h       4.0 h 
INFO  22:14:33,875 ProgressMeter -     2:137491100   8.6946004E7    34.2 m      23.0 s       12.5%     4.6 h       4.0 h 
INFO  22:15:03,876 ProgressMeter -     2:144466234   8.844602E7    34.7 m      23.0 s       12.7%     4.6 h       4.0 h 
INFO  22:15:33,877 ProgressMeter -     2:151470473   9.0046037E7    35.2 m      23.0 s       12.9%     4.5 h       4.0 h 
INFO  22:16:03,879 ProgressMeter -     2:157953376   9.1546054E7    35.7 m      23.0 s       13.1%     4.5 h       3.9 h 
INFO  22:16:34,035 ProgressMeter -     2:164489114   9.3146072E7    36.2 m      23.0 s       13.3%     4.5 h       3.9 h 
INFO  22:17:04,263 ProgressMeter -     2:171168066   9.4746092E7    36.7 m      23.0 s       13.6%     4.5 h       3.9 h 
INFO  22:17:34,264 ProgressMeter -     2:177688314   9.6246108E7    37.2 m      23.0 s       13.8%     4.5 h       3.9 h 
INFO  22:18:04,265 ProgressMeter -     2:183926834   9.7746124E7    37.7 m      23.0 s       14.0%     4.5 h       3.9 h 
INFO  22:18:34,266 ProgressMeter -     2:190907889   9.9346142E7    38.2 m      23.0 s       14.2%     4.5 h       3.8 h 
INFO  22:19:04,471 ProgressMeter -     2:197482484   1.0094616E8    38.7 m      22.0 s       14.4%     4.5 h       3.8 h 
INFO  22:19:34,472 ProgressMeter -     2:203967109   1.02546176E8    39.2 m      22.0 s       14.6%     4.5 h       3.8 h 
INFO  22:20:04,473 ProgressMeter -     2:210580349   1.04046193E8    39.7 m      22.0 s       14.8%     4.5 h       3.8 h 
INFO  22:20:34,474 ProgressMeter -     2:217055044   1.05546211E8    40.2 m      22.0 s       15.0%     4.5 h       3.8 h 
INFO  22:21:04,475 ProgressMeter -     2:223424893   1.07146229E8    40.7 m      22.0 s       15.2%     4.4 h       3.8 h 
INFO  22:21:34,561 ProgressMeter -     2:229883191   1.08646247E8    41.2 m      22.0 s       15.4%     4.4 h       3.8 h 
INFO  22:22:04,562 ProgressMeter -     2:236129938   1.10146265E8    41.7 m      22.0 s       15.6%     4.4 h       3.7 h 
INFO  22:22:34,564 ProgressMeter -     2:242438136   1.11646281E8    42.2 m      22.0 s       15.9%     4.4 h       3.7 h 
INFO  22:23:04,565 ProgressMeter -       3:5772909   1.13140318E8    42.7 m      22.0 s       16.1%     4.4 h       3.7 h 
INFO  22:23:34,566 ProgressMeter -      3:12244807   1.14640335E8    43.2 m      22.0 s       16.3%     4.4 h       3.7 h 
INFO  22:24:04,718 ProgressMeter -      3:18470017   1.16140354E8    43.7 m      22.0 s       16.5%     4.4 h       3.7 h 
INFO  22:24:34,719 ProgressMeter -      3:24990559   1.17740371E8    44.2 m      22.0 s       16.7%     4.4 h       3.7 h 
INFO  22:25:04,743 ProgressMeter -      3:31803138   1.19240387E8    44.7 m      22.0 s       16.9%     4.4 h       3.7 h 
INFO  22:25:34,744 ProgressMeter -      3:38400833   1.20840408E8    45.2 m      22.0 s       17.1%     4.4 h       3.6 h 
INFO  22:26:04,745 ProgressMeter -      3:45007374   1.22340424E8    45.7 m      22.0 s       17.3%     4.4 h       3.6 h 
INFO  22:26:34,746 ProgressMeter -      3:51077822   1.23940461E8    46.2 m      22.0 s       17.5%     4.4 h       3.6 h 
INFO  22:27:04,891 ProgressMeter -      3:57385038   1.25440478E8    46.7 m      22.0 s       17.7%     4.4 h       3.6 h 
INFO  22:27:34,892 ProgressMeter -      3:64119924   1.26940496E8    47.2 m      22.0 s       17.9%     4.4 h       3.6 h 
INFO  22:28:04,894 ProgressMeter -      3:70818019   1.28440511E8    47.7 m      22.0 s       18.2%     4.4 h       3.6 h 
INFO  22:28:34,895 ProgressMeter -      3:77387218   1.29940532E8    48.2 m      22.0 s       18.4%     4.4 h       3.6 h 
INFO  22:29:04,896 ProgressMeter -      3:84743958   1.3154055E8    48.7 m      22.0 s       18.6%     4.4 h       3.5 h 
INFO  22:29:34,897 ProgressMeter -      3:94493740   1.33140568E8    49.2 m      22.0 s       18.9%     4.3 h       3.5 h 
INFO  22:30:04,954 ProgressMeter -     3:101369980   1.34640584E8    49.7 m      22.0 s       19.1%     4.3 h       3.5 h 
INFO  22:30:34,956 ProgressMeter -     3:108051448   1.36240604E8    50.2 m      22.0 s       19.4%     4.3 h       3.5 h 
INFO  22:31:04,957 ProgressMeter -     3:114521102   1.37740621E8    50.7 m      22.0 s       19.6%     4.3 h       3.5 h 
INFO  22:31:34,958 ProgressMeter -     3:121094419   1.39340643E8    51.2 m      22.0 s       19.8%     4.3 h       3.5 h 
INFO  22:32:05,078 ProgressMeter -     3:127293488   1.40840665E8    51.7 m      22.0 s       20.0%     4.3 h       3.4 h 
INFO  22:32:35,079 ProgressMeter -     3:133595269   1.42440685E8    52.2 m      21.0 s       20.2%     4.3 h       3.4 h 
INFO  22:33:05,080 ProgressMeter -     3:140390215   1.43940702E8    52.7 m      21.0 s       20.4%     4.3 h       3.4 h 
INFO  22:33:35,082 ProgressMeter -     3:146945773   1.45540718E8    53.2 m      21.0 s       20.6%     4.3 h       3.4 h 
INFO  22:34:05,083 ProgressMeter -     3:153535160   1.47040733E8    53.7 m      21.0 s       20.8%     4.3 h       3.4 h 
INFO  22:34:35,084 ProgressMeter -     3:160312557   1.48640752E8    54.2 m      21.0 s       21.0%     4.3 h       3.4 h 
INFO  22:35:05,233 ProgressMeter -     3:167561050   1.50240768E8    54.7 m      21.0 s       21.3%     4.3 h       3.4 h 
INFO  22:35:35,235 ProgressMeter -     3:174122902   1.51840787E8    55.2 m      21.0 s       21.5%     4.3 h       3.4 h 
INFO  22:36:05,236 ProgressMeter -     3:180742214   1.53340804E8    55.7 m      21.0 s       21.7%     4.3 h       3.3 h 
INFO  22:36:35,237 ProgressMeter -     3:187304034   1.54940822E8    56.2 m      21.0 s       21.9%     4.3 h       3.3 h 
INFO  22:37:05,238 ProgressMeter -     3:193760903   1.56440839E8    56.7 m      21.0 s       22.1%     4.3 h       3.3 h 
INFO  22:37:35,547 ProgressMeter -       4:1412676   1.57921446E8    57.2 m      21.0 s       22.3%     4.3 h       3.3 h 
INFO  22:38:05,548 ProgressMeter -       4:7374173   1.59421462E8    57.7 m      21.0 s       22.5%     4.3 h       3.3 h 
INFO  22:38:35,549 ProgressMeter -      4:14057634   1.60821486E8    58.2 m      21.0 s       22.7%     4.3 h       3.3 h 
INFO  22:39:05,550 ProgressMeter -      4:20897757   1.62421504E8    58.7 m      21.0 s       22.9%     4.3 h       3.3 h 
INFO  22:39:35,552 ProgressMeter -      4:27788438   1.6392152E8    59.2 m      21.0 s       23.2%     4.3 h       3.3 h 
INFO  22:40:05,553 ProgressMeter -      4:34846095   1.65421536E8    59.7 m      21.0 s       23.4%     4.3 h       3.3 h 
INFO  22:40:35,680 ProgressMeter -      4:41063791   1.67021553E8    60.2 m      21.0 s       23.6%     4.3 h       3.3 h 
INFO  22:41:05,873 ProgressMeter -      4:47590613   1.6852157E8    60.7 m      21.0 s       23.8%     4.3 h       3.2 h 
INFO  22:41:35,874 ProgressMeter -      4:49139324   1.69522511E8    61.2 m      21.0 s       23.8%     4.3 h       3.3 h 
INFO  22:42:05,910 ProgressMeter -      4:53141228   1.70526948E8    61.7 m      21.0 s       24.0%     4.3 h       3.3 h 
INFO  22:42:35,911 ProgressMeter -      4:59882510   1.72026966E8    62.2 m      21.0 s       24.2%     4.3 h       3.2 h 
INFO  22:43:05,912 ProgressMeter -      4:66660701   1.73426982E8    62.7 m      21.0 s       24.4%     4.3 h       3.2 h 
INFO  22:43:35,914 ProgressMeter -      4:72514321   1.74927213E8    63.2 m      21.0 s       24.6%     4.3 h       3.2 h 
INFO  22:44:05,915 ProgressMeter -      4:79010833   1.76427231E8    63.7 m      21.0 s       24.8%     4.3 h       3.2 h 
INFO  22:44:35,916 ProgressMeter -      4:85632795   1.77927247E8    64.2 m      21.0 s       25.0%     4.3 h       3.2 h 
INFO  22:45:05,917 ProgressMeter -      4:92405023   1.79527265E8    64.7 m      21.0 s       25.2%     4.3 h       3.2 h 
INFO  22:45:35,918 ProgressMeter -      4:99447896   1.81027281E8    65.2 m      21.0 s       25.5%     4.3 h       3.2 h 
INFO  22:46:06,143 ProgressMeter -     4:106176825   1.82627297E8    65.7 m      21.0 s       25.7%     4.3 h       3.2 h 
INFO  22:46:36,274 ProgressMeter -     4:112787109   1.84227315E8    66.2 m      21.0 s       25.9%     4.3 h       3.2 h 
INFO  22:47:06,275 ProgressMeter -     4:119553777   1.85727334E8    66.7 m      21.0 s       26.1%     4.3 h       3.1 h 
INFO  22:47:36,277 ProgressMeter -     4:126191643   1.8722735E8    67.2 m      21.0 s       26.3%     4.3 h       3.1 h 
INFO  22:48:06,278 ProgressMeter -     4:133074803   1.88827369E8    67.7 m      21.0 s       26.6%     4.2 h       3.1 h 
INFO  22:48:36,279 ProgressMeter -     4:139911028   1.90327387E8    68.2 m      21.0 s       26.8%     4.2 h       3.1 h 
INFO  22:49:06,280 ProgressMeter -     4:146453431   1.91827406E8    68.7 m      21.0 s       27.0%     4.2 h       3.1 h 
INFO  22:49:36,281 ProgressMeter -     4:152775725   1.93427424E8    69.2 m      21.0 s       27.2%     4.2 h       3.1 h 
INFO  22:50:06,282 ProgressMeter -     4:158977973   1.94927442E8    69.7 m      21.0 s       27.4%     4.2 h       3.1 h 
INFO  22:50:36,283 ProgressMeter -     4:165309462   1.96527459E8    70.2 m      21.0 s       27.6%     4.2 h       3.1 h 
INFO  22:51:06,284 ProgressMeter -     4:171833530   1.98027476E8    70.7 m      21.0 s       27.8%     4.2 h       3.1 h 
INFO  22:51:36,286 ProgressMeter -     4:178110972   1.99527492E8    71.2 m      21.0 s       28.0%     4.2 h       3.1 h 
INFO  22:52:06,287 ProgressMeter -     4:184499734   2.01027508E8    71.7 m      21.0 s       28.2%     4.2 h       3.0 h 
INFO  22:52:36,288 ProgressMeter -     4:190467960   2.02427524E8    72.2 m      21.0 s       28.4%     4.2 h       3.0 h 
INFO  22:53:06,289 ProgressMeter -       5:4986398   2.03796402E8    72.7 m      21.0 s       28.6%     4.2 h       3.0 h 
INFO  22:53:36,290 ProgressMeter -      5:11376019   2.05296421E8    73.2 m      21.0 s       28.8%     4.2 h       3.0 h 
INFO  22:54:06,396 ProgressMeter -      5:18033553   2.0679644E8    73.7 m      21.0 s       29.0%     4.2 h       3.0 h 
INFO  22:54:36,397 ProgressMeter -      5:24996661   2.08296458E8    74.2 m      21.0 s       29.2%     4.2 h       3.0 h 
INFO  22:55:06,398 ProgressMeter -      5:31938375   2.09796475E8    74.7 m      21.0 s       29.5%     4.2 h       3.0 h 
INFO  22:55:36,399 ProgressMeter -      5:38335243   2.11296491E8    75.2 m      21.0 s       29.7%     4.2 h       3.0 h 
INFO  22:56:06,400 ProgressMeter -      5:44846160   2.12796507E8    75.7 m      21.0 s       29.9%     4.2 h       3.0 h 
INFO  22:56:36,401 ProgressMeter -      5:54132785   2.14296522E8    76.2 m      21.0 s       30.2%     4.2 h       2.9 h 
INFO  22:57:06,402 ProgressMeter -      5:60553527   2.15896544E8    76.7 m      21.0 s       30.4%     4.2 h       2.9 h 
INFO  22:57:36,404 ProgressMeter -      5:67161421   2.17396562E8    77.2 m      21.0 s       30.6%     4.2 h       2.9 h 
INFO  22:58:06,405 ProgressMeter -      5:74909466   2.1889658E8    77.7 m      21.0 s       30.8%     4.2 h       2.9 h 
INFO  22:58:36,406 ProgressMeter -      5:81373876   2.20496598E8    78.2 m      21.0 s       31.0%     4.2 h       2.9 h 
INFO  22:59:06,562 ProgressMeter -      5:88092016   2.22096618E8    78.7 m      21.0 s       31.3%     4.2 h       2.9 h 
INFO  22:59:36,563 ProgressMeter -      5:95157318   2.23696635E8    79.2 m      21.0 s       31.5%     4.2 h       2.9 h 
INFO  23:00:06,564 ProgressMeter -     5:101657050   2.2519665E8    79.7 m      21.0 s       31.7%     4.2 h       2.9 h 
INFO  23:00:36,565 ProgressMeter -     5:108422967   2.26796669E8    80.2 m      21.0 s       31.9%     4.2 h       2.9 h 
INFO  23:01:06,566 ProgressMeter -     5:114717304   2.28296686E8    80.7 m      21.0 s       32.1%     4.2 h       2.8 h 
INFO  23:01:36,567 ProgressMeter -     5:121441769   2.29796706E8    81.2 m      21.0 s       32.3%     4.2 h       2.8 h 
INFO  23:02:06,568 ProgressMeter -     5:127753613   2.31296721E8    81.7 m      21.0 s       32.5%     4.2 h       2.8 h 
INFO  23:02:36,569 ProgressMeter -     5:134376866   2.3289674E8    82.2 m      21.0 s       32.8%     4.2 h       2.8 h 
INFO  23:03:06,571 ProgressMeter -     5:140822677   2.34496758E8    82.7 m      21.0 s       33.0%     4.2 h       2.8 h 
INFO  23:03:36,572 ProgressMeter -     5:147311331   2.36096776E8    83.2 m      21.0 s       33.2%     4.2 h       2.8 h 
INFO  23:04:06,749 ProgressMeter -     5:153889297   2.37596793E8    83.7 m      21.0 s       33.4%     4.2 h       2.8 h 
INFO  23:04:36,750 ProgressMeter -     5:160349737   2.39196814E8    84.2 m      21.0 s       33.6%     4.2 h       2.8 h 
INFO  23:05:06,751 ProgressMeter -     5:167271725   2.4069683E8    84.7 m      21.0 s       33.8%     4.2 h       2.8 h 
INFO  23:05:36,753 ProgressMeter -     5:173529740   2.42196846E8    85.2 m      21.0 s       34.0%     4.2 h       2.8 h 
INFO  23:06:06,754 ProgressMeter -     5:179894524   2.43696867E8    85.7 m      21.0 s       34.2%     4.2 h       2.7 h 
INFO  23:06:37,172 ProgressMeter -       6:5568930   2.45205245E8    86.2 m      21.0 s       34.4%     4.2 h       2.7 h 
INFO  23:07:07,356 ProgressMeter -      6:11662867   2.4670526E8    86.7 m      21.0 s       34.6%     4.2 h       2.7 h 
INFO  23:07:37,357 ProgressMeter -      6:18149995   2.48205278E8    87.2 m      21.0 s       34.8%     4.2 h       2.7 h 
INFO  23:08:07,515 ProgressMeter -      6:24829677   2.49705295E8    87.7 m      21.0 s       35.1%     4.2 h       2.7 h 
INFO  23:08:37,516 ProgressMeter -      6:31047943   2.51105313E8    88.2 m      21.0 s       35.3%     4.2 h       2.7 h 
INFO  23:09:07,517 ProgressMeter -      6:36795363   2.52605329E8    88.7 m      21.0 s       35.4%     4.2 h       2.7 h 
INFO  23:09:37,518 ProgressMeter -      6:42967575   2.54105346E8    89.2 m      21.0 s       35.6%     4.2 h       2.7 h 
INFO  23:10:07,520 ProgressMeter -      6:49597173   2.55605363E8    89.7 m      21.0 s       35.9%     4.2 h       2.7 h 
INFO  23:10:37,521 ProgressMeter -      6:56055582   2.57105378E8    90.2 m      21.0 s       36.1%     4.2 h       2.7 h 
INFO  23:11:07,522 ProgressMeter -      6:58778526   2.58405818E8    90.7 m      21.0 s       36.2%     4.2 h       2.7 h 
INFO  23:11:37,698 ProgressMeter -      6:67108542   2.59805949E8    91.2 m      21.0 s       36.4%     4.2 h       2.7 h 
INFO  23:12:07,699 ProgressMeter -      6:73736476   2.61305965E8    91.7 m      21.0 s       36.6%     4.2 h       2.6 h 
INFO  23:12:37,765 ProgressMeter -      6:80309049   2.6280598E8    92.2 m      21.0 s       36.8%     4.2 h       2.6 h 
INFO  23:13:07,766 ProgressMeter -      6:86931703   2.64305995E8    92.7 m      21.0 s       37.1%     4.2 h       2.6 h 
INFO  23:13:37,767 ProgressMeter -      6:93731595   2.65906012E8    93.2 m      21.0 s       37.3%     4.2 h       2.6 h 
INFO  23:14:07,768 ProgressMeter -     6:100637221   2.67406027E8    93.7 m      21.0 s       37.5%     4.2 h       2.6 h 
INFO  23:14:37,769 ProgressMeter -     6:107458172   2.69006045E8    94.2 m      21.0 s       37.7%     4.2 h       2.6 h 
INFO  23:15:07,770 ProgressMeter -     6:113908295   2.70506061E8    94.7 m      21.0 s       37.9%     4.2 h       2.6 h 
INFO  23:15:37,772 ProgressMeter -     6:120535734   2.72106078E8    95.2 m      21.0 s       38.1%     4.2 h       2.6 h 
INFO  23:16:07,787 ProgressMeter -     6:127321094   2.73606096E8    95.7 m      20.0 s       38.4%     4.2 h       2.6 h 
INFO  23:16:37,788 ProgressMeter -     6:134223864   2.75206113E8    96.2 m      20.0 s       38.6%     4.2 h       2.6 h 
INFO  23:17:07,789 ProgressMeter -     6:140726854   2.76806131E8    96.7 m      20.0 s       38.8%     4.2 h       2.5 h 
INFO  23:17:37,790 ProgressMeter -     6:147549765   2.78406149E8    97.2 m      20.0 s       39.0%     4.2 h       2.5 h 
INFO  23:18:07,792 ProgressMeter -     6:153867103   2.80006166E8    97.7 m      20.0 s       39.2%     4.2 h       2.5 h 
INFO  23:18:37,793 ProgressMeter -     6:160098741   2.81506184E8    98.2 m      20.0 s       39.4%     4.2 h       2.5 h 
INFO  23:19:07,990 ProgressMeter -     6:166622568   2.82906199E8    98.7 m      20.0 s       39.6%     4.2 h       2.5 h 
INFO  23:19:37,991 ProgressMeter -       7:1968382   2.84391352E8    99.2 m      20.0 s       39.8%     4.2 h       2.5 h 
INFO  23:20:07,993 ProgressMeter -       7:7877401   2.85791369E8    99.7 m      20.0 s       40.0%     4.2 h       2.5 h 
INFO  23:20:37,994 ProgressMeter -      7:14663760   2.87291385E8   100.2 m      20.0 s       40.2%     4.2 h       2.5 h 
INFO  23:21:07,995 ProgressMeter -      7:20901920   2.88791402E8   100.7 m      20.0 s       40.4%     4.2 h       2.5 h 
INFO  23:21:38,223 ProgressMeter -      7:27326284   2.90291419E8   101.2 m      20.0 s       40.7%     4.2 h       2.5 h 
INFO  23:22:08,224 ProgressMeter -      7:33606868   2.91791436E8   101.7 m      20.0 s       40.9%     4.2 h       2.5 h 
INFO  23:22:38,225 ProgressMeter -      7:39946316   2.93291451E8   102.2 m      20.0 s       41.1%     4.1 h       2.4 h 
INFO  23:23:08,226 ProgressMeter -      7:46459183   2.94891468E8   102.7 m      20.0 s       41.3%     4.1 h       2.4 h 
INFO  23:23:38,228 ProgressMeter -      7:53150391   2.96391483E8   103.2 m      20.0 s       41.5%     4.1 h       2.4 h 
INFO  23:24:08,229 ProgressMeter -      7:61737937   2.976915E8   103.7 m      20.0 s       41.8%     4.1 h       2.4 h 
INFO  23:24:38,230 ProgressMeter -      7:64204424   2.98692372E8   104.2 m      20.0 s       41.8%     4.2 h       2.4 h 
INFO  23:25:08,231 ProgressMeter -      7:69614798   2.99992388E8   104.7 m      20.0 s       42.0%     4.2 h       2.4 h 
INFO  23:25:38,232 ProgressMeter -      7:75967380   3.01392406E8   105.2 m      20.0 s       42.2%     4.2 h       2.4 h 
INFO  23:26:08,233 ProgressMeter -      7:83060463   3.02892423E8   105.7 m      20.0 s       42.5%     4.2 h       2.4 h 
INFO  23:26:38,234 ProgressMeter -      7:89851201   3.04392438E8   106.2 m      20.0 s       42.7%     4.1 h       2.4 h 
INFO  23:27:08,236 ProgressMeter -      7:96749188   3.05992456E8   106.7 m      20.0 s       42.9%     4.1 h       2.4 h 
INFO  23:27:38,237 ProgressMeter -     7:103051788   3.07492473E8   107.2 m      20.0 s       43.1%     4.1 h       2.4 h 
INFO  23:28:08,238 ProgressMeter -     7:109429720   3.09092493E8   107.7 m      20.0 s       43.3%     4.1 h       2.4 h 
INFO  23:28:38,239 ProgressMeter -     7:116389877   3.10692513E8   108.2 m      20.0 s       43.5%     4.1 h       2.3 h 
INFO  23:29:08,240 ProgressMeter -     7:123295661   3.1219253E8   108.7 m      20.0 s       43.7%     4.1 h       2.3 h 
INFO  23:29:38,241 ProgressMeter -     7:129775448   3.13792548E8   109.2 m      20.0 s       44.0%     4.1 h       2.3 h 
INFO  23:30:08,242 ProgressMeter -     7:136173175   3.15292565E8   109.7 m      20.0 s       44.2%     4.1 h       2.3 h 
INFO  23:30:38,259 ProgressMeter -     7:142786258   3.16792582E8   110.2 m      20.0 s       44.4%     4.1 h       2.3 h 
INFO  23:31:08,488 ProgressMeter -     7:149717663   3.18292597E8   110.8 m      20.0 s       44.6%     4.1 h       2.3 h 
INFO  23:31:38,490 ProgressMeter -     7:155639846   3.19692611E8   111.3 m      20.0 s       44.8%     4.1 h       2.3 h 
INFO  23:32:08,491 ProgressMeter -       8:2653707   3.21076436E8   111.8 m      20.0 s       45.0%     4.1 h       2.3 h 
INFO  23:32:38,492 ProgressMeter -       8:8505307   3.22276449E8   112.3 m      20.0 s       45.2%     4.1 h       2.3 h 
INFO  23:33:08,493 ProgressMeter -      8:14574777   3.23676464E8   112.8 m      20.0 s       45.4%     4.1 h       2.3 h 
INFO  23:33:38,494 ProgressMeter -      8:20886161   3.2507648E8   113.3 m      20.0 s       45.6%     4.1 h       2.3 h 
INFO  23:34:08,495 ProgressMeter -      8:27247369   3.26576496E8   113.8 m      20.0 s       45.8%     4.1 h       2.2 h 
INFO  23:34:38,678 ProgressMeter -      8:33527788   3.28076512E8   114.3 m      20.0 s       46.0%     4.1 h       2.2 h 
INFO  23:35:08,679 ProgressMeter -      8:40564627   3.2967653E8   114.8 m      20.0 s       46.2%     4.1 h       2.2 h 
INFO  23:35:38,680 ProgressMeter -      8:43094939   3.30579904E8   115.3 m      20.0 s       46.3%     4.1 h       2.2 h 
INFO  23:36:09,066 ProgressMeter -      8:46848441   3.31183222E8   115.8 m      20.0 s       46.4%     4.2 h       2.2 h 
INFO  23:36:39,069 ProgressMeter -      8:52111906   3.3248387E8   116.3 m      20.0 s       46.6%     4.2 h       2.2 h 
INFO  23:37:09,124 ProgressMeter -      8:58541151   3.34083887E8   116.8 m      20.0 s       46.8%     4.2 h       2.2 h 
INFO  23:37:39,125 ProgressMeter -      8:65144583   3.35583903E8   117.3 m      20.0 s       47.0%     4.2 h       2.2 h 
INFO  23:38:09,126 ProgressMeter -      8:71772751   3.37183923E8   117.8 m      20.0 s       47.2%     4.2 h       2.2 h 
INFO  23:38:39,128 ProgressMeter -      8:78355833   3.38683942E8   118.3 m      20.0 s       47.4%     4.2 h       2.2 h 
INFO  23:39:09,354 ProgressMeter -      8:85237725   3.40283958E8   118.8 m      20.0 s       47.7%     4.2 h       2.2 h 
INFO  23:39:39,355 ProgressMeter -      8:92047210   3.41883976E8   119.3 m      20.0 s       47.9%     4.2 h       2.2 h 
INFO  23:40:09,356 ProgressMeter -      8:98687449   3.43383996E8   119.8 m      20.0 s       48.1%     4.2 h       2.2 h 
INFO  23:40:39,357 ProgressMeter -     8:105109328   3.44984014E8     2.0 h      20.0 s       48.3%     4.2 h       2.1 h 
INFO  23:41:09,358 ProgressMeter -     8:112000878   3.46584031E8     2.0 h      20.0 s       48.5%     4.1 h       2.1 h 
INFO  23:41:39,360 ProgressMeter -     8:119070539   3.48184049E8     2.0 h      20.0 s       48.7%     4.1 h       2.1 h 
INFO  23:42:09,361 ProgressMeter -     8:125905501   3.49684064E8     2.0 h      20.0 s       49.0%     4.1 h       2.1 h 
INFO  23:42:39,362 ProgressMeter -     8:132106175   3.51284081E8     2.0 h      20.0 s       49.2%     4.1 h       2.1 h 
INFO  23:43:09,584 ProgressMeter -     8:138770087   3.52784098E8     2.0 h      20.0 s       49.4%     4.1 h       2.1 h 
INFO  23:43:39,730 ProgressMeter -     8:144982163   3.54184114E8     2.1 h      20.0 s       49.6%     4.1 h       2.1 h 
INFO  23:44:09,732 ProgressMeter -       9:4955520   3.5565076E8     2.1 h      20.0 s       49.8%     4.1 h       2.1 h 
INFO  23:44:39,733 ProgressMeter -      9:11318282   3.57150778E8     2.1 h      20.0 s       50.0%     4.1 h       2.1 h 
INFO  23:45:09,734 ProgressMeter -      9:17793356   3.58650795E8     2.1 h      20.0 s       50.2%     4.1 h       2.1 h 
INFO  23:45:39,735 ProgressMeter -      9:24331660   3.60150813E8     2.1 h      20.0 s       50.4%     4.1 h       2.1 h 
INFO  23:46:09,736 ProgressMeter -      9:31012821   3.6165083E8     2.1 h      20.0 s       50.6%     4.1 h       2.0 h 
INFO  23:46:39,737 ProgressMeter -      9:37170922   3.63150848E8     2.1 h      20.0 s       50.8%     4.1 h       2.0 h 
INFO  23:47:09,738 ProgressMeter -      9:66823492   3.64250864E8     2.1 h      20.0 s       51.8%     4.1 h     118.1 m 
INFO  23:47:39,740 ProgressMeter -      9:72676743   3.65450885E8     2.1 h      20.0 s       52.0%     4.1 h     117.6 m 
INFO  23:48:09,741 ProgressMeter -      9:79270922   3.66950901E8     2.1 h      20.0 s       52.2%     4.1 h     117.1 m 
INFO  23:48:39,742 ProgressMeter -      9:86261282   3.68550918E8     2.1 h      20.0 s       52.4%     4.1 h     116.5 m 
INFO  23:49:09,743 ProgressMeter -      9:93013641   3.70050935E8     2.1 h      20.0 s       52.6%     4.1 h     115.9 m 
INFO  23:49:39,744 ProgressMeter -      9:99413910   3.71650953E8     2.2 h      20.0 s       52.8%     4.1 h     115.4 m 
INFO  23:50:09,746 ProgressMeter -     9:106061134   3.7315097E8     2.2 h      20.0 s       53.0%     4.1 h     114.9 m 
INFO  23:50:39,747 ProgressMeter -     9:112659312   3.74750992E8     2.2 h      20.0 s       53.3%     4.1 h     114.3 m 
INFO  23:51:09,748 ProgressMeter -     9:118981755   3.76251008E8     2.2 h      20.0 s       53.5%     4.1 h     113.9 m 
INFO  23:51:39,767 ProgressMeter -     9:125518390   3.77751025E8     2.2 h      20.0 s       53.7%     4.1 h     113.3 m 
INFO  23:52:09,768 ProgressMeter -     9:131600385   3.79251041E8     2.2 h      20.0 s       53.9%     4.1 h     112.9 m 
INFO  23:52:39,769 ProgressMeter -     9:137925027   3.80751058E8     2.2 h      20.0 s       54.1%     4.1 h     112.4 m 
INFO  23:53:09,770 ProgressMeter -      10:2862147   3.82198377E8     2.2 h      20.0 s       54.3%     4.1 h     111.9 m 
INFO  23:53:39,771 ProgressMeter -      10:8856904   3.83598397E8     2.2 h      20.0 s       54.5%     4.1 h     111.4 m 
INFO  23:54:09,773 ProgressMeter -     10:14958020   3.85098412E8     2.2 h      20.0 s       54.7%     4.1 h     111.0 m 
INFO  23:54:39,774 ProgressMeter -     10:21692395   3.86598428E8     2.2 h      20.0 s       54.9%     4.1 h     110.4 m 
INFO  23:55:09,965 ProgressMeter -     10:28205665   3.88098446E8     2.2 h      20.0 s       55.1%     4.1 h     109.9 m 
INFO  23:55:39,966 ProgressMeter -     10:34535834   3.89598463E8     2.3 h      20.0 s       55.3%     4.1 h     109.4 m 
INFO  23:56:09,967 ProgressMeter -     10:39138235   3.90899739E8     2.3 h      20.0 s       55.4%     4.1 h     109.1 m 
INFO  23:56:39,968 ProgressMeter -     10:42391791   3.91824497E8     2.3 h      20.0 s       55.5%     4.1 h     109.1 m 
INFO  23:57:10,120 ProgressMeter -     10:42529449   3.92826369E8     2.3 h      20.0 s       55.5%     4.1 h     109.5 m 
INFO  23:57:40,121 ProgressMeter -     10:42666044   3.93728432E8     2.3 h      20.0 s       55.5%     4.1 h     109.8 m 
INFO  23:58:10,122 ProgressMeter -     10:50353247   3.95128446E8     2.3 h      20.0 s       55.8%     4.1 h     109.1 m 
INFO  23:58:40,124 ProgressMeter -     10:57544508   3.96628461E8     2.3 h      20.0 s       56.0%     4.1 h     108.5 m 
INFO  23:59:10,125 ProgressMeter -     10:64161657   3.9812848E8     2.3 h      20.0 s       56.2%     4.1 h     108.0 m 
INFO  23:59:40,126 ProgressMeter -     10:70510755   3.99628498E8     2.3 h      20.0 s       56.4%     4.1 h     107.5 m 
INFO  00:00:10,128 ProgressMeter -     10:76133094   4.01028513E8     2.3 h      20.0 s       56.6%     4.1 h     107.0 m 
INFO  00:00:40,129 ProgressMeter -     10:82589733   4.02628537E8     2.3 h      20.0 s       56.8%     4.1 h     106.5 m 
INFO  00:01:10,130 ProgressMeter -     10:89160306   4.04128553E8     2.3 h      20.0 s       57.0%     4.1 h     106.0 m 
INFO  00:01:40,132 ProgressMeter -     10:95466437   4.0572857E8     2.4 h      20.0 s       57.3%     4.1 h     105.5 m 
INFO  00:02:10,305 ProgressMeter -    10:101875111   4.07228589E8     2.4 h      20.0 s       57.5%     4.1 h     105.0 m 
INFO  00:02:40,306 ProgressMeter -    10:108173581   4.08728608E8     2.4 h      20.0 s       57.7%     4.1 h     104.5 m 
INFO  00:03:10,307 ProgressMeter -    10:114894746   4.10328629E8     2.4 h      20.0 s       57.9%     4.1 h     103.9 m 
INFO  00:03:40,308 ProgressMeter -    10:121268223   4.11828651E8     2.4 h      20.0 s       58.1%     4.1 h     103.4 m 
INFO  00:04:10,309 ProgressMeter -    10:127609488   4.1332867E8     2.4 h      20.0 s       58.3%     4.1 h     102.9 m 
INFO  00:04:40,310 ProgressMeter -    10:134374442   4.14828689E8     2.4 h      20.0 s       58.5%     4.1 h     102.3 m 
INFO  00:05:10,312 ProgressMeter -      11:4815395   4.16192614E8     2.4 h      20.0 s       58.7%     4.1 h     101.9 m 
INFO  00:05:40,313 ProgressMeter -     11:10961525   4.17692632E8     2.4 h      20.0 s       58.9%     4.1 h     101.4 m 
INFO  00:06:10,314 ProgressMeter -     11:17542422   4.19292651E8     2.4 h      20.0 s       59.1%     4.1 h     100.8 m 
INFO  00:06:40,438 ProgressMeter -     11:23796170   4.20692671E8     2.4 h      20.0 s       59.3%     4.1 h     100.4 m 
INFO  00:07:10,489 ProgressMeter -     11:30679550   4.22192688E8     2.4 h      20.0 s       59.5%     4.1 h      99.8 m 
INFO  00:07:40,490 ProgressMeter -     11:36866232   4.23792704E8     2.5 h      20.0 s       59.7%     4.1 h      99.3 m 
INFO  00:08:10,491 ProgressMeter -     11:43742440   4.25292721E8     2.5 h      20.0 s       60.0%     4.1 h      98.7 m 
INFO  00:08:40,492 ProgressMeter -     11:49606870   4.26692735E8     2.5 h      20.0 s       60.1%     4.1 h      98.3 m 
INFO  00:09:10,969 ProgressMeter -     11:56504485   4.27792986E8     2.5 h      20.0 s       60.4%     4.1 h      97.7 m 
INFO  00:09:40,971 ProgressMeter -     11:62441098   4.29193005E8     2.5 h      20.0 s       60.6%     4.1 h      97.2 m 
INFO  00:10:11,015 ProgressMeter -     11:68464011   4.30693021E8     2.5 h      20.0 s       60.8%     4.1 h      96.8 m 
INFO  00:10:41,016 ProgressMeter -     11:74712336   4.32193037E8     2.5 h      20.0 s       61.0%     4.1 h      96.3 m 
INFO  00:11:11,017 ProgressMeter -     11:81092916   4.33793056E8     2.5 h      20.0 s       61.2%     4.1 h      95.8 m 
INFO  00:11:41,237 ProgressMeter -     11:87567231   4.35293074E8     2.5 h      20.0 s       61.4%     4.1 h      95.2 m 
INFO  00:12:11,238 ProgressMeter -     11:94573072   4.36793092E8     2.5 h      20.0 s       61.6%     4.1 h      94.6 m 
INFO  00:12:41,239 ProgressMeter -    11:101302149   4.38293108E8     2.5 h      20.0 s       61.8%     4.1 h      94.1 m 
INFO  00:13:11,241 ProgressMeter -    11:107730811   4.39793125E8     2.5 h      20.0 s       62.0%     4.1 h      93.6 m 
INFO  00:13:41,242 ProgressMeter -    11:114094207   4.41393144E8     2.6 h      20.0 s       62.2%     4.1 h      93.1 m 
INFO  00:14:11,259 ProgressMeter -    11:120305626   4.42893159E8     2.6 h      20.0 s       62.4%     4.1 h      92.6 m 
INFO  00:14:41,260 ProgressMeter -    11:126571045   4.44393179E8     2.6 h      20.0 s       62.6%     4.1 h      92.1 m 
INFO  00:15:11,261 ProgressMeter -    11:133004121   4.45993197E8     2.6 h      20.0 s       62.8%     4.1 h      91.6 m 
INFO  00:15:41,262 ProgressMeter -      12:4472598   4.4742945E8     2.6 h      20.0 s       63.0%     4.1 h      91.0 m 
INFO  00:16:11,263 ProgressMeter -     12:10354113   4.48929465E8     2.6 h      20.0 s       63.2%     4.1 h      90.6 m 
INFO  00:16:41,345 ProgressMeter -     12:16457254   4.50429483E8     2.6 h      20.0 s       63.4%     4.1 h      90.1 m 
INFO  00:17:11,346 ProgressMeter -     12:23074575   4.51929498E8     2.6 h      20.0 s       63.6%     4.1 h      89.6 m 
INFO  00:17:41,347 ProgressMeter -     12:29291585   4.53429518E8     2.6 h      20.0 s       63.8%     4.1 h      89.1 m 
INFO  00:18:11,348 ProgressMeter -     12:37974008   4.54929537E8     2.6 h      20.0 s       64.1%     4.1 h      88.3 m 
INFO  00:18:41,350 ProgressMeter -     12:44295761   4.56429556E8     2.6 h      20.0 s       64.3%     4.1 h      87.8 m 
INFO  00:19:11,351 ProgressMeter -     12:50643269   4.58029574E8     2.6 h      20.0 s       64.5%     4.1 h      87.3 m 
INFO  00:19:41,533 ProgressMeter -     12:56784633   4.59529589E8     2.7 h      20.0 s       64.7%     4.1 h      86.8 m 
INFO  00:20:11,534 ProgressMeter -     12:63275812   4.61029627E8     2.7 h      20.0 s       64.9%     4.1 h      86.3 m 
INFO  00:20:41,535 ProgressMeter -     12:69638352   4.62629645E8     2.7 h      20.0 s       65.1%     4.1 h      85.8 m 
INFO  00:21:11,536 ProgressMeter -     12:76447280   4.64229666E8     2.7 h      20.0 s       65.4%     4.1 h      85.2 m 
INFO  00:21:41,537 ProgressMeter -     12:83385174   4.65729683E8     2.7 h      20.0 s       65.6%     4.1 h      84.6 m 
INFO  00:22:11,538 ProgressMeter -     12:90232552   4.67329701E8     2.7 h      20.0 s       65.8%     4.1 h      84.1 m 
INFO  00:22:41,540 ProgressMeter -     12:96495245   4.68829924E8     2.7 h      20.0 s       66.0%     4.1 h      83.6 m 
INFO  00:23:11,541 ProgressMeter -    12:103058448   4.70429941E8     2.7 h      20.0 s       66.2%     4.1 h      83.1 m 
INFO  00:23:41,740 ProgressMeter -    12:109321330   4.7202996E8     2.7 h      20.0 s       66.4%     4.1 h      82.6 m 
INFO  00:24:11,741 ProgressMeter -    12:115764756   4.73629976E8     2.7 h      20.0 s       66.6%     4.1 h      82.0 m 
INFO  00:24:41,742 ProgressMeter -    12:121981867   4.75129992E8     2.7 h      20.0 s       66.8%     4.1 h      81.6 m 
INFO  00:25:11,743 ProgressMeter -    12:128120166   4.76630007E8     2.7 h      20.0 s       67.0%     4.1 h      81.1 m 
INFO  00:25:41,744 ProgressMeter -     13:19857087   4.78107703E8     2.8 h      20.0 s       67.9%     4.1 h      78.3 m 
INFO  00:26:11,745 ProgressMeter -     13:26006170   4.79607721E8     2.8 h      20.0 s       68.0%     4.1 h      77.8 m 
INFO  00:26:41,988 ProgressMeter -     13:32231801   4.81107737E8     2.8 h      20.0 s       68.3%     4.1 h      77.4 m 
INFO  00:27:11,989 ProgressMeter -     13:38734160   4.82707755E8     2.8 h      20.0 s       68.5%     4.1 h      76.8 m 
INFO  00:27:41,990 ProgressMeter -     13:45170976   4.84207773E8     2.8 h      20.0 s       68.7%     4.1 h      76.3 m 
INFO  00:28:11,991 ProgressMeter -     13:51392007   4.8580779E8     2.8 h      20.0 s       68.9%     4.1 h      75.9 m 
INFO  00:28:42,027 ProgressMeter -     13:58403633   4.87307805E8     2.8 h      20.0 s       69.1%     4.1 h      75.3 m 
INFO  00:29:12,028 ProgressMeter -     13:65144288   4.88907824E8     2.8 h      20.0 s       69.3%     4.1 h      74.7 m 
INFO  00:29:42,085 ProgressMeter -     13:72267157   4.90407843E8     2.8 h      20.0 s       69.5%     4.1 h      74.2 m 
INFO  00:30:12,086 ProgressMeter -     13:78702235   4.91907862E8     2.8 h      20.0 s       69.7%     4.1 h      73.6 m 
INFO  00:30:42,087 ProgressMeter -     13:85642019   4.93507879E8     2.8 h      20.0 s       70.0%     4.1 h      73.1 m 
INFO  00:31:12,088 ProgressMeter -     13:92762939   4.95007898E8     2.8 h      20.0 s       70.2%     4.1 h      72.5 m 
INFO  00:31:42,089 ProgressMeter -     13:99283817   4.96607917E8     2.9 h      20.0 s       70.4%     4.1 h      72.0 m 
INFO  00:32:12,240 ProgressMeter -    13:105794228   4.98107933E8     2.9 h      20.0 s       70.6%     4.1 h      71.5 m 
INFO  00:32:42,241 ProgressMeter -    13:112621343   4.99607951E8     2.9 h      20.0 s       70.8%     4.1 h      70.9 m 
INFO  00:33:12,433 ProgressMeter -     14:22677851   5.01033087E8     2.9 h      20.0 s       71.7%     4.0 h      68.4 m 
INFO  00:33:42,434 ProgressMeter -     14:29191351   5.02533103E8     2.9 h      20.0 s       71.9%     4.0 h      67.9 m 
INFO  00:34:12,435 ProgressMeter -     14:35845021   5.04133119E8     2.9 h      20.0 s       72.1%     4.0 h      67.3 m 
INFO  00:34:42,436 ProgressMeter -     14:42457552   5.05733138E8     2.9 h      20.0 s       72.3%     4.0 h      66.8 m 
INFO  00:35:12,438 ProgressMeter -     14:49516072   5.07233156E8     2.9 h      20.0 s       72.5%     4.0 h      66.2 m 
INFO  00:35:42,439 ProgressMeter -     14:55581750   5.08833174E8     2.9 h      20.0 s       72.7%     4.0 h      65.8 m 
INFO  00:36:12,534 ProgressMeter -     14:62084944   5.10333191E8     2.9 h      20.0 s       72.9%     4.0 h      65.3 m 
INFO  00:36:42,546 ProgressMeter -     14:68442340   5.1193321E8     2.9 h      20.0 s       73.1%     4.0 h      64.8 m 
INFO  00:37:12,547 ProgressMeter -     14:74618085   5.13533226E8     2.9 h      20.0 s       73.3%     4.0 h      64.3 m 
INFO  00:37:42,754 ProgressMeter -     14:80836333   5.15033241E8     3.0 h      20.0 s       73.5%     4.0 h      63.8 m 
INFO  00:38:12,755 ProgressMeter -     14:87660371   5.16533257E8     3.0 h      20.0 s       73.8%     4.0 h      63.3 m 
INFO  00:38:42,756 ProgressMeter -     14:94082664   5.18133274E8     3.0 h      20.0 s       74.0%     4.0 h      62.8 m 
INFO  00:39:12,757 ProgressMeter -    14:100368254   5.19633296E8     3.0 h      20.0 s       74.2%     4.0 h      62.3 m 
INFO  00:39:42,758 ProgressMeter -    14:106642554   5.21133314E8     3.0 h      20.0 s       74.4%     4.0 h      61.8 m 
INFO  00:40:12,827 ProgressMeter -     15:24595487   5.2250807E8     3.0 h      20.0 s       75.2%     4.0 h      59.4 m 
INFO  00:40:42,828 ProgressMeter -     15:32076104   5.2400809E8     3.0 h      20.0 s       75.4%     4.0 h      58.8 m 
INFO  00:41:12,829 ProgressMeter -     15:38791491   5.25508105E8     3.0 h      20.0 s       75.6%     4.0 h      58.2 m 
INFO  00:41:42,830 ProgressMeter -     15:45107703   5.27108121E8     3.0 h      20.0 s       75.8%     4.0 h      57.8 m 
INFO  00:42:13,108 ProgressMeter -     15:51703456   5.28708141E8     3.0 h      20.0 s       76.1%     4.0 h      57.3 m 
INFO  00:42:43,109 ProgressMeter -     15:58212977   5.30208158E8     3.0 h      20.0 s       76.3%     4.0 h      56.7 m 
INFO  00:43:13,110 ProgressMeter -     15:64366624   5.31708175E8     3.0 h      20.0 s       76.5%     4.0 h      56.3 m 
INFO  00:43:43,220 ProgressMeter -     15:70482627   5.33308195E8     3.1 h      20.0 s       76.7%     4.0 h      55.8 m 
INFO  00:44:13,221 ProgressMeter -     15:77003299   5.34808212E8     3.1 h      20.0 s       76.9%     4.0 h      55.3 m 
INFO  00:44:43,222 ProgressMeter -     15:83812972   5.36408228E8     3.1 h      20.0 s       77.1%     4.0 h      54.8 m 
INFO  00:45:13,223 ProgressMeter -     15:90449222   5.37908245E8     3.1 h      20.0 s       77.3%     4.0 h      54.3 m 
INFO  00:45:43,315 ProgressMeter -     15:96749915   5.39408262E8     3.1 h      20.0 s       77.5%     4.0 h      53.8 m 
INFO  00:46:13,316 ProgressMeter -       16:479745   5.40861269E8     3.1 h      20.0 s       77.7%     4.0 h      53.3 m 
INFO  00:46:43,318 ProgressMeter -      16:6762690   5.42361286E8     3.1 h      20.0 s       77.9%     4.0 h      52.8 m 
INFO  00:47:13,521 ProgressMeter -     16:12701199   5.43861302E8     3.1 h      20.0 s       78.1%     4.0 h      52.4 m 
INFO  00:47:43,522 ProgressMeter -     16:19411437   5.45261318E8     3.1 h      20.0 s       78.3%     4.0 h      51.9 m 
INFO  00:48:13,523 ProgressMeter -     16:25730467   5.46861337E8     3.1 h      20.0 s       78.5%     4.0 h      51.4 m 
INFO  00:48:43,524 ProgressMeter -     16:32123454   5.48261352E8     3.1 h      20.0 s       78.7%     4.0 h      50.9 m 
INFO  00:49:13,525 ProgressMeter -     16:46388632   5.49561587E8     3.1 h      20.0 s       79.2%     4.0 h      49.6 m 
INFO  00:49:43,527 ProgressMeter -     16:46422196   5.50561929E8     3.2 h      20.0 s       79.2%     4.0 h      49.8 m 
INFO  00:50:13,607 ProgressMeter -     16:51731606   5.52061979E8     3.2 h      20.0 s       79.4%     4.0 h      49.4 m 
INFO  00:50:43,608 ProgressMeter -     16:58223346   5.53561997E8     3.2 h      20.0 s       79.6%     4.0 h      48.9 m 
INFO  00:51:13,610 ProgressMeter -     16:65533499   5.55162013E8     3.2 h      20.0 s       79.8%     4.0 h      48.3 m 
INFO  00:51:43,758 ProgressMeter -     16:71901436   5.5676203E8     3.2 h      20.0 s       80.0%     4.0 h      47.8 m 
INFO  00:52:13,759 ProgressMeter -     16:78110286   5.58262046E8     3.2 h      20.0 s       80.2%     4.0 h      47.3 m 
INFO  00:52:43,760 ProgressMeter -     16:84252543   5.59662061E8     3.2 h      20.0 s       80.4%     4.0 h      46.9 m 
INFO  00:53:13,761 ProgressMeter -     16:90115776   5.61162079E8     3.2 h      20.0 s       80.6%     4.0 h      46.4 m 
INFO  00:53:43,763 ProgressMeter -      17:5795930   5.62524989E8     3.2 h      20.0 s       80.8%     4.0 h      46.0 m 
INFO  00:54:13,764 ProgressMeter -     17:12044023   5.64025008E8     3.2 h      20.0 s       81.0%     4.0 h      45.5 m 
INFO  00:54:43,765 ProgressMeter -     17:18501424   5.65625024E8     3.2 h      20.0 s       81.2%     4.0 h      45.0 m 
INFO  00:55:13,766 ProgressMeter -     17:25280511   5.66825882E8     3.2 h      20.0 s       81.4%     4.0 h      44.5 m 
INFO  00:55:43,931 ProgressMeter -     17:31588600   5.68425899E8     3.3 h      20.0 s       81.6%     4.0 h      44.0 m 
INFO  00:56:13,932 ProgressMeter -     17:37903364   5.69925914E8     3.3 h      20.0 s       81.8%     4.0 h      43.5 m 
INFO  00:56:43,933 ProgressMeter -     17:43882009   5.71425933E8     3.3 h      20.0 s       82.0%     4.0 h      43.0 m 
INFO  00:57:13,934 ProgressMeter -     17:50185694   5.7302595E8     3.3 h      20.0 s       82.2%     4.0 h      42.6 m 
INFO  00:57:43,936 ProgressMeter -     17:56922767   5.74525968E8     3.3 h      20.0 s       82.4%     4.0 h      42.0 m 
INFO  00:58:13,937 ProgressMeter -     17:63414302   5.76125985E8     3.3 h      20.0 s       82.6%     4.0 h      41.5 m 
INFO  00:58:43,938 ProgressMeter -     17:69789722   5.77626002E8     3.3 h      20.0 s       82.9%     4.0 h      41.0 m 
INFO  00:59:13,939 ProgressMeter -     17:75904414   5.79126018E8     3.3 h      20.0 s       83.1%     4.0 h      40.6 m 
INFO  00:59:43,941 ProgressMeter -       18:109061   5.80564835E8     3.3 h      20.0 s       83.2%     4.0 h      40.2 m 
INFO  01:00:13,942 ProgressMeter -      18:6114838   5.82064852E8     3.3 h      20.0 s       83.4%     4.0 h      39.7 m 
INFO  01:00:44,197 ProgressMeter -     18:12695924   5.83564868E8     3.3 h      20.0 s       83.6%     4.0 h      39.2 m 
INFO  01:01:14,298 ProgressMeter -     18:19249848   5.84766197E8     3.3 h      20.0 s       83.8%     4.0 h      38.7 m 
INFO  01:01:44,430 ProgressMeter -     18:25781827   5.86366217E8     3.4 h      20.0 s       84.1%     4.0 h      38.2 m 
INFO  01:02:14,431 ProgressMeter -     18:32667560   5.87866234E8     3.4 h      20.0 s       84.3%     4.0 h      37.7 m 
INFO  01:02:44,432 ProgressMeter -     18:39820401   5.89466252E8     3.4 h      20.0 s       84.5%     4.0 h      37.1 m 
INFO  01:03:14,433 ProgressMeter -     18:46489842   5.91066269E8     3.4 h      20.0 s       84.7%     4.0 h      36.6 m 
INFO  01:03:44,507 ProgressMeter -     18:53068648   5.92566285E8     3.4 h      20.0 s       84.9%     4.0 h      36.1 m 
INFO  01:04:14,508 ProgressMeter -     18:59317523   5.94166305E8     3.4 h      20.0 s       85.1%     4.0 h      35.6 m 
INFO  01:04:44,509 ProgressMeter -     18:66024969   5.95666323E8     3.4 h      20.0 s       85.4%     4.0 h      35.1 m 
INFO  01:05:14,511 ProgressMeter -     18:72749505   5.97166338E8     3.4 h      20.0 s       85.6%     4.0 h      34.6 m 
INFO  01:05:44,686 ProgressMeter -      19:1004105   5.98515555E8     3.4 h      20.0 s       85.8%     4.0 h      34.1 m 
INFO  01:06:15,049 ProgressMeter -      19:6789587   6.0001557E8     3.4 h      20.0 s       86.0%     4.0 h      33.6 m 
INFO  01:06:45,050 ProgressMeter -     19:13005601   6.0141559E8     3.4 h      20.0 s       86.2%     4.0 h      33.2 m 
INFO  01:07:15,052 ProgressMeter -     19:18958724   6.02915606E8     3.4 h      20.0 s       86.3%     4.0 h      32.7 m 
INFO  01:07:45,053 ProgressMeter -     19:27732098   6.04215622E8     3.5 h      20.0 s       86.6%     4.0 h      32.0 m 
INFO  01:08:15,675 ProgressMeter -     19:30207821   6.05316537E8     3.5 h      20.0 s       86.7%     4.0 h      31.9 m 
INFO  01:08:45,676 ProgressMeter -     19:36555598   6.06816554E8     3.5 h      20.0 s       86.9%     4.0 h      31.4 m 
INFO  01:09:15,677 ProgressMeter -     19:42713429   6.08316584E8     3.5 h      20.0 s       87.1%     4.0 h      30.9 m 
INFO  01:09:45,678 ProgressMeter -     19:48855319   6.098166E8     3.5 h      20.0 s       87.3%     4.0 h      30.4 m 
INFO  01:10:15,680 ProgressMeter -     19:55083343   6.11316619E8     3.5 h      20.0 s       87.5%     4.0 h      29.9 m 
INFO  01:10:45,681 ProgressMeter -      20:2405960   6.12828879E8     3.5 h      20.0 s       87.7%     4.0 h      29.4 m 
INFO  01:11:15,682 ProgressMeter -      20:8817488   6.14328897E8     3.5 h      20.0 s       87.9%     4.0 h      28.9 m 
INFO  01:11:45,683 ProgressMeter -     20:15668816   6.15928916E8     3.5 h      20.0 s       88.2%     4.0 h      28.4 m 
INFO  01:12:15,874 ProgressMeter -     20:22228402   6.17428934E8     3.5 h      20.0 s       88.4%     4.0 h      27.9 m 
INFO  01:12:45,875 ProgressMeter -     20:30553375   6.18828991E8     3.5 h      20.0 s       88.6%     4.0 h      27.2 m 
INFO  01:13:15,876 ProgressMeter -     20:36852951   6.2042901E8     3.5 h      20.0 s       88.8%     4.0 h      26.8 m 
INFO  01:13:45,877 ProgressMeter -     20:43360702   6.22029027E8     3.6 h      20.0 s       89.0%     4.0 h      26.3 m 
INFO  01:14:15,879 ProgressMeter -     20:49569213   6.23529044E8     3.6 h      20.0 s       89.2%     4.0 h      25.8 m 
INFO  01:14:45,880 ProgressMeter -     20:55839742   6.25029062E8     3.6 h      20.0 s       89.4%     4.0 h      25.3 m 
INFO  01:15:15,881 ProgressMeter -     20:62265738   6.2652908E8     3.6 h      20.0 s       89.7%     4.0 h      24.8 m 
INFO  01:15:45,882 ProgressMeter -     21:11054849   6.2770205E8     3.6 h      20.0 s       90.0%     4.0 h      23.8 m 
INFO  01:16:15,884 ProgressMeter -     21:19507463   6.29102176E8     3.6 h      20.0 s       90.3%     4.0 h      23.2 m 
INFO  01:16:45,885 ProgressMeter -     21:26432363   6.30702195E8     3.6 h      20.0 s       90.5%     4.0 h      22.6 m 
INFO  01:17:15,886 ProgressMeter -     21:32986741   6.32202212E8     3.6 h      20.0 s       90.7%     4.0 h      22.1 m 
INFO  01:17:45,887 ProgressMeter -     21:39251644   6.33702228E8     3.6 h      20.0 s       90.9%     4.0 h      21.6 m 
INFO  01:18:15,889 ProgressMeter -     21:45615341   6.35202244E8     3.6 h      20.0 s       91.1%     4.0 h      21.2 m 
INFO  01:18:46,050 ProgressMeter -     22:19148178   6.36612349E8     3.6 h      20.0 s       91.8%     4.0 h      19.4 m 
INFO  01:19:16,051 ProgressMeter -     22:25909649   6.38113957E8     3.6 h      20.0 s       92.1%     4.0 h      18.9 m 
INFO  01:19:46,053 ProgressMeter -     22:32182477   6.39613974E8     3.7 h      20.0 s       92.3%     4.0 h      18.4 m 
INFO  01:20:16,054 ProgressMeter -     22:38472539   6.41213992E8     3.7 h      20.0 s       92.5%     4.0 h      17.9 m 
INFO  01:20:46,209 ProgressMeter -     22:44617119   6.42714007E8     3.7 h      20.0 s       92.7%     4.0 h      17.4 m 
INFO  01:21:16,210 ProgressMeter -     22:50840512   6.44214026E8     3.7 h      20.0 s       92.9%     4.0 h      17.0 m 
INFO  01:21:46,211 ProgressMeter -       X:9381494   6.4563707E8     3.7 h      20.0 s       93.2%     4.0 h      16.2 m 
INFO  01:22:16,212 ProgressMeter -      X:22359675   6.4723709E8     3.7 h      20.0 s       93.6%     4.0 h      15.2 m 
INFO  01:22:46,214 ProgressMeter -      X:36104209   6.48737107E8     3.7 h      20.0 s       94.0%     3.9 h      14.1 m 
INFO  01:23:16,215 ProgressMeter -      X:49678483   6.50337124E8     3.7 h      20.0 s       94.5%     3.9 h      13.0 m 
INFO  01:23:46,353 ProgressMeter -      X:63405497   6.51737144E8     3.7 h      20.0 s       94.9%     3.9 h      11.9 m 
INFO  01:24:16,354 ProgressMeter -      X:77209532   6.53237161E8     3.7 h      20.0 s       95.4%     3.9 h      10.9 m 
INFO  01:24:46,356 ProgressMeter -      X:91019929   6.54837177E8     3.7 h      20.0 s       95.8%     3.9 h       9.8 m 
INFO  01:25:16,357 ProgressMeter -     X:105657010   6.56337192E8     3.7 h      20.0 s       96.3%     3.9 h       8.7 m 
INFO  01:25:46,358 ProgressMeter -     X:118696363   6.57937208E8     3.8 h      20.0 s       96.7%     3.9 h       7.7 m 
INFO  01:26:16,359 ProgressMeter -     X:131771259   6.59337225E8     3.8 h      20.0 s       97.1%     3.9 h       6.7 m 
INFO  01:26:46,361 ProgressMeter -     X:145556919   6.60837241E8     3.8 h      20.0 s       97.6%     3.9 h       5.6 m 
INFO  01:27:16,362 ProgressMeter -       Y:5418439   6.6232529E8     3.8 h      20.0 s       98.1%     3.9 h       4.5 m 
INFO  01:27:46,363 ProgressMeter -      Y:13801190   6.63526207E8     3.8 h      20.0 s       98.3%     3.9 h       3.9 m 
INFO  01:28:16,364 ProgressMeter -      Y:22099406   6.65027374E8     3.8 h      20.0 s       98.6%     3.9 h       3.2 m 
INFO  01:28:46,365 ProgressMeter -         MT:1518   6.6593488E8     3.8 h      20.0 s       99.8%     3.8 h      27.0 s 
INFO  01:29:16,366 ProgressMeter - GL000226.1:3579   6.67354572E8     3.8 h      20.0 s       99.8%     3.8 h      27.0 s 
INFO  01:29:46,368 ProgressMeter - GL000220.1:15252   6.68520046E8     3.8 h      20.0 s       99.9%     3.8 h      16.0 s 
INFO  01:30:16,369 ProgressMeter - GL000213.1:120880   6.69940909E8     3.8 h      20.0 s       99.9%     3.8 h      15.0 s 
INFO  01:30:46,497 ProgressMeter - GL000216.1:115871   6.70823086E8     3.8 h      20.0 s       99.9%     3.8 h      12.0 s 
INFO  01:31:16,498 ProgressMeter - GL000194.1:79784   6.71975125E8     3.8 h      20.0 s      100.0%     3.8 h       3.0 s 
INFO  01:31:46,499 ProgressMeter - GL000225.1:131846   6.7237219E8     3.9 h      20.0 s      100.0%     3.9 h       2.0 s 
INFO  01:32:16,500 ProgressMeter - GL000225.1:131846   6.7237219E8     3.9 h      20.0 s      100.0%     3.9 h       2.0 s 
INFO  01:32:46,501 ProgressMeter - GL000225.1:131846   6.7237219E8     3.9 h      20.0 s      100.0%     3.9 h       2.0 s 
INFO  01:32:52,615 BaseRecalibrator - Calculating quantized quality scores... 
INFO  01:32:52,697 BaseRecalibrator - Writing recalibration report... 
INFO  01:32:55,165 BaseRecalibrator - ...done! 
INFO  01:32:55,165 BaseRecalibrator - BaseRecalibrator was able to recalibrate 672638127 reads 
INFO  01:32:55,166 ProgressMeter -            done   6.72644898E8     3.9 h      20.0 s      100.0%     3.9 h       0.0 s 
INFO  01:32:55,166 ProgressMeter - Total runtime 13951.76 secs, 232.53 min, 3.88 hours 
INFO  01:32:55,166 MicroScheduler - 99426659 reads were filtered out during the traversal out of approximately 772071557 total reads (12.88%) 
INFO  01:32:55,167 MicroScheduler -   -> 44751288 reads (5.80% of total) failing DuplicateReadFilter 
INFO  01:32:55,167 MicroScheduler -   -> 0 reads (0.00% of total) failing FailsVendorQualityCheckFilter 
INFO  01:32:55,167 MicroScheduler -   -> 0 reads (0.00% of total) failing MalformedReadFilter 
INFO  01:32:55,167 MicroScheduler -   -> 0 reads (0.00% of total) failing MappingQualityUnavailableFilter 
INFO  01:32:55,167 MicroScheduler -   -> 53373289 reads (6.91% of total) failing MappingQualityZeroFilter 
INFO  01:32:55,167 MicroScheduler -   -> 1302082 reads (0.17% of total) failing NotPrimaryAlignmentFilter 
INFO  01:32:55,167 MicroScheduler -   -> 0 reads (0.00% of total) failing UnmappedReadFilter 
INFO  01:32:56,534 GATKRunReport - Uploaded run statistics report to AWS S3 
