[2016-12-21 17:31:22,700] multiqc                                            [DEBUG  ]  No MultiQC config found: /Users/philewels/mqc_nogit/MultiQC-0.9/multiqc_config.yaml
[2016-12-21 17:31:22,706] multiqc                                            [DEBUG  ]  Loading config settings from: /Users/philewels/.multiqc_config.yaml
[2016-12-21 17:31:22,706] multiqc                                            [DEBUG  ]  New config 'fastqc_config': {'fastqc_theoretical_gc': 'hg38_genome'}
[2016-12-21 17:31:22,706] multiqc                                            [DEBUG  ]  New config 'disable_ngi': True
[2016-12-21 17:31:22,706] multiqc                                            [DEBUG  ]  New config 'remote_port': 5912
[2016-12-21 17:31:22,706] multiqc                                            [DEBUG  ]  New config 'remote_destination': phil.ewels@tools.scilifelab.se:/home/phil.ewels/mqc_reports/
[2016-12-21 17:31:22,707] multiqc                                            [DEBUG  ]  New config 'fn_ignore_files': ['*biotype.featureCounts.txt.summary']
[2016-12-21 17:31:22,707] multiqc                                            [DEBUG  ]  New config 'fn_ignore_paths': ['*/piper_ngi/01_raw_alignments/*', '*/piper_ngi/02_preliminary_alignment_qc/*', '*/piper_ngi/03_genotype_concordance/*', '*/piper_ngi/04_merged_alignments/*']
[2016-12-21 17:31:22,707] multiqc                                            [DEBUG  ]  Added to filename clean extensions. Now looking for: ['_trimmed', '_val_1', '_val_2', '.bowtie_log', '.featureCounts', '.gz', '.fastq', '.fq', '.bam', '.sam', '.sra', '.vcf', '.dat', '_tophat', '.log', '.stderr', '.out', 'Log.final', 'ReadsPerGene', '.flagstat', '_star_aligned', '_fastqc', '.hicup', '.counts', '_counts', '.txt', '.aligned', 'Aligned', '.merge', '.deduplicated', '.dedup', '.clean', '.sorted', '.report', '| stdin', '.geneBodyCoverage', '.inner_distance_freq', '.junctionSaturation_plot.r', '.pos.DupRate.xls', '.GC.xls', '_slamdunk', '_bismark']
[2016-12-21 17:31:22,707] multiqc                                            [DEBUG  ]  No MultiQC config found: multiqc_config.yaml
[2016-12-21 17:31:22,707] multiqc                                            [DEBUG  ]  Command used: /Users/philewels/.miniconda/envs/work/bin/multiqc data/
[2016-12-21 17:31:22,707] multiqc                                            [DEBUG  ]  Could not connect to multiqc.info for version check
[2016-12-21 17:31:22,707] multiqc                                            [INFO   ]  This is MultiQC v0.9
[2016-12-21 17:31:22,707] multiqc                                            [DEBUG  ]  Command     : /Users/philewels/.miniconda/envs/work/bin/multiqc data/
[2016-12-21 17:31:22,707] multiqc                                            [DEBUG  ]  Working dir : /Users/philewels/GitHub/MultiQC_website/public_html/examples/bs-seq
[2016-12-21 17:31:22,707] multiqc                                            [INFO   ]  Template    : default
[2016-12-21 17:31:22,708] multiqc                                            [INFO   ]  Searching 'data/'
[2016-12-21 17:31:22,708] multiqc                                            [DEBUG  ]  Analysing modules: ngi_rnaseq, gatk, dupRadar, htseq, featureCounts_biotype, custom_content, peddy, quast, snpeff, qualimap, bcftools, featureCounts, methylQA, rseqc, picard, preseq, prokka, samblaster, samtools, bamtools, bismark, hicup, salmon, kallisto, slamdunk, star, tophat, bowtie2, bowtie1, cutadapt, trimmomatic, skewer, fastq_screen, fastqc
[2016-12-21 17:31:22,709] multiqc                                            [DEBUG  ]  Using temporary directory for creating report: /var/folders/12/35tfw0vd41v95nshdtbn10200002xs/T/tmpHW0jpA
[2016-12-21 17:31:22,770] multiqc.modules.ngi_rnaseq                         [DEBUG  ]  Could not find any reports in ('data/',)
[2016-12-21 17:31:23,136] multiqc.modules.gatk.gatk                          [DEBUG  ]  Could not find any reports in ('data/',)
[2016-12-21 17:31:23,161] multiqc                                            [DEBUG  ]  Could not find any reports in ('data/',)
[2016-12-21 17:31:23,310] multiqc.modules.htseq.htseq                        [DEBUG  ]  Could not find any reports in ('data/',)
[2016-12-21 17:31:23,336] multiqc                                            [DEBUG  ]  Could not find any reports in ('data/',)
[2016-12-21 17:31:23,360] multiqc.modules.custom_content.custom_content      [DEBUG  ]  No custom content found
[2016-12-21 17:31:23,411] multiqc.modules.peddy.peddy                        [DEBUG  ]  Could not find any reports in ('data/',)
[2016-12-21 17:31:23,432] multiqc.modules.quast.quast                        [DEBUG  ]  Could not find any reports in ('data/',)
[2016-12-21 17:31:23,589] multiqc.modules.snpeff.snpeff                      [DEBUG  ]  Could not find any data in ('data/',)
[2016-12-21 17:31:23,611] multiqc.modules.qualimap.QM_BamQC                  [DEBUG  ]  Using default Qualimap thresholds: 1, 5, 10, 30, 50
[2016-12-21 17:31:23,684] multiqc.modules.qualimap.qualimap                  [DEBUG  ]  Could not find any reports in ('data/',)
[2016-12-21 17:31:23,857] multiqc.modules.bcftools.bcftools                  [DEBUG  ]  Could not find any reports in ('data/',)
[2016-12-21 17:31:23,876] multiqc.modules.featureCounts.feature_counts       [DEBUG  ]  Could not find any reports in ('data/',)
[2016-12-21 17:31:23,893] multiqc.modules.methylQA.methylQA                  [DEBUG  ]  Could not find any reports in ('data/',)
[2016-12-21 17:31:24,595] multiqc.modules.rseqc.rseqc                        [DEBUG  ]  Could not find any reports in ('data/',)
[2016-12-21 17:31:25,882] multiqc.modules.picard.picard                      [DEBUG  ]  Could not find any reports in ('data/',)
[2016-12-21 17:31:26,117] multiqc.modules.preseq.preseq                      [DEBUG  ]  Could not find any preseq data in ('data/',)
[2016-12-21 17:31:26,294] multiqc.modules.prokka.prokka                      [DEBUG  ]  Could not find any Prokka data in ('data/',)
[2016-12-21 17:31:26,481] multiqc.modules.samblaster.samblaster              [DEBUG  ]  Could not find any data in ('data/',)
[2016-12-21 17:31:27,010] multiqc.modules.samtools.samtools                  [DEBUG  ]  Could not find any reports in ('data/',)
[2016-12-21 17:31:27,196] multiqc.modules.bamtools.bamtools                  [DEBUG  ]  Could not find any reports in ('data/',)
[2016-12-21 17:31:27,329] multiqc.modules.bismark.bismark                    [INFO   ]  Found 8 bismark alignment reports
[2016-12-21 17:31:27,331] multiqc.modules.bismark.bismark                    [INFO   ]  Found 8 bismark dedup reports
[2016-12-21 17:31:27,333] multiqc.modules.bismark.bismark                    [INFO   ]  Found 8 bismark methextract reports
[2016-12-21 17:31:27,364] multiqc.modules.hicup.hicup                        [DEBUG  ]  Could not find any HiCUP data in ('data/',)
[2016-12-21 17:31:27,399] multiqc.modules.salmon.salmon                      [DEBUG  ]  Could not find any Salmon data in ('data/',)
[2016-12-21 17:31:27,574] multiqc.modules.kallisto.kallisto                  [DEBUG  ]  Could not find any reports in ('data/',)
[2016-12-21 17:31:28,561] multiqc.modules.slamdunk.slamdunk                  [DEBUG  ]  No slamdunk reports found.
[2016-12-21 17:31:28,606] multiqc.modules.star.star                          [DEBUG  ]  Could not find any reports in ('data/',)
[2016-12-21 17:31:28,626] multiqc.modules.tophat.tophat                      [DEBUG  ]  Could not find any reports in ('data/',)
[2016-12-21 17:31:28,666] multiqc.modules.bowtie2.bowtie2                    [DEBUG  ]  Skipping "MethylC-Seq_mm_fc_1wk_SRR921768.sra_sra_bismark_clusterFlow.txt" as looks like a bismark log file (contains word "bisulfite")
[2016-12-21 17:31:28,701] multiqc.modules.bowtie2.bowtie2                    [DEBUG  ]  Skipping "MethylC-Seq_mm_fc_1wk_SRR921770.sra_sra_bismark_clusterFlow.txt" as looks like a bismark log file (contains word "bisulfite")
[2016-12-21 17:31:28,731] multiqc.modules.bowtie2.bowtie2                    [DEBUG  ]  Skipping "MethylC-Seq_mm_fc_2wk_SRR921694.sra_sra_bismark_clusterFlow.txt" as looks like a bismark log file (contains word "bisulfite")
[2016-12-21 17:31:28,774] multiqc.modules.bowtie2.bowtie2                    [DEBUG  ]  Skipping "MethylC-Seq_mm_fc_2wk_SRR921696.sra_sra_bismark_clusterFlow.txt" as looks like a bismark log file (contains word "bisulfite")
[2016-12-21 17:31:28,810] multiqc.modules.bowtie2.bowtie2                    [DEBUG  ]  Could not find any reports in ('data/',)
[2016-12-21 17:31:28,998] multiqc.modules.bowtie1.bowtie1                    [DEBUG  ]  Could not find any reports in ('data/',)
[2016-12-21 17:31:29,210] multiqc.modules.cutadapt.cutadapt                  [DEBUG  ]  Duplicate sample name found! Overwriting: MethylC-Seq_mm_fc_1wk_SRR921768_1
[2016-12-21 17:31:29,237] multiqc.modules.cutadapt.cutadapt                  [DEBUG  ]  Duplicate sample name found! Overwriting: MethylC-Seq_mm_fc_1wk_SRR921769_1
[2016-12-21 17:31:29,641] multiqc.modules.cutadapt.cutadapt                  [DEBUG  ]  Duplicate sample name found! Overwriting: MethylC-Seq_mm_fc_1wk_SRR921770_1
[2016-12-21 17:31:29,881] multiqc.modules.cutadapt.cutadapt                  [DEBUG  ]  Duplicate sample name found! Overwriting: MethylC-Seq_mm_fc_2wk_SRR921694_1
[2016-12-21 17:31:29,898] multiqc.modules.cutadapt.cutadapt                  [DEBUG  ]  Duplicate sample name found! Overwriting: MethylC-Seq_mm_fc_2wk_SRR921695_1
[2016-12-21 17:31:30,019] multiqc.modules.cutadapt.cutadapt                  [DEBUG  ]  Duplicate sample name found! Overwriting: MethylC-Seq_mm_fc_2wk_SRR921696_1
[2016-12-21 17:31:30,035] multiqc.modules.cutadapt.cutadapt                  [DEBUG  ]  Duplicate sample name found! Overwriting: MethylC-Seq_mm_fc_2wk_SRR921773_1
[2016-12-21 17:31:30,061] multiqc.modules.cutadapt.cutadapt                  [INFO   ]  Found 8 reports
[2016-12-21 17:31:30,244] multiqc.modules.trimmomatic.trimmomatic            [DEBUG  ]  Could not find any Trimmomatic data in ('data/',)
[2016-12-21 17:31:30,419] multiqc.modules.skewer.skewer                      [DEBUG  ]  Could not find any data in ('data/',)
[2016-12-21 17:31:30,449] multiqc.modules.fastq_screen.fastq_screen          [DEBUG  ]  Could not find any reports in ('data/',)
[2016-12-21 17:31:30,555] multiqc.modules.fastqc.fastqc                      [DEBUG  ]  Duplicate sample name found! Overwriting: MethylC-Seq_mm_fc_1wk_SRR921767_1
[2016-12-21 17:31:30,707] multiqc.modules.fastqc.fastqc                      [DEBUG  ]  Duplicate sample name found! Overwriting: MethylC-Seq_mm_fc_1wk_SRR921768_1
[2016-12-21 17:31:30,810] multiqc.modules.fastqc.fastqc                      [DEBUG  ]  Duplicate sample name found! Overwriting: MethylC-Seq_mm_fc_1wk_SRR921769_1
[2016-12-21 17:31:30,921] multiqc.modules.fastqc.fastqc                      [DEBUG  ]  Duplicate sample name found! Overwriting: MethylC-Seq_mm_fc_1wk_SRR921770_1
[2016-12-21 17:31:31,054] multiqc.modules.fastqc.fastqc                      [DEBUG  ]  Duplicate sample name found! Overwriting: MethylC-Seq_mm_fc_2wk_SRR921694_1
[2016-12-21 17:31:31,167] multiqc.modules.fastqc.fastqc                      [DEBUG  ]  Duplicate sample name found! Overwriting: MethylC-Seq_mm_fc_2wk_SRR921695_1
[2016-12-21 17:31:31,284] multiqc.modules.fastqc.fastqc                      [DEBUG  ]  Duplicate sample name found! Overwriting: MethylC-Seq_mm_fc_2wk_SRR921696_1
[2016-12-21 17:31:31,411] multiqc.modules.fastqc.fastqc                      [DEBUG  ]  Duplicate sample name found! Overwriting: MethylC-Seq_mm_fc_2wk_SRR921773_1
[2016-12-21 17:31:31,470] multiqc.modules.fastqc.fastqc                      [INFO   ]  Found 8 reports
[2016-12-21 17:31:31,997] multiqc                                            [DEBUG  ]  Running MultiQC_NGI v0.3 (after modules)
[2016-12-21 17:31:31,998] multiqc                                            [DEBUG  ]  Skipping MultiQC_NGI as specified in config file
[2016-12-21 17:31:31,998] multiqc                                            [INFO   ]  Report      : multiqc_report.html
[2016-12-21 17:31:31,998] multiqc                                            [INFO   ]  Data        : multiqc_data
[2016-12-21 17:31:31,998] multiqc                                            [DEBUG  ]  Moving data file from '/var/folders/12/35tfw0vd41v95nshdtbn10200002xs/T/tmpHW0jpA/multiqc_data/multiqc_bismark_alignment.txt' to '/Users/philewels/GitHub/MultiQC_website/public_html/examples/bs-seq/multiqc_data'
[2016-12-21 17:31:31,999] multiqc                                            [DEBUG  ]  Moving data file from '/var/folders/12/35tfw0vd41v95nshdtbn10200002xs/T/tmpHW0jpA/multiqc_data/multiqc_bismark_dedup.txt' to '/Users/philewels/GitHub/MultiQC_website/public_html/examples/bs-seq/multiqc_data'
[2016-12-21 17:31:31,999] multiqc                                            [DEBUG  ]  Moving data file from '/var/folders/12/35tfw0vd41v95nshdtbn10200002xs/T/tmpHW0jpA/multiqc_data/multiqc_bismark_methextract.txt' to '/Users/philewels/GitHub/MultiQC_website/public_html/examples/bs-seq/multiqc_data'
[2016-12-21 17:31:31,999] multiqc                                            [DEBUG  ]  Moving data file from '/var/folders/12/35tfw0vd41v95nshdtbn10200002xs/T/tmpHW0jpA/multiqc_data/multiqc_cutadapt.txt' to '/Users/philewels/GitHub/MultiQC_website/public_html/examples/bs-seq/multiqc_data'
[2016-12-21 17:31:31,999] multiqc                                            [DEBUG  ]  Moving data file from '/var/folders/12/35tfw0vd41v95nshdtbn10200002xs/T/tmpHW0jpA/multiqc_data/multiqc_fastqc.txt' to '/Users/philewels/GitHub/MultiQC_website/public_html/examples/bs-seq/multiqc_data'
[2016-12-21 17:31:32,000] multiqc                                            [DEBUG  ]  Moving data file from '/var/folders/12/35tfw0vd41v95nshdtbn10200002xs/T/tmpHW0jpA/multiqc_data/multiqc_general_stats.txt' to '/Users/philewels/GitHub/MultiQC_website/public_html/examples/bs-seq/multiqc_data'
[2016-12-21 17:31:32,000] multiqc                                            [DEBUG  ]  Moving data file from '/var/folders/12/35tfw0vd41v95nshdtbn10200002xs/T/tmpHW0jpA/multiqc_data/multiqc_sources.txt' to '/Users/philewels/GitHub/MultiQC_website/public_html/examples/bs-seq/multiqc_data'
[2016-12-21 17:31:32,208] multiqc                                            [DEBUG  ]  Running MultiQC_NGI v0.3 (after execution finish)
[2016-12-21 17:31:32,208] multiqc                                            [INFO   ]  MultiQC complete
