SLF4J: Class path contains multiple SLF4J bindings.
SLF4J: Found binding in [jar:file:/apus/v1/a2014205/software/piper_bin/Piper/Piper-v1.3.0/lib/GenomeAnalysisTK.jar!/org/slf4j/impl/StaticLoggerBinder.class]
SLF4J: Found binding in [jar:file:/apus/v1/a2014205/software/piper_bin/Piper/Piper-v1.3.0/lib/Queue.jar!/org/slf4j/impl/StaticLoggerBinder.class]
SLF4J: See http://www.slf4j.org/codes.html#multiple_bindings for an explanation.
INFO  17:17:37,089 HelpFormatter - -------------------------------------------------------------------------------- 
INFO  17:17:37,090 HelpFormatter - The Genome Analysis Toolkit (GATK) v3.3-0-geee94ec, Compiled 2015/12/17 12:33:03 
INFO  17:17:37,091 HelpFormatter - Copyright (c) 2010 The Broad Institute 
INFO  17:17:37,091 HelpFormatter - For support and documentation go to http://www.broadinstitute.org/gatk 
INFO  17:17:37,095 HelpFormatter - Program Args: -T ApplyRecalibration -R /proj/a2014205/piper_references/gatk_bundle/2.8/b37/human_g1k_v37.fasta -input /scratch/108825/ANALYSIS/P4107/piper_ngi/07_variant_calls/P4107_1002.clean.dedup.recal.bam.raw.snp.vcf.gz -recalFile /scratch/108825/ANALYSIS/P4107/piper_ngi/07_variant_calls/P4107_1002.clean.dedup.recal.bam.snp.tranches.recal -tranchesFile /scratch/108825/ANALYSIS/P4107/piper_ngi/07_variant_calls/P4107_1002.clean.dedup.recal.bam.snp.tranches -o /scratch/108825/ANALYSIS/P4107/piper_ngi/07_variant_calls/P4107_1002.clean.dedup.recal.bam.recalibrated.snp.vcf.gz -mode SNP 
INFO  17:17:37,100 HelpFormatter - Executing as funk_002@n28.uppmax.uu.se on Linux 2.6.32-573.18.1.el6.x86_64 amd64; Java HotSpot(TM) 64-Bit Server VM 1.7.0_25-b15. 
INFO  17:17:37,101 HelpFormatter - Date/Time: 2016/02/24 17:17:37 
INFO  17:17:37,101 HelpFormatter - -------------------------------------------------------------------------------- 
INFO  17:17:37,101 HelpFormatter - -------------------------------------------------------------------------------- 
INFO  17:17:37,210 GenomeAnalysisEngine - Strictness is SILENT 
INFO  17:17:37,310 GenomeAnalysisEngine - Downsampling Settings: Method: BY_SAMPLE, Target Coverage: 1000 
WARN  17:17:37,600 IndexDictionaryUtils - Track input doesn't have a sequence dictionary built in, skipping dictionary validation 
INFO  17:17:37,660 GenomeAnalysisEngine - Preparing for traversal 
INFO  17:17:37,677 GenomeAnalysisEngine - Done preparing for traversal 
INFO  17:17:37,677 ProgressMeter - [INITIALIZATION COMPLETE; STARTING PROCESSING] 
INFO  17:17:37,677 ProgressMeter -                 | processed |    time |    per 1M |           |   total | remaining 
INFO  17:17:37,678 ProgressMeter -        Location |     sites | elapsed |     sites | completed | runtime |   runtime 
INFO  17:17:37,704 ApplyRecalibration - Keeping all variants with VQSLOD >= 0.0 
INFO  17:18:07,681 ProgressMeter -      3:45373208    694248.0    30.0 s      43.0 s       17.3%     2.9 m       2.4 m 
INFO  17:18:37,683 ProgressMeter -      6:32552029   1468113.0    60.0 s      40.0 s       35.3%     2.8 m     109.0 s 
INFO  17:19:07,684 ProgressMeter -     9:117405189   2250282.0    90.0 s      39.0 s       53.4%     2.8 m      78.0 s 
INFO  17:19:37,685 ProgressMeter -     14:37575432   3031378.0   120.0 s      39.0 s       72.1%     2.8 m      46.0 s 
INFO  17:20:07,685 ProgressMeter -     21:23325646   3806151.0     2.5 m      39.0 s       90.4%     2.8 m      15.0 s 
INFO  17:20:18,278 ProgressMeter -            done   4065934.0     2.7 m      39.0 s      100.0%     2.7 m       0.0 s 
INFO  17:20:18,279 ProgressMeter - Total runtime 160.60 secs, 2.68 min, 0.04 hours 
INFO  17:20:20,171 GATKRunReport - Uploaded run statistics report to AWS S3 
