SLF4J: Class path contains multiple SLF4J bindings.
SLF4J: Found binding in [jar:file:/apus/v1/a2014205/software/piper_bin/Piper/Piper-v1.3.0/lib/GenomeAnalysisTK.jar!/org/slf4j/impl/StaticLoggerBinder.class]
SLF4J: Found binding in [jar:file:/apus/v1/a2014205/software/piper_bin/Piper/Piper-v1.3.0/lib/Queue.jar!/org/slf4j/impl/StaticLoggerBinder.class]
SLF4J: See http://www.slf4j.org/codes.html#multiple_bindings for an explanation.
INFO  16:44:14,809 HelpFormatter - -------------------------------------------------------------------------------- 
INFO  16:44:14,812 HelpFormatter - The Genome Analysis Toolkit (GATK) v3.3-0-geee94ec, Compiled 2015/12/17 12:33:03 
INFO  16:44:14,812 HelpFormatter - Copyright (c) 2010 The Broad Institute 
INFO  16:44:14,812 HelpFormatter - For support and documentation go to http://www.broadinstitute.org/gatk 
INFO  16:44:14,816 HelpFormatter - Program Args: -T VariantRecalibrator -R /proj/a2014205/piper_references/gatk_bundle/2.8/b37/human_g1k_v37.fasta -nt 16 -mode SNP -input /scratch/108825/ANALYSIS/P4107/piper_ngi/07_variant_calls/P4107_1002.clean.dedup.recal.bam.raw.snp.vcf.gz -resource:known=false,training=true,truth=true,prior=15.0 /proj/a2014205/piper_references/gatk_bundle/2.8/b37/hapmap_3.3.b37.vcf -resource:known=false,training=true,truth=true,prior=12.0 /proj/a2014205/piper_references/gatk_bundle/2.8/b37/1000G_omni2.5.b37.vcf -resource:known=false,training=true,truth=false,prior=10.0 /proj/a2014205/piper_references/gatk_bundle/2.8/b37/1000G_phase1.snps.high_confidence.b37.vcf -resource:known=true,training=false,truth=false,prior=2.0 /proj/a2014205/piper_references/gatk_bundle/2.8/b37/dbsnp_138.b37.vcf -recalFile /scratch/108825/ANALYSIS/P4107/piper_ngi/07_variant_calls/P4107_1002.clean.dedup.recal.bam.snp.tranches.recal -tranchesFile /scratch/108825/ANALYSIS/P4107/piper_ngi/07_variant_calls/P4107_1002.clean.dedup.recal.bam.snp.tranches -an QD -an MQ -an MQRankSum -an ReadPosRankSum -an FS -an SOR -an DP -tranche 100.0 -tranche 99.9 -tranche 99.0 -tranche 90.0 -rscriptFile /scratch/108825/ANALYSIS/P4107/piper_ngi/07_variant_calls/P4107_1002.clean.dedup.recal.bam.snp.vqsr.r -allPoly 
INFO  16:44:14,821 HelpFormatter - Executing as funk_002@n28.uppmax.uu.se on Linux 2.6.32-573.18.1.el6.x86_64 amd64; Java HotSpot(TM) 64-Bit Server VM 1.7.0_25-b15. 
INFO  16:44:14,821 HelpFormatter - Date/Time: 2016/02/24 16:44:14 
INFO  16:44:14,821 HelpFormatter - -------------------------------------------------------------------------------- 
INFO  16:44:14,821 HelpFormatter - -------------------------------------------------------------------------------- 
INFO  16:44:15,066 GenomeAnalysisEngine - Strictness is SILENT 
INFO  16:44:15,163 GenomeAnalysisEngine - Downsampling Settings: Method: BY_SAMPLE, Target Coverage: 1000 
WARN  16:44:16,020 IndexDictionaryUtils - Track input doesn't have a sequence dictionary built in, skipping dictionary validation 
INFO  16:44:16,035 MicroScheduler - Running the GATK in parallel mode with 16 total threads, 1 CPU thread(s) for each of 16 data thread(s), of 16 processors available on this machine 
INFO  16:44:16,102 GenomeAnalysisEngine - Preparing for traversal 
INFO  16:44:16,117 GenomeAnalysisEngine - Done preparing for traversal 
INFO  16:44:16,117 ProgressMeter - [INITIALIZATION COMPLETE; STARTING PROCESSING] 
INFO  16:44:16,118 ProgressMeter -                 | processed |    time |    per 1M |           |   total | remaining 
INFO  16:44:16,119 ProgressMeter -        Location |     sites | elapsed |     sites | completed | runtime |   runtime 
INFO  16:44:16,142 TrainingSet - Found resource track: 	Known = false 	Training = true 	Truth = true 	Prior = Q15.0 
INFO  16:44:16,142 TrainingSet - Found resource2 track: 	Known = false 	Training = true 	Truth = true 	Prior = Q12.0 
INFO  16:44:16,142 TrainingSet - Found resource3 track: 	Known = false 	Training = true 	Truth = false 	Prior = Q10.0 
INFO  16:44:16,142 TrainingSet - Found resource4 track: 	Known = true 	Training = false 	Truth = false 	Prior = Q2.0 
INFO  16:44:46,773 ProgressMeter -     1:115026050   2427268.0    30.0 s      12.0 s        3.7%    13.5 m      13.0 m 
INFO  16:45:16,887 ProgressMeter -      6:82280232   2.6193047E7    60.0 s       2.0 s       36.9%     2.7 m     102.0 s 
INFO  16:45:46,888 ProgressMeter -     13:82007564   4.954975E7    90.0 s       1.0 s       69.9%     2.1 m      38.0 s 
INFO  16:46:12,951 VariantDataManager - QD: 	 mean = 20.23	 standard deviation = 9.51 
INFO  16:46:13,381 VariantDataManager - MQ: 	 mean = 59.92	 standard deviation = 0.93 
INFO  16:46:13,816 VariantDataManager - MQRankSum: 	 mean = -0.02	 standard deviation = 0.93 
INFO  16:46:14,357 VariantDataManager - ReadPosRankSum: 	 mean = 0.33	 standard deviation = 0.96 
INFO  16:46:14,900 VariantDataManager - FS: 	 mean = 1.93	 standard deviation = 3.39 
INFO  16:46:15,333 VariantDataManager - SOR: 	 mean = 0.94	 standard deviation = 0.44 
INFO  16:46:15,764 VariantDataManager - DP: 	 mean = 36.78	 standard deviation = 7.90 
INFO  16:46:16,889 ProgressMeter - GL000192.1:543579   6.8397867E7   120.0 s       1.0 s      100.0%   120.0 s       0.0 s 
INFO  16:46:18,347 VariantDataManager - Annotations are now ordered by their information content: [MQ, DP, QD, MQRankSum, FS, ReadPosRankSum, SOR] 
INFO  16:46:18,533 VariantDataManager - Training with 3137559 variants after standard deviation thresholding. 
WARN  16:46:18,533 VariantDataManager - WARNING: Very large training set detected. Downsampling to 2500000 training variants. 
INFO  16:46:18,672 GaussianMixtureModel - Initializing model with 100 k-means iterations... 
INFO  16:46:46,890 ProgressMeter - GL000192.1:543579   6.8397867E7     2.5 m       2.0 s      100.0%     2.5 m       0.0 s 
INFO  16:47:16,891 ProgressMeter - GL000192.1:543579   6.8397867E7     3.0 m       2.0 s      100.0%     3.0 m       0.0 s 
INFO  16:47:46,892 ProgressMeter - GL000192.1:543579   6.8397867E7     3.5 m       3.0 s      100.0%     3.5 m       0.0 s 
INFO  16:48:16,893 ProgressMeter - GL000192.1:543579   6.8397867E7     4.0 m       3.0 s      100.0%     4.0 m       0.0 s 
INFO  16:48:46,894 ProgressMeter - GL000192.1:543579   6.8397867E7     4.5 m       3.0 s      100.0%     4.5 m       0.0 s 
INFO  16:49:16,895 ProgressMeter - GL000192.1:543579   6.8397867E7     5.0 m       4.0 s      100.0%     5.0 m       0.0 s 
INFO  16:49:46,897 ProgressMeter - GL000192.1:543579   6.8397867E7     5.5 m       4.0 s      100.0%     5.5 m       0.0 s 
INFO  16:50:16,898 ProgressMeter - GL000192.1:543579   6.8397867E7     6.0 m       5.0 s      100.0%     6.0 m       0.0 s 
INFO  16:50:46,899 ProgressMeter - GL000192.1:543579   6.8397867E7     6.5 m       5.0 s      100.0%     6.5 m       0.0 s 
INFO  16:51:16,900 ProgressMeter - GL000192.1:543579   6.8397867E7     7.0 m       6.0 s      100.0%     7.0 m       0.0 s 
INFO  16:51:46,901 ProgressMeter - GL000192.1:543579   6.8397867E7     7.5 m       6.0 s      100.0%     7.5 m       0.0 s 
INFO  16:51:51,927 VariantRecalibratorEngine - Finished iteration 0. 
INFO  16:52:16,903 ProgressMeter - GL000192.1:543579   6.8397867E7     8.0 m       7.0 s      100.0%     8.0 m       0.0 s 
INFO  16:52:46,904 ProgressMeter - GL000192.1:543579   6.8397867E7     8.5 m       7.0 s      100.0%     8.5 m       0.0 s 
INFO  16:53:16,905 ProgressMeter - GL000192.1:543579   6.8397867E7     9.0 m       7.0 s      100.0%     9.0 m       0.0 s 
INFO  16:53:46,906 ProgressMeter - GL000192.1:543579   6.8397867E7     9.5 m       8.0 s      100.0%     9.5 m       0.0 s 
INFO  16:54:01,868 VariantRecalibratorEngine - Finished iteration 5. 	Current change in mixture coefficients = 1.93110 
INFO  16:54:16,907 ProgressMeter - GL000192.1:543579   6.8397867E7    10.0 m       8.0 s      100.0%    10.0 m       0.0 s 
INFO  16:54:46,909 ProgressMeter - GL000192.1:543579   6.8397867E7    10.5 m       9.0 s      100.0%    10.5 m       0.0 s 
INFO  16:55:16,910 ProgressMeter - GL000192.1:543579   6.8397867E7    11.0 m       9.0 s      100.0%    11.0 m       0.0 s 
INFO  16:55:46,911 ProgressMeter - GL000192.1:543579   6.8397867E7    11.5 m      10.0 s      100.0%    11.5 m       0.0 s 
INFO  16:56:09,944 VariantRecalibratorEngine - Finished iteration 10. 	Current change in mixture coefficients = 0.16843 
INFO  16:56:16,912 ProgressMeter - GL000192.1:543579   6.8397867E7    12.0 m      10.0 s      100.0%    12.0 m       0.0 s 
INFO  16:56:46,914 ProgressMeter - GL000192.1:543579   6.8397867E7    12.5 m      10.0 s      100.0%    12.5 m       0.0 s 
INFO  16:57:16,915 ProgressMeter - GL000192.1:543579   6.8397867E7    13.0 m      11.0 s      100.0%    13.0 m       0.0 s 
INFO  16:57:46,916 ProgressMeter - GL000192.1:543579   6.8397867E7    13.5 m      11.0 s      100.0%    13.5 m       0.0 s 
INFO  16:58:16,917 ProgressMeter - GL000192.1:543579   6.8397867E7    14.0 m      12.0 s      100.0%    14.0 m       0.0 s 
INFO  16:58:18,267 VariantRecalibratorEngine - Finished iteration 15. 	Current change in mixture coefficients = 0.07314 
INFO  16:58:46,918 ProgressMeter - GL000192.1:543579   6.8397867E7    14.5 m      12.0 s      100.0%    14.5 m       0.0 s 
INFO  16:59:16,920 ProgressMeter - GL000192.1:543579   6.8397867E7    15.0 m      13.0 s      100.0%    15.0 m       0.0 s 
INFO  16:59:46,921 ProgressMeter - GL000192.1:543579   6.8397867E7    15.5 m      13.0 s      100.0%    15.5 m       0.0 s 
INFO  17:00:16,922 ProgressMeter - GL000192.1:543579   6.8397867E7    16.0 m      14.0 s      100.0%    16.0 m       0.0 s 
INFO  17:00:27,132 VariantRecalibratorEngine - Finished iteration 20. 	Current change in mixture coefficients = 0.01906 
INFO  17:00:46,923 ProgressMeter - GL000192.1:543579   6.8397867E7    16.5 m      14.0 s      100.0%    16.5 m       0.0 s 
INFO  17:01:16,925 ProgressMeter - GL000192.1:543579   6.8397867E7    17.0 m      14.0 s      100.0%    17.0 m       0.0 s 
INFO  17:01:46,926 ProgressMeter - GL000192.1:543579   6.8397867E7    17.5 m      15.0 s      100.0%    17.5 m       0.0 s 
INFO  17:02:16,927 ProgressMeter - GL000192.1:543579   6.8397867E7    18.0 m      15.0 s      100.0%    18.0 m       0.0 s 
INFO  17:02:35,664 VariantRecalibratorEngine - Finished iteration 25. 	Current change in mixture coefficients = 0.01114 
INFO  17:02:46,928 ProgressMeter - GL000192.1:543579   6.8397867E7    18.5 m      16.0 s      100.0%    18.5 m       0.0 s 
INFO  17:03:16,929 ProgressMeter - GL000192.1:543579   6.8397867E7    19.0 m      16.0 s      100.0%    19.0 m       0.0 s 
INFO  17:03:46,931 ProgressMeter - GL000192.1:543579   6.8397867E7    19.5 m      17.0 s      100.0%    19.5 m       0.0 s 
INFO  17:04:16,932 ProgressMeter - GL000192.1:543579   6.8397867E7    20.0 m      17.0 s      100.0%    20.0 m       0.0 s 
INFO  17:04:43,520 VariantRecalibratorEngine - Finished iteration 30. 	Current change in mixture coefficients = 0.00794 
INFO  17:04:46,933 ProgressMeter - GL000192.1:543579   6.8397867E7    20.5 m      17.0 s      100.0%    20.5 m       0.0 s 
INFO  17:05:16,934 ProgressMeter - GL000192.1:543579   6.8397867E7    21.0 m      18.0 s      100.0%    21.0 m       0.0 s 
INFO  17:05:46,935 ProgressMeter - GL000192.1:543579   6.8397867E7    21.5 m      18.0 s      100.0%    21.5 m       0.0 s 
INFO  17:06:16,936 ProgressMeter - GL000192.1:543579   6.8397867E7    22.0 m      19.0 s      100.0%    22.0 m       0.0 s 
INFO  17:06:46,938 ProgressMeter - GL000192.1:543579   6.8397867E7    22.5 m      19.0 s      100.0%    22.5 m       0.0 s 
INFO  17:06:52,018 VariantRecalibratorEngine - Finished iteration 35. 	Current change in mixture coefficients = 0.01046 
INFO  17:07:16,939 ProgressMeter - GL000192.1:543579   6.8397867E7    23.0 m      20.0 s      100.0%    23.0 m       0.0 s 
INFO  17:07:46,940 ProgressMeter - GL000192.1:543579   6.8397867E7    23.5 m      20.0 s      100.0%    23.5 m       0.0 s 
INFO  17:08:16,941 ProgressMeter - GL000192.1:543579   6.8397867E7    24.0 m      21.0 s      100.0%    24.0 m       0.0 s 
INFO  17:08:46,942 ProgressMeter - GL000192.1:543579   6.8397867E7    24.5 m      21.0 s      100.0%    24.5 m       0.0 s 
INFO  17:08:59,124 VariantRecalibratorEngine - Finished iteration 40. 	Current change in mixture coefficients = 0.00773 
INFO  17:09:16,944 ProgressMeter - GL000192.1:543579   6.8397867E7    25.0 m      21.0 s      100.0%    25.0 m       0.0 s 
INFO  17:09:46,945 ProgressMeter - GL000192.1:543579   6.8397867E7    25.5 m      22.0 s      100.0%    25.5 m       0.0 s 
INFO  17:10:16,946 ProgressMeter - GL000192.1:543579   6.8397867E7    26.0 m      22.0 s      100.0%    26.0 m       0.0 s 
INFO  17:10:46,947 ProgressMeter - GL000192.1:543579   6.8397867E7    26.5 m      23.0 s      100.0%    26.5 m       0.0 s 
INFO  17:11:06,229 VariantRecalibratorEngine - Finished iteration 45. 	Current change in mixture coefficients = 0.00149 
INFO  17:11:06,229 VariantRecalibratorEngine - Convergence after 45 iterations! 
INFO  17:11:16,948 ProgressMeter - GL000192.1:543579   6.8397867E7    27.0 m      23.0 s      100.0%    27.0 m       0.0 s 
INFO  17:11:24,485 VariantRecalibratorEngine - Evaluating full set of 4065934 variants... 
INFO  17:11:46,950 ProgressMeter - GL000192.1:543579   6.8397867E7    27.5 m      24.0 s      100.0%    27.5 m       0.0 s 
INFO  17:12:16,951 ProgressMeter - GL000192.1:543579   6.8397867E7    28.0 m      24.0 s      100.0%    28.0 m       0.0 s 
INFO  17:12:46,952 ProgressMeter - GL000192.1:543579   6.8397867E7    28.5 m      25.0 s      100.0%    28.5 m       0.0 s 
INFO  17:13:16,953 ProgressMeter - GL000192.1:543579   6.8397867E7    29.0 m      25.0 s      100.0%    29.0 m       0.0 s 
INFO  17:13:46,954 ProgressMeter - GL000192.1:543579   6.8397867E7    29.5 m      25.0 s      100.0%    29.5 m       0.0 s 
INFO  17:14:03,343 VariantDataManager - Training with worst 303170 scoring variants --> variants with LOD <= -5.0000. 
INFO  17:14:03,343 GaussianMixtureModel - Initializing model with 100 k-means iterations... 
INFO  17:14:15,785 VariantRecalibratorEngine - Finished iteration 0. 
INFO  17:14:16,955 ProgressMeter - GL000192.1:543579   6.8397867E7    30.0 m      26.0 s      100.0%    30.0 m       0.0 s 
INFO  17:14:17,806 VariantRecalibratorEngine - Convergence after 3 iterations! 
INFO  17:14:18,365 VariantRecalibratorEngine - Evaluating full set of 4065934 variants... 
INFO  17:14:46,957 ProgressMeter - GL000192.1:543579   6.8397867E7    30.5 m      26.0 s      100.0%    30.5 m       0.0 s 
INFO  17:15:16,958 ProgressMeter - GL000192.1:543579   6.8397867E7    31.0 m      27.0 s      100.0%    31.0 m       0.0 s 
INFO  17:15:46,959 ProgressMeter - GL000192.1:543579   6.8397867E7    31.5 m      27.0 s      100.0%    31.5 m       0.0 s 
INFO  17:16:04,269 TrancheManager - Finding 4 tranches for 4065934 variants 
INFO  17:16:07,146 TrancheManager -   Tranche threshold 100.00 => selection metric threshold 0.000 
INFO  17:16:07,634 TrancheManager -   Found tranche for 100.000: 0.000 threshold starting with variant 0; running score is 0.000  
INFO  17:16:07,634 TrancheManager -   Tranche is Tranche ts=100.00 minVQSLod=-39440.6223 known=(3872890 @ 2.0232) novel=(193044 @ 1.4000) truthSites(1755818 accessible, 1755818 called), name=anonymous] 
INFO  17:16:07,635 TrancheManager -   Tranche threshold 99.90 => selection metric threshold 0.001 
INFO  17:16:08,138 TrancheManager -   Found tranche for 99.900: 0.001 threshold starting with variant 270793; running score is 0.001  
INFO  17:16:08,138 TrancheManager -   Tranche is Tranche ts=99.90 minVQSLod=-4.2119 known=(3686190 @ 2.0492) novel=(108951 @ 1.4463) truthSites(1755818 accessible, 1754062 called), name=anonymous] 
INFO  17:16:08,138 TrancheManager -   Tranche threshold 99.00 => selection metric threshold 0.010 
INFO  17:16:08,605 TrancheManager -   Found tranche for 99.000: 0.010 threshold starting with variant 672416; running score is 0.010  
INFO  17:16:08,605 TrancheManager -   Tranche is Tranche ts=99.00 minVQSLod=1.2438 known=(3352785 @ 2.0720) novel=(40733 @ 1.4842) truthSites(1755818 accessible, 1738259 called), name=anonymous] 
INFO  17:16:08,606 TrancheManager -   Tranche threshold 90.00 => selection metric threshold 0.100 
INFO  17:16:09,062 TrancheManager -   Found tranche for 90.000: 0.100 threshold starting with variant 1437718; running score is 0.100  
INFO  17:16:09,062 TrancheManager -   Tranche is Tranche ts=90.00 minVQSLod=16.9059 known=(2623428 @ 2.1180) novel=(4788 @ 1.7186) truthSites(1755818 accessible, 1580236 called), name=anonymous] 
INFO  17:16:09,064 VariantRecalibrator - Writing out recalibration table... 
INFO  17:16:16,960 ProgressMeter - GL000192.1:543579   6.8397867E7    32.0 m      28.0 s      100.0%    32.0 m       0.0 s 
INFO  17:16:37,500 VariantRecalibrator - Writing out visualization Rscript file... 
INFO  17:16:37,753 VariantRecalibrator - Building MQ x DP plot... 
INFO  17:16:37,758 VariantRecalibratorEngine - Evaluating full set of 3721 variants... 
INFO  17:16:38,451 VariantRecalibratorEngine - Evaluating full set of 3721 variants... 
INFO  17:16:38,851 VariantRecalibrator - Building MQ x QD plot... 
INFO  17:16:38,853 VariantRecalibratorEngine - Evaluating full set of 3660 variants... 
INFO  17:16:39,536 VariantRecalibratorEngine - Evaluating full set of 3660 variants... 
INFO  17:16:39,888 VariantRecalibrator - Building MQ x MQRankSum plot... 
INFO  17:16:39,889 VariantRecalibratorEngine - Evaluating full set of 3721 variants... 
INFO  17:16:40,584 VariantRecalibratorEngine - Evaluating full set of 3721 variants... 
INFO  17:16:40,937 VariantRecalibrator - Building MQ x FS plot... 
INFO  17:16:40,938 VariantRecalibratorEngine - Evaluating full set of 3721 variants... 
INFO  17:16:41,610 VariantRecalibratorEngine - Evaluating full set of 3721 variants... 
INFO  17:16:41,965 VariantRecalibrator - Building MQ x ReadPosRankSum plot... 
INFO  17:16:41,966 VariantRecalibratorEngine - Evaluating full set of 3660 variants... 
INFO  17:16:42,649 VariantRecalibratorEngine - Evaluating full set of 3660 variants... 
INFO  17:16:42,997 VariantRecalibrator - Building MQ x SOR plot... 
INFO  17:16:42,998 VariantRecalibratorEngine - Evaluating full set of 3721 variants... 
INFO  17:16:43,688 VariantRecalibratorEngine - Evaluating full set of 3721 variants... 
INFO  17:16:44,041 VariantRecalibrator - Building DP x QD plot... 
INFO  17:16:44,041 VariantRecalibratorEngine - Evaluating full set of 3660 variants... 
INFO  17:16:44,728 VariantRecalibratorEngine - Evaluating full set of 3660 variants... 
INFO  17:16:45,076 VariantRecalibrator - Building DP x MQRankSum plot... 
INFO  17:16:45,077 VariantRecalibratorEngine - Evaluating full set of 3721 variants... 
INFO  17:16:45,774 VariantRecalibratorEngine - Evaluating full set of 3721 variants... 
INFO  17:16:46,126 VariantRecalibrator - Building DP x FS plot... 
INFO  17:16:46,127 VariantRecalibratorEngine - Evaluating full set of 3721 variants... 
INFO  17:16:46,804 VariantRecalibratorEngine - Evaluating full set of 3721 variants... 
INFO  17:16:46,995 ProgressMeter - GL000192.1:543579   6.8397867E7    32.5 m      28.0 s      100.0%    32.5 m       0.0 s 
INFO  17:16:47,158 VariantRecalibrator - Building DP x ReadPosRankSum plot... 
INFO  17:16:47,159 VariantRecalibratorEngine - Evaluating full set of 3660 variants... 
INFO  17:16:47,846 VariantRecalibratorEngine - Evaluating full set of 3660 variants... 
INFO  17:16:48,195 VariantRecalibrator - Building DP x SOR plot... 
INFO  17:16:48,196 VariantRecalibratorEngine - Evaluating full set of 3721 variants... 
INFO  17:16:48,897 VariantRecalibratorEngine - Evaluating full set of 3721 variants... 
INFO  17:16:49,250 VariantRecalibrator - Building QD x MQRankSum plot... 
INFO  17:16:49,250 VariantRecalibratorEngine - Evaluating full set of 3660 variants... 
INFO  17:16:49,937 VariantRecalibratorEngine - Evaluating full set of 3660 variants... 
INFO  17:16:50,285 VariantRecalibrator - Building QD x FS plot... 
INFO  17:16:50,286 VariantRecalibratorEngine - Evaluating full set of 3660 variants... 
INFO  17:16:50,952 VariantRecalibratorEngine - Evaluating full set of 3660 variants... 
INFO  17:16:51,302 VariantRecalibrator - Building QD x ReadPosRankSum plot... 
INFO  17:16:51,303 VariantRecalibratorEngine - Evaluating full set of 3600 variants... 
INFO  17:16:51,977 VariantRecalibratorEngine - Evaluating full set of 3600 variants... 
INFO  17:16:52,320 VariantRecalibrator - Building QD x SOR plot... 
INFO  17:16:52,321 VariantRecalibratorEngine - Evaluating full set of 3660 variants... 
INFO  17:16:53,006 VariantRecalibratorEngine - Evaluating full set of 3660 variants... 
INFO  17:16:53,353 VariantRecalibrator - Building MQRankSum x FS plot... 
INFO  17:16:53,354 VariantRecalibratorEngine - Evaluating full set of 3721 variants... 
INFO  17:16:54,031 VariantRecalibratorEngine - Evaluating full set of 3721 variants... 
INFO  17:16:54,385 VariantRecalibrator - Building MQRankSum x ReadPosRankSum plot... 
INFO  17:16:54,386 VariantRecalibratorEngine - Evaluating full set of 3660 variants... 
INFO  17:16:55,072 VariantRecalibratorEngine - Evaluating full set of 3660 variants... 
INFO  17:16:55,419 VariantRecalibrator - Building MQRankSum x SOR plot... 
INFO  17:16:55,420 VariantRecalibratorEngine - Evaluating full set of 3721 variants... 
INFO  17:16:56,116 VariantRecalibratorEngine - Evaluating full set of 3721 variants... 
INFO  17:16:56,469 VariantRecalibrator - Building FS x ReadPosRankSum plot... 
INFO  17:16:56,470 VariantRecalibratorEngine - Evaluating full set of 3660 variants... 
INFO  17:16:57,137 VariantRecalibratorEngine - Evaluating full set of 3660 variants... 
INFO  17:16:57,486 VariantRecalibrator - Building FS x SOR plot... 
INFO  17:16:57,487 VariantRecalibratorEngine - Evaluating full set of 3721 variants... 
INFO  17:16:58,158 VariantRecalibratorEngine - Evaluating full set of 3721 variants... 
INFO  17:16:58,512 VariantRecalibrator - Building ReadPosRankSum x SOR plot... 
INFO  17:16:58,513 VariantRecalibratorEngine - Evaluating full set of 3660 variants... 
INFO  17:16:59,198 VariantRecalibratorEngine - Evaluating full set of 3660 variants... 
INFO  17:16:59,546 VariantRecalibrator - Executing: Rscript /scratch/108825/ANALYSIS/P4107/piper_ngi/07_variant_calls/P4107_1002.clean.dedup.recal.bam.snp.vqsr.r 
WARN  17:17:02,457 RScriptExecutor - RScript exited with 1. Run with -l DEBUG for more info. 
INFO  17:17:02,461 VariantRecalibrator - Executing: Rscript (resource)org/broadinstitute/gatk/tools/walkers/variantrecalibration/plot_Tranches.R /scratch/108825/ANALYSIS/P4107/piper_ngi/07_variant_calls/P4107_1002.clean.dedup.recal.bam.snp.tranches 2.15 
INFO  17:17:16,996 ProgressMeter - GL000192.1:543579   6.8397867E7    33.0 m      28.0 s      100.0%    33.0 m       0.0 s 
INFO  17:17:22,366 ProgressMeter -            done   6.8407004E7    33.1 m      29.0 s      100.0%    33.1 m       0.0 s 
INFO  17:17:22,366 ProgressMeter - Total runtime 1986.25 secs, 33.10 min, 0.55 hours 
INFO  17:17:30,632 GATKRunReport - Uploaded run statistics report to AWS S3 
