SLF4J: Class path contains multiple SLF4J bindings.
SLF4J: Found binding in [jar:file:/apus/v1/a2014205/software/piper_bin/Piper/Piper-v1.3.0/lib/GenomeAnalysisTK.jar!/org/slf4j/impl/StaticLoggerBinder.class]
SLF4J: Found binding in [jar:file:/apus/v1/a2014205/software/piper_bin/Piper/Piper-v1.3.0/lib/Queue.jar!/org/slf4j/impl/StaticLoggerBinder.class]
SLF4J: See http://www.slf4j.org/codes.html#multiple_bindings for an explanation.
INFO  11:46:56,782 HelpFormatter - -------------------------------------------------------------------------------- 
INFO  11:46:56,784 HelpFormatter - The Genome Analysis Toolkit (GATK) v3.3-0-geee94ec, Compiled 2015/12/17 12:33:03 
INFO  11:46:56,784 HelpFormatter - Copyright (c) 2010 The Broad Institute 
INFO  11:46:56,784 HelpFormatter - For support and documentation go to http://www.broadinstitute.org/gatk 
INFO  11:46:56,789 HelpFormatter - Program Args: -T VariantRecalibrator -R /proj/a2014205/piper_references/gatk_bundle/2.8/b37/human_g1k_v37.fasta -nt 16 -mode SNP -input /scratch/108816/ANALYSIS/P4107/piper_ngi/07_variant_calls/P4107_1004.clean.dedup.recal.bam.raw.snp.vcf.gz -resource:known=false,training=true,truth=true,prior=15.0 /proj/a2014205/piper_references/gatk_bundle/2.8/b37/hapmap_3.3.b37.vcf -resource:known=false,training=true,truth=true,prior=12.0 /proj/a2014205/piper_references/gatk_bundle/2.8/b37/1000G_omni2.5.b37.vcf -resource:known=false,training=true,truth=false,prior=10.0 /proj/a2014205/piper_references/gatk_bundle/2.8/b37/1000G_phase1.snps.high_confidence.b37.vcf -resource:known=true,training=false,truth=false,prior=2.0 /proj/a2014205/piper_references/gatk_bundle/2.8/b37/dbsnp_138.b37.vcf -recalFile /scratch/108816/ANALYSIS/P4107/piper_ngi/07_variant_calls/P4107_1004.clean.dedup.recal.bam.snp.tranches.recal -tranchesFile /scratch/108816/ANALYSIS/P4107/piper_ngi/07_variant_calls/P4107_1004.clean.dedup.recal.bam.snp.tranches -an QD -an MQ -an MQRankSum -an ReadPosRankSum -an FS -an SOR -an DP -tranche 100.0 -tranche 99.9 -tranche 99.0 -tranche 90.0 -rscriptFile /scratch/108816/ANALYSIS/P4107/piper_ngi/07_variant_calls/P4107_1004.clean.dedup.recal.bam.snp.vqsr.r -allPoly 
INFO  11:46:56,792 HelpFormatter - Executing as funk_002@n21.uppmax.uu.se on Linux 2.6.32-573.18.1.el6.x86_64 amd64; Java HotSpot(TM) 64-Bit Server VM 1.7.0_25-b15. 
INFO  11:46:56,792 HelpFormatter - Date/Time: 2016/02/24 11:46:56 
INFO  11:46:56,792 HelpFormatter - -------------------------------------------------------------------------------- 
INFO  11:46:56,792 HelpFormatter - -------------------------------------------------------------------------------- 
INFO  11:46:57,112 GenomeAnalysisEngine - Strictness is SILENT 
INFO  11:46:57,205 GenomeAnalysisEngine - Downsampling Settings: Method: BY_SAMPLE, Target Coverage: 1000 
WARN  11:46:58,032 IndexDictionaryUtils - Track input doesn't have a sequence dictionary built in, skipping dictionary validation 
INFO  11:46:58,049 MicroScheduler - Running the GATK in parallel mode with 16 total threads, 1 CPU thread(s) for each of 16 data thread(s), of 16 processors available on this machine 
INFO  11:46:58,121 GenomeAnalysisEngine - Preparing for traversal 
INFO  11:46:58,137 GenomeAnalysisEngine - Done preparing for traversal 
INFO  11:46:58,137 ProgressMeter - [INITIALIZATION COMPLETE; STARTING PROCESSING] 
INFO  11:46:58,138 ProgressMeter -                 | processed |    time |    per 1M |           |   total | remaining 
INFO  11:46:58,138 ProgressMeter -        Location |     sites | elapsed |     sites | completed | runtime |   runtime 
INFO  11:46:58,189 TrainingSet - Found resource track: 	Known = false 	Training = true 	Truth = true 	Prior = Q15.0 
INFO  11:46:58,190 TrainingSet - Found resource2 track: 	Known = false 	Training = true 	Truth = true 	Prior = Q12.0 
INFO  11:46:58,190 TrainingSet - Found resource3 track: 	Known = false 	Training = true 	Truth = false 	Prior = Q10.0 
INFO  11:46:58,190 TrainingSet - Found resource4 track: 	Known = true 	Training = false 	Truth = false 	Prior = Q2.0 
INFO  11:47:29,635 ProgressMeter -     1:191075229   3739698.0    31.0 s       8.0 s        6.2%     8.4 m       7.9 m 
INFO  11:47:59,775 ProgressMeter -     6:106646665   2.6690988E7    61.0 s       2.0 s       37.7%     2.7 m     100.0 s 
INFO  11:48:29,776 ProgressMeter -     13:86023271   4.9548465E7    91.0 s       1.0 s       70.0%     2.2 m      39.0 s 
INFO  11:48:56,087 VariantDataManager - QD: 	 mean = 20.01	 standard deviation = 9.57 
INFO  11:48:56,549 VariantDataManager - MQ: 	 mean = 59.92	 standard deviation = 0.93 
INFO  11:48:57,014 VariantDataManager - MQRankSum: 	 mean = -0.03	 standard deviation = 0.91 
INFO  11:48:57,584 VariantDataManager - ReadPosRankSum: 	 mean = 0.27	 standard deviation = 0.94 
INFO  11:48:58,157 VariantDataManager - FS: 	 mean = 1.83	 standard deviation = 3.29 
INFO  11:48:58,621 VariantDataManager - SOR: 	 mean = 0.97	 standard deviation = 0.49 
INFO  11:48:59,085 VariantDataManager - DP: 	 mean = 28.79	 standard deviation = 6.62 
INFO  11:48:59,807 ProgressMeter - GL000192.1:535614   6.8393163E7     2.0 m       1.0 s      100.0%     2.0 m       0.0 s 
INFO  11:49:02,008 VariantDataManager - Annotations are now ordered by their information content: [MQ, DP, QD, MQRankSum, FS, ReadPosRankSum, SOR] 
INFO  11:49:02,198 VariantDataManager - Training with 3136256 variants after standard deviation thresholding. 
WARN  11:49:02,199 VariantDataManager - WARNING: Very large training set detected. Downsampling to 2500000 training variants. 
INFO  11:49:02,347 GaussianMixtureModel - Initializing model with 100 k-means iterations... 
INFO  11:49:29,808 ProgressMeter - GL000192.1:535614   6.8393163E7     2.5 m       2.0 s      100.0%     2.5 m       0.0 s 
INFO  11:49:59,809 ProgressMeter - GL000192.1:535614   6.8393163E7     3.0 m       2.0 s      100.0%     3.0 m       0.0 s 
INFO  11:50:29,810 ProgressMeter - GL000192.1:535614   6.8393163E7     3.5 m       3.0 s      100.0%     3.5 m       0.0 s 
INFO  11:50:59,811 ProgressMeter - GL000192.1:535614   6.8393163E7     4.0 m       3.0 s      100.0%     4.0 m       0.0 s 
INFO  11:51:29,811 ProgressMeter - GL000192.1:535614   6.8393163E7     4.5 m       3.0 s      100.0%     4.5 m       0.0 s 
INFO  11:51:59,812 ProgressMeter - GL000192.1:535614   6.8393163E7     5.0 m       4.0 s      100.0%     5.0 m       0.0 s 
INFO  11:52:29,813 ProgressMeter - GL000192.1:535614   6.8393163E7     5.5 m       4.0 s      100.0%     5.5 m       0.0 s 
INFO  11:52:59,814 ProgressMeter - GL000192.1:535614   6.8393163E7     6.0 m       5.0 s      100.0%     6.0 m       0.0 s 
INFO  11:53:29,815 ProgressMeter - GL000192.1:535614   6.8393163E7     6.5 m       5.0 s      100.0%     6.5 m       0.0 s 
INFO  11:54:09,816 ProgressMeter - GL000192.1:535614   6.8393163E7     7.2 m       6.0 s      100.0%     7.2 m       0.0 s 
INFO  11:54:32,804 VariantRecalibratorEngine - Finished iteration 0. 
INFO  11:54:39,817 ProgressMeter - GL000192.1:535614   6.8393163E7     7.7 m       6.0 s      100.0%     7.7 m       0.0 s 
INFO  11:55:09,818 ProgressMeter - GL000192.1:535614   6.8393163E7     8.2 m       7.0 s      100.0%     8.2 m       0.0 s 
INFO  11:55:39,819 ProgressMeter - GL000192.1:535614   6.8393163E7     8.7 m       7.0 s      100.0%     8.7 m       0.0 s 
INFO  11:56:09,820 ProgressMeter - GL000192.1:535614   6.8393163E7     9.2 m       8.0 s      100.0%     9.2 m       0.0 s 
INFO  11:56:39,821 ProgressMeter - GL000192.1:535614   6.8393163E7     9.7 m       8.0 s      100.0%     9.7 m       0.0 s 
INFO  11:56:52,435 VariantRecalibratorEngine - Finished iteration 5. 	Current change in mixture coefficients = 1.86372 
INFO  11:57:09,822 ProgressMeter - GL000192.1:535614   6.8393163E7    10.2 m       8.0 s      100.0%    10.2 m       0.0 s 
INFO  11:57:39,823 ProgressMeter - GL000192.1:535614   6.8393163E7    10.7 m       9.0 s      100.0%    10.7 m       0.0 s 
INFO  11:58:19,824 ProgressMeter - GL000192.1:535614   6.8393163E7    11.4 m       9.0 s      100.0%    11.4 m       0.0 s 
INFO  11:58:59,825 ProgressMeter - GL000192.1:535614   6.8393163E7    12.0 m      10.0 s      100.0%    12.0 m       0.0 s 
INFO  11:59:03,526 VariantRecalibratorEngine - Finished iteration 10. 	Current change in mixture coefficients = 0.31820 
INFO  11:59:39,826 ProgressMeter - GL000192.1:535614   6.8393163E7    12.7 m      11.0 s      100.0%    12.7 m       0.0 s 
INFO  12:00:09,827 ProgressMeter - GL000192.1:535614   6.8393163E7    13.2 m      11.0 s      100.0%    13.2 m       0.0 s 
INFO  12:00:39,828 ProgressMeter - GL000192.1:535614   6.8393163E7    13.7 m      12.0 s      100.0%    13.7 m       0.0 s 
INFO  12:01:09,829 ProgressMeter - GL000192.1:535614   6.8393163E7    14.2 m      12.0 s      100.0%    14.2 m       0.0 s 
INFO  12:01:15,684 VariantRecalibratorEngine - Finished iteration 15. 	Current change in mixture coefficients = 0.15054 
INFO  12:01:39,830 ProgressMeter - GL000192.1:535614   6.8393163E7    14.7 m      12.0 s      100.0%    14.7 m       0.0 s 
INFO  12:02:19,831 ProgressMeter - GL000192.1:535614   6.8393163E7    15.4 m      13.0 s      100.0%    15.4 m       0.0 s 
INFO  12:02:59,832 ProgressMeter - GL000192.1:535614   6.8393163E7    16.0 m      14.0 s      100.0%    16.0 m       0.0 s 
INFO  12:03:27,158 VariantRecalibratorEngine - Finished iteration 20. 	Current change in mixture coefficients = 0.08241 
INFO  12:03:29,833 ProgressMeter - GL000192.1:535614   6.8393163E7    16.5 m      14.0 s      100.0%    16.5 m       0.0 s 
INFO  12:03:59,834 ProgressMeter - GL000192.1:535614   6.8393163E7    17.0 m      14.0 s      100.0%    17.0 m       0.0 s 
INFO  12:04:29,835 ProgressMeter - GL000192.1:535614   6.8393163E7    17.5 m      15.0 s      100.0%    17.5 m       0.0 s 
INFO  12:04:59,835 ProgressMeter - GL000192.1:535614   6.8393163E7    18.0 m      15.0 s      100.0%    18.0 m       0.0 s 
INFO  12:05:29,836 ProgressMeter - GL000192.1:535614   6.8393163E7    18.5 m      16.0 s      100.0%    18.5 m       0.0 s 
INFO  12:05:38,322 VariantRecalibratorEngine - Finished iteration 25. 	Current change in mixture coefficients = 0.04069 
INFO  12:05:59,837 ProgressMeter - GL000192.1:535614   6.8393163E7    19.0 m      16.0 s      100.0%    19.0 m       0.0 s 
INFO  12:06:29,838 ProgressMeter - GL000192.1:535614   6.8393163E7    19.5 m      17.0 s      100.0%    19.5 m       0.0 s 
INFO  12:06:59,839 ProgressMeter - GL000192.1:535614   6.8393163E7    20.0 m      17.0 s      100.0%    20.0 m       0.0 s 
INFO  12:07:29,840 ProgressMeter - GL000192.1:535614   6.8393163E7    20.5 m      18.0 s      100.0%    20.5 m       0.0 s 
INFO  12:07:50,650 VariantRecalibratorEngine - Finished iteration 30. 	Current change in mixture coefficients = 0.01660 
INFO  12:07:59,841 ProgressMeter - GL000192.1:535614   6.8393163E7    21.0 m      18.0 s      100.0%    21.0 m       0.0 s 
INFO  12:08:29,842 ProgressMeter - GL000192.1:535614   6.8393163E7    21.5 m      18.0 s      100.0%    21.5 m       0.0 s 
INFO  12:09:09,843 ProgressMeter - GL000192.1:535614   6.8393163E7    22.2 m      19.0 s      100.0%    22.2 m       0.0 s 
INFO  12:09:49,844 ProgressMeter - GL000192.1:535614   6.8393163E7    22.9 m      20.0 s      100.0%    22.9 m       0.0 s 
INFO  12:10:03,288 VariantRecalibratorEngine - Finished iteration 35. 	Current change in mixture coefficients = 0.03393 
INFO  12:10:19,845 ProgressMeter - GL000192.1:535614   6.8393163E7    23.4 m      20.0 s      100.0%    23.4 m       0.0 s 
INFO  12:10:49,846 ProgressMeter - GL000192.1:535614   6.8393163E7    23.9 m      20.0 s      100.0%    23.9 m       0.0 s 
INFO  12:11:19,847 ProgressMeter - GL000192.1:535614   6.8393163E7    24.4 m      21.0 s      100.0%    24.4 m       0.0 s 
INFO  12:11:49,848 ProgressMeter - GL000192.1:535614   6.8393163E7    24.9 m      21.0 s      100.0%    24.9 m       0.0 s 
INFO  12:12:12,577 VariantRecalibratorEngine - Finished iteration 40. 	Current change in mixture coefficients = 0.04955 
INFO  12:12:19,849 ProgressMeter - GL000192.1:535614   6.8393163E7    25.4 m      22.0 s      100.0%    25.4 m       0.0 s 
INFO  12:12:49,850 ProgressMeter - GL000192.1:535614   6.8393163E7    25.9 m      22.0 s      100.0%    25.9 m       0.0 s 
INFO  12:13:19,851 ProgressMeter - GL000192.1:535614   6.8393163E7    26.4 m      23.0 s      100.0%    26.4 m       0.0 s 
INFO  12:13:49,852 ProgressMeter - GL000192.1:535614   6.8393163E7    26.9 m      23.0 s      100.0%    26.9 m       0.0 s 
INFO  12:14:19,854 ProgressMeter - GL000192.1:535614   6.8393163E7    27.4 m      24.0 s      100.0%    27.4 m       0.0 s 
INFO  12:14:19,988 VariantRecalibratorEngine - Finished iteration 45. 	Current change in mixture coefficients = 0.00897 
INFO  12:14:49,856 ProgressMeter - GL000192.1:535614   6.8393163E7    27.9 m      24.0 s      100.0%    27.9 m       0.0 s 
INFO  12:15:19,857 ProgressMeter - GL000192.1:535614   6.8393163E7    28.4 m      24.0 s      100.0%    28.4 m       0.0 s 
INFO  12:15:49,859 ProgressMeter - GL000192.1:535614   6.8393163E7    28.9 m      25.0 s      100.0%    28.9 m       0.0 s 
INFO  12:16:19,861 ProgressMeter - GL000192.1:535614   6.8393163E7    29.4 m      25.0 s      100.0%    29.4 m       0.0 s 
INFO  12:16:26,774 VariantRecalibratorEngine - Finished iteration 50. 	Current change in mixture coefficients = 0.00545 
INFO  12:16:49,862 ProgressMeter - GL000192.1:535614   6.8393163E7    29.9 m      26.0 s      100.0%    29.9 m       0.0 s 
INFO  12:17:19,864 ProgressMeter - GL000192.1:535614   6.8393163E7    30.4 m      26.0 s      100.0%    30.4 m       0.0 s 
INFO  12:17:49,866 ProgressMeter - GL000192.1:535614   6.8393163E7    30.9 m      27.0 s      100.0%    30.9 m       0.0 s 
INFO  12:18:19,868 ProgressMeter - GL000192.1:535614   6.8393163E7    31.4 m      27.0 s      100.0%    31.4 m       0.0 s 
INFO  12:18:33,991 VariantRecalibratorEngine - Finished iteration 55. 	Current change in mixture coefficients = 0.00344 
INFO  12:18:49,869 ProgressMeter - GL000192.1:535614   6.8393163E7    31.9 m      27.0 s      100.0%    31.9 m       0.0 s 
INFO  12:19:19,871 ProgressMeter - GL000192.1:535614   6.8393163E7    32.4 m      28.0 s      100.0%    32.4 m       0.0 s 
INFO  12:19:49,873 ProgressMeter - GL000192.1:535614   6.8393163E7    32.9 m      28.0 s      100.0%    32.9 m       0.0 s 
INFO  12:20:19,874 ProgressMeter - GL000192.1:535614   6.8393163E7    33.4 m      29.0 s      100.0%    33.4 m       0.0 s 
INFO  12:20:41,274 VariantRecalibratorEngine - Finished iteration 60. 	Current change in mixture coefficients = 0.00232 
INFO  12:20:49,876 ProgressMeter - GL000192.1:535614   6.8393163E7    33.9 m      29.0 s      100.0%    33.9 m       0.0 s 
INFO  12:21:19,878 ProgressMeter - GL000192.1:535614   6.8393163E7    34.4 m      30.0 s      100.0%    34.4 m       0.0 s 
INFO  12:21:49,880 ProgressMeter - GL000192.1:535614   6.8393163E7    34.9 m      30.0 s      100.0%    34.9 m       0.0 s 
INFO  12:21:57,403 VariantRecalibratorEngine - Convergence after 63 iterations! 
INFO  12:22:15,256 VariantRecalibratorEngine - Evaluating full set of 4050445 variants... 
INFO  12:22:19,881 ProgressMeter - GL000192.1:535614   6.8393163E7    35.4 m      31.0 s      100.0%    35.4 m       0.0 s 
INFO  12:22:49,883 ProgressMeter - GL000192.1:535614   6.8393163E7    35.9 m      31.0 s      100.0%    35.9 m       0.0 s 
INFO  12:23:19,885 ProgressMeter - GL000192.1:535614   6.8393163E7    36.4 m      31.0 s      100.0%    36.4 m       0.0 s 
INFO  12:23:49,886 ProgressMeter - GL000192.1:535614   6.8393163E7    36.9 m      32.0 s      100.0%    36.9 m       0.0 s 
INFO  12:24:19,888 ProgressMeter - GL000192.1:535614   6.8393163E7    37.4 m      32.0 s      100.0%    37.4 m       0.0 s 
INFO  12:24:49,890 ProgressMeter - GL000192.1:535614   6.8393163E7    37.9 m      33.0 s      100.0%    37.9 m       0.0 s 
INFO  12:25:00,918 VariantDataManager - Training with worst 291452 scoring variants --> variants with LOD <= -5.0000. 
INFO  12:25:00,918 GaussianMixtureModel - Initializing model with 100 k-means iterations... 
INFO  12:25:13,586 VariantRecalibratorEngine - Finished iteration 0. 
INFO  12:25:16,756 VariantRecalibratorEngine - Finished iteration 5. 	Current change in mixture coefficients = 0.01912 
INFO  12:25:19,892 ProgressMeter - GL000192.1:535614   6.8393163E7    38.4 m      33.0 s      100.0%    38.4 m       0.0 s 
INFO  12:25:19,917 VariantRecalibratorEngine - Finished iteration 10. 	Current change in mixture coefficients = 0.02366 
INFO  12:25:23,079 VariantRecalibratorEngine - Finished iteration 15. 	Current change in mixture coefficients = 0.03706 
INFO  12:25:26,204 VariantRecalibratorEngine - Finished iteration 20. 	Current change in mixture coefficients = 0.01455 
INFO  12:25:28,697 VariantRecalibratorEngine - Convergence after 24 iterations! 
INFO  12:25:29,230 VariantRecalibratorEngine - Evaluating full set of 4050445 variants... 
INFO  12:25:49,893 ProgressMeter - GL000192.1:535614   6.8393163E7    38.9 m      34.0 s      100.0%    38.9 m       0.0 s 
INFO  12:26:19,895 ProgressMeter - GL000192.1:535614   6.8393163E7    39.4 m      34.0 s      100.0%    39.4 m       0.0 s 
INFO  12:26:49,897 ProgressMeter - GL000192.1:535614   6.8393163E7    39.9 m      34.0 s      100.0%    39.9 m       0.0 s 
INFO  12:27:14,662 TrancheManager - Finding 4 tranches for 4050445 variants 
INFO  12:27:17,584 TrancheManager -   Tranche threshold 100.00 => selection metric threshold 0.000 
INFO  12:27:18,068 TrancheManager -   Found tranche for 100.000: 0.000 threshold starting with variant 0; running score is 0.000  
INFO  12:27:18,068 TrancheManager -   Tranche is Tranche ts=100.00 minVQSLod=-39919.1240 known=(3862404 @ 2.0249) novel=(188041 @ 1.4002) truthSites(1755120 accessible, 1755120 called), name=anonymous] 
INFO  12:27:18,068 TrancheManager -   Tranche threshold 99.90 => selection metric threshold 0.001 
INFO  12:27:18,568 TrancheManager -   Found tranche for 99.900: 0.001 threshold starting with variant 234258; running score is 0.001  
INFO  12:27:18,568 TrancheManager -   Tranche is Tranche ts=99.90 minVQSLod=-6.2943 known=(3705960 @ 2.0473) novel=(110227 @ 1.4325) truthSites(1755120 accessible, 1753364 called), name=anonymous] 
INFO  12:27:18,568 TrancheManager -   Tranche threshold 99.00 => selection metric threshold 0.010 
INFO  12:27:19,025 TrancheManager -   Found tranche for 99.000: 0.010 threshold starting with variant 639395; running score is 0.010  
INFO  12:27:19,025 TrancheManager -   Tranche is Tranche ts=99.00 minVQSLod=0.9322 known=(3368900 @ 2.0701) novel=(42150 @ 1.4829) truthSites(1755120 accessible, 1737568 called), name=anonymous] 
INFO  12:27:19,025 TrancheManager -   Tranche threshold 90.00 => selection metric threshold 0.100 
INFO  12:27:19,480 TrancheManager -   Found tranche for 90.000: 0.100 threshold starting with variant 1278426; running score is 0.100  
INFO  12:27:19,480 TrancheManager -   Tranche is Tranche ts=90.00 minVQSLod=17.4317 known=(2762014 @ 2.1154) novel=(10005 @ 1.8006) truthSites(1755120 accessible, 1579608 called), name=anonymous] 
INFO  12:27:19,482 VariantRecalibrator - Writing out recalibration table... 
INFO  12:27:19,898 ProgressMeter - GL000192.1:535614   6.8393163E7    40.4 m      35.0 s      100.0%    40.4 m       0.0 s 
INFO  12:27:47,756 VariantRecalibrator - Writing out visualization Rscript file... 
INFO  12:27:48,009 VariantRecalibrator - Building MQ x DP plot... 
INFO  12:27:48,014 VariantRecalibratorEngine - Evaluating full set of 3721 variants... 
INFO  12:27:48,680 VariantRecalibratorEngine - Evaluating full set of 3721 variants... 
INFO  12:27:49,084 VariantRecalibrator - Building MQ x QD plot... 
INFO  12:27:49,086 VariantRecalibratorEngine - Evaluating full set of 3721 variants... 
INFO  12:27:49,751 VariantRecalibratorEngine - Evaluating full set of 3721 variants... 
INFO  12:27:49,900 ProgressMeter - GL000192.1:535614   6.8393163E7    40.9 m      35.0 s      100.0%    40.9 m       0.0 s 
INFO  12:27:50,119 VariantRecalibrator - Building MQ x MQRankSum plot... 
INFO  12:27:50,120 VariantRecalibratorEngine - Evaluating full set of 3660 variants... 
INFO  12:27:50,773 VariantRecalibratorEngine - Evaluating full set of 3660 variants... 
INFO  12:27:51,123 VariantRecalibrator - Building MQ x FS plot... 
INFO  12:27:51,124 VariantRecalibratorEngine - Evaluating full set of 3660 variants... 
INFO  12:27:51,771 VariantRecalibratorEngine - Evaluating full set of 3660 variants... 
INFO  12:27:52,120 VariantRecalibrator - Building MQ x ReadPosRankSum plot... 
INFO  12:27:52,121 VariantRecalibratorEngine - Evaluating full set of 3721 variants... 
INFO  12:27:52,786 VariantRecalibratorEngine - Evaluating full set of 3721 variants... 
INFO  12:27:53,140 VariantRecalibrator - Building MQ x SOR plot... 
INFO  12:27:53,141 VariantRecalibratorEngine - Evaluating full set of 3660 variants... 
INFO  12:27:53,792 VariantRecalibratorEngine - Evaluating full set of 3660 variants... 
INFO  12:27:54,141 VariantRecalibrator - Building DP x QD plot... 
INFO  12:27:54,142 VariantRecalibratorEngine - Evaluating full set of 3721 variants... 
INFO  12:27:54,811 VariantRecalibratorEngine - Evaluating full set of 3721 variants... 
INFO  12:27:55,165 VariantRecalibrator - Building DP x MQRankSum plot... 
INFO  12:27:55,166 VariantRecalibratorEngine - Evaluating full set of 3660 variants... 
INFO  12:27:55,823 VariantRecalibratorEngine - Evaluating full set of 3660 variants... 
INFO  12:27:56,172 VariantRecalibrator - Building DP x FS plot... 
INFO  12:27:56,173 VariantRecalibratorEngine - Evaluating full set of 3660 variants... 
INFO  12:27:56,823 VariantRecalibratorEngine - Evaluating full set of 3660 variants... 
INFO  12:27:57,171 VariantRecalibrator - Building DP x ReadPosRankSum plot... 
INFO  12:27:57,171 VariantRecalibratorEngine - Evaluating full set of 3721 variants... 
INFO  12:27:57,840 VariantRecalibratorEngine - Evaluating full set of 3721 variants... 
INFO  12:27:58,197 VariantRecalibrator - Building DP x SOR plot... 
INFO  12:27:58,198 VariantRecalibratorEngine - Evaluating full set of 3660 variants... 
INFO  12:27:58,864 VariantRecalibratorEngine - Evaluating full set of 3660 variants... 
INFO  12:27:59,214 VariantRecalibrator - Building QD x MQRankSum plot... 
INFO  12:27:59,215 VariantRecalibratorEngine - Evaluating full set of 3660 variants... 
INFO  12:27:59,872 VariantRecalibratorEngine - Evaluating full set of 3660 variants... 
INFO  12:28:00,223 VariantRecalibrator - Building QD x FS plot... 
INFO  12:28:00,223 VariantRecalibratorEngine - Evaluating full set of 3660 variants... 
INFO  12:28:00,873 VariantRecalibratorEngine - Evaluating full set of 3660 variants... 
INFO  12:28:01,221 VariantRecalibrator - Building QD x ReadPosRankSum plot... 
INFO  12:28:01,222 VariantRecalibratorEngine - Evaluating full set of 3721 variants... 
INFO  12:28:01,890 VariantRecalibratorEngine - Evaluating full set of 3721 variants... 
INFO  12:28:02,245 VariantRecalibrator - Building QD x SOR plot... 
INFO  12:28:02,246 VariantRecalibratorEngine - Evaluating full set of 3660 variants... 
INFO  12:28:02,900 VariantRecalibratorEngine - Evaluating full set of 3660 variants... 
INFO  12:28:03,249 VariantRecalibrator - Building MQRankSum x FS plot... 
INFO  12:28:03,250 VariantRecalibratorEngine - Evaluating full set of 3600 variants... 
INFO  12:28:03,888 VariantRecalibratorEngine - Evaluating full set of 3600 variants... 
INFO  12:28:04,231 VariantRecalibrator - Building MQRankSum x ReadPosRankSum plot... 
INFO  12:28:04,232 VariantRecalibratorEngine - Evaluating full set of 3660 variants... 
INFO  12:28:04,888 VariantRecalibratorEngine - Evaluating full set of 3660 variants... 
INFO  12:28:05,237 VariantRecalibrator - Building MQRankSum x SOR plot... 
INFO  12:28:05,238 VariantRecalibratorEngine - Evaluating full set of 3600 variants... 
INFO  12:28:05,881 VariantRecalibratorEngine - Evaluating full set of 3600 variants... 
INFO  12:28:06,235 VariantRecalibrator - Building FS x ReadPosRankSum plot... 
INFO  12:28:06,236 VariantRecalibratorEngine - Evaluating full set of 3660 variants... 
INFO  12:28:06,886 VariantRecalibratorEngine - Evaluating full set of 3660 variants... 
INFO  12:28:07,234 VariantRecalibrator - Building FS x SOR plot... 
INFO  12:28:07,235 VariantRecalibratorEngine - Evaluating full set of 3600 variants... 
INFO  12:28:07,872 VariantRecalibratorEngine - Evaluating full set of 3600 variants... 
INFO  12:28:08,214 VariantRecalibrator - Building ReadPosRankSum x SOR plot... 
INFO  12:28:08,215 VariantRecalibratorEngine - Evaluating full set of 3660 variants... 
INFO  12:28:08,869 VariantRecalibratorEngine - Evaluating full set of 3660 variants... 
INFO  12:28:09,218 VariantRecalibrator - Executing: Rscript /scratch/108816/ANALYSIS/P4107/piper_ngi/07_variant_calls/P4107_1004.clean.dedup.recal.bam.snp.vqsr.r 
WARN  12:28:12,416 RScriptExecutor - RScript exited with 1. Run with -l DEBUG for more info. 
INFO  12:28:12,420 VariantRecalibrator - Executing: Rscript (resource)org/broadinstitute/gatk/tools/walkers/variantrecalibration/plot_Tranches.R /scratch/108816/ANALYSIS/P4107/piper_ngi/07_variant_calls/P4107_1004.clean.dedup.recal.bam.snp.tranches 2.15 
INFO  12:28:19,901 ProgressMeter - GL000192.1:535614   6.8393163E7    41.4 m      36.0 s      100.0%    41.4 m       0.0 s 
INFO  12:28:32,592 ProgressMeter -            done   6.840206E7    41.6 m      36.0 s      100.0%    41.6 m       0.0 s 
INFO  12:28:32,592 ProgressMeter - Total runtime 2494.46 secs, 41.57 min, 0.69 hours 
INFO  12:28:39,108 GATKRunReport - Uploaded run statistics report to AWS S3 
