SLF4J: Class path contains multiple SLF4J bindings.
SLF4J: Found binding in [jar:file:/apus/v1/a2014205/software/piper_bin/Piper/Piper-v1.3.0/lib/GenomeAnalysisTK.jar!/org/slf4j/impl/StaticLoggerBinder.class]
SLF4J: Found binding in [jar:file:/apus/v1/a2014205/software/piper_bin/Piper/Piper-v1.3.0/lib/Queue.jar!/org/slf4j/impl/StaticLoggerBinder.class]
SLF4J: See http://www.slf4j.org/codes.html#multiple_bindings for an explanation.
INFO  16:32:05,011 HelpFormatter - -------------------------------------------------------------------------------- 
INFO  16:32:05,013 HelpFormatter - The Genome Analysis Toolkit (GATK) v3.3-0-geee94ec, Compiled 2015/12/17 12:33:03 
INFO  16:32:05,013 HelpFormatter - Copyright (c) 2010 The Broad Institute 
INFO  16:32:05,013 HelpFormatter - For support and documentation go to http://www.broadinstitute.org/gatk 
INFO  16:32:05,017 HelpFormatter - Program Args: -T ApplyRecalibration -R /proj/a2014205/piper_references/gatk_bundle/2.8/b37/human_g1k_v37.fasta -input /scratch/108818/ANALYSIS/P4107/piper_ngi/07_variant_calls/P4107_1005.clean.dedup.recal.bam.raw.indel.vcf.gz -recalFile /scratch/108818/ANALYSIS/P4107/piper_ngi/07_variant_calls/P4107_1005.clean.dedup.recal.bam.indel.tranches.recal -tranchesFile /scratch/108818/ANALYSIS/P4107/piper_ngi/07_variant_calls/P4107_1005.clean.dedup.recal.bam.indel.tranches -o /scratch/108818/ANALYSIS/P4107/piper_ngi/07_variant_calls/P4107_1005.clean.dedup.recal.bam.recalibrated.indel.vcf.gz -mode INDEL 
INFO  16:32:05,024 HelpFormatter - Executing as funk_002@n19.uppmax.uu.se on Linux 2.6.32-573.18.1.el6.x86_64 amd64; Java HotSpot(TM) 64-Bit Server VM 1.7.0_25-b15. 
INFO  16:32:05,024 HelpFormatter - Date/Time: 2016/02/24 16:32:05 
INFO  16:32:05,024 HelpFormatter - -------------------------------------------------------------------------------- 
INFO  16:32:05,024 HelpFormatter - -------------------------------------------------------------------------------- 
INFO  16:32:05,137 GenomeAnalysisEngine - Strictness is SILENT 
INFO  16:32:05,224 GenomeAnalysisEngine - Downsampling Settings: Method: BY_SAMPLE, Target Coverage: 1000 
WARN  16:32:05,463 IndexDictionaryUtils - Track input doesn't have a sequence dictionary built in, skipping dictionary validation 
INFO  16:32:05,524 GenomeAnalysisEngine - Preparing for traversal 
INFO  16:32:05,539 GenomeAnalysisEngine - Done preparing for traversal 
INFO  16:32:05,540 ProgressMeter - [INITIALIZATION COMPLETE; STARTING PROCESSING] 
INFO  16:32:05,540 ProgressMeter -                 | processed |    time |    per 1M |           |   total | remaining 
INFO  16:32:05,541 ProgressMeter -        Location |     sites | elapsed |     sites | completed | runtime |   runtime 
INFO  16:32:05,566 ApplyRecalibration - Keeping all variants with VQSLOD >= 0.0 
INFO  16:32:35,544 ProgressMeter -     10:16412020   1612027.0    30.0 s      18.0 s       54.7%    54.0 s      24.0 s 
INFO  16:32:57,186 ProgressMeter -            done   2889091.0    51.0 s      17.0 s      100.0%    51.0 s       0.0 s 
INFO  16:32:57,186 ProgressMeter - Total runtime 51.65 secs, 0.86 min, 0.01 hours 
INFO  16:32:58,430 GATKRunReport - Uploaded run statistics report to AWS S3 
