SLF4J: Class path contains multiple SLF4J bindings.
SLF4J: Found binding in [jar:file:/apus/v1/a2014205/software/piper_bin/Piper/Piper-v1.3.0/lib/GenomeAnalysisTK.jar!/org/slf4j/impl/StaticLoggerBinder.class]
SLF4J: Found binding in [jar:file:/apus/v1/a2014205/software/piper_bin/Piper/Piper-v1.3.0/lib/Queue.jar!/org/slf4j/impl/StaticLoggerBinder.class]
SLF4J: See http://www.slf4j.org/codes.html#multiple_bindings for an explanation.
INFO  06:14:00,109 HelpFormatter - -------------------------------------------------------------------------------- 
INFO  06:14:00,111 HelpFormatter - The Genome Analysis Toolkit (GATK) v3.3-0-geee94ec, Compiled 2016/02/26 09:40:23 
INFO  06:14:00,111 HelpFormatter - Copyright (c) 2010 The Broad Institute 
INFO  06:14:00,112 HelpFormatter - For support and documentation go to http://www.broadinstitute.org/gatk 
INFO  06:14:00,116 HelpFormatter - Program Args: -T SelectVariants -R /proj/a2014205/piper_references/gatk_bundle/2.8/b37/human_g1k_v37.fasta -V /scratch/109642/ANALYSIS/P4107/piper_ngi/07_variant_calls/P4107_1003.clean.dedup.recal.bam.raw.vcf.gz -o /scratch/109642/ANALYSIS/P4107/piper_ngi/07_variant_calls/P4107_1003.clean.dedup.recal.bam.raw.snp.vcf.gz -selectType SNP 
INFO  06:14:00,155 HelpFormatter - Executing as funk_002@n24.uppmax.uu.se on Linux 2.6.32-573.18.1.el6.x86_64 amd64; Java HotSpot(TM) 64-Bit Server VM 1.7.0_25-b15. 
INFO  06:14:00,155 HelpFormatter - Date/Time: 2016/03/01 06:14:00 
INFO  06:14:00,155 HelpFormatter - -------------------------------------------------------------------------------- 
INFO  06:14:00,156 HelpFormatter - -------------------------------------------------------------------------------- 
INFO  06:14:00,960 GenomeAnalysisEngine - Strictness is SILENT 
INFO  06:14:01,290 GenomeAnalysisEngine - Downsampling Settings: Method: BY_SAMPLE, Target Coverage: 1000 
WARN  06:14:01,479 IndexDictionaryUtils - Track variant doesn't have a sequence dictionary built in, skipping dictionary validation 
INFO  06:14:01,584 GenomeAnalysisEngine - Preparing for traversal 
INFO  06:14:01,598 GenomeAnalysisEngine - Done preparing for traversal 
INFO  06:14:01,599 ProgressMeter - [INITIALIZATION COMPLETE; STARTING PROCESSING] 
INFO  06:14:01,599 ProgressMeter -                 | processed |    time |    per 1M |           |   total | remaining 
INFO  06:14:01,600 ProgressMeter -        Location |     sites | elapsed |     sites | completed | runtime |   runtime 
INFO  06:14:31,603 ProgressMeter -     3:195769730   1521391.0    30.0 s      19.0 s       22.2%     2.3 m     105.0 s 
INFO  06:15:01,604 ProgressMeter -     7:145357051   3193070.0    60.0 s      18.0 s       44.5%     2.2 m      74.0 s 
INFO  06:15:31,605 ProgressMeter -    12:131881596   4859365.0    90.0 s      18.0 s       67.1%     2.2 m      44.0 s 
INFO  06:16:01,606 ProgressMeter -     21:36970821   6555011.0   120.0 s      18.0 s       90.9%     2.2 m      12.0 s 
INFO  06:16:09,024 SelectVariants - 4994691 records processed. 
INFO  06:16:09,441 ProgressMeter -            done   6967059.0     2.1 m      18.0 s      100.0%     2.1 m       0.0 s 
INFO  06:16:09,441 ProgressMeter - Total runtime 127.84 secs, 2.13 min, 0.04 hours 
INFO  06:16:10,964 GATKRunReport - Uploaded run statistics report to AWS S3 
