SLF4J: Class path contains multiple SLF4J bindings.
SLF4J: Found binding in [jar:file:/apus/v1/a2014205/software/piper_bin/Piper/Piper-v1.3.0/lib/GenomeAnalysisTK.jar!/org/slf4j/impl/StaticLoggerBinder.class]
SLF4J: Found binding in [jar:file:/apus/v1/a2014205/software/piper_bin/Piper/Piper-v1.3.0/lib/Queue.jar!/org/slf4j/impl/StaticLoggerBinder.class]
SLF4J: See http://www.slf4j.org/codes.html#multiple_bindings for an explanation.
INFO  16:58:00,934 HelpFormatter - -------------------------------------------------------------------------------- 
INFO  16:58:00,936 HelpFormatter - The Genome Analysis Toolkit (GATK) v3.3-0-geee94ec, Compiled 2015/12/17 12:33:03 
INFO  16:58:00,936 HelpFormatter - Copyright (c) 2010 The Broad Institute 
INFO  16:58:00,936 HelpFormatter - For support and documentation go to http://www.broadinstitute.org/gatk 
INFO  16:58:00,941 HelpFormatter - Program Args: -T VariantRecalibrator -R /proj/a2014205/piper_references/gatk_bundle/2.8/b37/human_g1k_v37.fasta -nt 16 -mode SNP -input /scratch/108820/ANALYSIS/P4107/piper_ngi/07_variant_calls/P4107_1006.clean.dedup.recal.bam.raw.snp.vcf.gz -resource:known=false,training=true,truth=true,prior=15.0 /proj/a2014205/piper_references/gatk_bundle/2.8/b37/hapmap_3.3.b37.vcf -resource:known=false,training=true,truth=true,prior=12.0 /proj/a2014205/piper_references/gatk_bundle/2.8/b37/1000G_omni2.5.b37.vcf -resource:known=false,training=true,truth=false,prior=10.0 /proj/a2014205/piper_references/gatk_bundle/2.8/b37/1000G_phase1.snps.high_confidence.b37.vcf -resource:known=true,training=false,truth=false,prior=2.0 /proj/a2014205/piper_references/gatk_bundle/2.8/b37/dbsnp_138.b37.vcf -recalFile /scratch/108820/ANALYSIS/P4107/piper_ngi/07_variant_calls/P4107_1006.clean.dedup.recal.bam.snp.tranches.recal -tranchesFile /scratch/108820/ANALYSIS/P4107/piper_ngi/07_variant_calls/P4107_1006.clean.dedup.recal.bam.snp.tranches -an QD -an MQ -an MQRankSum -an ReadPosRankSum -an FS -an SOR -an DP -tranche 100.0 -tranche 99.9 -tranche 99.0 -tranche 90.0 -rscriptFile /scratch/108820/ANALYSIS/P4107/piper_ngi/07_variant_calls/P4107_1006.clean.dedup.recal.bam.snp.vqsr.r -allPoly 
INFO  16:58:00,946 HelpFormatter - Executing as funk_002@n29.uppmax.uu.se on Linux 2.6.32-573.18.1.el6.x86_64 amd64; Java HotSpot(TM) 64-Bit Server VM 1.7.0_25-b15. 
INFO  16:58:00,946 HelpFormatter - Date/Time: 2016/02/24 16:58:00 
INFO  16:58:00,947 HelpFormatter - -------------------------------------------------------------------------------- 
INFO  16:58:00,947 HelpFormatter - -------------------------------------------------------------------------------- 
INFO  16:58:01,222 GenomeAnalysisEngine - Strictness is SILENT 
INFO  16:58:01,314 GenomeAnalysisEngine - Downsampling Settings: Method: BY_SAMPLE, Target Coverage: 1000 
WARN  16:58:02,721 IndexDictionaryUtils - Track input doesn't have a sequence dictionary built in, skipping dictionary validation 
INFO  16:58:02,737 MicroScheduler - Running the GATK in parallel mode with 16 total threads, 1 CPU thread(s) for each of 16 data thread(s), of 16 processors available on this machine 
INFO  16:58:02,796 GenomeAnalysisEngine - Preparing for traversal 
INFO  16:58:02,811 GenomeAnalysisEngine - Done preparing for traversal 
INFO  16:58:02,811 ProgressMeter - [INITIALIZATION COMPLETE; STARTING PROCESSING] 
INFO  16:58:02,812 ProgressMeter -                 | processed |    time |    per 1M |           |   total | remaining 
INFO  16:58:02,812 ProgressMeter -        Location |     sites | elapsed |     sites | completed | runtime |   runtime 
INFO  16:58:02,830 TrainingSet - Found resource track: 	Known = false 	Training = true 	Truth = true 	Prior = Q15.0 
INFO  16:58:02,830 TrainingSet - Found resource2 track: 	Known = false 	Training = true 	Truth = true 	Prior = Q12.0 
INFO  16:58:02,831 TrainingSet - Found resource3 track: 	Known = false 	Training = true 	Truth = false 	Prior = Q10.0 
INFO  16:58:02,831 TrainingSet - Found resource4 track: 	Known = true 	Training = false 	Truth = false 	Prior = Q2.0 
INFO  16:58:39,952 ProgressMeter -     2:176106096   8993038.0    37.0 s       4.0 s       13.7%     4.5 m       3.9 m 
INFO  16:59:09,953 ProgressMeter -      7:70857102   3.0109163E7    67.0 s       2.0 s       42.1%     2.7 m      92.0 s 
INFO  16:59:39,954 ProgressMeter -     14:91121401   5.1926316E7    97.0 s       1.0 s       73.9%     2.2 m      34.0 s 
INFO  17:00:02,801 VariantDataManager - QD: 	 mean = 20.34	 standard deviation = 9.54 
INFO  17:00:03,279 VariantDataManager - MQ: 	 mean = 59.92	 standard deviation = 0.93 
INFO  17:00:03,760 VariantDataManager - MQRankSum: 	 mean = -0.02	 standard deviation = 0.94 
INFO  17:00:04,344 VariantDataManager - ReadPosRankSum: 	 mean = 0.34	 standard deviation = 0.96 
INFO  17:00:04,930 VariantDataManager - FS: 	 mean = 1.94	 standard deviation = 3.40 
INFO  17:00:05,409 VariantDataManager - SOR: 	 mean = 0.93	 standard deviation = 0.44 
INFO  17:00:05,888 VariantDataManager - DP: 	 mean = 37.60	 standard deviation = 8.02 
INFO  17:00:08,824 VariantDataManager - Annotations are now ordered by their information content: [MQ, DP, QD, MQRankSum, FS, ReadPosRankSum, SOR] 
INFO  17:00:09,001 VariantDataManager - Training with 3137623 variants after standard deviation thresholding. 
WARN  17:00:09,001 VariantDataManager - WARNING: Very large training set detected. Downsampling to 2500000 training variants. 
INFO  17:00:09,133 GaussianMixtureModel - Initializing model with 100 k-means iterations... 
INFO  17:00:09,955 ProgressMeter - GL000192.1:532533   6.8400157E7     2.1 m       1.0 s      100.0%     2.1 m       0.0 s 
INFO  17:00:39,956 ProgressMeter - GL000192.1:532533   6.8400157E7     2.6 m       2.0 s      100.0%     2.6 m       0.0 s 
INFO  17:01:09,957 ProgressMeter - GL000192.1:532533   6.8400157E7     3.1 m       2.0 s      100.0%     3.1 m       0.0 s 
INFO  17:01:39,959 ProgressMeter - GL000192.1:532533   6.8400157E7     3.6 m       3.0 s      100.0%     3.6 m       0.0 s 
INFO  17:02:09,960 ProgressMeter - GL000192.1:532533   6.8400157E7     4.1 m       3.0 s      100.0%     4.1 m       0.0 s 
INFO  17:02:39,961 ProgressMeter - GL000192.1:532533   6.8400157E7     4.6 m       4.0 s      100.0%     4.6 m       0.0 s 
INFO  17:03:09,962 ProgressMeter - GL000192.1:532533   6.8400157E7     5.1 m       4.0 s      100.0%     5.1 m       0.0 s 
INFO  17:03:39,963 ProgressMeter - GL000192.1:532533   6.8400157E7     5.6 m       4.0 s      100.0%     5.6 m       0.0 s 
INFO  17:04:09,964 ProgressMeter - GL000192.1:532533   6.8400157E7     6.1 m       5.0 s      100.0%     6.1 m       0.0 s 
INFO  17:04:39,966 ProgressMeter - GL000192.1:532533   6.8400157E7     6.6 m       5.0 s      100.0%     6.6 m       0.0 s 
INFO  17:05:09,967 ProgressMeter - GL000192.1:532533   6.8400157E7     7.1 m       6.0 s      100.0%     7.1 m       0.0 s 
INFO  17:05:38,755 VariantRecalibratorEngine - Finished iteration 0. 
INFO  17:05:39,968 ProgressMeter - GL000192.1:532533   6.8400157E7     7.6 m       6.0 s      100.0%     7.6 m       0.0 s 
INFO  17:06:19,969 ProgressMeter - GL000192.1:532533   6.8400157E7     8.3 m       7.0 s      100.0%     8.3 m       0.0 s 
INFO  17:06:49,970 ProgressMeter - GL000192.1:532533   6.8400157E7     8.8 m       7.0 s      100.0%     8.8 m       0.0 s 
INFO  17:07:21,783 ProgressMeter - GL000192.1:532533   6.8400157E7     9.3 m       8.0 s      100.0%     9.3 m       0.0 s 
INFO  17:07:51,784 ProgressMeter - GL000192.1:532533   6.8400157E7     9.8 m       8.0 s      100.0%     9.8 m       0.0 s 
INFO  17:08:06,864 VariantRecalibratorEngine - Finished iteration 5. 	Current change in mixture coefficients = 1.17470 
INFO  17:08:21,785 ProgressMeter - GL000192.1:532533   6.8400157E7    10.3 m       9.0 s      100.0%    10.3 m       0.0 s 
INFO  17:08:51,786 ProgressMeter - GL000192.1:532533   6.8400157E7    10.8 m       9.0 s      100.0%    10.8 m       0.0 s 
INFO  17:09:21,787 ProgressMeter - GL000192.1:532533   6.8400157E7    11.3 m       9.0 s      100.0%    11.3 m       0.0 s 
INFO  17:10:01,788 ProgressMeter - GL000192.1:532533   6.8400157E7    12.0 m      10.0 s      100.0%    12.0 m       0.0 s 
INFO  17:10:13,073 VariantRecalibratorEngine - Finished iteration 10. 	Current change in mixture coefficients = 0.32544 
INFO  17:10:41,789 ProgressMeter - GL000192.1:532533   6.8400157E7    12.6 m      11.0 s      100.0%    12.6 m       0.0 s 
INFO  17:11:11,790 ProgressMeter - GL000192.1:532533   6.8400157E7    13.1 m      11.0 s      100.0%    13.1 m       0.0 s 
INFO  17:11:41,791 ProgressMeter - GL000192.1:532533   6.8400157E7    13.6 m      11.0 s      100.0%    13.6 m       0.0 s 
INFO  17:12:11,792 ProgressMeter - GL000192.1:532533   6.8400157E7    14.1 m      12.0 s      100.0%    14.1 m       0.0 s 
INFO  17:12:19,983 VariantRecalibratorEngine - Finished iteration 15. 	Current change in mixture coefficients = 0.02591 
INFO  17:12:41,793 ProgressMeter - GL000192.1:532533   6.8400157E7    14.6 m      12.0 s      100.0%    14.6 m       0.0 s 
INFO  17:13:11,795 ProgressMeter - GL000192.1:532533   6.8400157E7    15.1 m      13.0 s      100.0%    15.1 m       0.0 s 
INFO  17:13:41,796 ProgressMeter - GL000192.1:532533   6.8400157E7    15.6 m      13.0 s      100.0%    15.6 m       0.0 s 
INFO  17:14:11,797 ProgressMeter - GL000192.1:532533   6.8400157E7    16.1 m      14.0 s      100.0%    16.1 m       0.0 s 
INFO  17:14:25,996 VariantRecalibratorEngine - Finished iteration 20. 	Current change in mixture coefficients = 0.01877 
INFO  17:14:41,798 ProgressMeter - GL000192.1:532533   6.8400157E7    16.6 m      14.0 s      100.0%    16.6 m       0.0 s 
INFO  17:15:11,799 ProgressMeter - GL000192.1:532533   6.8400157E7    17.1 m      15.0 s      100.0%    17.1 m       0.0 s 
INFO  17:15:41,800 ProgressMeter - GL000192.1:532533   6.8400157E7    17.6 m      15.0 s      100.0%    17.6 m       0.0 s 
INFO  17:16:11,801 ProgressMeter - GL000192.1:532533   6.8400157E7    18.1 m      15.0 s      100.0%    18.1 m       0.0 s 
INFO  17:16:32,136 VariantRecalibratorEngine - Finished iteration 25. 	Current change in mixture coefficients = 0.01061 
INFO  17:16:41,802 ProgressMeter - GL000192.1:532533   6.8400157E7    18.6 m      16.0 s      100.0%    18.6 m       0.0 s 
INFO  17:17:11,804 ProgressMeter - GL000192.1:532533   6.8400157E7    19.1 m      16.0 s      100.0%    19.1 m       0.0 s 
INFO  17:17:41,805 ProgressMeter - GL000192.1:532533   6.8400157E7    19.6 m      17.0 s      100.0%    19.6 m       0.0 s 
INFO  17:18:11,806 ProgressMeter - GL000192.1:532533   6.8400157E7    20.1 m      17.0 s      100.0%    20.1 m       0.0 s 
INFO  17:18:38,841 VariantRecalibratorEngine - Finished iteration 30. 	Current change in mixture coefficients = 0.00643 
INFO  17:18:41,807 ProgressMeter - GL000192.1:532533   6.8400157E7    20.6 m      18.0 s      100.0%    20.6 m       0.0 s 
INFO  17:19:11,808 ProgressMeter - GL000192.1:532533   6.8400157E7    21.1 m      18.0 s      100.0%    21.1 m       0.0 s 
INFO  17:19:41,809 ProgressMeter - GL000192.1:532533   6.8400157E7    21.6 m      18.0 s      100.0%    21.6 m       0.0 s 
INFO  17:20:11,810 ProgressMeter - GL000192.1:532533   6.8400157E7    22.1 m      19.0 s      100.0%    22.1 m       0.0 s 
INFO  17:20:41,811 ProgressMeter - GL000192.1:532533   6.8400157E7    22.7 m      19.0 s      100.0%    22.7 m       0.0 s 
INFO  17:20:44,337 VariantRecalibratorEngine - Finished iteration 35. 	Current change in mixture coefficients = 0.01075 
INFO  17:21:11,812 ProgressMeter - GL000192.1:532533   6.8400157E7    23.2 m      20.0 s      100.0%    23.2 m       0.0 s 
INFO  17:21:41,814 ProgressMeter - GL000192.1:532533   6.8400157E7    23.7 m      20.0 s      100.0%    23.7 m       0.0 s 
INFO  17:22:11,815 ProgressMeter - GL000192.1:532533   6.8400157E7    24.2 m      21.0 s      100.0%    24.2 m       0.0 s 
INFO  17:22:41,816 ProgressMeter - GL000192.1:532533   6.8400157E7    24.7 m      21.0 s      100.0%    24.7 m       0.0 s 
INFO  17:22:50,143 VariantRecalibratorEngine - Finished iteration 40. 	Current change in mixture coefficients = 0.02241 
INFO  17:23:11,817 ProgressMeter - GL000192.1:532533   6.8400157E7    25.2 m      22.0 s      100.0%    25.2 m       0.0 s 
INFO  17:23:41,818 ProgressMeter - GL000192.1:532533   6.8400157E7    25.7 m      22.0 s      100.0%    25.7 m       0.0 s 
INFO  17:24:11,819 ProgressMeter - GL000192.1:532533   6.8400157E7    26.2 m      22.0 s      100.0%    26.2 m       0.0 s 
INFO  17:24:41,820 ProgressMeter - GL000192.1:532533   6.8400157E7    26.7 m      23.0 s      100.0%    26.7 m       0.0 s 
INFO  17:24:55,963 VariantRecalibratorEngine - Finished iteration 45. 	Current change in mixture coefficients = 0.00899 
INFO  17:25:12,352 ProgressMeter - GL000192.1:532533   6.8400157E7    27.2 m      23.0 s      100.0%    27.2 m       0.0 s 
INFO  17:25:42,353 ProgressMeter - GL000192.1:532533   6.8400157E7    27.7 m      24.0 s      100.0%    27.7 m       0.0 s 
INFO  17:26:12,354 ProgressMeter - GL000192.1:532533   6.8400157E7    28.2 m      24.0 s      100.0%    28.2 m       0.0 s 
INFO  17:26:42,355 ProgressMeter - GL000192.1:532533   6.8400157E7    28.7 m      25.0 s      100.0%    28.7 m       0.0 s 
INFO  17:27:00,824 VariantRecalibratorEngine - Finished iteration 50. 	Current change in mixture coefficients = 0.00437 
INFO  17:27:12,356 ProgressMeter - GL000192.1:532533   6.8400157E7    29.2 m      25.0 s      100.0%    29.2 m       0.0 s 
INFO  17:27:42,357 ProgressMeter - GL000192.1:532533   6.8400157E7    29.7 m      26.0 s      100.0%    29.7 m       0.0 s 
INFO  17:28:22,358 ProgressMeter - GL000192.1:532533   6.8400157E7    30.3 m      26.0 s      100.0%    30.3 m       0.0 s 
INFO  17:28:52,359 ProgressMeter - GL000192.1:532533   6.8400157E7    30.8 m      27.0 s      100.0%    30.8 m       0.0 s 
INFO  17:29:07,718 VariantRecalibratorEngine - Finished iteration 55. 	Current change in mixture coefficients = 0.00225 
INFO  17:29:32,360 ProgressMeter - GL000192.1:532533   6.8400157E7    31.5 m      27.0 s      100.0%    31.5 m       0.0 s 
INFO  17:29:33,216 VariantRecalibratorEngine - Convergence after 56 iterations! 
INFO  17:29:50,767 VariantRecalibratorEngine - Evaluating full set of 4070425 variants... 
INFO  17:30:12,361 ProgressMeter - GL000192.1:532533   6.8400157E7    32.2 m      28.0 s      100.0%    32.2 m       0.0 s 
INFO  17:30:52,362 ProgressMeter - GL000192.1:532533   6.8400157E7    32.8 m      28.0 s      100.0%    32.8 m       0.0 s 
INFO  17:31:32,363 ProgressMeter - GL000192.1:532533   6.8400157E7    33.5 m      29.0 s      100.0%    33.5 m       0.0 s 
INFO  17:32:02,364 ProgressMeter - GL000192.1:532533   6.8400157E7    34.0 m      29.0 s      100.0%    34.0 m       0.0 s 
INFO  17:32:32,364 ProgressMeter - GL000192.1:532533   6.8400157E7    34.5 m      30.0 s      100.0%    34.5 m       0.0 s 
INFO  17:32:33,542 VariantDataManager - Training with worst 310631 scoring variants --> variants with LOD <= -5.0000. 
INFO  17:32:33,543 GaussianMixtureModel - Initializing model with 100 k-means iterations... 
INFO  17:32:45,408 VariantRecalibratorEngine - Finished iteration 0. 
INFO  17:32:48,780 VariantRecalibratorEngine - Finished iteration 5. 	Current change in mixture coefficients = 0.01848 
INFO  17:32:52,127 VariantRecalibratorEngine - Finished iteration 10. 	Current change in mixture coefficients = 0.01668 
INFO  17:32:55,439 VariantRecalibratorEngine - Finished iteration 15. 	Current change in mixture coefficients = 0.02069 
INFO  17:32:58,782 VariantRecalibratorEngine - Finished iteration 20. 	Current change in mixture coefficients = 0.01557 
INFO  17:33:02,106 VariantRecalibratorEngine - Finished iteration 25. 	Current change in mixture coefficients = 0.00442 
INFO  17:33:02,366 ProgressMeter - GL000192.1:532533   6.8400157E7    35.0 m      30.0 s      100.0%    35.0 m       0.0 s 
INFO  17:33:03,444 VariantRecalibratorEngine - Convergence after 27 iterations! 
INFO  17:33:04,036 VariantRecalibratorEngine - Evaluating full set of 4070425 variants... 
INFO  17:33:32,366 ProgressMeter - GL000192.1:532533   6.8400157E7    35.5 m      31.0 s      100.0%    35.5 m       0.0 s 
INFO  17:34:02,367 ProgressMeter - GL000192.1:532533   6.8400157E7    36.0 m      31.0 s      100.0%    36.0 m       0.0 s 
INFO  17:34:32,368 ProgressMeter - GL000192.1:532533   6.8400157E7    36.5 m      32.0 s      100.0%    36.5 m       0.0 s 
INFO  17:34:48,827 TrancheManager - Finding 4 tranches for 4070425 variants 
INFO  17:34:51,556 TrancheManager -   Tranche threshold 100.00 => selection metric threshold 0.000 
INFO  17:34:52,016 TrancheManager -   Found tranche for 100.000: 0.000 threshold starting with variant 0; running score is 0.000  
INFO  17:34:52,017 TrancheManager -   Tranche is Tranche ts=100.00 minVQSLod=-38791.1504 known=(3874916 @ 2.0229) novel=(195509 @ 1.3953) truthSites(1755866 accessible, 1755866 called), name=anonymous] 
INFO  17:34:52,017 TrancheManager -   Tranche threshold 99.90 => selection metric threshold 0.001 
INFO  17:34:52,491 TrancheManager -   Found tranche for 99.900: 0.001 threshold starting with variant 225932; running score is 0.001  
INFO  17:34:52,491 TrancheManager -   Tranche is Tranche ts=99.90 minVQSLod=-8.4388 known=(3724485 @ 2.0441) novel=(120008 @ 1.4143) truthSites(1755866 accessible, 1754110 called), name=anonymous] 
INFO  17:34:52,491 TrancheManager -   Tranche threshold 99.00 => selection metric threshold 0.010 
INFO  17:34:52,934 TrancheManager -   Found tranche for 99.000: 0.010 threshold starting with variant 672068; running score is 0.010  
INFO  17:34:52,934 TrancheManager -   Tranche is Tranche ts=99.00 minVQSLod=1.0165 known=(3357688 @ 2.0723) novel=(40669 @ 1.4682) truthSites(1755866 accessible, 1738307 called), name=anonymous] 
INFO  17:34:52,934 TrancheManager -   Tranche threshold 90.00 => selection metric threshold 0.100 
INFO  17:34:53,367 TrancheManager -   Found tranche for 90.000: 0.100 threshold starting with variant 1378527; running score is 0.100  
INFO  17:34:53,367 TrancheManager -   Tranche is Tranche ts=90.00 minVQSLod=15.9064 known=(2680131 @ 2.1078) novel=(11767 @ 1.7288) truthSites(1755866 accessible, 1580279 called), name=anonymous] 
INFO  17:34:53,369 VariantRecalibrator - Writing out recalibration table... 
INFO  17:35:02,369 ProgressMeter - GL000192.1:532533   6.8400157E7    37.0 m      32.0 s      100.0%    37.0 m       0.0 s 
INFO  17:35:20,749 VariantRecalibrator - Writing out visualization Rscript file... 
INFO  17:35:20,997 VariantRecalibrator - Building MQ x DP plot... 
INFO  17:35:21,001 VariantRecalibratorEngine - Evaluating full set of 3600 variants... 
INFO  17:35:21,607 VariantRecalibratorEngine - Evaluating full set of 3600 variants... 
INFO  17:35:22,008 VariantRecalibrator - Building MQ x QD plot... 
INFO  17:35:22,009 VariantRecalibratorEngine - Evaluating full set of 3660 variants... 
INFO  17:35:22,624 VariantRecalibratorEngine - Evaluating full set of 3660 variants... 
INFO  17:35:22,988 VariantRecalibrator - Building MQ x MQRankSum plot... 
INFO  17:35:22,989 VariantRecalibratorEngine - Evaluating full set of 3600 variants... 
INFO  17:35:23,593 VariantRecalibratorEngine - Evaluating full set of 3600 variants... 
INFO  17:35:23,940 VariantRecalibrator - Building MQ x FS plot... 
INFO  17:35:23,940 VariantRecalibratorEngine - Evaluating full set of 3600 variants... 
INFO  17:35:24,540 VariantRecalibratorEngine - Evaluating full set of 3600 variants... 
INFO  17:35:24,885 VariantRecalibrator - Building MQ x ReadPosRankSum plot... 
INFO  17:35:24,886 VariantRecalibratorEngine - Evaluating full set of 3600 variants... 
INFO  17:35:25,490 VariantRecalibratorEngine - Evaluating full set of 3600 variants... 
INFO  17:35:25,836 VariantRecalibrator - Building MQ x SOR plot... 
INFO  17:35:25,837 VariantRecalibratorEngine - Evaluating full set of 3660 variants... 
INFO  17:35:26,449 VariantRecalibratorEngine - Evaluating full set of 3660 variants... 
INFO  17:35:26,801 VariantRecalibrator - Building DP x QD plot... 
INFO  17:35:26,802 VariantRecalibratorEngine - Evaluating full set of 3660 variants... 
INFO  17:35:27,422 VariantRecalibratorEngine - Evaluating full set of 3660 variants... 
INFO  17:35:27,774 VariantRecalibrator - Building DP x MQRankSum plot... 
INFO  17:35:27,775 VariantRecalibratorEngine - Evaluating full set of 3600 variants... 
INFO  17:35:28,384 VariantRecalibratorEngine - Evaluating full set of 3600 variants... 
INFO  17:35:28,731 VariantRecalibrator - Building DP x FS plot... 
INFO  17:35:28,732 VariantRecalibratorEngine - Evaluating full set of 3600 variants... 
INFO  17:35:29,335 VariantRecalibratorEngine - Evaluating full set of 3600 variants... 
INFO  17:35:29,679 VariantRecalibrator - Building DP x ReadPosRankSum plot... 
INFO  17:35:29,680 VariantRecalibratorEngine - Evaluating full set of 3600 variants... 
INFO  17:35:30,290 VariantRecalibratorEngine - Evaluating full set of 3600 variants... 
INFO  17:35:30,637 VariantRecalibrator - Building DP x SOR plot... 
INFO  17:35:30,638 VariantRecalibratorEngine - Evaluating full set of 3660 variants... 
INFO  17:35:31,255 VariantRecalibratorEngine - Evaluating full set of 3660 variants... 
INFO  17:35:31,607 VariantRecalibrator - Building QD x MQRankSum plot... 
INFO  17:35:31,608 VariantRecalibratorEngine - Evaluating full set of 3660 variants... 
INFO  17:35:32,227 VariantRecalibratorEngine - Evaluating full set of 3660 variants... 
INFO  17:35:32,579 VariantRecalibrator - Building QD x FS plot... 
INFO  17:35:32,580 VariantRecalibratorEngine - Evaluating full set of 3660 variants... 
INFO  17:35:33,198 VariantRecalibratorEngine - Evaluating full set of 3660 variants... 
INFO  17:35:33,548 VariantRecalibrator - Building QD x ReadPosRankSum plot... 
INFO  17:35:33,549 VariantRecalibratorEngine - Evaluating full set of 3660 variants... 
INFO  17:35:34,168 VariantRecalibratorEngine - Evaluating full set of 3660 variants... 
INFO  17:35:34,530 VariantRecalibrator - Building QD x SOR plot... 
INFO  17:35:34,531 VariantRecalibratorEngine - Evaluating full set of 3721 variants... 
INFO  17:35:35,157 VariantRecalibratorEngine - Evaluating full set of 3721 variants... 
INFO  17:35:35,514 VariantRecalibrator - Building MQRankSum x FS plot... 
INFO  17:35:35,515 VariantRecalibratorEngine - Evaluating full set of 3600 variants... 
INFO  17:35:36,122 VariantRecalibratorEngine - Evaluating full set of 3600 variants... 
INFO  17:35:36,466 VariantRecalibrator - Building MQRankSum x ReadPosRankSum plot... 
INFO  17:35:36,467 VariantRecalibratorEngine - Evaluating full set of 3600 variants... 
INFO  17:35:37,075 VariantRecalibratorEngine - Evaluating full set of 3600 variants... 
INFO  17:35:37,423 VariantRecalibrator - Building MQRankSum x SOR plot... 
INFO  17:35:37,424 VariantRecalibratorEngine - Evaluating full set of 3660 variants... 
INFO  17:35:38,039 VariantRecalibratorEngine - Evaluating full set of 3660 variants... 
INFO  17:35:38,392 VariantRecalibrator - Building FS x ReadPosRankSum plot... 
INFO  17:35:38,393 VariantRecalibratorEngine - Evaluating full set of 3600 variants... 
INFO  17:35:38,997 VariantRecalibratorEngine - Evaluating full set of 3600 variants... 
INFO  17:35:39,340 VariantRecalibrator - Building FS x SOR plot... 
INFO  17:35:39,341 VariantRecalibratorEngine - Evaluating full set of 3660 variants... 
INFO  17:35:39,953 VariantRecalibratorEngine - Evaluating full set of 3660 variants... 
INFO  17:35:40,302 VariantRecalibrator - Building ReadPosRankSum x SOR plot... 
INFO  17:35:40,303 VariantRecalibratorEngine - Evaluating full set of 3660 variants... 
INFO  17:35:40,919 VariantRecalibratorEngine - Evaluating full set of 3660 variants... 
INFO  17:35:41,272 VariantRecalibrator - Executing: Rscript /scratch/108820/ANALYSIS/P4107/piper_ngi/07_variant_calls/P4107_1006.clean.dedup.recal.bam.snp.vqsr.r 
INFO  17:35:42,370 ProgressMeter - GL000192.1:532533   6.8400157E7    37.7 m      33.0 s      100.0%    37.7 m       0.0 s 
WARN  17:35:44,414 RScriptExecutor - RScript exited with 1. Run with -l DEBUG for more info. 
INFO  17:35:44,423 VariantRecalibrator - Executing: Rscript (resource)org/broadinstitute/gatk/tools/walkers/variantrecalibration/plot_Tranches.R /scratch/108820/ANALYSIS/P4107/piper_ngi/07_variant_calls/P4107_1006.clean.dedup.recal.bam.snp.tranches 2.15 
INFO  17:36:02,535 ProgressMeter -            done   6.8409372E7    38.0 m      33.0 s      100.0%    38.0 m       0.0 s 
INFO  17:36:02,536 ProgressMeter - Total runtime 2279.72 secs, 38.00 min, 0.63 hours 
INFO  17:36:08,476 GATKRunReport - Uploaded run statistics report to AWS S3 
