SLF4J: Class path contains multiple SLF4J bindings.
SLF4J: Found binding in [jar:file:/apus/v1/a2014205/software/piper_bin/Piper/Piper-v1.3.0/lib/GenomeAnalysisTK.jar!/org/slf4j/impl/StaticLoggerBinder.class]
SLF4J: Found binding in [jar:file:/apus/v1/a2014205/software/piper_bin/Piper/Piper-v1.3.0/lib/Queue.jar!/org/slf4j/impl/StaticLoggerBinder.class]
SLF4J: See http://www.slf4j.org/codes.html#multiple_bindings for an explanation.
INFO  07:27:24,435 HelpFormatter - -------------------------------------------------------------------------------- 
INFO  07:27:24,437 HelpFormatter - The Genome Analysis Toolkit (GATK) v3.3-0-geee94ec, Compiled 2016/02/26 09:40:23 
INFO  07:27:24,437 HelpFormatter - Copyright (c) 2010 The Broad Institute 
INFO  07:27:24,437 HelpFormatter - For support and documentation go to http://www.broadinstitute.org/gatk 
INFO  07:27:24,442 HelpFormatter - Program Args: -T SelectVariants -R /proj/a2014205/piper_references/gatk_bundle/2.8/b37/human_g1k_v37.fasta -V /scratch/109642/ANALYSIS/P4107/piper_ngi/07_variant_calls/P4107_1003.clean.dedup.recal.bam.raw.vcf.gz -o /scratch/109642/ANALYSIS/P4107/piper_ngi/07_variant_calls/P4107_1003.clean.dedup.recal.bam.raw.indel.vcf.gz -selectType INDEL 
INFO  07:27:24,446 HelpFormatter - Executing as funk_002@n24.uppmax.uu.se on Linux 2.6.32-573.18.1.el6.x86_64 amd64; Java HotSpot(TM) 64-Bit Server VM 1.7.0_25-b15. 
INFO  07:27:24,446 HelpFormatter - Date/Time: 2016/03/01 07:27:24 
INFO  07:27:24,446 HelpFormatter - -------------------------------------------------------------------------------- 
INFO  07:27:24,446 HelpFormatter - -------------------------------------------------------------------------------- 
INFO  07:27:24,658 GenomeAnalysisEngine - Strictness is SILENT 
INFO  07:27:24,870 GenomeAnalysisEngine - Downsampling Settings: Method: BY_SAMPLE, Target Coverage: 1000 
WARN  07:27:25,057 IndexDictionaryUtils - Track variant doesn't have a sequence dictionary built in, skipping dictionary validation 
INFO  07:27:25,117 GenomeAnalysisEngine - Preparing for traversal 
INFO  07:27:25,131 GenomeAnalysisEngine - Done preparing for traversal 
INFO  07:27:25,131 ProgressMeter - [INITIALIZATION COMPLETE; STARTING PROCESSING] 
INFO  07:27:25,131 ProgressMeter -                 | processed |    time |    per 1M |           |   total | remaining 
INFO  07:27:25,133 ProgressMeter -        Location |     sites | elapsed |     sites | completed | runtime |   runtime 
INFO  07:27:55,135 ProgressMeter -      6:23710831   2474073.0    30.0 s      12.0 s       35.0%    85.0 s      55.0 s 
INFO  07:28:25,136 ProgressMeter -     14:50603130   5197104.0    60.0 s      11.0 s       72.6%    82.0 s      22.0 s 
INFO  07:28:44,671 SelectVariants - 4994691 records processed. 
INFO  07:28:45,274 ProgressMeter -            done   6967059.0    80.0 s      11.0 s      100.0%    80.0 s       0.0 s 
INFO  07:28:45,274 ProgressMeter - Total runtime 80.14 secs, 1.34 min, 0.02 hours 
INFO  07:28:46,666 GATKRunReport - Uploaded run statistics report to AWS S3 
