SLF4J: Class path contains multiple SLF4J bindings.
SLF4J: Found binding in [jar:file:/apus/v1/a2014205/software/piper_bin/Piper/Piper-v1.3.0/lib/GenomeAnalysisTK.jar!/org/slf4j/impl/StaticLoggerBinder.class]
SLF4J: Found binding in [jar:file:/apus/v1/a2014205/software/piper_bin/Piper/Piper-v1.3.0/lib/Queue.jar!/org/slf4j/impl/StaticLoggerBinder.class]
SLF4J: See http://www.slf4j.org/codes.html#multiple_bindings for an explanation.
INFO  09:48:37,212 HelpFormatter - -------------------------------------------------------------------------------- 
INFO  09:48:37,214 HelpFormatter - The Genome Analysis Toolkit (GATK) v3.3-0-geee94ec, Compiled 2015/12/17 12:33:03 
INFO  09:48:37,214 HelpFormatter - Copyright (c) 2010 The Broad Institute 
INFO  09:48:37,214 HelpFormatter - For support and documentation go to http://www.broadinstitute.org/gatk 
INFO  09:48:37,218 HelpFormatter - Program Args: -T VariantRecalibrator -R /proj/a2014205/piper_references/gatk_bundle/2.8/b37/human_g1k_v37.fasta -nt 16 -mode INDEL -mG 4 -std 10.0 -input /scratch/108823/ANALYSIS/P4107/piper_ngi/07_variant_calls/P4107_1001.clean.dedup.recal.bam.raw.indel.vcf.gz -resource:known=true,training=true,truth=true,prior=12.0 /proj/a2014205/piper_references/gatk_bundle/2.8/b37/Mills_and_1000G_gold_standard.indels.b37.vcf -recalFile /scratch/108823/ANALYSIS/P4107/piper_ngi/07_variant_calls/P4107_1001.clean.dedup.recal.bam.indel.tranches.recal -tranchesFile /scratch/108823/ANALYSIS/P4107/piper_ngi/07_variant_calls/P4107_1001.clean.dedup.recal.bam.indel.tranches -an QD -an DP -an FS -an SOR -an ReadPosRankSum -an MQRankSum -tranche 100.0 -tranche 99.9 -tranche 99.0 -tranche 90.0 -rscriptFile /scratch/108823/ANALYSIS/P4107/piper_ngi/07_variant_calls/P4107_1001.clean.dedup.recal.bam.indel.vqsr.r -allPoly 
INFO  09:48:37,222 HelpFormatter - Executing as funk_002@n31.uppmax.uu.se on Linux 2.6.32-573.18.1.el6.x86_64 amd64; Java HotSpot(TM) 64-Bit Server VM 1.7.0_25-b15. 
INFO  09:48:37,222 HelpFormatter - Date/Time: 2016/02/24 09:48:37 
INFO  09:48:37,222 HelpFormatter - -------------------------------------------------------------------------------- 
INFO  09:48:37,222 HelpFormatter - -------------------------------------------------------------------------------- 
INFO  09:48:37,421 GenomeAnalysisEngine - Strictness is SILENT 
INFO  09:48:37,525 GenomeAnalysisEngine - Downsampling Settings: Method: BY_SAMPLE, Target Coverage: 1000 
WARN  09:48:37,890 IndexDictionaryUtils - Track input doesn't have a sequence dictionary built in, skipping dictionary validation 
INFO  09:48:37,903 MicroScheduler - Running the GATK in parallel mode with 16 total threads, 1 CPU thread(s) for each of 16 data thread(s), of 16 processors available on this machine 
INFO  09:48:37,954 GenomeAnalysisEngine - Preparing for traversal 
INFO  09:48:37,969 GenomeAnalysisEngine - Done preparing for traversal 
INFO  09:48:37,970 ProgressMeter - [INITIALIZATION COMPLETE; STARTING PROCESSING] 
INFO  09:48:37,971 ProgressMeter -                 | processed |    time |    per 1M |           |   total | remaining 
INFO  09:48:37,971 ProgressMeter -        Location |     sites | elapsed |     sites | completed | runtime |   runtime 
INFO  09:48:37,976 TrainingSet - Found resource track: 	Known = true 	Training = true 	Truth = true 	Prior = Q12.0 
INFO  09:49:07,974 ProgressMeter -     17:49973441   4546795.0    30.0 s       6.0 s       82.2%    36.0 s       6.0 s 
INFO  09:49:14,653 VariantDataManager - QD: 	 mean = 19.41	 standard deviation = 9.20 
INFO  09:49:14,823 VariantDataManager - DP: 	 mean = 31.44	 standard deviation = 11.05 
INFO  09:49:14,997 VariantDataManager - FS: 	 mean = 1.71	 standard deviation = 3.36 
INFO  09:49:15,170 VariantDataManager - SOR: 	 mean = 1.08	 standard deviation = 0.67 
INFO  09:49:15,345 VariantDataManager - ReadPosRankSum: 	 mean = -0.04	 standard deviation = 1.03 
INFO  09:49:15,539 VariantDataManager - MQRankSum: 	 mean = -0.01	 standard deviation = 0.99 
INFO  09:49:16,647 VariantDataManager - Annotations are now ordered by their information content: [DP, QD, FS, SOR, MQRankSum, ReadPosRankSum] 
INFO  09:49:16,693 VariantDataManager - Training with 384657 variants after standard deviation thresholding. 
INFO  09:49:16,697 GaussianMixtureModel - Initializing model with 100 k-means iterations... 
INFO  09:49:34,511 VariantRecalibratorEngine - Finished iteration 0. 
INFO  09:49:37,976 ProgressMeter - GL000192.1:517395   5320462.0    60.0 s      11.0 s      100.0%    60.0 s       0.0 s 
INFO  09:49:41,413 VariantRecalibratorEngine - Finished iteration 5. 	Current change in mixture coefficients = 0.08867 
INFO  09:49:48,291 VariantRecalibratorEngine - Finished iteration 10. 	Current change in mixture coefficients = 0.03780 
INFO  09:49:55,133 VariantRecalibratorEngine - Finished iteration 15. 	Current change in mixture coefficients = 0.02844 
INFO  09:50:01,960 VariantRecalibratorEngine - Finished iteration 20. 	Current change in mixture coefficients = 0.02684 
INFO  09:50:07,977 ProgressMeter - GL000192.1:517395   5320462.0    90.0 s      16.0 s      100.0%    90.0 s       0.0 s 
INFO  09:50:08,820 VariantRecalibratorEngine - Finished iteration 25. 	Current change in mixture coefficients = 0.02537 
INFO  09:50:15,644 VariantRecalibratorEngine - Finished iteration 30. 	Current change in mixture coefficients = 0.01490 
INFO  09:50:22,484 VariantRecalibratorEngine - Finished iteration 35. 	Current change in mixture coefficients = 0.01084 
INFO  09:50:29,336 VariantRecalibratorEngine - Finished iteration 40. 	Current change in mixture coefficients = 0.01070 
INFO  09:50:36,182 VariantRecalibratorEngine - Finished iteration 45. 	Current change in mixture coefficients = 0.01333 
INFO  09:50:37,979 ProgressMeter - GL000192.1:517395   5320462.0   120.0 s      22.0 s      100.0%   120.0 s       0.0 s 
INFO  09:50:43,052 VariantRecalibratorEngine - Finished iteration 50. 	Current change in mixture coefficients = 0.01564 
INFO  09:50:49,879 VariantRecalibratorEngine - Finished iteration 55. 	Current change in mixture coefficients = 0.02600 
INFO  09:50:57,009 VariantRecalibratorEngine - Finished iteration 60. 	Current change in mixture coefficients = 0.02530 
INFO  09:51:02,988 VariantRecalibratorEngine - Finished iteration 65. 	Current change in mixture coefficients = 0.00747 
INFO  09:51:07,980 ProgressMeter - GL000192.1:517395   5320462.0     2.5 m      28.0 s      100.0%     2.5 m       0.0 s 
INFO  09:51:09,005 VariantRecalibratorEngine - Finished iteration 70. 	Current change in mixture coefficients = 0.00460 
INFO  09:51:15,065 VariantRecalibratorEngine - Finished iteration 75. 	Current change in mixture coefficients = 0.00275 
INFO  09:51:18,697 VariantRecalibratorEngine - Convergence after 78 iterations! 
INFO  09:51:19,488 VariantRecalibratorEngine - Evaluating full set of 904887 variants... 
INFO  09:51:37,982 ProgressMeter - GL000192.1:517395   5320462.0     3.0 m      33.0 s      100.0%     3.0 m       0.0 s 
INFO  09:51:40,702 VariantDataManager - Training with worst 68304 scoring variants --> variants with LOD <= -5.0000. 
INFO  09:51:40,702 GaussianMixtureModel - Initializing model with 100 k-means iterations... 
INFO  09:51:42,616 VariantRecalibratorEngine - Finished iteration 0. 
INFO  09:51:43,248 VariantRecalibratorEngine - Finished iteration 5. 	Current change in mixture coefficients = 0.02101 
INFO  09:51:43,877 VariantRecalibratorEngine - Finished iteration 10. 	Current change in mixture coefficients = 0.00599 
INFO  09:51:44,380 VariantRecalibratorEngine - Convergence after 14 iterations! 
INFO  09:51:44,484 VariantRecalibratorEngine - Evaluating full set of 904887 variants... 
INFO  09:52:02,202 TrancheManager - Finding 4 tranches for 904887 variants 
INFO  09:52:02,785 TrancheManager -   Tranche threshold 100.00 => selection metric threshold 0.000 
INFO  09:52:02,894 TrancheManager -   Found tranche for 100.000: 0.000 threshold starting with variant 0; running score is 0.000  
INFO  09:52:02,894 TrancheManager -   Tranche is Tranche ts=100.00 minVQSLod=-811.2093 known=(385062 @ 0.0000) novel=(519825 @ 0.0000) truthSites(385062 accessible, 385062 called), name=anonymous] 
INFO  09:52:02,894 TrancheManager -   Tranche threshold 99.90 => selection metric threshold 0.001 
INFO  09:52:03,011 TrancheManager -   Found tranche for 99.900: 0.001 threshold starting with variant 5999; running score is 0.001  
INFO  09:52:03,012 TrancheManager -   Tranche is Tranche ts=99.90 minVQSLod=-15.6525 known=(384676 @ 0.0000) novel=(514212 @ 0.0000) truthSites(385062 accessible, 384676 called), name=anonymous] 
INFO  09:52:03,012 TrancheManager -   Tranche threshold 99.00 => selection metric threshold 0.010 
INFO  09:52:03,107 TrancheManager -   Found tranche for 99.000: 0.010 threshold starting with variant 55698; running score is 0.010  
INFO  09:52:03,107 TrancheManager -   Tranche is Tranche ts=99.00 minVQSLod=-1.0582 known=(381211 @ 0.0000) novel=(467978 @ 0.0000) truthSites(385062 accessible, 381211 called), name=anonymous] 
INFO  09:52:03,107 TrancheManager -   Tranche threshold 90.00 => selection metric threshold 0.100 
INFO  09:52:03,208 TrancheManager -   Found tranche for 90.000: 0.100 threshold starting with variant 272314; running score is 0.100  
INFO  09:52:03,208 TrancheManager -   Tranche is Tranche ts=90.00 minVQSLod=1.4336 known=(346555 @ 0.0000) novel=(286018 @ 0.0000) truthSites(385062 accessible, 346555 called), name=anonymous] 
INFO  09:52:03,210 VariantRecalibrator - Writing out recalibration table... 
INFO  09:52:07,983 ProgressMeter - GL000192.1:517395   5320462.0     3.5 m      39.0 s      100.0%     3.5 m       0.0 s 
INFO  09:52:11,650 VariantRecalibrator - Writing out visualization Rscript file... 
INFO  09:52:11,736 VariantRecalibrator - Building DP x QD plot... 
INFO  09:52:11,742 VariantRecalibratorEngine - Evaluating full set of 3660 variants... 
INFO  09:52:12,144 VariantRecalibratorEngine - Evaluating full set of 3660 variants... 
INFO  09:52:12,534 VariantRecalibrator - Building DP x FS plot... 
INFO  09:52:12,536 VariantRecalibratorEngine - Evaluating full set of 3660 variants... 
INFO  09:52:12,932 VariantRecalibratorEngine - Evaluating full set of 3660 variants... 
INFO  09:52:13,264 VariantRecalibrator - Building DP x SOR plot... 
INFO  09:52:13,265 VariantRecalibratorEngine - Evaluating full set of 3600 variants... 
INFO  09:52:13,660 VariantRecalibratorEngine - Evaluating full set of 3600 variants... 
INFO  09:52:13,978 VariantRecalibrator - Building DP x MQRankSum plot... 
INFO  09:52:13,980 VariantRecalibratorEngine - Evaluating full set of 3660 variants... 
INFO  09:52:14,382 VariantRecalibratorEngine - Evaluating full set of 3660 variants... 
INFO  09:52:14,703 VariantRecalibrator - Building DP x ReadPosRankSum plot... 
INFO  09:52:14,704 VariantRecalibratorEngine - Evaluating full set of 3660 variants... 
INFO  09:52:15,107 VariantRecalibratorEngine - Evaluating full set of 3660 variants... 
INFO  09:52:15,429 VariantRecalibrator - Building QD x FS plot... 
INFO  09:52:15,430 VariantRecalibratorEngine - Evaluating full set of 3721 variants... 
INFO  09:52:15,832 VariantRecalibratorEngine - Evaluating full set of 3721 variants... 
INFO  09:52:16,167 VariantRecalibrator - Building QD x SOR plot... 
INFO  09:52:16,169 VariantRecalibratorEngine - Evaluating full set of 3660 variants... 
INFO  09:52:16,570 VariantRecalibratorEngine - Evaluating full set of 3660 variants... 
INFO  09:52:16,896 VariantRecalibrator - Building QD x MQRankSum plot... 
INFO  09:52:16,898 VariantRecalibratorEngine - Evaluating full set of 3721 variants... 
INFO  09:52:17,306 VariantRecalibratorEngine - Evaluating full set of 3721 variants... 
INFO  09:52:17,638 VariantRecalibrator - Building QD x ReadPosRankSum plot... 
INFO  09:52:17,640 VariantRecalibratorEngine - Evaluating full set of 3721 variants... 
INFO  09:52:18,049 VariantRecalibratorEngine - Evaluating full set of 3721 variants... 
INFO  09:52:18,382 VariantRecalibrator - Building FS x SOR plot... 
INFO  09:52:18,383 VariantRecalibratorEngine - Evaluating full set of 3660 variants... 
INFO  09:52:18,776 VariantRecalibratorEngine - Evaluating full set of 3660 variants... 
INFO  09:52:19,106 VariantRecalibrator - Building FS x MQRankSum plot... 
INFO  09:52:19,107 VariantRecalibratorEngine - Evaluating full set of 3721 variants... 
INFO  09:52:19,508 VariantRecalibratorEngine - Evaluating full set of 3721 variants... 
INFO  09:52:19,842 VariantRecalibrator - Building FS x ReadPosRankSum plot... 
INFO  09:52:19,844 VariantRecalibratorEngine - Evaluating full set of 3721 variants... 
INFO  09:52:20,246 VariantRecalibratorEngine - Evaluating full set of 3721 variants... 
INFO  09:52:20,581 VariantRecalibrator - Building SOR x MQRankSum plot... 
INFO  09:52:20,582 VariantRecalibratorEngine - Evaluating full set of 3660 variants... 
INFO  09:52:20,981 VariantRecalibratorEngine - Evaluating full set of 3660 variants... 
INFO  09:52:21,308 VariantRecalibrator - Building SOR x ReadPosRankSum plot... 
INFO  09:52:21,310 VariantRecalibratorEngine - Evaluating full set of 3660 variants... 
INFO  09:52:21,709 VariantRecalibratorEngine - Evaluating full set of 3660 variants... 
INFO  09:52:22,037 VariantRecalibrator - Building MQRankSum x ReadPosRankSum plot... 
INFO  09:52:22,038 VariantRecalibratorEngine - Evaluating full set of 3721 variants... 
INFO  09:52:22,445 VariantRecalibratorEngine - Evaluating full set of 3721 variants... 
INFO  09:52:22,791 VariantRecalibrator - Executing: Rscript /scratch/108823/ANALYSIS/P4107/piper_ngi/07_variant_calls/P4107_1001.clean.dedup.recal.bam.indel.vqsr.r 
WARN  09:52:24,322 RScriptExecutor - RScript exited with 1. Run with -l DEBUG for more info. 
INFO  09:52:24,326 VariantRecalibrator - Tranches plot will not be generated since we are running in INDEL mode 
INFO  09:52:27,472 ProgressMeter -            done   5321267.0     3.8 m      43.0 s      100.0%     3.8 m       0.0 s 
INFO  09:52:27,472 ProgressMeter - Total runtime 229.50 secs, 3.83 min, 0.06 hours 
INFO  09:52:31,974 GATKRunReport - Uploaded run statistics report to AWS S3 
