SLF4J: Class path contains multiple SLF4J bindings.
SLF4J: Found binding in [jar:file:/apus/v1/a2014205/software/piper_bin/Piper/Piper-v1.3.0/lib/GenomeAnalysisTK.jar!/org/slf4j/impl/StaticLoggerBinder.class]
SLF4J: Found binding in [jar:file:/apus/v1/a2014205/software/piper_bin/Piper/Piper-v1.3.0/lib/Queue.jar!/org/slf4j/impl/StaticLoggerBinder.class]
SLF4J: See http://www.slf4j.org/codes.html#multiple_bindings for an explanation.
INFO  16:35:03,075 HelpFormatter - -------------------------------------------------------------------------------- 
INFO  16:35:03,077 HelpFormatter - The Genome Analysis Toolkit (GATK) v3.3-0-geee94ec, Compiled 2015/12/17 12:33:03 
INFO  16:35:03,077 HelpFormatter - Copyright (c) 2010 The Broad Institute 
INFO  16:35:03,077 HelpFormatter - For support and documentation go to http://www.broadinstitute.org/gatk 
INFO  16:35:03,082 HelpFormatter - Program Args: -T GenotypeGVCFs -R /proj/a2014205/piper_references/gatk_bundle/2.8/b37/human_g1k_v37.fasta -nt 16 -V /scratch/108820/ANALYSIS/P4107/piper_ngi/07_variant_calls/P4107_1006.clean.dedup.recal.bam.genomic.vcf.gz -o /scratch/108820/ANALYSIS/P4107/piper_ngi/07_variant_calls/P4107_1006.clean.dedup.recal.bam.raw.vcf.gz -D /proj/a2014205/piper_references/gatk_bundle/2.8/b37/dbsnp_138.b37.vcf 
INFO  16:35:03,087 HelpFormatter - Executing as funk_002@n29.uppmax.uu.se on Linux 2.6.32-573.18.1.el6.x86_64 amd64; Java HotSpot(TM) 64-Bit Server VM 1.7.0_25-b15. 
INFO  16:35:03,088 HelpFormatter - Date/Time: 2016/02/24 16:35:03 
INFO  16:35:03,088 HelpFormatter - -------------------------------------------------------------------------------- 
INFO  16:35:03,088 HelpFormatter - -------------------------------------------------------------------------------- 
INFO  16:35:03,265 GenomeAnalysisEngine - Strictness is SILENT 
INFO  16:35:03,407 GenomeAnalysisEngine - Downsampling Settings: Method: BY_SAMPLE, Target Coverage: 1000 
WARN  16:35:04,157 IndexDictionaryUtils - Track variant doesn't have a sequence dictionary built in, skipping dictionary validation 
INFO  16:35:04,169 MicroScheduler - Running the GATK in parallel mode with 16 total threads, 1 CPU thread(s) for each of 16 data thread(s), of 16 processors available on this machine 
INFO  16:35:04,259 GenomeAnalysisEngine - Preparing for traversal 
INFO  16:35:04,275 GenomeAnalysisEngine - Done preparing for traversal 
INFO  16:35:04,275 ProgressMeter - [INITIALIZATION COMPLETE; STARTING PROCESSING] 
INFO  16:35:04,276 ProgressMeter -                 | processed |    time |    per 1M |           |   total | remaining 
INFO  16:35:04,277 ProgressMeter -        Location |     sites | elapsed |     sites | completed | runtime |   runtime 
INFO  16:35:04,455 GenotypeGVCFs - Notice that the -ploidy parameter is ignored in GenotypeGVCFs tool as this is automatically determined by the input variant files 
INFO  16:35:36,748 ProgressMeter -      1:48256801       3.3E7    32.0 s       0.0 s        1.6%    34.3 m      33.7 m 
INFO  16:36:06,750 ProgressMeter -     1:128137301      1.13E8    62.0 s       0.0 s        4.1%    25.0 m      24.0 m 
INFO  16:36:36,751 ProgressMeter -     1:215004201       2.0E8    92.0 s       0.0 s        6.9%    22.1 m      20.6 m 
INFO  16:37:06,751 ProgressMeter -      2:37003701   2.71250621E8     2.0 m       0.0 s        9.2%    22.0 m      20.0 m 
INFO  16:37:36,752 ProgressMeter -     2:115261201   3.49250621E8     2.5 m       0.0 s       11.8%    21.6 m      19.0 m 
INFO  16:38:06,753 ProgressMeter -     2:195219101   4.29250621E8     3.0 m       0.0 s       14.3%    21.2 m      18.1 m 
INFO  16:38:36,754 ProgressMeter -      3:26006601   5.04449994E8     3.5 m       0.0 s       16.7%    21.1 m      17.6 m 
INFO  16:39:06,755 ProgressMeter -     3:104186301   5.81449994E8     4.0 m       0.0 s       19.2%    21.0 m      16.9 m 
INFO  16:39:46,756 ProgressMeter -       4:8000301   6.83472424E8     4.7 m       0.0 s       22.5%    20.9 m      16.2 m 
INFO  16:40:16,756 ProgressMeter -      4:86022501   7.61472424E8     5.2 m       0.0 s       25.0%    20.8 m      15.6 m 
INFO  16:40:46,759 ProgressMeter -     4:161038801   8.36472424E8     5.7 m       0.0 s       27.5%    20.8 m      15.1 m 
INFO  16:41:16,797 ProgressMeter -      5:45137601   9.126267E8     6.2 m       0.0 s       29.9%    20.8 m      14.6 m 
INFO  16:41:56,798 ProgressMeter -     5:148160101   1.0176267E9     6.9 m       0.0 s       33.2%    20.7 m      13.8 m 
INFO  16:42:36,798 ProgressMeter -      6:77022301   1.12454196E9     7.5 m       0.0 s       36.7%    20.5 m      13.0 m 
INFO  16:43:06,799 ProgressMeter -     6:147078301   1.19454196E9     8.0 m       0.0 s       39.0%    20.6 m      12.6 m 
INFO  16:43:36,800 ProgressMeter -      7:57044001   1.275657027E9     8.5 m       0.0 s       41.6%    20.5 m      12.0 m 
INFO  16:44:16,801 ProgressMeter -     7:156054101   1.374657027E9     9.2 m       0.0 s       44.8%    20.5 m      11.3 m 
INFO  16:44:46,801 ProgressMeter -      8:65068301   1.44379569E9     9.7 m       0.0 s       47.0%    20.6 m      10.9 m 
INFO  16:45:16,802 ProgressMeter -     8:146051501   1.52379569E9    10.2 m       0.0 s       49.6%    20.6 m      10.4 m 
INFO  16:45:46,803 ProgressMeter -      9:82026001   1.607159712E9    10.7 m       0.0 s       52.3%    20.5 m       9.8 m 
INFO  16:46:26,803 ProgressMeter -     10:42326901   1.707373143E9    11.4 m       0.0 s       55.5%    20.5 m       9.1 m 
INFO  16:46:56,804 ProgressMeter -    10:124039001   1.789373143E9    11.9 m       0.0 s       58.2%    20.4 m       8.5 m 
INFO  16:47:26,805 ProgressMeter -     11:57306601   1.85890789E9    12.4 m       0.0 s       60.4%    20.5 m       8.1 m 
INFO  16:48:06,806 ProgressMeter -     12:32131701   1.967914406E9    13.0 m       0.0 s       63.9%    20.4 m       7.4 m 
INFO  16:48:36,806 ProgressMeter -    12:103351301   2.049914406E9    13.5 m       0.0 s       66.2%    20.4 m       6.9 m 
INFO  16:49:06,846 ProgressMeter -     13:66099601   2.135766301E9    14.0 m       0.0 s       69.3%    20.2 m       6.2 m 
INFO  16:49:46,846 ProgressMeter -     14:56047101   2.240936179E9    14.7 m       0.0 s       72.7%    20.2 m       5.5 m 
INFO  16:50:16,847 ProgressMeter -     15:36239301   2.328285719E9    15.2 m       0.0 s       75.6%    20.1 m       4.9 m 
INFO  16:50:46,848 ProgressMeter -     16:15183601   2.409817111E9    15.7 m       0.0 s       78.2%    20.1 m       4.4 m 
INFO  16:51:16,849 ProgressMeter -      17:3090901   2.488817111E9    16.2 m       0.0 s       80.7%    20.1 m       3.9 m 
INFO  16:51:56,850 ProgressMeter -     18:30010801   2.596367074E9    16.9 m       0.0 s       84.2%    20.0 m       3.2 m 
INFO  16:52:26,850 ProgressMeter -     19:18083901   2.664444322E9    17.4 m       0.0 s       86.3%    20.1 m       2.8 m 
INFO  16:52:56,851 ProgressMeter -     20:40099301   2.743573305E9    17.9 m       0.0 s       88.9%    20.1 m       2.2 m 
INFO  16:53:26,852 ProgressMeter -     22:10315101   2.82972872E9    18.4 m       0.0 s       91.6%    20.1 m     101.0 s 
INFO  16:53:56,856 ProgressMeter -      X:32043901   2.898033286E9    18.9 m       0.0 s       93.9%    20.1 m      73.0 s 
INFO  16:54:26,857 ProgressMeter -      X:86028201   2.952033286E9    19.4 m       0.0 s       95.7%    20.2 m      52.0 s 
INFO  16:54:56,858 ProgressMeter -     X:136093901   3.002033286E9    19.9 m       0.0 s       97.3%    20.4 m      33.0 s 
INFO  16:55:34,565 ProgressMeter -            done   3.101804739E9    20.5 m       0.0 s      100.0%    20.5 m       0.0 s 
INFO  16:55:34,565 ProgressMeter - Total runtime 1230.29 secs, 20.50 min, 0.34 hours 
INFO  16:55:38,250 GATKRunReport - Uploaded run statistics report to AWS S3 
