SLF4J: Class path contains multiple SLF4J bindings.
SLF4J: Found binding in [jar:file:/apus/v1/a2014205/software/piper_bin/Piper/Piper-v1.3.0/lib/GenomeAnalysisTK.jar!/org/slf4j/impl/StaticLoggerBinder.class]
SLF4J: Found binding in [jar:file:/apus/v1/a2014205/software/piper_bin/Piper/Piper-v1.3.0/lib/Queue.jar!/org/slf4j/impl/StaticLoggerBinder.class]
SLF4J: See http://www.slf4j.org/codes.html#multiple_bindings for an explanation.
INFO  09:52:37,804 HelpFormatter - -------------------------------------------------------------------------------- 
INFO  09:52:37,805 HelpFormatter - The Genome Analysis Toolkit (GATK) v3.3-0-geee94ec, Compiled 2015/12/17 12:33:03 
INFO  09:52:37,806 HelpFormatter - Copyright (c) 2010 The Broad Institute 
INFO  09:52:37,806 HelpFormatter - For support and documentation go to http://www.broadinstitute.org/gatk 
INFO  09:52:37,810 HelpFormatter - Program Args: -T ApplyRecalibration -R /proj/a2014205/piper_references/gatk_bundle/2.8/b37/human_g1k_v37.fasta -input /scratch/108823/ANALYSIS/P4107/piper_ngi/07_variant_calls/P4107_1001.clean.dedup.recal.bam.raw.indel.vcf.gz -recalFile /scratch/108823/ANALYSIS/P4107/piper_ngi/07_variant_calls/P4107_1001.clean.dedup.recal.bam.indel.tranches.recal -tranchesFile /scratch/108823/ANALYSIS/P4107/piper_ngi/07_variant_calls/P4107_1001.clean.dedup.recal.bam.indel.tranches -o /scratch/108823/ANALYSIS/P4107/piper_ngi/07_variant_calls/P4107_1001.clean.dedup.recal.bam.recalibrated.indel.vcf.gz -mode INDEL 
INFO  09:52:37,813 HelpFormatter - Executing as funk_002@n31.uppmax.uu.se on Linux 2.6.32-573.18.1.el6.x86_64 amd64; Java HotSpot(TM) 64-Bit Server VM 1.7.0_25-b15. 
INFO  09:52:37,813 HelpFormatter - Date/Time: 2016/02/24 09:52:37 
INFO  09:52:37,813 HelpFormatter - -------------------------------------------------------------------------------- 
INFO  09:52:37,813 HelpFormatter - -------------------------------------------------------------------------------- 
INFO  09:52:37,922 GenomeAnalysisEngine - Strictness is SILENT 
INFO  09:52:38,014 GenomeAnalysisEngine - Downsampling Settings: Method: BY_SAMPLE, Target Coverage: 1000 
WARN  09:52:38,250 IndexDictionaryUtils - Track input doesn't have a sequence dictionary built in, skipping dictionary validation 
INFO  09:52:38,311 GenomeAnalysisEngine - Preparing for traversal 
INFO  09:52:38,336 GenomeAnalysisEngine - Done preparing for traversal 
INFO  09:52:38,336 ProgressMeter - [INITIALIZATION COMPLETE; STARTING PROCESSING] 
INFO  09:52:38,336 ProgressMeter -                 | processed |    time |    per 1M |           |   total | remaining 
INFO  09:52:38,337 ProgressMeter -        Location |     sites | elapsed |     sites | completed | runtime |   runtime 
INFO  09:52:38,362 ApplyRecalibration - Keeping all variants with VQSLOD >= 0.0 
INFO  09:53:08,341 ProgressMeter -     10:21001511   1593956.0    30.0 s      18.0 s       54.9%    54.0 s      24.0 s 
INFO  09:53:29,732 ProgressMeter -            done   2838275.0    51.0 s      18.0 s      100.0%    51.0 s       0.0 s 
INFO  09:53:29,732 ProgressMeter - Total runtime 51.40 secs, 0.86 min, 0.01 hours 
INFO  09:53:30,979 GATKRunReport - Uploaded run statistics report to AWS S3 
