SLF4J: Class path contains multiple SLF4J bindings.
SLF4J: Found binding in [jar:file:/apus/v1/a2014205/software/piper_bin/Piper/Piper-v1.3.0/lib/GenomeAnalysisTK.jar!/org/slf4j/impl/StaticLoggerBinder.class]
SLF4J: Found binding in [jar:file:/apus/v1/a2014205/software/piper_bin/Piper/Piper-v1.3.0/lib/Queue.jar!/org/slf4j/impl/StaticLoggerBinder.class]
SLF4J: See http://www.slf4j.org/codes.html#multiple_bindings for an explanation.
INFO  08:40:27,712 HelpFormatter - -------------------------------------------------------------------------------- 
INFO  08:40:27,714 HelpFormatter - The Genome Analysis Toolkit (GATK) v3.3-0-geee94ec, Compiled 2015/12/17 12:33:03 
INFO  08:40:27,714 HelpFormatter - Copyright (c) 2010 The Broad Institute 
INFO  08:40:27,714 HelpFormatter - For support and documentation go to http://www.broadinstitute.org/gatk 
INFO  08:40:27,719 HelpFormatter - Program Args: -T VariantRecalibrator -R /proj/a2014205/piper_references/gatk_bundle/2.8/b37/human_g1k_v37.fasta -nt 16 -mode SNP -input /scratch/108823/ANALYSIS/P4107/piper_ngi/07_variant_calls/P4107_1001.clean.dedup.recal.bam.raw.snp.vcf.gz -resource:known=false,training=true,truth=true,prior=15.0 /proj/a2014205/piper_references/gatk_bundle/2.8/b37/hapmap_3.3.b37.vcf -resource:known=false,training=true,truth=true,prior=12.0 /proj/a2014205/piper_references/gatk_bundle/2.8/b37/1000G_omni2.5.b37.vcf -resource:known=false,training=true,truth=false,prior=10.0 /proj/a2014205/piper_references/gatk_bundle/2.8/b37/1000G_phase1.snps.high_confidence.b37.vcf -resource:known=true,training=false,truth=false,prior=2.0 /proj/a2014205/piper_references/gatk_bundle/2.8/b37/dbsnp_138.b37.vcf -recalFile /scratch/108823/ANALYSIS/P4107/piper_ngi/07_variant_calls/P4107_1001.clean.dedup.recal.bam.snp.tranches.recal -tranchesFile /scratch/108823/ANALYSIS/P4107/piper_ngi/07_variant_calls/P4107_1001.clean.dedup.recal.bam.snp.tranches -an QD -an MQ -an MQRankSum -an ReadPosRankSum -an FS -an SOR -an DP -tranche 100.0 -tranche 99.9 -tranche 99.0 -tranche 90.0 -rscriptFile /scratch/108823/ANALYSIS/P4107/piper_ngi/07_variant_calls/P4107_1001.clean.dedup.recal.bam.snp.vqsr.r -allPoly 
INFO  08:40:27,722 HelpFormatter - Executing as funk_002@n31.uppmax.uu.se on Linux 2.6.32-573.18.1.el6.x86_64 amd64; Java HotSpot(TM) 64-Bit Server VM 1.7.0_25-b15. 
INFO  08:40:27,722 HelpFormatter - Date/Time: 2016/02/24 08:40:27 
INFO  08:40:27,722 HelpFormatter - -------------------------------------------------------------------------------- 
INFO  08:40:27,723 HelpFormatter - -------------------------------------------------------------------------------- 
INFO  08:40:28,060 GenomeAnalysisEngine - Strictness is SILENT 
INFO  08:40:28,181 GenomeAnalysisEngine - Downsampling Settings: Method: BY_SAMPLE, Target Coverage: 1000 
WARN  08:40:29,545 IndexDictionaryUtils - Track input doesn't have a sequence dictionary built in, skipping dictionary validation 
INFO  08:40:29,561 MicroScheduler - Running the GATK in parallel mode with 16 total threads, 1 CPU thread(s) for each of 16 data thread(s), of 16 processors available on this machine 
INFO  08:40:29,642 GenomeAnalysisEngine - Preparing for traversal 
INFO  08:40:29,657 GenomeAnalysisEngine - Done preparing for traversal 
INFO  08:40:29,658 ProgressMeter - [INITIALIZATION COMPLETE; STARTING PROCESSING] 
INFO  08:40:29,659 ProgressMeter -                 | processed |    time |    per 1M |           |   total | remaining 
INFO  08:40:29,659 ProgressMeter -        Location |     sites | elapsed |     sites | completed | runtime |   runtime 
INFO  08:40:29,679 TrainingSet - Found resource track: 	Known = false 	Training = true 	Truth = true 	Prior = Q15.0 
INFO  08:40:29,680 TrainingSet - Found resource2 track: 	Known = false 	Training = true 	Truth = true 	Prior = Q12.0 
INFO  08:40:29,680 TrainingSet - Found resource3 track: 	Known = false 	Training = true 	Truth = false 	Prior = Q10.0 
INFO  08:40:29,680 TrainingSet - Found resource4 track: 	Known = true 	Training = false 	Truth = false 	Prior = Q2.0 
INFO  08:41:03,746 ProgressMeter -      1:65814384   1387318.0    34.0 s      24.0 s        2.1%    26.7 m      26.1 m 
INFO  08:41:33,748 ProgressMeter -     2:220177025   1.0244241E7    64.0 s       6.0 s       15.1%     7.0 m       6.0 m 
INFO  08:42:03,749 ProgressMeter -     4:145472531   1.8931669E7    94.0 s       4.0 s       27.0%     5.8 m       4.2 m 
INFO  08:42:33,750 ProgressMeter -     6:149998813   2.7674615E7     2.1 m       4.0 s       39.1%     5.3 m       3.2 m 
INFO  08:43:03,751 ProgressMeter -      9:28998900   3.6318809E7     2.6 m       4.0 s       50.6%     5.1 m       2.5 m 
INFO  08:43:33,752 ProgressMeter -      12:1277249   4.5090104E7     3.1 m       4.0 s       62.9%     4.9 m     108.0 s 
INFO  08:44:03,753 ProgressMeter -     15:69429674   5.3438332E7     3.6 m       4.0 s       76.6%     4.7 m      65.0 s 
INFO  08:44:33,754 ProgressMeter -     20:49057035   6.3195837E7     4.1 m       3.0 s       89.2%     4.6 m      29.0 s 
INFO  08:44:53,472 VariantDataManager - QD: 	 mean = 20.27	 standard deviation = 9.57 
INFO  08:44:53,921 VariantDataManager - MQ: 	 mean = 59.92	 standard deviation = 0.93 
INFO  08:44:54,374 VariantDataManager - MQRankSum: 	 mean = -0.03	 standard deviation = 0.92 
INFO  08:44:54,925 VariantDataManager - ReadPosRankSum: 	 mean = 0.30	 standard deviation = 0.95 
INFO  08:44:55,475 VariantDataManager - FS: 	 mean = 1.88	 standard deviation = 3.33 
INFO  08:44:55,930 VariantDataManager - SOR: 	 mean = 0.95	 standard deviation = 0.45 
INFO  08:44:56,382 VariantDataManager - DP: 	 mean = 33.81	 standard deviation = 7.49 
INFO  08:44:58,943 VariantDataManager - Annotations are now ordered by their information content: [MQ, DP, QD, MQRankSum, FS, ReadPosRankSum, SOR] 
INFO  08:44:59,131 VariantDataManager - Training with 3137194 variants after standard deviation thresholding. 
WARN  08:44:59,131 VariantDataManager - WARNING: Very large training set detected. Downsampling to 2500000 training variants. 
INFO  08:44:59,270 GaussianMixtureModel - Initializing model with 100 k-means iterations... 
INFO  08:45:03,755 ProgressMeter - GL000192.1:534743   6.8403887E7     4.6 m       4.0 s      100.0%     4.6 m       0.0 s 
INFO  08:45:33,756 ProgressMeter - GL000192.1:534743   6.8403887E7     5.1 m       4.0 s      100.0%     5.1 m       0.0 s 
INFO  08:46:03,757 ProgressMeter - GL000192.1:534743   6.8403887E7     5.6 m       4.0 s      100.0%     5.6 m       0.0 s 
INFO  08:46:33,758 ProgressMeter - GL000192.1:534743   6.8403887E7     6.1 m       5.0 s      100.0%     6.1 m       0.0 s 
INFO  08:47:03,759 ProgressMeter - GL000192.1:534743   6.8403887E7     6.6 m       5.0 s      100.0%     6.6 m       0.0 s 
INFO  08:47:33,760 ProgressMeter - GL000192.1:534743   6.8403887E7     7.1 m       6.0 s      100.0%     7.1 m       0.0 s 
INFO  08:48:03,762 ProgressMeter - GL000192.1:534743   6.8403887E7     7.6 m       6.0 s      100.0%     7.6 m       0.0 s 
INFO  08:48:33,763 ProgressMeter - GL000192.1:534743   6.8403887E7     8.1 m       7.0 s      100.0%     8.1 m       0.0 s 
INFO  08:49:03,764 ProgressMeter - GL000192.1:534743   6.8403887E7     8.6 m       7.0 s      100.0%     8.6 m       0.0 s 
INFO  08:49:33,765 ProgressMeter - GL000192.1:534743   6.8403887E7     9.1 m       7.0 s      100.0%     9.1 m       0.0 s 
INFO  08:50:03,766 ProgressMeter - GL000192.1:534743   6.8403887E7     9.6 m       8.0 s      100.0%     9.6 m       0.0 s 
INFO  08:50:20,195 VariantRecalibratorEngine - Finished iteration 0. 
INFO  08:50:33,768 ProgressMeter - GL000192.1:534743   6.8403887E7    10.1 m       8.0 s      100.0%    10.1 m       0.0 s 
INFO  08:51:03,768 ProgressMeter - GL000192.1:534743   6.8403887E7    10.6 m       9.0 s      100.0%    10.6 m       0.0 s 
INFO  08:51:33,769 ProgressMeter - GL000192.1:534743   6.8403887E7    11.1 m       9.0 s      100.0%    11.1 m       0.0 s 
INFO  08:52:03,770 ProgressMeter - GL000192.1:534743   6.8403887E7    11.6 m      10.0 s      100.0%    11.6 m       0.0 s 
INFO  08:52:33,771 ProgressMeter - GL000192.1:534743   6.8403887E7    12.1 m      10.0 s      100.0%    12.1 m       0.0 s 
INFO  08:52:34,608 VariantRecalibratorEngine - Finished iteration 5. 	Current change in mixture coefficients = 1.20018 
INFO  08:53:03,773 ProgressMeter - GL000192.1:534743   6.8403887E7    12.6 m      11.0 s      100.0%    12.6 m       0.0 s 
INFO  08:53:33,774 ProgressMeter - GL000192.1:534743   6.8403887E7    13.1 m      11.0 s      100.0%    13.1 m       0.0 s 
INFO  08:54:03,775 ProgressMeter - GL000192.1:534743   6.8403887E7    13.6 m      11.0 s      100.0%    13.6 m       0.0 s 
INFO  08:54:33,775 ProgressMeter - GL000192.1:534743   6.8403887E7    14.1 m      12.0 s      100.0%    14.1 m       0.0 s 
INFO  08:54:47,399 VariantRecalibratorEngine - Finished iteration 10. 	Current change in mixture coefficients = 0.20674 
INFO  08:55:03,776 ProgressMeter - GL000192.1:534743   6.8403887E7    14.6 m      12.0 s      100.0%    14.6 m       0.0 s 
INFO  08:55:33,777 ProgressMeter - GL000192.1:534743   6.8403887E7    15.1 m      13.0 s      100.0%    15.1 m       0.0 s 
INFO  08:56:03,778 ProgressMeter - GL000192.1:534743   6.8403887E7    15.6 m      13.0 s      100.0%    15.6 m       0.0 s 
INFO  08:56:33,779 ProgressMeter - GL000192.1:534743   6.8403887E7    16.1 m      14.0 s      100.0%    16.1 m       0.0 s 
INFO  08:57:00,665 VariantRecalibratorEngine - Finished iteration 15. 	Current change in mixture coefficients = 0.28510 
INFO  08:57:03,780 ProgressMeter - GL000192.1:534743   6.8403887E7    16.6 m      14.0 s      100.0%    16.6 m       0.0 s 
INFO  08:57:43,781 ProgressMeter - GL000192.1:534743   6.8403887E7    17.2 m      15.0 s      100.0%    17.2 m       0.0 s 
INFO  08:58:23,782 ProgressMeter - GL000192.1:534743   6.8403887E7    17.9 m      15.0 s      100.0%    17.9 m       0.0 s 
INFO  08:58:53,783 ProgressMeter - GL000192.1:534743   6.8403887E7    18.4 m      16.0 s      100.0%    18.4 m       0.0 s 
INFO  08:59:14,064 VariantRecalibratorEngine - Finished iteration 20. 	Current change in mixture coefficients = 0.10011 
INFO  08:59:33,784 ProgressMeter - GL000192.1:534743   6.8403887E7    19.1 m      16.0 s      100.0%    19.1 m       0.0 s 
INFO  09:00:03,785 ProgressMeter - GL000192.1:534743   6.8403887E7    19.6 m      17.0 s      100.0%    19.6 m       0.0 s 
INFO  09:00:33,785 ProgressMeter - GL000192.1:534743   6.8403887E7    20.1 m      17.0 s      100.0%    20.1 m       0.0 s 
INFO  09:01:03,786 ProgressMeter - GL000192.1:534743   6.8403887E7    20.6 m      18.0 s      100.0%    20.6 m       0.0 s 
INFO  09:01:27,654 VariantRecalibratorEngine - Finished iteration 25. 	Current change in mixture coefficients = 0.05309 
INFO  09:01:33,787 ProgressMeter - GL000192.1:534743   6.8403887E7    21.1 m      18.0 s      100.0%    21.1 m       0.0 s 
INFO  09:02:03,788 ProgressMeter - GL000192.1:534743   6.8403887E7    21.6 m      18.0 s      100.0%    21.6 m       0.0 s 
INFO  09:02:33,789 ProgressMeter - GL000192.1:534743   6.8403887E7    22.1 m      19.0 s      100.0%    22.1 m       0.0 s 
INFO  09:03:03,790 ProgressMeter - GL000192.1:534743   6.8403887E7    22.6 m      19.0 s      100.0%    22.6 m       0.0 s 
INFO  09:03:33,791 ProgressMeter - GL000192.1:534743   6.8403887E7    23.1 m      20.0 s      100.0%    23.1 m       0.0 s 
INFO  09:03:40,369 VariantRecalibratorEngine - Finished iteration 30. 	Current change in mixture coefficients = 0.01899 
INFO  09:04:03,792 ProgressMeter - GL000192.1:534743   6.8403887E7    23.6 m      20.0 s      100.0%    23.6 m       0.0 s 
INFO  09:04:33,793 ProgressMeter - GL000192.1:534743   6.8403887E7    24.1 m      21.0 s      100.0%    24.1 m       0.0 s 
INFO  09:05:03,794 ProgressMeter - GL000192.1:534743   6.8403887E7    24.6 m      21.0 s      100.0%    24.6 m       0.0 s 
INFO  09:05:33,795 ProgressMeter - GL000192.1:534743   6.8403887E7    25.1 m      21.0 s      100.0%    25.1 m       0.0 s 
INFO  09:05:51,929 VariantRecalibratorEngine - Finished iteration 35. 	Current change in mixture coefficients = 0.00597 
INFO  09:06:03,796 ProgressMeter - GL000192.1:534743   6.8403887E7    25.6 m      22.0 s      100.0%    25.6 m       0.0 s 
INFO  09:06:33,797 ProgressMeter - GL000192.1:534743   6.8403887E7    26.1 m      22.0 s      100.0%    26.1 m       0.0 s 
INFO  09:07:03,798 ProgressMeter - GL000192.1:534743   6.8403887E7    26.6 m      23.0 s      100.0%    26.6 m       0.0 s 
INFO  09:07:33,799 ProgressMeter - GL000192.1:534743   6.8403887E7    27.1 m      23.0 s      100.0%    27.1 m       0.0 s 
INFO  09:08:03,489 VariantRecalibratorEngine - Finished iteration 40. 	Current change in mixture coefficients = 0.00832 
INFO  09:08:03,800 ProgressMeter - GL000192.1:534743   6.8403887E7    27.6 m      24.0 s      100.0%    27.6 m       0.0 s 
INFO  09:08:33,802 ProgressMeter - GL000192.1:534743   6.8403887E7    28.1 m      24.0 s      100.0%    28.1 m       0.0 s 
INFO  09:09:03,802 ProgressMeter - GL000192.1:534743   6.8403887E7    28.6 m      25.0 s      100.0%    28.6 m       0.0 s 
INFO  09:09:33,803 ProgressMeter - GL000192.1:534743   6.8403887E7    29.1 m      25.0 s      100.0%    29.1 m       0.0 s 
INFO  09:10:13,804 ProgressMeter - GL000192.1:534743   6.8403887E7    29.7 m      26.0 s      100.0%    29.7 m       0.0 s 
INFO  09:10:15,165 VariantRecalibratorEngine - Finished iteration 45. 	Current change in mixture coefficients = 0.00742 
INFO  09:10:53,805 ProgressMeter - GL000192.1:534743   6.8403887E7    30.4 m      26.0 s      100.0%    30.4 m       0.0 s 
INFO  09:11:33,806 ProgressMeter - GL000192.1:534743   6.8403887E7    31.1 m      27.0 s      100.0%    31.1 m       0.0 s 
INFO  09:12:13,807 ProgressMeter - GL000192.1:534743   6.8403887E7    31.7 m      27.0 s      100.0%    31.7 m       0.0 s 
INFO  09:12:27,190 VariantRecalibratorEngine - Finished iteration 50. 	Current change in mixture coefficients = 0.00246 
INFO  09:12:43,807 ProgressMeter - GL000192.1:534743   6.8403887E7    32.2 m      28.0 s      100.0%    32.2 m       0.0 s 
INFO  09:13:13,808 ProgressMeter - GL000192.1:534743   6.8403887E7    32.7 m      28.0 s      100.0%    32.7 m       0.0 s 
INFO  09:13:20,278 VariantRecalibratorEngine - Convergence after 52 iterations! 
INFO  09:13:39,276 VariantRecalibratorEngine - Evaluating full set of 4057646 variants... 
INFO  09:13:53,809 ProgressMeter - GL000192.1:534743   6.8403887E7    33.4 m      29.0 s      100.0%    33.4 m       0.0 s 
INFO  09:14:23,810 ProgressMeter - GL000192.1:534743   6.8403887E7    33.9 m      29.0 s      100.0%    33.9 m       0.0 s 
INFO  09:14:53,811 ProgressMeter - GL000192.1:534743   6.8403887E7    34.4 m      30.0 s      100.0%    34.4 m       0.0 s 
INFO  09:15:23,812 ProgressMeter - GL000192.1:534743   6.8403887E7    34.9 m      30.0 s      100.0%    34.9 m       0.0 s 
INFO  09:16:03,813 ProgressMeter - GL000192.1:534743   6.8403887E7    35.6 m      31.0 s      100.0%    35.6 m       0.0 s 
INFO  09:16:23,825 VariantDataManager - Training with worst 281823 scoring variants --> variants with LOD <= -5.0000. 
INFO  09:16:23,826 GaussianMixtureModel - Initializing model with 100 k-means iterations... 
INFO  09:16:33,814 ProgressMeter - GL000192.1:534743   6.8403887E7    36.1 m      31.0 s      100.0%    36.1 m       0.0 s 
INFO  09:16:36,783 VariantRecalibratorEngine - Finished iteration 0. 
INFO  09:16:39,958 VariantRecalibratorEngine - Finished iteration 5. 	Current change in mixture coefficients = 0.00332 
INFO  09:16:41,232 VariantRecalibratorEngine - Convergence after 7 iterations! 
INFO  09:16:41,773 VariantRecalibratorEngine - Evaluating full set of 4057646 variants... 
INFO  09:17:03,815 ProgressMeter - GL000192.1:534743   6.8403887E7    36.6 m      32.0 s      100.0%    36.6 m       0.0 s 
INFO  09:17:43,816 ProgressMeter - GL000192.1:534743   6.8403887E7    37.2 m      32.0 s      100.0%    37.2 m       0.0 s 
INFO  09:18:13,817 ProgressMeter - GL000192.1:534743   6.8403887E7    37.7 m      33.0 s      100.0%    37.7 m       0.0 s 
INFO  09:18:27,917 TrancheManager - Finding 4 tranches for 4057646 variants 
INFO  09:18:30,920 TrancheManager -   Tranche threshold 100.00 => selection metric threshold 0.000 
INFO  09:18:31,423 TrancheManager -   Found tranche for 100.000: 0.000 threshold starting with variant 0; running score is 0.000  
INFO  09:18:31,423 TrancheManager -   Tranche is Tranche ts=100.00 minVQSLod=-35654.9424 known=(3867109 @ 2.0239) novel=(190537 @ 1.4030) truthSites(1755646 accessible, 1755646 called), name=anonymous] 
INFO  09:18:31,424 TrancheManager -   Tranche threshold 99.90 => selection metric threshold 0.001 
INFO  09:18:31,939 TrancheManager -   Found tranche for 99.900: 0.001 threshold starting with variant 220250; running score is 0.001  
INFO  09:18:31,939 TrancheManager -   Tranche is Tranche ts=99.90 minVQSLod=-4.7445 known=(3711924 @ 2.0465) novel=(125472 @ 1.4406) truthSites(1755646 accessible, 1753890 called), name=anonymous] 
INFO  09:18:31,939 TrancheManager -   Tranche threshold 99.00 => selection metric threshold 0.010 
INFO  09:18:32,424 TrancheManager -   Found tranche for 99.000: 0.010 threshold starting with variant 632068; running score is 0.010  
INFO  09:18:32,424 TrancheManager -   Tranche is Tranche ts=99.00 minVQSLod=1.1998 known=(3378572 @ 2.0691) novel=(47006 @ 1.4898) truthSites(1755646 accessible, 1738089 called), name=anonymous] 
INFO  09:18:32,424 TrancheManager -   Tranche threshold 90.00 => selection metric threshold 0.100 
INFO  09:18:32,897 TrancheManager -   Found tranche for 90.000: 0.100 threshold starting with variant 1364461; running score is 0.100  
INFO  09:18:32,897 TrancheManager -   Tranche is Tranche ts=90.00 minVQSLod=16.1746 known=(2686207 @ 2.1170) novel=(6978 @ 1.8023) truthSites(1755646 accessible, 1580081 called), name=anonymous] 
INFO  09:18:32,899 VariantRecalibrator - Writing out recalibration table... 
INFO  09:18:43,817 ProgressMeter - GL000192.1:534743   6.8403887E7    38.2 m      33.0 s      100.0%    38.2 m       0.0 s 
INFO  09:19:02,226 VariantRecalibrator - Writing out visualization Rscript file... 
INFO  09:19:02,462 VariantRecalibrator - Building MQ x DP plot... 
INFO  09:19:02,467 VariantRecalibratorEngine - Evaluating full set of 3721 variants... 
INFO  09:19:03,134 VariantRecalibratorEngine - Evaluating full set of 3721 variants... 
INFO  09:19:03,549 VariantRecalibrator - Building MQ x QD plot... 
INFO  09:19:03,551 VariantRecalibratorEngine - Evaluating full set of 3721 variants... 
INFO  09:19:04,219 VariantRecalibratorEngine - Evaluating full set of 3721 variants... 
INFO  09:19:04,593 VariantRecalibrator - Building MQ x MQRankSum plot... 
INFO  09:19:04,594 VariantRecalibratorEngine - Evaluating full set of 3721 variants... 
INFO  09:19:05,263 VariantRecalibratorEngine - Evaluating full set of 3721 variants... 
INFO  09:19:05,620 VariantRecalibrator - Building MQ x FS plot... 
INFO  09:19:05,621 VariantRecalibratorEngine - Evaluating full set of 3721 variants... 
INFO  09:19:06,283 VariantRecalibratorEngine - Evaluating full set of 3721 variants... 
INFO  09:19:06,643 VariantRecalibrator - Building MQ x ReadPosRankSum plot... 
INFO  09:19:06,644 VariantRecalibratorEngine - Evaluating full set of 3721 variants... 
INFO  09:19:07,312 VariantRecalibratorEngine - Evaluating full set of 3721 variants... 
INFO  09:19:07,669 VariantRecalibrator - Building MQ x SOR plot... 
INFO  09:19:07,670 VariantRecalibratorEngine - Evaluating full set of 3721 variants... 
INFO  09:19:08,338 VariantRecalibratorEngine - Evaluating full set of 3721 variants... 
INFO  09:19:08,698 VariantRecalibrator - Building DP x QD plot... 
INFO  09:19:08,699 VariantRecalibratorEngine - Evaluating full set of 3721 variants... 
INFO  09:19:09,374 VariantRecalibratorEngine - Evaluating full set of 3721 variants... 
INFO  09:19:09,733 VariantRecalibrator - Building DP x MQRankSum plot... 
INFO  09:19:09,734 VariantRecalibratorEngine - Evaluating full set of 3721 variants... 
INFO  09:19:10,410 VariantRecalibratorEngine - Evaluating full set of 3721 variants... 
INFO  09:19:10,770 VariantRecalibrator - Building DP x FS plot... 
INFO  09:19:10,771 VariantRecalibratorEngine - Evaluating full set of 3721 variants... 
INFO  09:19:11,443 VariantRecalibratorEngine - Evaluating full set of 3721 variants... 
INFO  09:19:11,804 VariantRecalibrator - Building DP x ReadPosRankSum plot... 
INFO  09:19:11,805 VariantRecalibratorEngine - Evaluating full set of 3721 variants... 
INFO  09:19:12,479 VariantRecalibratorEngine - Evaluating full set of 3721 variants... 
INFO  09:19:12,839 VariantRecalibrator - Building DP x SOR plot... 
INFO  09:19:12,839 VariantRecalibratorEngine - Evaluating full set of 3721 variants... 
INFO  09:19:13,515 VariantRecalibratorEngine - Evaluating full set of 3721 variants... 
INFO  09:19:13,818 ProgressMeter - GL000192.1:534743   6.8403887E7    38.7 m      33.0 s      100.0%    38.7 m       0.0 s 
INFO  09:19:13,874 VariantRecalibrator - Building QD x MQRankSum plot... 
INFO  09:19:13,875 VariantRecalibratorEngine - Evaluating full set of 3721 variants... 
INFO  09:19:14,553 VariantRecalibratorEngine - Evaluating full set of 3721 variants... 
INFO  09:19:14,912 VariantRecalibrator - Building QD x FS plot... 
INFO  09:19:14,913 VariantRecalibratorEngine - Evaluating full set of 3721 variants... 
INFO  09:19:15,583 VariantRecalibratorEngine - Evaluating full set of 3721 variants... 
INFO  09:19:15,946 VariantRecalibrator - Building QD x ReadPosRankSum plot... 
INFO  09:19:15,947 VariantRecalibratorEngine - Evaluating full set of 3721 variants... 
INFO  09:19:16,621 VariantRecalibratorEngine - Evaluating full set of 3721 variants... 
INFO  09:19:16,980 VariantRecalibrator - Building QD x SOR plot... 
INFO  09:19:16,981 VariantRecalibratorEngine - Evaluating full set of 3721 variants... 
INFO  09:19:17,654 VariantRecalibratorEngine - Evaluating full set of 3721 variants... 
INFO  09:19:18,013 VariantRecalibrator - Building MQRankSum x FS plot... 
INFO  09:19:18,014 VariantRecalibratorEngine - Evaluating full set of 3721 variants... 
INFO  09:19:18,685 VariantRecalibratorEngine - Evaluating full set of 3721 variants... 
INFO  09:19:19,047 VariantRecalibrator - Building MQRankSum x ReadPosRankSum plot... 
INFO  09:19:19,048 VariantRecalibratorEngine - Evaluating full set of 3721 variants... 
INFO  09:19:19,722 VariantRecalibratorEngine - Evaluating full set of 3721 variants... 
INFO  09:19:20,088 VariantRecalibrator - Building MQRankSum x SOR plot... 
INFO  09:19:20,089 VariantRecalibratorEngine - Evaluating full set of 3721 variants... 
INFO  09:19:20,763 VariantRecalibratorEngine - Evaluating full set of 3721 variants... 
INFO  09:19:21,121 VariantRecalibrator - Building FS x ReadPosRankSum plot... 
INFO  09:19:21,122 VariantRecalibratorEngine - Evaluating full set of 3721 variants... 
INFO  09:19:21,791 VariantRecalibratorEngine - Evaluating full set of 3721 variants... 
INFO  09:19:22,150 VariantRecalibrator - Building FS x SOR plot... 
INFO  09:19:22,151 VariantRecalibratorEngine - Evaluating full set of 3721 variants... 
INFO  09:19:22,820 VariantRecalibratorEngine - Evaluating full set of 3721 variants... 
INFO  09:19:23,179 VariantRecalibrator - Building ReadPosRankSum x SOR plot... 
INFO  09:19:23,180 VariantRecalibratorEngine - Evaluating full set of 3721 variants... 
INFO  09:19:23,852 VariantRecalibratorEngine - Evaluating full set of 3721 variants... 
INFO  09:19:24,211 VariantRecalibrator - Executing: Rscript /scratch/108823/ANALYSIS/P4107/piper_ngi/07_variant_calls/P4107_1001.clean.dedup.recal.bam.snp.vqsr.r 
WARN  09:19:27,316 RScriptExecutor - RScript exited with 1. Run with -l DEBUG for more info. 
INFO  09:19:27,320 VariantRecalibrator - Executing: Rscript (resource)org/broadinstitute/gatk/tools/walkers/variantrecalibration/plot_Tranches.R /scratch/108823/ANALYSIS/P4107/piper_ngi/07_variant_calls/P4107_1001.clean.dedup.recal.bam.snp.tranches 2.15 
INFO  09:19:43,819 ProgressMeter - GL000192.1:534743   6.8403887E7    39.2 m      34.0 s      100.0%    39.2 m       0.0 s 
INFO  09:19:47,256 ProgressMeter -            done   6.8404665E7    39.3 m      34.0 s      100.0%    39.3 m       0.0 s 
INFO  09:19:47,256 ProgressMeter - Total runtime 2357.60 secs, 39.29 min, 0.65 hours 
INFO  09:19:54,388 GATKRunReport - Uploaded run statistics report to AWS S3 
