SLF4J: Class path contains multiple SLF4J bindings.
SLF4J: Found binding in [jar:file:/apus/v1/a2014205/software/piper_bin/Piper/Piper-v1.3.0/lib/GenomeAnalysisTK.jar!/org/slf4j/impl/StaticLoggerBinder.class]
SLF4J: Found binding in [jar:file:/apus/v1/a2014205/software/piper_bin/Piper/Piper-v1.3.0/lib/Queue.jar!/org/slf4j/impl/StaticLoggerBinder.class]
SLF4J: See http://www.slf4j.org/codes.html#multiple_bindings for an explanation.
INFO  17:45:23,814 HelpFormatter - -------------------------------------------------------------------------------- 
INFO  17:45:23,816 HelpFormatter - The Genome Analysis Toolkit (GATK) v3.3-0-geee94ec, Compiled 2015/12/17 12:33:03 
INFO  17:45:23,816 HelpFormatter - Copyright (c) 2010 The Broad Institute 
INFO  17:45:23,816 HelpFormatter - For support and documentation go to http://www.broadinstitute.org/gatk 
INFO  17:45:23,820 HelpFormatter - Program Args: -T SelectVariants -R /proj/a2014205/piper_references/gatk_bundle/2.8/b37/human_g1k_v37.fasta -V /scratch/108825/ANALYSIS/P4107/piper_ngi/07_variant_calls/P4107_1002.clean.dedup.recal.bam.raw.vcf.gz -o /scratch/108825/ANALYSIS/P4107/piper_ngi/07_variant_calls/P4107_1002.clean.dedup.recal.bam.raw.indel.vcf.gz -selectType INDEL 
INFO  17:45:23,827 HelpFormatter - Executing as funk_002@n28.uppmax.uu.se on Linux 2.6.32-573.18.1.el6.x86_64 amd64; Java HotSpot(TM) 64-Bit Server VM 1.7.0_25-b15. 
INFO  17:45:23,827 HelpFormatter - Date/Time: 2016/02/24 17:45:23 
INFO  17:45:23,827 HelpFormatter - -------------------------------------------------------------------------------- 
INFO  17:45:23,827 HelpFormatter - -------------------------------------------------------------------------------- 
INFO  17:45:23,944 GenomeAnalysisEngine - Strictness is SILENT 
INFO  17:45:24,029 GenomeAnalysisEngine - Downsampling Settings: Method: BY_SAMPLE, Target Coverage: 1000 
WARN  17:45:24,217 IndexDictionaryUtils - Track variant doesn't have a sequence dictionary built in, skipping dictionary validation 
INFO  17:45:24,277 GenomeAnalysisEngine - Preparing for traversal 
INFO  17:45:24,295 GenomeAnalysisEngine - Done preparing for traversal 
INFO  17:45:24,295 ProgressMeter - [INITIALIZATION COMPLETE; STARTING PROCESSING] 
INFO  17:45:24,295 ProgressMeter -                 | processed |    time |    per 1M |           |   total | remaining 
INFO  17:45:24,296 ProgressMeter -        Location |     sites | elapsed |     sites | completed | runtime |   runtime 
INFO  17:45:54,299 ProgressMeter -      6:19216822   2451378.0    30.0 s      12.0 s       34.9%    86.0 s      56.0 s 
INFO  17:46:24,300 ProgressMeter -     14:43986228   5157997.0    60.0 s      11.0 s       72.3%    82.0 s      22.0 s 
INFO  17:46:43,847 SelectVariants - 4985118 records processed. 
INFO  17:46:44,267 ProgressMeter -            done   6932714.0    79.0 s      11.0 s      100.0%    79.0 s       0.0 s 
INFO  17:46:44,268 ProgressMeter - Total runtime 79.97 secs, 1.33 min, 0.02 hours 
INFO  17:46:45,614 GATKRunReport - Uploaded run statistics report to AWS S3 
