SLF4J: Class path contains multiple SLF4J bindings.
SLF4J: Found binding in [jar:file:/apus/v1/a2014205/software/piper_bin/Piper/Piper-v1.3.0/lib/GenomeAnalysisTK.jar!/org/slf4j/impl/StaticLoggerBinder.class]
SLF4J: Found binding in [jar:file:/apus/v1/a2014205/software/piper_bin/Piper/Piper-v1.3.0/lib/Queue.jar!/org/slf4j/impl/StaticLoggerBinder.class]
SLF4J: See http://www.slf4j.org/codes.html#multiple_bindings for an explanation.
INFO  09:20:00,699 HelpFormatter - -------------------------------------------------------------------------------- 
INFO  09:20:00,701 HelpFormatter - The Genome Analysis Toolkit (GATK) v3.3-0-geee94ec, Compiled 2015/12/17 12:33:03 
INFO  09:20:00,701 HelpFormatter - Copyright (c) 2010 The Broad Institute 
INFO  09:20:00,701 HelpFormatter - For support and documentation go to http://www.broadinstitute.org/gatk 
INFO  09:20:00,705 HelpFormatter - Program Args: -T ApplyRecalibration -R /proj/a2014205/piper_references/gatk_bundle/2.8/b37/human_g1k_v37.fasta -input /scratch/108823/ANALYSIS/P4107/piper_ngi/07_variant_calls/P4107_1001.clean.dedup.recal.bam.raw.snp.vcf.gz -recalFile /scratch/108823/ANALYSIS/P4107/piper_ngi/07_variant_calls/P4107_1001.clean.dedup.recal.bam.snp.tranches.recal -tranchesFile /scratch/108823/ANALYSIS/P4107/piper_ngi/07_variant_calls/P4107_1001.clean.dedup.recal.bam.snp.tranches -o /scratch/108823/ANALYSIS/P4107/piper_ngi/07_variant_calls/P4107_1001.clean.dedup.recal.bam.recalibrated.snp.vcf.gz -mode SNP 
INFO  09:20:00,725 HelpFormatter - Executing as funk_002@n31.uppmax.uu.se on Linux 2.6.32-573.18.1.el6.x86_64 amd64; Java HotSpot(TM) 64-Bit Server VM 1.7.0_25-b15. 
INFO  09:20:00,725 HelpFormatter - Date/Time: 2016/02/24 09:20:00 
INFO  09:20:00,726 HelpFormatter - -------------------------------------------------------------------------------- 
INFO  09:20:00,726 HelpFormatter - -------------------------------------------------------------------------------- 
INFO  09:20:00,834 GenomeAnalysisEngine - Strictness is SILENT 
INFO  09:20:00,920 GenomeAnalysisEngine - Downsampling Settings: Method: BY_SAMPLE, Target Coverage: 1000 
WARN  09:20:01,210 IndexDictionaryUtils - Track input doesn't have a sequence dictionary built in, skipping dictionary validation 
INFO  09:20:01,270 GenomeAnalysisEngine - Preparing for traversal 
INFO  09:20:01,286 GenomeAnalysisEngine - Done preparing for traversal 
INFO  09:20:01,286 ProgressMeter - [INITIALIZATION COMPLETE; STARTING PROCESSING] 
INFO  09:20:01,286 ProgressMeter -                 | processed |    time |    per 1M |           |   total | remaining 
INFO  09:20:01,287 ProgressMeter -        Location |     sites | elapsed |     sites | completed | runtime |   runtime 
INFO  09:20:01,312 ApplyRecalibration - Keeping all variants with VQSLOD >= 0.0 
INFO  09:20:31,292 ProgressMeter -      3:48935583    696348.0    30.0 s      43.0 s       17.5%     2.9 m       2.4 m 
INFO  09:21:01,293 ProgressMeter -      6:32602872   1465396.0    60.0 s      40.0 s       35.3%     2.8 m     109.0 s 
INFO  09:21:31,295 ProgressMeter -     9:117137410   2245899.0    90.0 s      40.0 s       53.4%     2.8 m      78.0 s 
INFO  09:22:01,296 ProgressMeter -     14:33972825   3020967.0   120.0 s      39.0 s       72.0%     2.8 m      46.0 s 
INFO  09:22:31,297 ProgressMeter -     21:18419258   3790107.0     2.5 m      39.0 s       90.3%     2.8 m      16.0 s 
INFO  09:22:42,227 ProgressMeter -            done   4057646.0     2.7 m      39.0 s      100.0%     2.7 m       0.0 s 
INFO  09:22:42,227 ProgressMeter - Total runtime 160.94 secs, 2.68 min, 0.04 hours 
INFO  09:22:43,869 GATKRunReport - Uploaded run statistics report to AWS S3 
