SLF4J: Class path contains multiple SLF4J bindings.
SLF4J: Found binding in [jar:file:/apus/v1/a2014205/software/piper_bin/Piper/Piper-v1.3.0/lib/GenomeAnalysisTK.jar!/org/slf4j/impl/StaticLoggerBinder.class]
SLF4J: Found binding in [jar:file:/apus/v1/a2014205/software/piper_bin/Piper/Piper-v1.3.0/lib/Queue.jar!/org/slf4j/impl/StaticLoggerBinder.class]
SLF4J: See http://www.slf4j.org/codes.html#multiple_bindings for an explanation.
INFO  12:56:43,299 HelpFormatter - -------------------------------------------------------------------------------- 
INFO  12:56:43,301 HelpFormatter - The Genome Analysis Toolkit (GATK) v3.3-0-geee94ec, Compiled 2015/12/17 12:33:03 
INFO  12:56:43,301 HelpFormatter - Copyright (c) 2010 The Broad Institute 
INFO  12:56:43,301 HelpFormatter - For support and documentation go to http://www.broadinstitute.org/gatk 
INFO  12:56:43,305 HelpFormatter - Program Args: -T SelectVariants -R /proj/a2014205/piper_references/gatk_bundle/2.8/b37/human_g1k_v37.fasta -V /scratch/108816/ANALYSIS/P4107/piper_ngi/07_variant_calls/P4107_1004.clean.dedup.recal.bam.raw.vcf.gz -o /scratch/108816/ANALYSIS/P4107/piper_ngi/07_variant_calls/P4107_1004.clean.dedup.recal.bam.raw.indel.vcf.gz -selectType INDEL 
INFO  12:56:43,308 HelpFormatter - Executing as funk_002@n21.uppmax.uu.se on Linux 2.6.32-573.18.1.el6.x86_64 amd64; Java HotSpot(TM) 64-Bit Server VM 1.7.0_25-b15. 
INFO  12:56:43,308 HelpFormatter - Date/Time: 2016/02/24 12:56:43 
INFO  12:56:43,308 HelpFormatter - -------------------------------------------------------------------------------- 
INFO  12:56:43,309 HelpFormatter - -------------------------------------------------------------------------------- 
INFO  12:56:43,425 GenomeAnalysisEngine - Strictness is SILENT 
INFO  12:56:43,505 GenomeAnalysisEngine - Downsampling Settings: Method: BY_SAMPLE, Target Coverage: 1000 
WARN  12:56:43,706 IndexDictionaryUtils - Track variant doesn't have a sequence dictionary built in, skipping dictionary validation 
INFO  12:56:43,766 GenomeAnalysisEngine - Preparing for traversal 
INFO  12:56:43,781 GenomeAnalysisEngine - Done preparing for traversal 
INFO  12:56:43,782 ProgressMeter - [INITIALIZATION COMPLETE; STARTING PROCESSING] 
INFO  12:56:43,782 ProgressMeter -                 | processed |    time |    per 1M |           |   total | remaining 
INFO  12:56:43,783 ProgressMeter -        Location |     sites | elapsed |     sites | completed | runtime |   runtime 
INFO  12:57:13,786 ProgressMeter -      6:31349403   2482348.0    30.0 s      12.0 s       35.3%    85.0 s      55.0 s 
INFO  12:57:43,787 ProgressMeter -     14:79519980   5218061.0    60.0 s      11.0 s       73.5%    81.0 s      21.0 s 
INFO  12:58:02,261 SelectVariants - 4963731 records processed. 
INFO  12:58:02,682 ProgressMeter -            done   6904787.0    78.0 s      11.0 s      100.0%    78.0 s       0.0 s 
INFO  12:58:02,682 ProgressMeter - Total runtime 78.90 secs, 1.32 min, 0.02 hours 
INFO  12:58:04,060 GATKRunReport - Uploaded run statistics report to AWS S3 
