SLF4J: Class path contains multiple SLF4J bindings.
SLF4J: Found binding in [jar:file:/apus/v1/a2014205/software/piper_bin/Piper/Piper-v1.3.0/lib/GenomeAnalysisTK.jar!/org/slf4j/impl/StaticLoggerBinder.class]
SLF4J: Found binding in [jar:file:/apus/v1/a2014205/software/piper_bin/Piper/Piper-v1.3.0/lib/Queue.jar!/org/slf4j/impl/StaticLoggerBinder.class]
SLF4J: See http://www.slf4j.org/codes.html#multiple_bindings for an explanation.
INFO  06:16:17,636 HelpFormatter - -------------------------------------------------------------------------------- 
INFO  06:16:17,638 HelpFormatter - The Genome Analysis Toolkit (GATK) v3.3-0-geee94ec, Compiled 2016/02/26 09:40:23 
INFO  06:16:17,638 HelpFormatter - Copyright (c) 2010 The Broad Institute 
INFO  06:16:17,638 HelpFormatter - For support and documentation go to http://www.broadinstitute.org/gatk 
INFO  06:16:17,642 HelpFormatter - Program Args: -T VariantRecalibrator -R /proj/a2014205/piper_references/gatk_bundle/2.8/b37/human_g1k_v37.fasta -nt 16 -mode SNP -input /scratch/109642/ANALYSIS/P4107/piper_ngi/07_variant_calls/P4107_1003.clean.dedup.recal.bam.raw.snp.vcf.gz -resource:known=false,training=true,truth=true,prior=15.0 /proj/a2014205/piper_references/gatk_bundle/2.8/b37/hapmap_3.3.b37.vcf -resource:known=false,training=true,truth=true,prior=12.0 /proj/a2014205/piper_references/gatk_bundle/2.8/b37/1000G_omni2.5.b37.vcf -resource:known=false,training=true,truth=false,prior=10.0 /proj/a2014205/piper_references/gatk_bundle/2.8/b37/1000G_phase1.snps.high_confidence.b37.vcf -resource:known=true,training=false,truth=false,prior=2.0 /proj/a2014205/piper_references/gatk_bundle/2.8/b37/dbsnp_138.b37.vcf -recalFile /scratch/109642/ANALYSIS/P4107/piper_ngi/07_variant_calls/P4107_1003.clean.dedup.recal.bam.snp.tranches.recal -tranchesFile /scratch/109642/ANALYSIS/P4107/piper_ngi/07_variant_calls/P4107_1003.clean.dedup.recal.bam.snp.tranches -an QD -an MQ -an MQRankSum -an ReadPosRankSum -an FS -an SOR -an DP -tranche 100.0 -tranche 99.9 -tranche 99.0 -tranche 90.0 -rscriptFile /scratch/109642/ANALYSIS/P4107/piper_ngi/07_variant_calls/P4107_1003.clean.dedup.recal.bam.snp.vqsr.r -allPoly 
INFO  06:16:17,645 HelpFormatter - Executing as funk_002@n24.uppmax.uu.se on Linux 2.6.32-573.18.1.el6.x86_64 amd64; Java HotSpot(TM) 64-Bit Server VM 1.7.0_25-b15. 
INFO  06:16:17,645 HelpFormatter - Date/Time: 2016/03/01 06:16:17 
INFO  06:16:17,645 HelpFormatter - -------------------------------------------------------------------------------- 
INFO  06:16:17,645 HelpFormatter - -------------------------------------------------------------------------------- 
INFO  06:16:19,321 GenomeAnalysisEngine - Strictness is SILENT 
INFO  06:16:19,562 GenomeAnalysisEngine - Downsampling Settings: Method: BY_SAMPLE, Target Coverage: 1000 
WARN  06:16:25,172 IndexDictionaryUtils - Track input doesn't have a sequence dictionary built in, skipping dictionary validation 
INFO  06:16:25,188 MicroScheduler - Running the GATK in parallel mode with 16 total threads, 1 CPU thread(s) for each of 16 data thread(s), of 16 processors available on this machine 
INFO  06:16:25,313 GenomeAnalysisEngine - Preparing for traversal 
INFO  06:16:25,327 GenomeAnalysisEngine - Done preparing for traversal 
INFO  06:16:25,327 ProgressMeter - [INITIALIZATION COMPLETE; STARTING PROCESSING] 
INFO  06:16:25,329 ProgressMeter -                 | processed |    time |    per 1M |           |   total | remaining 
INFO  06:16:25,329 ProgressMeter -        Location |     sites | elapsed |     sites | completed | runtime |   runtime 
INFO  06:16:25,371 TrainingSet - Found resource track: 	Known = false 	Training = true 	Truth = true 	Prior = Q15.0 
INFO  06:16:25,371 TrainingSet - Found resource2 track: 	Known = false 	Training = true 	Truth = true 	Prior = Q12.0 
INFO  06:16:25,371 TrainingSet - Found resource3 track: 	Known = false 	Training = true 	Truth = false 	Prior = Q10.0 
INFO  06:16:25,372 TrainingSet - Found resource4 track: 	Known = true 	Training = false 	Truth = false 	Prior = Q2.0 
INFO  06:16:59,477 ProgressMeter -      1:16990872     99306.0    34.0 s       5.7 m        0.5%   103.4 m     102.9 m 
INFO  06:17:29,478 ProgressMeter -      1:80999081   1874638.0    64.0 s      34.0 s        2.6%    40.8 m      39.8 m 
INFO  06:18:00,208 ProgressMeter -       2:4072726   5319002.0    94.0 s      17.0 s        8.2%    19.2 m      17.6 m 
INFO  06:18:30,209 ProgressMeter -     2:112150302   7642601.0     2.1 m      16.0 s       11.7%    17.7 m      15.7 m 
INFO  06:19:00,210 ProgressMeter -     2:167997459   9118037.0     2.6 m      16.0 s       13.5%    19.1 m      16.5 m 
INFO  06:19:30,211 ProgressMeter -      3:74996780   1.256163E7     3.1 m      14.0 s       18.3%    16.8 m      13.7 m 
INFO  06:20:00,229 ProgressMeter -     3:178073796   1.4870757E7     3.6 m      14.0 s       21.6%    16.5 m      12.9 m 
INFO  06:20:30,230 ProgressMeter -     4:107995859   1.8077568E7     4.1 m      13.0 s       25.7%    15.8 m      11.7 m 
INFO  06:21:00,231 ProgressMeter -      5:50998257   2.1017593E7     4.6 m      13.0 s       30.1%    15.2 m      10.6 m 
INFO  06:21:30,232 ProgressMeter -     7:154999500   3.1874226E7     5.1 m       9.0 s       44.8%    11.3 m       6.3 m 
INFO  06:22:00,233 ProgressMeter -     12:47032904   4.5894482E7     5.6 m       7.0 s       64.4%     8.6 m       3.1 m 
INFO  06:22:30,234 ProgressMeter -     18:70819416   6.0164586E7     6.1 m       6.0 s       85.5%     7.1 m      61.0 s 
INFO  06:22:47,570 VariantDataManager - QD: 	 mean = 20.33	 standard deviation = 9.54 
INFO  06:22:48,000 VariantDataManager - MQ: 	 mean = 59.92	 standard deviation = 0.93 
INFO  06:22:48,431 VariantDataManager - MQRankSum: 	 mean = -0.02	 standard deviation = 0.93 
INFO  06:22:48,970 VariantDataManager - ReadPosRankSum: 	 mean = 0.33	 standard deviation = 0.96 
INFO  06:22:49,510 VariantDataManager - FS: 	 mean = 1.93	 standard deviation = 3.39 
INFO  06:22:49,940 VariantDataManager - SOR: 	 mean = 0.94	 standard deviation = 0.44 
INFO  06:22:50,372 VariantDataManager - DP: 	 mean = 36.86	 standard deviation = 7.88 
INFO  06:22:52,875 VariantDataManager - Annotations are now ordered by their information content: [MQ, DP, QD, MQRankSum, FS, ReadPosRankSum, SOR] 
INFO  06:22:53,065 VariantDataManager - Training with 3137709 variants after standard deviation thresholding. 
WARN  06:22:53,065 VariantDataManager - WARNING: Very large training set detected. Downsampling to 2500000 training variants. 
INFO  06:22:53,212 GaussianMixtureModel - Initializing model with 100 k-means iterations... 
INFO  06:23:00,235 ProgressMeter - GL000192.1:534702   6.839983E7     6.6 m       5.0 s      100.0%     6.6 m       0.0 s 
INFO  06:23:30,236 ProgressMeter - GL000192.1:534702   6.839983E7     7.1 m       6.0 s      100.0%     7.1 m       0.0 s 
INFO  06:24:00,237 ProgressMeter - GL000192.1:534702   6.839983E7     7.6 m       6.0 s      100.0%     7.6 m       0.0 s 
INFO  06:24:40,238 ProgressMeter - GL000192.1:534702   6.839983E7     8.2 m       7.0 s      100.0%     8.2 m       0.0 s 
INFO  06:25:20,239 ProgressMeter - GL000192.1:534702   6.839983E7     8.9 m       7.0 s      100.0%     8.9 m       0.0 s 
INFO  06:26:00,240 ProgressMeter - GL000192.1:534702   6.839983E7     9.6 m       8.0 s      100.0%     9.6 m       0.0 s 
INFO  06:26:40,241 ProgressMeter - GL000192.1:534702   6.839983E7    10.2 m       8.0 s      100.0%    10.2 m       0.0 s 
INFO  06:27:20,242 ProgressMeter - GL000192.1:534702   6.839983E7    10.9 m       9.0 s      100.0%    10.9 m       0.0 s 
INFO  06:27:50,242 ProgressMeter - GL000192.1:534702   6.839983E7    11.4 m      10.0 s      100.0%    11.4 m       0.0 s 
INFO  06:28:17,174 VariantRecalibratorEngine - Finished iteration 0. 
INFO  06:28:20,243 ProgressMeter - GL000192.1:534702   6.839983E7    11.9 m      10.0 s      100.0%    11.9 m       0.0 s 
INFO  06:28:50,244 ProgressMeter - GL000192.1:534702   6.839983E7    12.4 m      10.0 s      100.0%    12.4 m       0.0 s 
INFO  06:29:20,245 ProgressMeter - GL000192.1:534702   6.839983E7    12.9 m      11.0 s      100.0%    12.9 m       0.0 s 
INFO  06:30:00,246 ProgressMeter - GL000192.1:534702   6.839983E7    13.6 m      11.0 s      100.0%    13.6 m       0.0 s 
INFO  06:30:29,341 VariantRecalibratorEngine - Finished iteration 5. 	Current change in mixture coefficients = 0.50897 
INFO  06:30:30,247 ProgressMeter - GL000192.1:534702   6.839983E7    14.1 m      12.0 s      100.0%    14.1 m       0.0 s 
INFO  06:31:00,247 ProgressMeter - GL000192.1:534702   6.839983E7    14.6 m      12.0 s      100.0%    14.6 m       0.0 s 
INFO  06:31:30,249 ProgressMeter - GL000192.1:534702   6.839983E7    15.1 m      13.0 s      100.0%    15.1 m       0.0 s 
INFO  06:32:00,250 ProgressMeter - GL000192.1:534702   6.839983E7    15.6 m      13.0 s      100.0%    15.6 m       0.0 s 
INFO  06:32:30,252 ProgressMeter - GL000192.1:534702   6.839983E7    16.1 m      14.0 s      100.0%    16.1 m       0.0 s 
INFO  06:32:38,388 VariantRecalibratorEngine - Finished iteration 10. 	Current change in mixture coefficients = 0.26817 
INFO  06:33:00,253 ProgressMeter - GL000192.1:534702   6.839983E7    16.6 m      14.0 s      100.0%    16.6 m       0.0 s 
INFO  06:33:30,255 ProgressMeter - GL000192.1:534702   6.839983E7    17.1 m      14.0 s      100.0%    17.1 m       0.0 s 
INFO  06:34:00,257 ProgressMeter - GL000192.1:534702   6.839983E7    17.6 m      15.0 s      100.0%    17.6 m       0.0 s 
INFO  06:34:30,258 ProgressMeter - GL000192.1:534702   6.839983E7    18.1 m      15.0 s      100.0%    18.1 m       0.0 s 
INFO  06:34:48,413 VariantRecalibratorEngine - Finished iteration 15. 	Current change in mixture coefficients = 0.14086 
INFO  06:35:00,260 ProgressMeter - GL000192.1:534702   6.839983E7    18.6 m      16.0 s      100.0%    18.6 m       0.0 s 
INFO  06:35:30,261 ProgressMeter - GL000192.1:534702   6.839983E7    19.1 m      16.0 s      100.0%    19.1 m       0.0 s 
INFO  06:36:00,263 ProgressMeter - GL000192.1:534702   6.839983E7    19.6 m      17.0 s      100.0%    19.6 m       0.0 s 
INFO  06:36:30,264 ProgressMeter - GL000192.1:534702   6.839983E7    20.1 m      17.0 s      100.0%    20.1 m       0.0 s 
INFO  06:36:57,882 VariantRecalibratorEngine - Finished iteration 20. 	Current change in mixture coefficients = 0.06984 
INFO  06:37:00,266 ProgressMeter - GL000192.1:534702   6.839983E7    20.6 m      18.0 s      100.0%    20.6 m       0.0 s 
INFO  06:37:30,267 ProgressMeter - GL000192.1:534702   6.839983E7    21.1 m      18.0 s      100.0%    21.1 m       0.0 s 
INFO  06:38:00,268 ProgressMeter - GL000192.1:534702   6.839983E7    21.6 m      18.0 s      100.0%    21.6 m       0.0 s 
INFO  06:38:30,269 ProgressMeter - GL000192.1:534702   6.839983E7    22.1 m      19.0 s      100.0%    22.1 m       0.0 s 
INFO  06:39:00,270 ProgressMeter - GL000192.1:534702   6.839983E7    22.6 m      19.0 s      100.0%    22.6 m       0.0 s 
INFO  06:39:07,380 VariantRecalibratorEngine - Finished iteration 25. 	Current change in mixture coefficients = 0.05530 
INFO  06:39:40,271 ProgressMeter - GL000192.1:534702   6.839983E7    23.2 m      20.0 s      100.0%    23.2 m       0.0 s 
INFO  06:40:10,271 ProgressMeter - GL000192.1:534702   6.839983E7    23.7 m      20.0 s      100.0%    23.7 m       0.0 s 
INFO  06:40:40,272 ProgressMeter - GL000192.1:534702   6.839983E7    24.2 m      21.0 s      100.0%    24.2 m       0.0 s 
INFO  06:41:10,273 ProgressMeter - GL000192.1:534702   6.839983E7    24.7 m      21.0 s      100.0%    24.7 m       0.0 s 
INFO  06:41:16,623 VariantRecalibratorEngine - Finished iteration 30. 	Current change in mixture coefficients = 0.01907 
INFO  06:41:40,275 ProgressMeter - GL000192.1:534702   6.839983E7    25.2 m      22.0 s      100.0%    25.2 m       0.0 s 
INFO  06:42:10,276 ProgressMeter - GL000192.1:534702   6.839983E7    25.7 m      22.0 s      100.0%    25.7 m       0.0 s 
INFO  06:42:40,278 ProgressMeter - GL000192.1:534702   6.839983E7    26.2 m      23.0 s      100.0%    26.2 m       0.0 s 
INFO  06:43:10,280 ProgressMeter - GL000192.1:534702   6.839983E7    26.7 m      23.0 s      100.0%    26.7 m       0.0 s 
INFO  06:43:25,208 VariantRecalibratorEngine - Finished iteration 35. 	Current change in mixture coefficients = 0.01291 
INFO  06:43:40,281 ProgressMeter - GL000192.1:534702   6.839983E7    27.2 m      23.0 s      100.0%    27.2 m       0.0 s 
INFO  06:44:10,283 ProgressMeter - GL000192.1:534702   6.839983E7    27.7 m      24.0 s      100.0%    27.7 m       0.0 s 
INFO  06:44:40,285 ProgressMeter - GL000192.1:534702   6.839983E7    28.2 m      24.0 s      100.0%    28.2 m       0.0 s 
INFO  06:45:10,286 ProgressMeter - GL000192.1:534702   6.839983E7    28.7 m      25.0 s      100.0%    28.7 m       0.0 s 
INFO  06:45:34,628 VariantRecalibratorEngine - Finished iteration 40. 	Current change in mixture coefficients = 0.03252 
INFO  06:45:40,288 ProgressMeter - GL000192.1:534702   6.839983E7    29.2 m      25.0 s      100.0%    29.2 m       0.0 s 
INFO  06:46:10,290 ProgressMeter - GL000192.1:534702   6.839983E7    29.7 m      26.0 s      100.0%    29.7 m       0.0 s 
INFO  06:46:40,291 ProgressMeter - GL000192.1:534702   6.839983E7    30.2 m      26.0 s      100.0%    30.2 m       0.0 s 
INFO  06:47:10,293 ProgressMeter - GL000192.1:534702   6.839983E7    30.7 m      26.0 s      100.0%    30.7 m       0.0 s 
INFO  06:47:40,295 ProgressMeter - GL000192.1:534702   6.839983E7    31.2 m      27.0 s      100.0%    31.2 m       0.0 s 
INFO  06:47:44,312 VariantRecalibratorEngine - Finished iteration 45. 	Current change in mixture coefficients = 0.00731 
INFO  06:48:10,297 ProgressMeter - GL000192.1:534702   6.839983E7    31.7 m      27.0 s      100.0%    31.7 m       0.0 s 
INFO  06:48:40,299 ProgressMeter - GL000192.1:534702   6.839983E7    32.2 m      28.0 s      100.0%    32.2 m       0.0 s 
INFO  06:49:10,301 ProgressMeter - GL000192.1:534702   6.839983E7    32.7 m      28.0 s      100.0%    32.7 m       0.0 s 
INFO  06:49:40,302 ProgressMeter - GL000192.1:534702   6.839983E7    33.2 m      29.0 s      100.0%    33.2 m       0.0 s 
INFO  06:49:53,181 VariantRecalibratorEngine - Finished iteration 50. 	Current change in mixture coefficients = 0.00365 
INFO  06:50:10,304 ProgressMeter - GL000192.1:534702   6.839983E7    33.7 m      29.0 s      100.0%    33.7 m       0.0 s 
INFO  06:50:40,306 ProgressMeter - GL000192.1:534702   6.839983E7    34.2 m      30.0 s      100.0%    34.2 m       0.0 s 
INFO  06:51:10,308 ProgressMeter - GL000192.1:534702   6.839983E7    34.7 m      30.0 s      100.0%    34.7 m       0.0 s 
INFO  06:51:40,310 ProgressMeter - GL000192.1:534702   6.839983E7    35.2 m      30.0 s      100.0%    35.2 m       0.0 s 
INFO  06:52:02,298 VariantRecalibratorEngine - Finished iteration 55. 	Current change in mixture coefficients = 0.00202 
INFO  06:52:10,312 ProgressMeter - GL000192.1:534702   6.839983E7    35.7 m      31.0 s      100.0%    35.7 m       0.0 s 
INFO  06:52:28,134 VariantRecalibratorEngine - Convergence after 56 iterations! 
INFO  06:52:40,314 ProgressMeter - GL000192.1:534702   6.839983E7    36.2 m      31.0 s      100.0%    36.2 m       0.0 s 
INFO  06:52:46,510 VariantRecalibratorEngine - Evaluating full set of 4070462 variants... 
INFO  06:53:10,316 ProgressMeter - GL000192.1:534702   6.839983E7    36.7 m      32.0 s      100.0%    36.7 m       0.0 s 
INFO  06:53:40,317 ProgressMeter - GL000192.1:534702   6.839983E7    37.2 m      32.0 s      100.0%    37.2 m       0.0 s 
INFO  06:54:10,319 ProgressMeter - GL000192.1:534702   6.839983E7    37.7 m      33.0 s      100.0%    37.7 m       0.0 s 
INFO  06:54:40,321 ProgressMeter - GL000192.1:534702   6.839983E7    38.2 m      33.0 s      100.0%    38.2 m       0.0 s 
INFO  06:55:10,323 ProgressMeter - GL000192.1:534702   6.839983E7    38.7 m      33.0 s      100.0%    38.7 m       0.0 s 
INFO  06:55:32,498 VariantDataManager - Training with worst 290530 scoring variants --> variants with LOD <= -5.0000. 
INFO  06:55:32,499 GaussianMixtureModel - Initializing model with 100 k-means iterations... 
INFO  06:55:40,325 ProgressMeter - GL000192.1:534702   6.839983E7    39.2 m      34.0 s      100.0%    39.2 m       0.0 s 
INFO  06:55:44,983 VariantRecalibratorEngine - Finished iteration 0. 
INFO  06:55:48,148 VariantRecalibratorEngine - Finished iteration 5. 	Current change in mixture coefficients = 0.01856 
INFO  06:55:51,235 VariantRecalibratorEngine - Finished iteration 10. 	Current change in mixture coefficients = 0.00562 
INFO  06:55:53,090 VariantRecalibratorEngine - Convergence after 13 iterations! 
INFO  06:55:53,614 VariantRecalibratorEngine - Evaluating full set of 4070462 variants... 
INFO  06:56:10,327 ProgressMeter - GL000192.1:534702   6.839983E7    39.7 m      34.0 s      100.0%    39.7 m       0.0 s 
INFO  06:56:40,329 ProgressMeter - GL000192.1:534702   6.839983E7    40.3 m      35.0 s      100.0%    40.3 m       0.0 s 
INFO  06:57:10,330 ProgressMeter - GL000192.1:534702   6.839983E7    40.8 m      35.0 s      100.0%    40.8 m       0.0 s 
INFO  06:57:40,332 ProgressMeter - GL000192.1:534702   6.839983E7    41.3 m      36.0 s      100.0%    41.3 m       0.0 s 
INFO  06:57:40,604 TrancheManager - Finding 4 tranches for 4070462 variants 
INFO  06:57:43,354 TrancheManager -   Tranche threshold 100.00 => selection metric threshold 0.000 
INFO  06:57:43,826 TrancheManager -   Found tranche for 100.000: 0.000 threshold starting with variant 0; running score is 0.000  
INFO  06:57:43,826 TrancheManager -   Tranche is Tranche ts=100.00 minVQSLod=-39418.4053 known=(3875239 @ 2.0235) novel=(195223 @ 1.3943) truthSites(1755864 accessible, 1755864 called), name=anonymous] 
INFO  06:57:43,826 TrancheManager -   Tranche threshold 99.90 => selection metric threshold 0.001 
INFO  06:57:44,308 TrancheManager -   Found tranche for 99.900: 0.001 threshold starting with variant 298985; running score is 0.001  
INFO  06:57:44,308 TrancheManager -   Tranche is Tranche ts=99.90 minVQSLod=-2.6114 known=(3664325 @ 2.0525) novel=(107152 @ 1.4505) truthSites(1755864 accessible, 1754108 called), name=anonymous] 
INFO  06:57:44,308 TrancheManager -   Tranche threshold 99.00 => selection metric threshold 0.010 
INFO  06:57:44,761 TrancheManager -   Found tranche for 99.000: 0.010 threshold starting with variant 609376; running score is 0.010  
INFO  06:57:44,761 TrancheManager -   Tranche is Tranche ts=99.00 minVQSLod=1.3691 known=(3397484 @ 2.0674) novel=(63602 @ 1.4705) truthSites(1755864 accessible, 1738305 called), name=anonymous] 
INFO  06:57:44,761 TrancheManager -   Tranche threshold 90.00 => selection metric threshold 0.100 
INFO  06:57:45,201 TrancheManager -   Found tranche for 90.000: 0.100 threshold starting with variant 1434330; running score is 0.100  
INFO  06:57:45,202 TrancheManager -   Tranche is Tranche ts=90.00 minVQSLod=16.5434 known=(2631387 @ 2.1218) novel=(4745 @ 1.7172) truthSites(1755864 accessible, 1580277 called), name=anonymous] 
INFO  06:57:45,203 VariantRecalibrator - Writing out recalibration table... 
INFO  06:58:10,334 ProgressMeter - GL000192.1:534702   6.839983E7    41.8 m      36.0 s      100.0%    41.8 m       0.0 s 
INFO  06:58:14,167 VariantRecalibrator - Writing out visualization Rscript file... 
INFO  06:58:14,419 VariantRecalibrator - Building MQ x DP plot... 
INFO  06:58:14,423 VariantRecalibratorEngine - Evaluating full set of 3660 variants... 
INFO  06:58:15,148 VariantRecalibratorEngine - Evaluating full set of 3660 variants... 
INFO  06:58:15,560 VariantRecalibrator - Building MQ x QD plot... 
INFO  06:58:15,562 VariantRecalibratorEngine - Evaluating full set of 3660 variants... 
INFO  06:58:16,716 VariantRecalibratorEngine - Evaluating full set of 3660 variants... 
INFO  06:58:17,082 VariantRecalibrator - Building MQ x MQRankSum plot... 
INFO  06:58:17,082 VariantRecalibratorEngine - Evaluating full set of 3600 variants... 
INFO  06:58:17,794 VariantRecalibratorEngine - Evaluating full set of 3600 variants... 
INFO  06:58:18,142 VariantRecalibrator - Building MQ x FS plot... 
INFO  06:58:18,143 VariantRecalibratorEngine - Evaluating full set of 3660 variants... 
INFO  06:58:18,867 VariantRecalibratorEngine - Evaluating full set of 3660 variants... 
INFO  06:58:19,221 VariantRecalibrator - Building MQ x ReadPosRankSum plot... 
INFO  06:58:19,222 VariantRecalibratorEngine - Evaluating full set of 3660 variants... 
INFO  06:58:19,947 VariantRecalibratorEngine - Evaluating full set of 3660 variants... 
INFO  06:58:20,299 VariantRecalibrator - Building MQ x SOR plot... 
INFO  06:58:20,300 VariantRecalibratorEngine - Evaluating full set of 3660 variants... 
INFO  06:58:21,026 VariantRecalibratorEngine - Evaluating full set of 3660 variants... 
INFO  06:58:21,378 VariantRecalibrator - Building DP x QD plot... 
INFO  06:58:21,379 VariantRecalibratorEngine - Evaluating full set of 3721 variants... 
INFO  06:58:22,121 VariantRecalibratorEngine - Evaluating full set of 3721 variants... 
INFO  06:58:22,479 VariantRecalibrator - Building DP x MQRankSum plot... 
INFO  06:58:22,479 VariantRecalibratorEngine - Evaluating full set of 3660 variants... 
INFO  06:58:23,208 VariantRecalibratorEngine - Evaluating full set of 3660 variants... 
INFO  06:58:23,561 VariantRecalibrator - Building DP x FS plot... 
INFO  06:58:23,562 VariantRecalibratorEngine - Evaluating full set of 3721 variants... 
INFO  06:58:24,306 VariantRecalibratorEngine - Evaluating full set of 3721 variants... 
INFO  06:58:24,666 VariantRecalibrator - Building DP x ReadPosRankSum plot... 
INFO  06:58:24,667 VariantRecalibratorEngine - Evaluating full set of 3721 variants... 
INFO  06:58:25,407 VariantRecalibratorEngine - Evaluating full set of 3721 variants... 
INFO  06:58:25,765 VariantRecalibrator - Building DP x SOR plot... 
INFO  06:58:25,766 VariantRecalibratorEngine - Evaluating full set of 3721 variants... 
INFO  06:58:26,508 VariantRecalibratorEngine - Evaluating full set of 3721 variants... 
INFO  06:58:26,865 VariantRecalibrator - Building QD x MQRankSum plot... 
INFO  06:58:26,866 VariantRecalibratorEngine - Evaluating full set of 3660 variants... 
INFO  06:58:27,596 VariantRecalibratorEngine - Evaluating full set of 3660 variants... 
INFO  06:58:27,948 VariantRecalibrator - Building QD x FS plot... 
INFO  06:58:27,949 VariantRecalibratorEngine - Evaluating full set of 3721 variants... 
INFO  06:58:28,691 VariantRecalibratorEngine - Evaluating full set of 3721 variants... 
INFO  06:58:29,051 VariantRecalibrator - Building QD x ReadPosRankSum plot... 
INFO  06:58:29,052 VariantRecalibratorEngine - Evaluating full set of 3721 variants... 
INFO  06:58:29,793 VariantRecalibratorEngine - Evaluating full set of 3721 variants... 
INFO  06:58:30,152 VariantRecalibrator - Building QD x SOR plot... 
INFO  06:58:30,152 VariantRecalibratorEngine - Evaluating full set of 3721 variants... 
INFO  06:58:30,896 VariantRecalibratorEngine - Evaluating full set of 3721 variants... 
INFO  06:58:31,254 VariantRecalibrator - Building MQRankSum x FS plot... 
INFO  06:58:31,254 VariantRecalibratorEngine - Evaluating full set of 3660 variants... 
INFO  06:58:31,983 VariantRecalibratorEngine - Evaluating full set of 3660 variants... 
INFO  06:58:32,337 VariantRecalibrator - Building MQRankSum x ReadPosRankSum plot... 
INFO  06:58:32,338 VariantRecalibratorEngine - Evaluating full set of 3660 variants... 
INFO  06:58:33,066 VariantRecalibratorEngine - Evaluating full set of 3660 variants... 
INFO  06:58:33,419 VariantRecalibrator - Building MQRankSum x SOR plot... 
INFO  06:58:33,420 VariantRecalibratorEngine - Evaluating full set of 3660 variants... 
INFO  06:58:34,150 VariantRecalibratorEngine - Evaluating full set of 3660 variants... 
INFO  06:58:34,502 VariantRecalibrator - Building FS x ReadPosRankSum plot... 
INFO  06:58:34,503 VariantRecalibratorEngine - Evaluating full set of 3721 variants... 
INFO  06:58:35,245 VariantRecalibratorEngine - Evaluating full set of 3721 variants... 
INFO  06:58:35,605 VariantRecalibrator - Building FS x SOR plot... 
INFO  06:58:35,606 VariantRecalibratorEngine - Evaluating full set of 3721 variants... 
INFO  06:58:36,349 VariantRecalibratorEngine - Evaluating full set of 3721 variants... 
INFO  06:58:36,708 VariantRecalibrator - Building ReadPosRankSum x SOR plot... 
INFO  06:58:36,709 VariantRecalibratorEngine - Evaluating full set of 3721 variants... 
INFO  06:58:37,450 VariantRecalibratorEngine - Evaluating full set of 3721 variants... 
INFO  06:58:37,809 VariantRecalibrator - Executing: Rscript /scratch/109642/ANALYSIS/P4107/piper_ngi/07_variant_calls/P4107_1003.clean.dedup.recal.bam.snp.vqsr.r 
INFO  06:58:40,336 ProgressMeter - GL000192.1:534702   6.839983E7    42.3 m      37.0 s      100.0%    42.3 m       0.0 s 
WARN  06:58:41,722 RScriptExecutor - RScript exited with 1. Run with -l DEBUG for more info. 
INFO  06:58:41,726 VariantRecalibrator - Executing: Rscript (resource)org/broadinstitute/gatk/tools/walkers/variantrecalibration/plot_Tranches.R /scratch/109642/ANALYSIS/P4107/piper_ngi/07_variant_calls/P4107_1003.clean.dedup.recal.bam.snp.tranches 2.15 
INFO  06:59:04,301 ProgressMeter -            done   6.840901E7    42.6 m      37.0 s      100.0%    42.6 m       0.0 s 
INFO  06:59:04,301 ProgressMeter - Total runtime 2558.97 secs, 42.65 min, 0.71 hours 
INFO  06:59:11,078 GATKRunReport - Uploaded run statistics report to AWS S3 
