SLF4J: Class path contains multiple SLF4J bindings.
SLF4J: Found binding in [jar:file:/apus/v1/a2014205/software/piper_bin/Piper/Piper-v1.3.0/lib/GenomeAnalysisTK.jar!/org/slf4j/impl/StaticLoggerBinder.class]
SLF4J: Found binding in [jar:file:/apus/v1/a2014205/software/piper_bin/Piper/Piper-v1.3.0/lib/Queue.jar!/org/slf4j/impl/StaticLoggerBinder.class]
SLF4J: See http://www.slf4j.org/codes.html#multiple_bindings for an explanation.
INFO  07:28:51,907 HelpFormatter - -------------------------------------------------------------------------------- 
INFO  07:28:51,909 HelpFormatter - The Genome Analysis Toolkit (GATK) v3.3-0-geee94ec, Compiled 2016/02/26 09:40:23 
INFO  07:28:51,909 HelpFormatter - Copyright (c) 2010 The Broad Institute 
INFO  07:28:51,909 HelpFormatter - For support and documentation go to http://www.broadinstitute.org/gatk 
INFO  07:28:51,914 HelpFormatter - Program Args: -T VariantRecalibrator -R /proj/a2014205/piper_references/gatk_bundle/2.8/b37/human_g1k_v37.fasta -nt 16 -mode INDEL -mG 4 -std 10.0 -input /scratch/109642/ANALYSIS/P4107/piper_ngi/07_variant_calls/P4107_1003.clean.dedup.recal.bam.raw.indel.vcf.gz -resource:known=true,training=true,truth=true,prior=12.0 /proj/a2014205/piper_references/gatk_bundle/2.8/b37/Mills_and_1000G_gold_standard.indels.b37.vcf -recalFile /scratch/109642/ANALYSIS/P4107/piper_ngi/07_variant_calls/P4107_1003.clean.dedup.recal.bam.indel.tranches.recal -tranchesFile /scratch/109642/ANALYSIS/P4107/piper_ngi/07_variant_calls/P4107_1003.clean.dedup.recal.bam.indel.tranches -an QD -an DP -an FS -an SOR -an ReadPosRankSum -an MQRankSum -tranche 100.0 -tranche 99.9 -tranche 99.0 -tranche 90.0 -rscriptFile /scratch/109642/ANALYSIS/P4107/piper_ngi/07_variant_calls/P4107_1003.clean.dedup.recal.bam.indel.vqsr.r -allPoly 
INFO  07:28:51,922 HelpFormatter - Executing as funk_002@n24.uppmax.uu.se on Linux 2.6.32-573.18.1.el6.x86_64 amd64; Java HotSpot(TM) 64-Bit Server VM 1.7.0_25-b15. 
INFO  07:28:51,922 HelpFormatter - Date/Time: 2016/03/01 07:28:51 
INFO  07:28:51,922 HelpFormatter - -------------------------------------------------------------------------------- 
INFO  07:28:51,922 HelpFormatter - -------------------------------------------------------------------------------- 
INFO  07:28:52,257 GenomeAnalysisEngine - Strictness is SILENT 
INFO  07:28:52,378 GenomeAnalysisEngine - Downsampling Settings: Method: BY_SAMPLE, Target Coverage: 1000 
WARN  07:28:52,752 IndexDictionaryUtils - Track input doesn't have a sequence dictionary built in, skipping dictionary validation 
INFO  07:28:52,766 MicroScheduler - Running the GATK in parallel mode with 16 total threads, 1 CPU thread(s) for each of 16 data thread(s), of 16 processors available on this machine 
INFO  07:28:52,824 GenomeAnalysisEngine - Preparing for traversal 
INFO  07:28:52,839 GenomeAnalysisEngine - Done preparing for traversal 
INFO  07:28:52,839 ProgressMeter - [INITIALIZATION COMPLETE; STARTING PROCESSING] 
INFO  07:28:52,840 ProgressMeter -                 | processed |    time |    per 1M |           |   total | remaining 
INFO  07:28:52,840 ProgressMeter -        Location |     sites | elapsed |     sites | completed | runtime |   runtime 
INFO  07:28:52,847 TrainingSet - Found resource track: 	Known = true 	Training = true 	Truth = true 	Prior = Q12.0 
INFO  07:29:22,843 ProgressMeter -     16:67874913   4443723.0    30.0 s       6.0 s       79.9%    37.0 s       7.0 s 
INFO  07:29:30,660 VariantDataManager - QD: 	 mean = 19.44	 standard deviation = 9.16 
INFO  07:29:30,851 VariantDataManager - DP: 	 mean = 34.62	 standard deviation = 11.70 
INFO  07:29:31,036 VariantDataManager - FS: 	 mean = 1.78	 standard deviation = 3.45 
INFO  07:29:31,222 VariantDataManager - SOR: 	 mean = 1.07	 standard deviation = 0.66 
INFO  07:29:31,408 VariantDataManager - ReadPosRankSum: 	 mean = -0.04	 standard deviation = 1.04 
INFO  07:29:31,614 VariantDataManager - MQRankSum: 	 mean = -0.01	 standard deviation = 1.00 
INFO  07:29:32,553 VariantDataManager - Annotations are now ordered by their information content: [DP, QD, FS, SOR, MQRankSum, ReadPosRankSum] 
INFO  07:29:32,602 VariantDataManager - Training with 386548 variants after standard deviation thresholding. 
INFO  07:29:32,606 GaussianMixtureModel - Initializing model with 100 k-means iterations... 
INFO  07:29:52,845 ProgressMeter - GL000192.1:518199   5375020.0    60.0 s      11.0 s      100.0%    60.0 s       0.0 s 
INFO  07:30:02,044 VariantRecalibratorEngine - Finished iteration 0. 
INFO  07:30:10,675 VariantRecalibratorEngine - Finished iteration 5. 	Current change in mixture coefficients = 0.14124 
INFO  07:30:19,179 VariantRecalibratorEngine - Finished iteration 10. 	Current change in mixture coefficients = 0.05846 
INFO  07:30:22,846 ProgressMeter - GL000192.1:518199   5375020.0    90.0 s      16.0 s      100.0%    90.0 s       0.0 s 
INFO  07:30:27,682 VariantRecalibratorEngine - Finished iteration 15. 	Current change in mixture coefficients = 0.03191 
INFO  07:30:36,159 VariantRecalibratorEngine - Finished iteration 20. 	Current change in mixture coefficients = 0.01688 
INFO  07:30:44,638 VariantRecalibratorEngine - Finished iteration 25. 	Current change in mixture coefficients = 0.01285 
INFO  07:30:52,847 ProgressMeter - GL000192.1:518199   5375020.0   120.0 s      22.0 s      100.0%   120.0 s       0.0 s 
INFO  07:30:53,204 VariantRecalibratorEngine - Finished iteration 30. 	Current change in mixture coefficients = 0.03962 
INFO  07:31:01,649 VariantRecalibratorEngine - Finished iteration 35. 	Current change in mixture coefficients = 0.01187 
INFO  07:31:10,072 VariantRecalibratorEngine - Finished iteration 40. 	Current change in mixture coefficients = 0.00596 
INFO  07:31:18,465 VariantRecalibratorEngine - Finished iteration 45. 	Current change in mixture coefficients = 0.00401 
INFO  07:31:22,848 ProgressMeter - GL000192.1:518199   5375020.0     2.5 m      27.0 s      100.0%     2.5 m       0.0 s 
INFO  07:31:26,884 VariantRecalibratorEngine - Finished iteration 50. 	Current change in mixture coefficients = 0.00277 
INFO  07:31:35,253 VariantRecalibratorEngine - Finished iteration 55. 	Current change in mixture coefficients = 0.00195 
INFO  07:31:35,253 VariantRecalibratorEngine - Convergence after 55 iterations! 
INFO  07:31:36,419 VariantRecalibratorEngine - Evaluating full set of 920035 variants... 
INFO  07:31:58,080 VariantDataManager - Training with worst 89951 scoring variants --> variants with LOD <= -5.0000. 
INFO  07:31:58,081 GaussianMixtureModel - Initializing model with 100 k-means iterations... 
INFO  07:32:02,409 VariantRecalibratorEngine - Finished iteration 0. 
INFO  07:32:02,849 ProgressMeter - GL000192.1:518199   5375020.0     3.2 m      35.0 s      100.0%     3.2 m       0.0 s 
INFO  07:32:03,418 VariantRecalibratorEngine - Finished iteration 5. 	Current change in mixture coefficients = 0.03303 
INFO  07:32:04,421 VariantRecalibratorEngine - Finished iteration 10. 	Current change in mixture coefficients = 0.00481 
INFO  07:32:04,821 VariantRecalibratorEngine - Convergence after 12 iterations! 
INFO  07:32:04,974 VariantRecalibratorEngine - Evaluating full set of 920035 variants... 
INFO  07:32:22,954 TrancheManager - Finding 4 tranches for 920035 variants 
INFO  07:32:23,539 TrancheManager -   Tranche threshold 100.00 => selection metric threshold 0.000 
INFO  07:32:23,649 TrancheManager -   Found tranche for 100.000: 0.000 threshold starting with variant 0; running score is 0.000  
INFO  07:32:23,650 TrancheManager -   Tranche is Tranche ts=100.00 minVQSLod=-270.8230 known=(386984 @ 0.0000) novel=(533051 @ 0.0000) truthSites(386984 accessible, 386984 called), name=anonymous] 
INFO  07:32:23,650 TrancheManager -   Tranche threshold 99.90 => selection metric threshold 0.001 
INFO  07:32:23,768 TrancheManager -   Found tranche for 99.900: 0.001 threshold starting with variant 7572; running score is 0.001  
INFO  07:32:23,768 TrancheManager -   Tranche is Tranche ts=99.90 minVQSLod=-5.7808 known=(386597 @ 0.0000) novel=(525866 @ 0.0000) truthSites(386984 accessible, 386597 called), name=anonymous] 
INFO  07:32:23,769 TrancheManager -   Tranche threshold 99.00 => selection metric threshold 0.010 
INFO  07:32:23,865 TrancheManager -   Found tranche for 99.000: 0.010 threshold starting with variant 101547; running score is 0.010  
INFO  07:32:23,866 TrancheManager -   Tranche is Tranche ts=99.00 minVQSLod=-0.6769 known=(383114 @ 0.0000) novel=(435374 @ 0.0000) truthSites(386984 accessible, 383114 called), name=anonymous] 
INFO  07:32:23,866 TrancheManager -   Tranche threshold 90.00 => selection metric threshold 0.100 
INFO  07:32:23,966 TrancheManager -   Found tranche for 90.000: 0.100 threshold starting with variant 257301; running score is 0.100  
INFO  07:32:23,967 TrancheManager -   Tranche is Tranche ts=90.00 minVQSLod=1.1334 known=(348285 @ 0.0000) novel=(314449 @ 0.0000) truthSites(386984 accessible, 348285 called), name=anonymous] 
INFO  07:32:23,969 VariantRecalibrator - Writing out recalibration table... 
INFO  07:32:31,137 VariantRecalibrator - Writing out visualization Rscript file... 
INFO  07:32:31,217 VariantRecalibrator - Building DP x QD plot... 
INFO  07:32:31,222 VariantRecalibratorEngine - Evaluating full set of 3660 variants... 
INFO  07:32:31,577 VariantRecalibratorEngine - Evaluating full set of 3660 variants... 
INFO  07:32:31,902 VariantRecalibrator - Building DP x FS plot... 
INFO  07:32:31,904 VariantRecalibratorEngine - Evaluating full set of 3721 variants... 
INFO  07:32:32,258 VariantRecalibratorEngine - Evaluating full set of 3721 variants... 
INFO  07:32:32,553 VariantRecalibrator - Building DP x SOR plot... 
INFO  07:32:32,554 VariantRecalibratorEngine - Evaluating full set of 3660 variants... 
INFO  07:32:32,850 ProgressMeter - GL000192.1:518199   5375020.0     3.7 m      40.0 s      100.0%     3.7 m       0.0 s 
INFO  07:32:32,906 VariantRecalibratorEngine - Evaluating full set of 3660 variants... 
INFO  07:32:33,185 VariantRecalibrator - Building DP x MQRankSum plot... 
INFO  07:32:33,186 VariantRecalibratorEngine - Evaluating full set of 3660 variants... 
INFO  07:32:33,539 VariantRecalibratorEngine - Evaluating full set of 3660 variants... 
INFO  07:32:33,817 VariantRecalibrator - Building DP x ReadPosRankSum plot... 
INFO  07:32:33,818 VariantRecalibratorEngine - Evaluating full set of 3721 variants... 
INFO  07:32:34,176 VariantRecalibratorEngine - Evaluating full set of 3721 variants... 
INFO  07:32:34,460 VariantRecalibrator - Building QD x FS plot... 
INFO  07:32:34,461 VariantRecalibratorEngine - Evaluating full set of 3660 variants... 
INFO  07:32:34,810 VariantRecalibratorEngine - Evaluating full set of 3660 variants... 
INFO  07:32:35,097 VariantRecalibrator - Building QD x SOR plot... 
INFO  07:32:35,098 VariantRecalibratorEngine - Evaluating full set of 3600 variants... 
INFO  07:32:35,447 VariantRecalibratorEngine - Evaluating full set of 3600 variants... 
INFO  07:32:35,727 VariantRecalibrator - Building QD x MQRankSum plot... 
INFO  07:32:35,728 VariantRecalibratorEngine - Evaluating full set of 3600 variants... 
INFO  07:32:36,077 VariantRecalibratorEngine - Evaluating full set of 3600 variants... 
INFO  07:32:36,358 VariantRecalibrator - Building QD x ReadPosRankSum plot... 
INFO  07:32:36,358 VariantRecalibratorEngine - Evaluating full set of 3660 variants... 
INFO  07:32:36,713 VariantRecalibratorEngine - Evaluating full set of 3660 variants... 
INFO  07:32:36,998 VariantRecalibrator - Building FS x SOR plot... 
INFO  07:32:36,999 VariantRecalibratorEngine - Evaluating full set of 3660 variants... 
INFO  07:32:37,347 VariantRecalibratorEngine - Evaluating full set of 3660 variants... 
INFO  07:32:37,656 VariantRecalibrator - Building FS x MQRankSum plot... 
INFO  07:32:37,657 VariantRecalibratorEngine - Evaluating full set of 3660 variants... 
INFO  07:32:38,049 VariantRecalibratorEngine - Evaluating full set of 3660 variants... 
INFO  07:32:38,374 VariantRecalibrator - Building FS x ReadPosRankSum plot... 
INFO  07:32:38,376 VariantRecalibratorEngine - Evaluating full set of 3721 variants... 
INFO  07:32:38,774 VariantRecalibratorEngine - Evaluating full set of 3721 variants... 
INFO  07:32:39,103 VariantRecalibrator - Building SOR x MQRankSum plot... 
INFO  07:32:39,104 VariantRecalibratorEngine - Evaluating full set of 3600 variants... 
INFO  07:32:39,450 VariantRecalibratorEngine - Evaluating full set of 3600 variants... 
INFO  07:32:39,738 VariantRecalibrator - Building SOR x ReadPosRankSum plot... 
INFO  07:32:39,739 VariantRecalibratorEngine - Evaluating full set of 3660 variants... 
INFO  07:32:40,136 VariantRecalibratorEngine - Evaluating full set of 3660 variants... 
INFO  07:32:40,459 VariantRecalibrator - Building MQRankSum x ReadPosRankSum plot... 
INFO  07:32:40,460 VariantRecalibratorEngine - Evaluating full set of 3660 variants... 
INFO  07:32:40,857 VariantRecalibratorEngine - Evaluating full set of 3660 variants... 
INFO  07:32:41,180 VariantRecalibrator - Executing: Rscript /scratch/109642/ANALYSIS/P4107/piper_ngi/07_variant_calls/P4107_1003.clean.dedup.recal.bam.indel.vqsr.r 
WARN  07:32:42,367 RScriptExecutor - RScript exited with 1. Run with -l DEBUG for more info. 
INFO  07:32:42,371 VariantRecalibrator - Tranches plot will not be generated since we are running in INDEL mode 
INFO  07:32:46,432 ProgressMeter -            done   5375753.0     3.9 m      43.0 s      100.0%     3.9 m       0.0 s 
INFO  07:32:46,432 ProgressMeter - Total runtime 233.59 secs, 3.89 min, 0.06 hours 
INFO  07:32:50,480 GATKRunReport - Uploaded run statistics report to AWS S3 
