SLF4J: Class path contains multiple SLF4J bindings.
SLF4J: Found binding in [jar:file:/apus/v1/a2014205/software/piper_bin/Piper/Piper-v1.3.0/lib/GenomeAnalysisTK.jar!/org/slf4j/impl/StaticLoggerBinder.class]
SLF4J: Found binding in [jar:file:/apus/v1/a2014205/software/piper_bin/Piper/Piper-v1.3.0/lib/Queue.jar!/org/slf4j/impl/StaticLoggerBinder.class]
SLF4J: See http://www.slf4j.org/codes.html#multiple_bindings for an explanation.
INFO  18:10:43,770 HelpFormatter - -------------------------------------------------------------------------------- 
INFO  18:10:43,772 HelpFormatter - The Genome Analysis Toolkit (GATK) v3.3-0-geee94ec, Compiled 2015/12/17 12:33:03 
INFO  18:10:43,772 HelpFormatter - Copyright (c) 2010 The Broad Institute 
INFO  18:10:43,772 HelpFormatter - For support and documentation go to http://www.broadinstitute.org/gatk 
INFO  18:10:43,777 HelpFormatter - Program Args: -T ApplyRecalibration -R /proj/a2014205/piper_references/gatk_bundle/2.8/b37/human_g1k_v37.fasta -input /scratch/108820/ANALYSIS/P4107/piper_ngi/07_variant_calls/P4107_1006.clean.dedup.recal.bam.raw.indel.vcf.gz -recalFile /scratch/108820/ANALYSIS/P4107/piper_ngi/07_variant_calls/P4107_1006.clean.dedup.recal.bam.indel.tranches.recal -tranchesFile /scratch/108820/ANALYSIS/P4107/piper_ngi/07_variant_calls/P4107_1006.clean.dedup.recal.bam.indel.tranches -o /scratch/108820/ANALYSIS/P4107/piper_ngi/07_variant_calls/P4107_1006.clean.dedup.recal.bam.recalibrated.indel.vcf.gz -mode INDEL 
INFO  18:10:43,786 HelpFormatter - Executing as funk_002@n29.uppmax.uu.se on Linux 2.6.32-573.18.1.el6.x86_64 amd64; Java HotSpot(TM) 64-Bit Server VM 1.7.0_25-b15. 
INFO  18:10:43,786 HelpFormatter - Date/Time: 2016/02/24 18:10:43 
INFO  18:10:43,786 HelpFormatter - -------------------------------------------------------------------------------- 
INFO  18:10:43,786 HelpFormatter - -------------------------------------------------------------------------------- 
INFO  18:10:43,902 GenomeAnalysisEngine - Strictness is SILENT 
INFO  18:10:43,989 GenomeAnalysisEngine - Downsampling Settings: Method: BY_SAMPLE, Target Coverage: 1000 
WARN  18:10:44,254 IndexDictionaryUtils - Track input doesn't have a sequence dictionary built in, skipping dictionary validation 
INFO  18:10:44,320 GenomeAnalysisEngine - Preparing for traversal 
INFO  18:10:44,337 GenomeAnalysisEngine - Done preparing for traversal 
INFO  18:10:44,337 ProgressMeter - [INITIALIZATION COMPLETE; STARTING PROCESSING] 
INFO  18:10:44,337 ProgressMeter -                 | processed |    time |    per 1M |           |   total | remaining 
INFO  18:10:44,339 ProgressMeter -        Location |     sites | elapsed |     sites | completed | runtime |   runtime 
INFO  18:10:44,364 ApplyRecalibration - Keeping all variants with VQSLOD >= 0.0 
INFO  18:11:14,341 ProgressMeter -      10:9872241   1604460.0    30.0 s      18.0 s       54.5%    55.0 s      25.0 s 
INFO  18:11:36,069 ProgressMeter -            done   2885030.0    51.0 s      17.0 s      100.0%    51.0 s       0.0 s 
INFO  18:11:36,070 ProgressMeter - Total runtime 51.73 secs, 0.86 min, 0.01 hours 
INFO  18:11:37,347 GATKRunReport - Uploaded run statistics report to AWS S3 
