SLF4J: Class path contains multiple SLF4J bindings.
SLF4J: Found binding in [jar:file:/apus/v1/a2014205/software/piper_bin/Piper/Piper-v1.3.0/lib/GenomeAnalysisTK.jar!/org/slf4j/impl/StaticLoggerBinder.class]
SLF4J: Found binding in [jar:file:/apus/v1/a2014205/software/piper_bin/Piper/Piper-v1.3.0/lib/Queue.jar!/org/slf4j/impl/StaticLoggerBinder.class]
SLF4J: See http://www.slf4j.org/codes.html#multiple_bindings for an explanation.
INFO  06:59:17,446 HelpFormatter - -------------------------------------------------------------------------------- 
INFO  06:59:17,448 HelpFormatter - The Genome Analysis Toolkit (GATK) v3.3-0-geee94ec, Compiled 2016/02/26 09:40:23 
INFO  06:59:17,448 HelpFormatter - Copyright (c) 2010 The Broad Institute 
INFO  06:59:17,448 HelpFormatter - For support and documentation go to http://www.broadinstitute.org/gatk 
INFO  06:59:17,452 HelpFormatter - Program Args: -T ApplyRecalibration -R /proj/a2014205/piper_references/gatk_bundle/2.8/b37/human_g1k_v37.fasta -input /scratch/109642/ANALYSIS/P4107/piper_ngi/07_variant_calls/P4107_1003.clean.dedup.recal.bam.raw.snp.vcf.gz -recalFile /scratch/109642/ANALYSIS/P4107/piper_ngi/07_variant_calls/P4107_1003.clean.dedup.recal.bam.snp.tranches.recal -tranchesFile /scratch/109642/ANALYSIS/P4107/piper_ngi/07_variant_calls/P4107_1003.clean.dedup.recal.bam.snp.tranches -o /scratch/109642/ANALYSIS/P4107/piper_ngi/07_variant_calls/P4107_1003.clean.dedup.recal.bam.recalibrated.snp.vcf.gz -mode SNP 
INFO  06:59:17,460 HelpFormatter - Executing as funk_002@n24.uppmax.uu.se on Linux 2.6.32-573.18.1.el6.x86_64 amd64; Java HotSpot(TM) 64-Bit Server VM 1.7.0_25-b15. 
INFO  06:59:17,460 HelpFormatter - Date/Time: 2016/03/01 06:59:17 
INFO  06:59:17,460 HelpFormatter - -------------------------------------------------------------------------------- 
INFO  06:59:17,460 HelpFormatter - -------------------------------------------------------------------------------- 
INFO  06:59:17,664 GenomeAnalysisEngine - Strictness is SILENT 
INFO  06:59:17,753 GenomeAnalysisEngine - Downsampling Settings: Method: BY_SAMPLE, Target Coverage: 1000 
WARN  06:59:18,048 IndexDictionaryUtils - Track input doesn't have a sequence dictionary built in, skipping dictionary validation 
INFO  06:59:18,109 GenomeAnalysisEngine - Preparing for traversal 
INFO  06:59:18,123 GenomeAnalysisEngine - Done preparing for traversal 
INFO  06:59:18,123 ProgressMeter - [INITIALIZATION COMPLETE; STARTING PROCESSING] 
INFO  06:59:18,124 ProgressMeter -                 | processed |    time |    per 1M |           |   total | remaining 
INFO  06:59:18,125 ProgressMeter -        Location |     sites | elapsed |     sites | completed | runtime |   runtime 
INFO  06:59:18,150 ApplyRecalibration - Keeping all variants with VQSLOD >= 0.0 
INFO  06:59:48,128 ProgressMeter -      3:29614800    676079.0    30.0 s      44.0 s       16.8%     3.0 m       2.5 m 
INFO  07:00:18,129 ProgressMeter -      6:18281709   1439814.0    60.0 s      41.0 s       34.8%     2.9 m     112.0 s 
INFO  07:00:48,130 ProgressMeter -      9:71689633   2195787.0    90.0 s      40.0 s       51.9%     2.9 m      83.0 s 
INFO  07:01:18,131 ProgressMeter -     13:84269004   2958763.0   120.0 s      40.0 s       69.9%     2.9 m      51.0 s 
INFO  07:01:48,132 ProgressMeter -     20:24663735   3720498.0     2.5 m      40.0 s       88.4%     2.8 m      19.0 s 
INFO  07:02:02,609 ProgressMeter -            done   4070462.0     2.7 m      40.0 s      100.0%     2.7 m       0.0 s 
INFO  07:02:02,609 ProgressMeter - Total runtime 164.49 secs, 2.74 min, 0.05 hours 
INFO  07:02:04,180 GATKRunReport - Uploaded run statistics report to AWS S3 
