SLF4J: Class path contains multiple SLF4J bindings.
SLF4J: Found binding in [jar:file:/apus/v1/a2014205/software/piper_bin/Piper/Piper-v1.3.0/lib/GenomeAnalysisTK.jar!/org/slf4j/impl/StaticLoggerBinder.class]
SLF4J: Found binding in [jar:file:/apus/v1/a2014205/software/piper_bin/Piper/Piper-v1.3.0/lib/Queue.jar!/org/slf4j/impl/StaticLoggerBinder.class]
SLF4J: See http://www.slf4j.org/codes.html#multiple_bindings for an explanation.
INFO  16:28:16,662 HelpFormatter - -------------------------------------------------------------------------------- 
INFO  16:28:16,664 HelpFormatter - The Genome Analysis Toolkit (GATK) v3.3-0-geee94ec, Compiled 2015/12/17 12:33:03 
INFO  16:28:16,664 HelpFormatter - Copyright (c) 2010 The Broad Institute 
INFO  16:28:16,664 HelpFormatter - For support and documentation go to http://www.broadinstitute.org/gatk 
INFO  16:28:16,668 HelpFormatter - Program Args: -T VariantRecalibrator -R /proj/a2014205/piper_references/gatk_bundle/2.8/b37/human_g1k_v37.fasta -nt 16 -mode INDEL -mG 4 -std 10.0 -input /scratch/108818/ANALYSIS/P4107/piper_ngi/07_variant_calls/P4107_1005.clean.dedup.recal.bam.raw.indel.vcf.gz -resource:known=true,training=true,truth=true,prior=12.0 /proj/a2014205/piper_references/gatk_bundle/2.8/b37/Mills_and_1000G_gold_standard.indels.b37.vcf -recalFile /scratch/108818/ANALYSIS/P4107/piper_ngi/07_variant_calls/P4107_1005.clean.dedup.recal.bam.indel.tranches.recal -tranchesFile /scratch/108818/ANALYSIS/P4107/piper_ngi/07_variant_calls/P4107_1005.clean.dedup.recal.bam.indel.tranches -an QD -an DP -an FS -an SOR -an ReadPosRankSum -an MQRankSum -tranche 100.0 -tranche 99.9 -tranche 99.0 -tranche 90.0 -rscriptFile /scratch/108818/ANALYSIS/P4107/piper_ngi/07_variant_calls/P4107_1005.clean.dedup.recal.bam.indel.vqsr.r -allPoly 
INFO  16:28:16,674 HelpFormatter - Executing as funk_002@n19.uppmax.uu.se on Linux 2.6.32-573.18.1.el6.x86_64 amd64; Java HotSpot(TM) 64-Bit Server VM 1.7.0_25-b15. 
INFO  16:28:16,674 HelpFormatter - Date/Time: 2016/02/24 16:28:16 
INFO  16:28:16,674 HelpFormatter - -------------------------------------------------------------------------------- 
INFO  16:28:16,674 HelpFormatter - -------------------------------------------------------------------------------- 
INFO  16:28:16,845 GenomeAnalysisEngine - Strictness is SILENT 
INFO  16:28:17,039 GenomeAnalysisEngine - Downsampling Settings: Method: BY_SAMPLE, Target Coverage: 1000 
WARN  16:28:17,384 IndexDictionaryUtils - Track input doesn't have a sequence dictionary built in, skipping dictionary validation 
INFO  16:28:17,395 MicroScheduler - Running the GATK in parallel mode with 16 total threads, 1 CPU thread(s) for each of 16 data thread(s), of 16 processors available on this machine 
INFO  16:28:17,448 GenomeAnalysisEngine - Preparing for traversal 
INFO  16:28:17,464 GenomeAnalysisEngine - Done preparing for traversal 
INFO  16:28:17,464 ProgressMeter - [INITIALIZATION COMPLETE; STARTING PROCESSING] 
INFO  16:28:17,465 ProgressMeter -                 | processed |    time |    per 1M |           |   total | remaining 
INFO  16:28:17,466 ProgressMeter -        Location |     sites | elapsed |     sites | completed | runtime |   runtime 
INFO  16:28:17,471 TrainingSet - Found resource track: 	Known = true 	Training = true 	Truth = true 	Prior = Q12.0 
INFO  16:28:46,055 VariantDataManager - QD: 	 mean = 19.43	 standard deviation = 9.18 
INFO  16:28:46,228 VariantDataManager - DP: 	 mean = 33.03	 standard deviation = 11.06 
INFO  16:28:46,404 VariantDataManager - FS: 	 mean = 1.77	 standard deviation = 3.46 
INFO  16:28:46,580 VariantDataManager - SOR: 	 mean = 1.07	 standard deviation = 0.66 
INFO  16:28:46,757 VariantDataManager - ReadPosRankSum: 	 mean = -0.05	 standard deviation = 1.03 
INFO  16:28:46,955 VariantDataManager - MQRankSum: 	 mean = -0.01	 standard deviation = 0.99 
INFO  16:28:47,471 ProgressMeter - GL000192.1:509575   5367100.0    30.0 s       5.0 s      100.0%    30.0 s       0.0 s 
INFO  16:28:47,938 VariantDataManager - Annotations are now ordered by their information content: [DP, QD, FS, SOR, MQRankSum, ReadPosRankSum] 
INFO  16:28:47,986 VariantDataManager - Training with 386566 variants after standard deviation thresholding. 
INFO  16:28:47,990 GaussianMixtureModel - Initializing model with 100 k-means iterations... 
INFO  16:29:11,400 VariantRecalibratorEngine - Finished iteration 0. 
INFO  16:29:17,472 ProgressMeter - GL000192.1:509575   5367100.0    60.0 s      11.0 s      100.0%    60.0 s       0.0 s 
INFO  16:29:19,061 VariantRecalibratorEngine - Finished iteration 5. 	Current change in mixture coefficients = 0.08348 
INFO  16:29:26,597 VariantRecalibratorEngine - Finished iteration 10. 	Current change in mixture coefficients = 0.08948 
INFO  16:29:34,150 VariantRecalibratorEngine - Finished iteration 15. 	Current change in mixture coefficients = 0.01091 
INFO  16:29:41,664 VariantRecalibratorEngine - Finished iteration 20. 	Current change in mixture coefficients = 0.00590 
INFO  16:29:47,474 ProgressMeter - GL000192.1:509575   5367100.0    90.0 s      16.0 s      100.0%    90.0 s       0.0 s 
INFO  16:29:49,242 VariantRecalibratorEngine - Finished iteration 25. 	Current change in mixture coefficients = 0.01001 
INFO  16:29:57,003 VariantRecalibratorEngine - Finished iteration 30. 	Current change in mixture coefficients = 0.01410 
INFO  16:30:04,642 VariantRecalibratorEngine - Finished iteration 35. 	Current change in mixture coefficients = 0.04794 
INFO  16:30:12,400 VariantRecalibratorEngine - Finished iteration 40. 	Current change in mixture coefficients = 0.01022 
INFO  16:30:17,475 ProgressMeter - GL000192.1:509575   5367100.0   120.0 s      22.0 s      100.0%   120.0 s       0.0 s 
INFO  16:30:20,205 VariantRecalibratorEngine - Finished iteration 45. 	Current change in mixture coefficients = 0.00869 
INFO  16:30:27,983 VariantRecalibratorEngine - Finished iteration 50. 	Current change in mixture coefficients = 0.00631 
INFO  16:30:35,805 VariantRecalibratorEngine - Finished iteration 55. 	Current change in mixture coefficients = 0.00387 
INFO  16:30:43,366 VariantRecalibratorEngine - Finished iteration 60. 	Current change in mixture coefficients = 0.00234 
INFO  16:30:45,870 VariantRecalibratorEngine - Convergence after 62 iterations! 
INFO  16:30:46,679 VariantRecalibratorEngine - Evaluating full set of 919669 variants... 
INFO  16:30:47,476 ProgressMeter - GL000192.1:509575   5367100.0     2.5 m      27.0 s      100.0%     2.5 m       0.0 s 
INFO  16:31:07,798 VariantDataManager - Training with worst 72834 scoring variants --> variants with LOD <= -5.0000. 
INFO  16:31:07,798 GaussianMixtureModel - Initializing model with 100 k-means iterations... 
INFO  16:31:10,363 VariantRecalibratorEngine - Finished iteration 0. 
INFO  16:31:11,096 VariantRecalibratorEngine - Finished iteration 5. 	Current change in mixture coefficients = 0.00220 
INFO  16:31:11,824 VariantRecalibratorEngine - Finished iteration 10. 	Current change in mixture coefficients = 0.01296 
INFO  16:31:12,556 VariantRecalibratorEngine - Finished iteration 15. 	Current change in mixture coefficients = 0.00334 
INFO  16:31:12,848 VariantRecalibratorEngine - Convergence after 17 iterations! 
INFO  16:31:12,967 VariantRecalibratorEngine - Evaluating full set of 919669 variants... 
INFO  16:31:17,477 ProgressMeter - GL000192.1:509575   5367100.0     3.0 m      33.0 s      100.0%     3.0 m       0.0 s 
INFO  16:31:30,749 TrancheManager - Finding 4 tranches for 919669 variants 
INFO  16:31:31,328 TrancheManager -   Tranche threshold 100.00 => selection metric threshold 0.000 
INFO  16:31:31,433 TrancheManager -   Found tranche for 100.000: 0.000 threshold starting with variant 0; running score is 0.000  
INFO  16:31:31,433 TrancheManager -   Tranche is Tranche ts=100.00 minVQSLod=-799.2628 known=(386998 @ 0.0000) novel=(532671 @ 0.0000) truthSites(386998 accessible, 386998 called), name=anonymous] 
INFO  16:31:31,433 TrancheManager -   Tranche threshold 99.90 => selection metric threshold 0.001 
INFO  16:31:31,546 TrancheManager -   Found tranche for 99.900: 0.001 threshold starting with variant 6054; running score is 0.001  
INFO  16:31:31,546 TrancheManager -   Tranche is Tranche ts=99.90 minVQSLod=-17.3221 known=(386611 @ 0.0000) novel=(527004 @ 0.0000) truthSites(386998 accessible, 386611 called), name=anonymous] 
INFO  16:31:31,546 TrancheManager -   Tranche threshold 99.00 => selection metric threshold 0.010 
INFO  16:31:31,643 TrancheManager -   Found tranche for 99.000: 0.010 threshold starting with variant 55172; running score is 0.010  
INFO  16:31:31,644 TrancheManager -   Tranche is Tranche ts=99.00 minVQSLod=-1.1591 known=(383128 @ 0.0000) novel=(481369 @ 0.0000) truthSites(386998 accessible, 383128 called), name=anonymous] 
INFO  16:31:31,644 TrancheManager -   Tranche threshold 90.00 => selection metric threshold 0.100 
INFO  16:31:31,741 TrancheManager -   Found tranche for 90.000: 0.100 threshold starting with variant 285518; running score is 0.100  
INFO  16:31:31,741 TrancheManager -   Tranche is Tranche ts=90.00 minVQSLod=1.4416 known=(348298 @ 0.0000) novel=(285853 @ 0.0000) truthSites(386998 accessible, 348298 called), name=anonymous] 
INFO  16:31:31,743 VariantRecalibrator - Writing out recalibration table... 
INFO  16:31:38,822 VariantRecalibrator - Writing out visualization Rscript file... 
INFO  16:31:38,904 VariantRecalibrator - Building DP x QD plot... 
INFO  16:31:38,909 VariantRecalibratorEngine - Evaluating full set of 3660 variants... 
INFO  16:31:39,265 VariantRecalibratorEngine - Evaluating full set of 3660 variants... 
INFO  16:31:39,592 VariantRecalibrator - Building DP x FS plot... 
INFO  16:31:39,594 VariantRecalibratorEngine - Evaluating full set of 3721 variants... 
INFO  16:31:39,946 VariantRecalibratorEngine - Evaluating full set of 3721 variants... 
INFO  16:31:40,261 VariantRecalibrator - Building DP x SOR plot... 
INFO  16:31:40,263 VariantRecalibratorEngine - Evaluating full set of 3721 variants... 
INFO  16:31:40,663 VariantRecalibratorEngine - Evaluating full set of 3721 variants... 
INFO  16:31:40,982 VariantRecalibrator - Building DP x MQRankSum plot... 
INFO  16:31:40,983 VariantRecalibratorEngine - Evaluating full set of 3721 variants... 
INFO  16:31:41,383 VariantRecalibratorEngine - Evaluating full set of 3721 variants... 
INFO  16:31:41,698 VariantRecalibrator - Building DP x ReadPosRankSum plot... 
INFO  16:31:41,699 VariantRecalibratorEngine - Evaluating full set of 3721 variants... 
INFO  16:31:42,057 VariantRecalibratorEngine - Evaluating full set of 3721 variants... 
INFO  16:31:42,356 VariantRecalibrator - Building QD x FS plot... 
INFO  16:31:42,357 VariantRecalibratorEngine - Evaluating full set of 3660 variants... 
INFO  16:31:42,744 VariantRecalibratorEngine - Evaluating full set of 3660 variants... 
INFO  16:31:43,066 VariantRecalibrator - Building QD x SOR plot... 
INFO  16:31:43,067 VariantRecalibratorEngine - Evaluating full set of 3660 variants... 
INFO  16:31:43,460 VariantRecalibratorEngine - Evaluating full set of 3660 variants... 
INFO  16:31:43,778 VariantRecalibrator - Building QD x MQRankSum plot... 
INFO  16:31:43,780 VariantRecalibratorEngine - Evaluating full set of 3660 variants... 
INFO  16:31:44,173 VariantRecalibratorEngine - Evaluating full set of 3660 variants... 
INFO  16:31:44,493 VariantRecalibrator - Building QD x ReadPosRankSum plot... 
INFO  16:31:44,494 VariantRecalibratorEngine - Evaluating full set of 3660 variants... 
INFO  16:31:44,888 VariantRecalibratorEngine - Evaluating full set of 3660 variants... 
INFO  16:31:45,212 VariantRecalibrator - Building FS x SOR plot... 
INFO  16:31:45,213 VariantRecalibratorEngine - Evaluating full set of 3721 variants... 
INFO  16:31:45,613 VariantRecalibratorEngine - Evaluating full set of 3721 variants... 
INFO  16:31:45,947 VariantRecalibrator - Building FS x MQRankSum plot... 
INFO  16:31:45,948 VariantRecalibratorEngine - Evaluating full set of 3721 variants... 
INFO  16:31:46,352 VariantRecalibratorEngine - Evaluating full set of 3721 variants... 
INFO  16:31:46,687 VariantRecalibrator - Building FS x ReadPosRankSum plot... 
INFO  16:31:46,688 VariantRecalibratorEngine - Evaluating full set of 3721 variants... 
INFO  16:31:47,091 VariantRecalibratorEngine - Evaluating full set of 3721 variants... 
INFO  16:31:47,427 VariantRecalibrator - Building SOR x MQRankSum plot... 
INFO  16:31:47,428 VariantRecalibratorEngine - Evaluating full set of 3721 variants... 
INFO  16:31:47,478 ProgressMeter - GL000192.1:509575   5367100.0     3.5 m      39.0 s      100.0%     3.5 m       0.0 s 
INFO  16:31:47,836 VariantRecalibratorEngine - Evaluating full set of 3721 variants... 
INFO  16:31:48,169 VariantRecalibrator - Building SOR x ReadPosRankSum plot... 
INFO  16:31:48,170 VariantRecalibratorEngine - Evaluating full set of 3721 variants... 
INFO  16:31:48,578 VariantRecalibratorEngine - Evaluating full set of 3721 variants... 
INFO  16:31:48,911 VariantRecalibrator - Building MQRankSum x ReadPosRankSum plot... 
INFO  16:31:48,912 VariantRecalibratorEngine - Evaluating full set of 3721 variants... 
INFO  16:31:49,322 VariantRecalibratorEngine - Evaluating full set of 3721 variants... 
INFO  16:31:49,656 VariantRecalibrator - Executing: Rscript /scratch/108818/ANALYSIS/P4107/piper_ngi/07_variant_calls/P4107_1005.clean.dedup.recal.bam.indel.vqsr.r 
WARN  16:31:51,157 RScriptExecutor - RScript exited with 1. Run with -l DEBUG for more info. 
INFO  16:31:51,161 VariantRecalibrator - Tranches plot will not be generated since we are running in INDEL mode 
INFO  16:31:54,790 ProgressMeter -            done   5367651.0     3.6 m      40.0 s      100.0%     3.6 m       0.0 s 
INFO  16:31:54,790 ProgressMeter - Total runtime 217.33 secs, 3.62 min, 0.06 hours 
INFO  16:31:59,113 GATKRunReport - Uploaded run statistics report to AWS S3 
