SLF4J: Class path contains multiple SLF4J bindings.
SLF4J: Found binding in [jar:file:/apus/v1/a2014205/software/piper_bin/Piper/Piper-v1.3.0/lib/GenomeAnalysisTK.jar!/org/slf4j/impl/StaticLoggerBinder.class]
SLF4J: Found binding in [jar:file:/apus/v1/a2014205/software/piper_bin/Piper/Piper-v1.3.0/lib/Queue.jar!/org/slf4j/impl/StaticLoggerBinder.class]
SLF4J: See http://www.slf4j.org/codes.html#multiple_bindings for an explanation.
INFO  18:05:51,399 HelpFormatter - -------------------------------------------------------------------------------- 
INFO  18:05:51,401 HelpFormatter - The Genome Analysis Toolkit (GATK) v3.3-0-geee94ec, Compiled 2015/12/17 12:33:03 
INFO  18:05:51,401 HelpFormatter - Copyright (c) 2010 The Broad Institute 
INFO  18:05:51,402 HelpFormatter - For support and documentation go to http://www.broadinstitute.org/gatk 
INFO  18:05:51,406 HelpFormatter - Program Args: -T VariantRecalibrator -R /proj/a2014205/piper_references/gatk_bundle/2.8/b37/human_g1k_v37.fasta -nt 16 -mode INDEL -mG 4 -std 10.0 -input /scratch/108820/ANALYSIS/P4107/piper_ngi/07_variant_calls/P4107_1006.clean.dedup.recal.bam.raw.indel.vcf.gz -resource:known=true,training=true,truth=true,prior=12.0 /proj/a2014205/piper_references/gatk_bundle/2.8/b37/Mills_and_1000G_gold_standard.indels.b37.vcf -recalFile /scratch/108820/ANALYSIS/P4107/piper_ngi/07_variant_calls/P4107_1006.clean.dedup.recal.bam.indel.tranches.recal -tranchesFile /scratch/108820/ANALYSIS/P4107/piper_ngi/07_variant_calls/P4107_1006.clean.dedup.recal.bam.indel.tranches -an QD -an DP -an FS -an SOR -an ReadPosRankSum -an MQRankSum -tranche 100.0 -tranche 99.9 -tranche 99.0 -tranche 90.0 -rscriptFile /scratch/108820/ANALYSIS/P4107/piper_ngi/07_variant_calls/P4107_1006.clean.dedup.recal.bam.indel.vqsr.r -allPoly 
INFO  18:05:51,413 HelpFormatter - Executing as funk_002@n29.uppmax.uu.se on Linux 2.6.32-573.18.1.el6.x86_64 amd64; Java HotSpot(TM) 64-Bit Server VM 1.7.0_25-b15. 
INFO  18:05:51,413 HelpFormatter - Date/Time: 2016/02/24 18:05:51 
INFO  18:05:51,413 HelpFormatter - -------------------------------------------------------------------------------- 
INFO  18:05:51,413 HelpFormatter - -------------------------------------------------------------------------------- 
INFO  18:05:51,698 GenomeAnalysisEngine - Strictness is SILENT 
INFO  18:05:51,805 GenomeAnalysisEngine - Downsampling Settings: Method: BY_SAMPLE, Target Coverage: 1000 
WARN  18:05:52,311 IndexDictionaryUtils - Track input doesn't have a sequence dictionary built in, skipping dictionary validation 
INFO  18:05:52,323 MicroScheduler - Running the GATK in parallel mode with 16 total threads, 1 CPU thread(s) for each of 16 data thread(s), of 16 processors available on this machine 
INFO  18:05:52,383 GenomeAnalysisEngine - Preparing for traversal 
INFO  18:05:52,399 GenomeAnalysisEngine - Done preparing for traversal 
INFO  18:05:52,400 ProgressMeter - [INITIALIZATION COMPLETE; STARTING PROCESSING] 
INFO  18:05:52,401 ProgressMeter -                 | processed |    time |    per 1M |           |   total | remaining 
INFO  18:05:52,401 ProgressMeter -        Location |     sites | elapsed |     sites | completed | runtime |   runtime 
INFO  18:05:52,408 TrainingSet - Found resource track: 	Known = true 	Training = true 	Truth = true 	Prior = Q12.0 
INFO  18:06:22,404 ProgressMeter -     3:106962068   1028032.0    30.0 s      29.0 s       19.3%     2.6 m       2.1 m 
INFO  18:06:52,406 ProgressMeter -      8:43793601   2632297.0    60.0 s      22.0 s       46.3%     2.2 m      69.0 s 
INFO  18:07:22,407 ProgressMeter -     14:48917388   4049502.0    90.0 s      22.0 s       72.5%     2.1 m      34.0 s 
INFO  18:07:52,407 ProgressMeter -      X:26882390   5251580.0   120.0 s      22.0 s       93.7%     2.1 m       8.0 s 
INFO  18:08:06,740 VariantDataManager - QD: 	 mean = 19.52	 standard deviation = 9.16 
INFO  18:08:06,911 VariantDataManager - DP: 	 mean = 35.09	 standard deviation = 11.95 
INFO  18:08:07,081 VariantDataManager - FS: 	 mean = 1.79	 standard deviation = 3.51 
INFO  18:08:07,252 VariantDataManager - SOR: 	 mean = 1.07	 standard deviation = 0.67 
INFO  18:08:07,424 VariantDataManager - ReadPosRankSum: 	 mean = -0.04	 standard deviation = 1.04 
INFO  18:08:07,618 VariantDataManager - MQRankSum: 	 mean = -0.01	 standard deviation = 1.00 
INFO  18:08:08,691 VariantDataManager - Annotations are now ordered by their information content: [DP, QD, FS, SOR, MQRankSum, ReadPosRankSum] 
INFO  18:08:08,741 VariantDataManager - Training with 386354 variants after standard deviation thresholding. 
INFO  18:08:08,745 GaussianMixtureModel - Initializing model with 100 k-means iterations... 
INFO  18:08:22,408 ProgressMeter - GL000192.1:490739   5361135.0     2.5 m      27.0 s      100.0%     2.5 m       0.0 s 
INFO  18:08:35,135 VariantRecalibratorEngine - Finished iteration 0. 
INFO  18:08:43,305 VariantRecalibratorEngine - Finished iteration 5. 	Current change in mixture coefficients = 0.15005 
INFO  18:08:51,281 VariantRecalibratorEngine - Finished iteration 10. 	Current change in mixture coefficients = 0.08130 
INFO  18:08:52,409 ProgressMeter - GL000192.1:490739   5361135.0     3.0 m      33.0 s      100.0%     3.0 m       0.0 s 
INFO  18:08:59,261 VariantRecalibratorEngine - Finished iteration 15. 	Current change in mixture coefficients = 0.04703 
INFO  18:09:06,521 VariantRecalibratorEngine - Finished iteration 20. 	Current change in mixture coefficients = 0.03397 
INFO  18:09:13,643 VariantRecalibratorEngine - Finished iteration 25. 	Current change in mixture coefficients = 0.01898 
INFO  18:09:20,676 VariantRecalibratorEngine - Finished iteration 30. 	Current change in mixture coefficients = 0.00260 
INFO  18:09:22,410 ProgressMeter - GL000192.1:490739   5361135.0     3.5 m      39.0 s      100.0%     3.5 m       0.0 s 
INFO  18:09:23,465 VariantRecalibratorEngine - Convergence after 32 iterations! 
INFO  18:09:24,434 VariantRecalibratorEngine - Evaluating full set of 917355 variants... 
INFO  18:09:45,552 VariantDataManager - Training with worst 86137 scoring variants --> variants with LOD <= -5.0000. 
INFO  18:09:45,552 GaussianMixtureModel - Initializing model with 100 k-means iterations... 
INFO  18:09:48,952 VariantRecalibratorEngine - Finished iteration 0. 
INFO  18:09:49,844 VariantRecalibratorEngine - Finished iteration 5. 	Current change in mixture coefficients = 0.12653 
INFO  18:09:50,888 VariantRecalibratorEngine - Finished iteration 10. 	Current change in mixture coefficients = 0.03865 
INFO  18:09:51,669 VariantRecalibratorEngine - Finished iteration 15. 	Current change in mixture coefficients = 0.00935 
INFO  18:09:52,411 ProgressMeter - GL000192.1:490739   5361135.0     4.0 m      44.0 s      100.0%     4.0 m       0.0 s 
INFO  18:09:52,440 VariantRecalibratorEngine - Finished iteration 20. 	Current change in mixture coefficients = 0.00190 
INFO  18:09:52,440 VariantRecalibratorEngine - Convergence after 20 iterations! 
INFO  18:09:52,559 VariantRecalibratorEngine - Evaluating full set of 917355 variants... 
INFO  18:10:10,336 TrancheManager - Finding 4 tranches for 917355 variants 
INFO  18:10:10,926 TrancheManager -   Tranche threshold 100.00 => selection metric threshold 0.000 
INFO  18:10:11,036 TrancheManager -   Found tranche for 100.000: 0.000 threshold starting with variant 0; running score is 0.000  
INFO  18:10:11,036 TrancheManager -   Tranche is Tranche ts=100.00 minVQSLod=-520.3153 known=(386782 @ 0.0000) novel=(530573 @ 0.0000) truthSites(386782 accessible, 386782 called), name=anonymous] 
INFO  18:10:11,036 TrancheManager -   Tranche threshold 99.90 => selection metric threshold 0.001 
INFO  18:10:11,155 TrancheManager -   Found tranche for 99.900: 0.001 threshold starting with variant 7207; running score is 0.001  
INFO  18:10:11,155 TrancheManager -   Tranche is Tranche ts=99.90 minVQSLod=-6.3111 known=(386395 @ 0.0000) novel=(523753 @ 0.0000) truthSites(386782 accessible, 386395 called), name=anonymous] 
INFO  18:10:11,155 TrancheManager -   Tranche threshold 99.00 => selection metric threshold 0.010 
INFO  18:10:11,260 TrancheManager -   Found tranche for 99.000: 0.010 threshold starting with variant 96160; running score is 0.010  
INFO  18:10:11,260 TrancheManager -   Tranche is Tranche ts=99.00 minVQSLod=-0.7283 known=(382914 @ 0.0000) novel=(438281 @ 0.0000) truthSites(386782 accessible, 382914 called), name=anonymous] 
INFO  18:10:11,260 TrancheManager -   Tranche threshold 90.00 => selection metric threshold 0.100 
INFO  18:10:11,358 TrancheManager -   Found tranche for 90.000: 0.100 threshold starting with variant 256786; running score is 0.100  
INFO  18:10:11,358 TrancheManager -   Tranche is Tranche ts=90.00 minVQSLod=1.1660 known=(348103 @ 0.0000) novel=(312466 @ 0.0000) truthSites(386782 accessible, 348103 called), name=anonymous] 
INFO  18:10:11,360 VariantRecalibrator - Writing out recalibration table... 
INFO  18:10:18,486 VariantRecalibrator - Writing out visualization Rscript file... 
INFO  18:10:18,568 VariantRecalibrator - Building DP x QD plot... 
INFO  18:10:18,573 VariantRecalibratorEngine - Evaluating full set of 3600 variants... 
INFO  18:10:18,921 VariantRecalibratorEngine - Evaluating full set of 3600 variants... 
INFO  18:10:19,250 VariantRecalibrator - Building DP x FS plot... 
INFO  18:10:19,251 VariantRecalibratorEngine - Evaluating full set of 3660 variants... 
INFO  18:10:19,597 VariantRecalibratorEngine - Evaluating full set of 3660 variants... 
INFO  18:10:19,887 VariantRecalibrator - Building DP x SOR plot... 
INFO  18:10:19,888 VariantRecalibratorEngine - Evaluating full set of 3660 variants... 
INFO  18:10:20,239 VariantRecalibratorEngine - Evaluating full set of 3660 variants... 
INFO  18:10:20,515 VariantRecalibrator - Building DP x MQRankSum plot... 
INFO  18:10:20,516 VariantRecalibratorEngine - Evaluating full set of 3660 variants... 
INFO  18:10:20,867 VariantRecalibratorEngine - Evaluating full set of 3660 variants... 
INFO  18:10:21,143 VariantRecalibrator - Building DP x ReadPosRankSum plot... 
INFO  18:10:21,143 VariantRecalibratorEngine - Evaluating full set of 3660 variants... 
INFO  18:10:21,495 VariantRecalibratorEngine - Evaluating full set of 3660 variants... 
INFO  18:10:21,771 VariantRecalibrator - Building QD x FS plot... 
INFO  18:10:21,771 VariantRecalibratorEngine - Evaluating full set of 3660 variants... 
INFO  18:10:22,119 VariantRecalibratorEngine - Evaluating full set of 3660 variants... 
INFO  18:10:22,403 VariantRecalibrator - Building QD x SOR plot... 
INFO  18:10:22,404 VariantRecalibratorEngine - Evaluating full set of 3660 variants... 
INFO  18:10:22,757 VariantRecalibratorEngine - Evaluating full set of 3660 variants... 
INFO  18:10:23,038 VariantRecalibrator - Building QD x MQRankSum plot... 
INFO  18:10:23,039 VariantRecalibratorEngine - Evaluating full set of 3660 variants... 
INFO  18:10:23,393 VariantRecalibratorEngine - Evaluating full set of 3660 variants... 
INFO  18:10:23,674 VariantRecalibrator - Building QD x ReadPosRankSum plot... 
INFO  18:10:23,675 VariantRecalibratorEngine - Evaluating full set of 3660 variants... 
INFO  18:10:24,029 VariantRecalibratorEngine - Evaluating full set of 3660 variants... 
INFO  18:10:24,310 VariantRecalibrator - Building FS x SOR plot... 
INFO  18:10:24,311 VariantRecalibratorEngine - Evaluating full set of 3721 variants... 
INFO  18:10:24,663 VariantRecalibratorEngine - Evaluating full set of 3721 variants... 
INFO  18:10:24,951 VariantRecalibrator - Building FS x MQRankSum plot... 
INFO  18:10:24,951 VariantRecalibratorEngine - Evaluating full set of 3721 variants... 
INFO  18:10:25,304 VariantRecalibratorEngine - Evaluating full set of 3721 variants... 
INFO  18:10:25,592 VariantRecalibrator - Building FS x ReadPosRankSum plot... 
INFO  18:10:25,593 VariantRecalibratorEngine - Evaluating full set of 3721 variants... 
INFO  18:10:25,946 VariantRecalibratorEngine - Evaluating full set of 3721 variants... 
INFO  18:10:26,234 VariantRecalibrator - Building SOR x MQRankSum plot... 
INFO  18:10:26,235 VariantRecalibratorEngine - Evaluating full set of 3721 variants... 
INFO  18:10:26,594 VariantRecalibratorEngine - Evaluating full set of 3721 variants... 
INFO  18:10:26,881 VariantRecalibrator - Building SOR x ReadPosRankSum plot... 
INFO  18:10:26,882 VariantRecalibratorEngine - Evaluating full set of 3721 variants... 
INFO  18:10:27,240 VariantRecalibratorEngine - Evaluating full set of 3721 variants... 
INFO  18:10:27,526 VariantRecalibrator - Building MQRankSum x ReadPosRankSum plot... 
INFO  18:10:27,527 VariantRecalibratorEngine - Evaluating full set of 3721 variants... 
INFO  18:10:27,886 VariantRecalibratorEngine - Evaluating full set of 3721 variants... 
INFO  18:10:28,172 VariantRecalibrator - Executing: Rscript /scratch/108820/ANALYSIS/P4107/piper_ngi/07_variant_calls/P4107_1006.clean.dedup.recal.bam.indel.vqsr.r 
WARN  18:10:29,794 RScriptExecutor - RScript exited with 1. Run with -l DEBUG for more info. 
INFO  18:10:29,798 VariantRecalibrator - Tranches plot will not be generated since we are running in INDEL mode 
INFO  18:10:32,412 ProgressMeter - GL000192.1:490739   5361135.0     4.7 m      52.0 s      100.0%     4.7 m       0.0 s 
INFO  18:10:33,415 ProgressMeter -            done   5364017.0     4.7 m      52.0 s      100.0%     4.7 m       0.0 s 
INFO  18:10:33,416 ProgressMeter - Total runtime 281.02 secs, 4.68 min, 0.08 hours 
INFO  18:10:38,067 GATKRunReport - Uploaded run statistics report to AWS S3 
