SLF4J: Class path contains multiple SLF4J bindings.
SLF4J: Found binding in [jar:file:/apus/v1/a2014205/software/piper_bin/Piper/Piper-v1.3.0/lib/GenomeAnalysisTK.jar!/org/slf4j/impl/StaticLoggerBinder.class]
SLF4J: Found binding in [jar:file:/apus/v1/a2014205/software/piper_bin/Piper/Piper-v1.3.0/lib/Queue.jar!/org/slf4j/impl/StaticLoggerBinder.class]
SLF4J: See http://www.slf4j.org/codes.html#multiple_bindings for an explanation.
INFO  17:36:14,876 HelpFormatter - -------------------------------------------------------------------------------- 
INFO  17:36:14,877 HelpFormatter - The Genome Analysis Toolkit (GATK) v3.3-0-geee94ec, Compiled 2015/12/17 12:33:03 
INFO  17:36:14,878 HelpFormatter - Copyright (c) 2010 The Broad Institute 
INFO  17:36:14,878 HelpFormatter - For support and documentation go to http://www.broadinstitute.org/gatk 
INFO  17:36:14,882 HelpFormatter - Program Args: -T ApplyRecalibration -R /proj/a2014205/piper_references/gatk_bundle/2.8/b37/human_g1k_v37.fasta -input /scratch/108820/ANALYSIS/P4107/piper_ngi/07_variant_calls/P4107_1006.clean.dedup.recal.bam.raw.snp.vcf.gz -recalFile /scratch/108820/ANALYSIS/P4107/piper_ngi/07_variant_calls/P4107_1006.clean.dedup.recal.bam.snp.tranches.recal -tranchesFile /scratch/108820/ANALYSIS/P4107/piper_ngi/07_variant_calls/P4107_1006.clean.dedup.recal.bam.snp.tranches -o /scratch/108820/ANALYSIS/P4107/piper_ngi/07_variant_calls/P4107_1006.clean.dedup.recal.bam.recalibrated.snp.vcf.gz -mode SNP 
INFO  17:36:14,888 HelpFormatter - Executing as funk_002@n29.uppmax.uu.se on Linux 2.6.32-573.18.1.el6.x86_64 amd64; Java HotSpot(TM) 64-Bit Server VM 1.7.0_25-b15. 
INFO  17:36:14,889 HelpFormatter - Date/Time: 2016/02/24 17:36:14 
INFO  17:36:14,889 HelpFormatter - -------------------------------------------------------------------------------- 
INFO  17:36:14,889 HelpFormatter - -------------------------------------------------------------------------------- 
INFO  17:36:14,996 GenomeAnalysisEngine - Strictness is SILENT 
INFO  17:36:15,085 GenomeAnalysisEngine - Downsampling Settings: Method: BY_SAMPLE, Target Coverage: 1000 
WARN  17:36:15,371 IndexDictionaryUtils - Track input doesn't have a sequence dictionary built in, skipping dictionary validation 
INFO  17:36:15,432 GenomeAnalysisEngine - Preparing for traversal 
INFO  17:36:15,447 GenomeAnalysisEngine - Done preparing for traversal 
INFO  17:36:15,447 ProgressMeter - [INITIALIZATION COMPLETE; STARTING PROCESSING] 
INFO  17:36:15,448 ProgressMeter -                 | processed |    time |    per 1M |           |   total | remaining 
INFO  17:36:15,449 ProgressMeter -        Location |     sites | elapsed |     sites | completed | runtime |   runtime 
INFO  17:36:15,473 ApplyRecalibration - Keeping all variants with VQSLOD >= 0.0 
INFO  17:36:45,452 ProgressMeter -      3:53245902    701384.0    30.0 s      42.0 s       17.6%     2.8 m       2.3 m 
INFO  17:37:15,453 ProgressMeter -      6:39003553   1489851.0    60.0 s      40.0 s       35.5%     2.8 m     108.0 s 
INFO  17:37:45,454 ProgressMeter -     9:129810944   2266546.0    90.0 s      39.0 s       53.8%     2.8 m      77.0 s 
INFO  17:38:25,455 ProgressMeter -     16:46664160   3313627.0     2.2 m      39.0 s       79.2%     2.7 m      34.0 s 
INFO  17:38:55,184 ProgressMeter -            done   4070425.0     2.7 m      39.0 s      100.0%     2.7 m       0.0 s 
INFO  17:38:55,185 ProgressMeter - Total runtime 159.74 secs, 2.66 min, 0.04 hours 
INFO  17:38:56,932 GATKRunReport - Uploaded run statistics report to AWS S3 
