SLF4J: Class path contains multiple SLF4J bindings.
SLF4J: Found binding in [jar:file:/apus/v1/a2014205/software/piper_bin/Piper/Piper-v1.3.0/lib/GenomeAnalysisTK.jar!/org/slf4j/impl/StaticLoggerBinder.class]
SLF4J: Found binding in [jar:file:/apus/v1/a2014205/software/piper_bin/Piper/Piper-v1.3.0/lib/Queue.jar!/org/slf4j/impl/StaticLoggerBinder.class]
SLF4J: See http://www.slf4j.org/codes.html#multiple_bindings for an explanation.
INFO  09:47:11,127 HelpFormatter - -------------------------------------------------------------------------------- 
INFO  09:47:11,129 HelpFormatter - The Genome Analysis Toolkit (GATK) v3.3-0-geee94ec, Compiled 2015/12/17 12:33:03 
INFO  09:47:11,129 HelpFormatter - Copyright (c) 2010 The Broad Institute 
INFO  09:47:11,129 HelpFormatter - For support and documentation go to http://www.broadinstitute.org/gatk 
INFO  09:47:11,133 HelpFormatter - Program Args: -T SelectVariants -R /proj/a2014205/piper_references/gatk_bundle/2.8/b37/human_g1k_v37.fasta -V /scratch/108823/ANALYSIS/P4107/piper_ngi/07_variant_calls/P4107_1001.clean.dedup.recal.bam.raw.vcf.gz -o /scratch/108823/ANALYSIS/P4107/piper_ngi/07_variant_calls/P4107_1001.clean.dedup.recal.bam.raw.indel.vcf.gz -selectType INDEL 
INFO  09:47:11,136 HelpFormatter - Executing as funk_002@n31.uppmax.uu.se on Linux 2.6.32-573.18.1.el6.x86_64 amd64; Java HotSpot(TM) 64-Bit Server VM 1.7.0_25-b15. 
INFO  09:47:11,136 HelpFormatter - Date/Time: 2016/02/24 09:47:11 
INFO  09:47:11,136 HelpFormatter - -------------------------------------------------------------------------------- 
INFO  09:47:11,136 HelpFormatter - -------------------------------------------------------------------------------- 
INFO  09:47:11,258 GenomeAnalysisEngine - Strictness is SILENT 
INFO  09:47:11,342 GenomeAnalysisEngine - Downsampling Settings: Method: BY_SAMPLE, Target Coverage: 1000 
WARN  09:47:11,540 IndexDictionaryUtils - Track variant doesn't have a sequence dictionary built in, skipping dictionary validation 
INFO  09:47:11,597 GenomeAnalysisEngine - Preparing for traversal 
INFO  09:47:11,613 GenomeAnalysisEngine - Done preparing for traversal 
INFO  09:47:11,613 ProgressMeter - [INITIALIZATION COMPLETE; STARTING PROCESSING] 
INFO  09:47:11,613 ProgressMeter -                 | processed |    time |    per 1M |           |   total | remaining 
INFO  09:47:11,614 ProgressMeter -        Location |     sites | elapsed |     sites | completed | runtime |   runtime 
INFO  09:47:41,617 ProgressMeter -      6:29705028   2469243.0    30.0 s      12.0 s       35.2%    85.0 s      55.0 s 
INFO  09:48:11,619 ProgressMeter -     14:71254126   5189663.0    60.0 s      11.0 s       73.2%    81.0 s      21.0 s 
INFO  09:48:30,361 SelectVariants - 4966439 records processed. 
INFO  09:48:30,792 ProgressMeter -            done   6895123.0    79.0 s      11.0 s      100.0%    79.0 s       0.0 s 
INFO  09:48:30,792 ProgressMeter - Total runtime 79.18 secs, 1.32 min, 0.02 hours 
INFO  09:48:32,335 GATKRunReport - Uploaded run statistics report to AWS S3 
