SLF4J: Class path contains multiple SLF4J bindings.
SLF4J: Found binding in [jar:file:/apus/v1/a2014205/software/piper_bin/Piper/Piper-v1.3.0/lib/GenomeAnalysisTK.jar!/org/slf4j/impl/StaticLoggerBinder.class]
SLF4J: Found binding in [jar:file:/apus/v1/a2014205/software/piper_bin/Piper/Piper-v1.3.0/lib/Queue.jar!/org/slf4j/impl/StaticLoggerBinder.class]
SLF4J: See http://www.slf4j.org/codes.html#multiple_bindings for an explanation.
INFO  07:32:56,468 HelpFormatter - -------------------------------------------------------------------------------- 
INFO  07:32:56,470 HelpFormatter - The Genome Analysis Toolkit (GATK) v3.3-0-geee94ec, Compiled 2016/02/26 09:40:23 
INFO  07:32:56,470 HelpFormatter - Copyright (c) 2010 The Broad Institute 
INFO  07:32:56,470 HelpFormatter - For support and documentation go to http://www.broadinstitute.org/gatk 
INFO  07:32:56,475 HelpFormatter - Program Args: -T ApplyRecalibration -R /proj/a2014205/piper_references/gatk_bundle/2.8/b37/human_g1k_v37.fasta -input /scratch/109642/ANALYSIS/P4107/piper_ngi/07_variant_calls/P4107_1003.clean.dedup.recal.bam.raw.indel.vcf.gz -recalFile /scratch/109642/ANALYSIS/P4107/piper_ngi/07_variant_calls/P4107_1003.clean.dedup.recal.bam.indel.tranches.recal -tranchesFile /scratch/109642/ANALYSIS/P4107/piper_ngi/07_variant_calls/P4107_1003.clean.dedup.recal.bam.indel.tranches -o /scratch/109642/ANALYSIS/P4107/piper_ngi/07_variant_calls/P4107_1003.clean.dedup.recal.bam.recalibrated.indel.vcf.gz -mode INDEL 
INFO  07:32:56,478 HelpFormatter - Executing as funk_002@n24.uppmax.uu.se on Linux 2.6.32-573.18.1.el6.x86_64 amd64; Java HotSpot(TM) 64-Bit Server VM 1.7.0_25-b15. 
INFO  07:32:56,478 HelpFormatter - Date/Time: 2016/03/01 07:32:56 
INFO  07:32:56,478 HelpFormatter - -------------------------------------------------------------------------------- 
INFO  07:32:56,478 HelpFormatter - -------------------------------------------------------------------------------- 
INFO  07:32:56,781 GenomeAnalysisEngine - Strictness is SILENT 
INFO  07:32:57,031 GenomeAnalysisEngine - Downsampling Settings: Method: BY_SAMPLE, Target Coverage: 1000 
WARN  07:32:57,273 IndexDictionaryUtils - Track input doesn't have a sequence dictionary built in, skipping dictionary validation 
INFO  07:32:57,335 GenomeAnalysisEngine - Preparing for traversal 
INFO  07:32:57,350 GenomeAnalysisEngine - Done preparing for traversal 
INFO  07:32:57,350 ProgressMeter - [INITIALIZATION COMPLETE; STARTING PROCESSING] 
INFO  07:32:57,350 ProgressMeter -                 | processed |    time |    per 1M |           |   total | remaining 
INFO  07:32:57,351 ProgressMeter -        Location |     sites | elapsed |     sites | completed | runtime |   runtime 
INFO  07:32:57,376 ApplyRecalibration - Keeping all variants with VQSLOD >= 0.0 
INFO  07:33:27,354 ProgressMeter -     10:15573783   1616079.0    30.0 s      18.0 s       54.7%    54.0 s      24.0 s 
INFO  07:33:48,960 ProgressMeter -            done   2897330.0    51.0 s      17.0 s      100.0%    51.0 s       0.0 s 
INFO  07:33:48,961 ProgressMeter - Total runtime 51.61 secs, 0.86 min, 0.01 hours 
INFO  07:33:50,419 GATKRunReport - Uploaded run statistics report to AWS S3 
