SLF4J: Class path contains multiple SLF4J bindings.
SLF4J: Found binding in [jar:file:/apus/v1/a2014205/software/piper_bin/Piper/Piper-v1.3.0/lib/GenomeAnalysisTK.jar!/org/slf4j/impl/StaticLoggerBinder.class]
SLF4J: Found binding in [jar:file:/apus/v1/a2014205/software/piper_bin/Piper/Piper-v1.3.0/lib/Queue.jar!/org/slf4j/impl/StaticLoggerBinder.class]
SLF4J: See http://www.slf4j.org/codes.html#multiple_bindings for an explanation.
INFO  17:46:50,351 HelpFormatter - -------------------------------------------------------------------------------- 
INFO  17:46:50,353 HelpFormatter - The Genome Analysis Toolkit (GATK) v3.3-0-geee94ec, Compiled 2015/12/17 12:33:03 
INFO  17:46:50,353 HelpFormatter - Copyright (c) 2010 The Broad Institute 
INFO  17:46:50,353 HelpFormatter - For support and documentation go to http://www.broadinstitute.org/gatk 
INFO  17:46:50,357 HelpFormatter - Program Args: -T VariantRecalibrator -R /proj/a2014205/piper_references/gatk_bundle/2.8/b37/human_g1k_v37.fasta -nt 16 -mode INDEL -mG 4 -std 10.0 -input /scratch/108825/ANALYSIS/P4107/piper_ngi/07_variant_calls/P4107_1002.clean.dedup.recal.bam.raw.indel.vcf.gz -resource:known=true,training=true,truth=true,prior=12.0 /proj/a2014205/piper_references/gatk_bundle/2.8/b37/Mills_and_1000G_gold_standard.indels.b37.vcf -recalFile /scratch/108825/ANALYSIS/P4107/piper_ngi/07_variant_calls/P4107_1002.clean.dedup.recal.bam.indel.tranches.recal -tranchesFile /scratch/108825/ANALYSIS/P4107/piper_ngi/07_variant_calls/P4107_1002.clean.dedup.recal.bam.indel.tranches -an QD -an DP -an FS -an SOR -an ReadPosRankSum -an MQRankSum -tranche 100.0 -tranche 99.9 -tranche 99.0 -tranche 90.0 -rscriptFile /scratch/108825/ANALYSIS/P4107/piper_ngi/07_variant_calls/P4107_1002.clean.dedup.recal.bam.indel.vqsr.r -allPoly 
INFO  17:46:50,364 HelpFormatter - Executing as funk_002@n28.uppmax.uu.se on Linux 2.6.32-573.18.1.el6.x86_64 amd64; Java HotSpot(TM) 64-Bit Server VM 1.7.0_25-b15. 
INFO  17:46:50,364 HelpFormatter - Date/Time: 2016/02/24 17:46:50 
INFO  17:46:50,364 HelpFormatter - -------------------------------------------------------------------------------- 
INFO  17:46:50,364 HelpFormatter - -------------------------------------------------------------------------------- 
INFO  17:46:50,535 GenomeAnalysisEngine - Strictness is SILENT 
INFO  17:46:50,631 GenomeAnalysisEngine - Downsampling Settings: Method: BY_SAMPLE, Target Coverage: 1000 
WARN  17:46:50,921 IndexDictionaryUtils - Track input doesn't have a sequence dictionary built in, skipping dictionary validation 
INFO  17:46:50,933 MicroScheduler - Running the GATK in parallel mode with 16 total threads, 1 CPU thread(s) for each of 16 data thread(s), of 16 processors available on this machine 
INFO  17:46:50,988 GenomeAnalysisEngine - Preparing for traversal 
INFO  17:46:51,005 GenomeAnalysisEngine - Done preparing for traversal 
INFO  17:46:51,006 ProgressMeter - [INITIALIZATION COMPLETE; STARTING PROCESSING] 
INFO  17:46:51,007 ProgressMeter -                 | processed |    time |    per 1M |           |   total | remaining 
INFO  17:46:51,007 ProgressMeter -        Location |     sites | elapsed |     sites | completed | runtime |   runtime 
INFO  17:46:51,015 TrainingSet - Found resource track: 	Known = true 	Training = true 	Truth = true 	Prior = Q12.0 
INFO  17:47:19,616 VariantDataManager - QD: 	 mean = 19.45	 standard deviation = 9.16 
INFO  17:47:19,792 VariantDataManager - DP: 	 mean = 34.41	 standard deviation = 11.70 
INFO  17:47:19,970 VariantDataManager - FS: 	 mean = 1.77	 standard deviation = 3.47 
INFO  17:47:20,149 VariantDataManager - SOR: 	 mean = 1.07	 standard deviation = 0.67 
INFO  17:47:20,328 VariantDataManager - ReadPosRankSum: 	 mean = -0.04	 standard deviation = 1.04 
INFO  17:47:20,525 VariantDataManager - MQRankSum: 	 mean = -0.00	 standard deviation = 1.00 
INFO  17:47:21,031 ProgressMeter - GL000192.1:509348   5343512.0    30.0 s       5.0 s      100.0%    30.0 s       0.0 s 
INFO  17:47:21,627 VariantDataManager - Annotations are now ordered by their information content: [DP, QD, FS, SOR, MQRankSum, ReadPosRankSum] 
INFO  17:47:21,674 VariantDataManager - Training with 386152 variants after standard deviation thresholding. 
INFO  17:47:21,678 GaussianMixtureModel - Initializing model with 100 k-means iterations... 
INFO  17:47:44,630 VariantRecalibratorEngine - Finished iteration 0. 
INFO  17:47:51,033 ProgressMeter - GL000192.1:509348   5343512.0    60.0 s      11.0 s      100.0%    60.0 s       0.0 s 
INFO  17:47:52,208 VariantRecalibratorEngine - Finished iteration 5. 	Current change in mixture coefficients = 0.16265 
INFO  17:47:59,618 VariantRecalibratorEngine - Finished iteration 10. 	Current change in mixture coefficients = 0.02055 
INFO  17:48:07,104 VariantRecalibratorEngine - Finished iteration 15. 	Current change in mixture coefficients = 0.03691 
INFO  17:48:14,623 VariantRecalibratorEngine - Finished iteration 20. 	Current change in mixture coefficients = 0.02554 
INFO  17:48:22,117 VariantRecalibratorEngine - Finished iteration 25. 	Current change in mixture coefficients = 0.11085 
INFO  17:48:29,630 VariantRecalibratorEngine - Finished iteration 30. 	Current change in mixture coefficients = 0.05008 
INFO  17:48:31,034 ProgressMeter - GL000192.1:509348   5343512.0   100.0 s      18.0 s      100.0%   100.0 s       0.0 s 
INFO  17:48:37,089 VariantRecalibratorEngine - Finished iteration 35. 	Current change in mixture coefficients = 0.04526 
INFO  17:48:44,552 VariantRecalibratorEngine - Finished iteration 40. 	Current change in mixture coefficients = 0.01850 
INFO  17:48:52,027 VariantRecalibratorEngine - Finished iteration 45. 	Current change in mixture coefficients = 0.00549 
INFO  17:48:59,486 VariantRecalibratorEngine - Finished iteration 50. 	Current change in mixture coefficients = 0.00200 
INFO  17:48:59,486 VariantRecalibratorEngine - Convergence after 50 iterations! 
INFO  17:49:00,471 VariantRecalibratorEngine - Evaluating full set of 915061 variants... 
INFO  17:49:01,036 ProgressMeter - GL000192.1:509348   5343512.0     2.2 m      24.0 s      100.0%     2.2 m       0.0 s 
INFO  17:49:22,118 VariantDataManager - Training with worst 75894 scoring variants --> variants with LOD <= -5.0000. 
INFO  17:49:22,118 GaussianMixtureModel - Initializing model with 100 k-means iterations... 
INFO  17:49:24,427 VariantRecalibratorEngine - Finished iteration 0. 
INFO  17:49:25,135 VariantRecalibratorEngine - Finished iteration 5. 	Current change in mixture coefficients = 0.00627 
INFO  17:49:25,422 VariantRecalibratorEngine - Convergence after 7 iterations! 
INFO  17:49:25,533 VariantRecalibratorEngine - Evaluating full set of 915061 variants... 
INFO  17:49:31,037 ProgressMeter - GL000192.1:509348   5343512.0     2.7 m      29.0 s      100.0%     2.7 m       0.0 s 
INFO  17:49:43,344 TrancheManager - Finding 4 tranches for 915061 variants 
INFO  17:49:43,936 TrancheManager -   Tranche threshold 100.00 => selection metric threshold 0.000 
INFO  17:49:44,047 TrancheManager -   Found tranche for 100.000: 0.000 threshold starting with variant 0; running score is 0.000  
INFO  17:49:44,047 TrancheManager -   Tranche is Tranche ts=100.00 minVQSLod=-21854.6988 known=(386585 @ 0.0000) novel=(528476 @ 0.0000) truthSites(386585 accessible, 386585 called), name=anonymous] 
INFO  17:49:44,047 TrancheManager -   Tranche threshold 99.90 => selection metric threshold 0.001 
INFO  17:49:44,166 TrancheManager -   Found tranche for 99.900: 0.001 threshold starting with variant 6115; running score is 0.001  
INFO  17:49:44,167 TrancheManager -   Tranche is Tranche ts=99.90 minVQSLod=-11.3639 known=(386198 @ 0.0000) novel=(522748 @ 0.0000) truthSites(386585 accessible, 386198 called), name=anonymous] 
INFO  17:49:44,167 TrancheManager -   Tranche threshold 99.00 => selection metric threshold 0.010 
INFO  17:49:44,264 TrancheManager -   Found tranche for 99.000: 0.010 threshold starting with variant 79736; running score is 0.010  
INFO  17:49:44,264 TrancheManager -   Tranche is Tranche ts=99.00 minVQSLod=-0.7816 known=(382719 @ 0.0000) novel=(452606 @ 0.0000) truthSites(386585 accessible, 382719 called), name=anonymous] 
INFO  17:49:44,264 TrancheManager -   Tranche threshold 90.00 => selection metric threshold 0.100 
INFO  17:49:44,367 TrancheManager -   Found tranche for 90.000: 0.100 threshold starting with variant 287398; running score is 0.100  
INFO  17:49:44,367 TrancheManager -   Tranche is Tranche ts=90.00 minVQSLod=1.1431 known=(347926 @ 0.0000) novel=(279737 @ 0.0000) truthSites(386585 accessible, 347926 called), name=anonymous] 
INFO  17:49:44,369 VariantRecalibrator - Writing out recalibration table... 
INFO  17:49:51,627 VariantRecalibrator - Writing out visualization Rscript file... 
INFO  17:49:51,712 VariantRecalibrator - Building DP x QD plot... 
INFO  17:49:51,717 VariantRecalibratorEngine - Evaluating full set of 3660 variants... 
INFO  17:49:52,073 VariantRecalibratorEngine - Evaluating full set of 3660 variants... 
INFO  17:49:52,403 VariantRecalibrator - Building DP x FS plot... 
INFO  17:49:52,405 VariantRecalibratorEngine - Evaluating full set of 3721 variants... 
INFO  17:49:52,757 VariantRecalibratorEngine - Evaluating full set of 3721 variants... 
INFO  17:49:53,047 VariantRecalibrator - Building DP x SOR plot... 
INFO  17:49:53,048 VariantRecalibratorEngine - Evaluating full set of 3660 variants... 
INFO  17:49:53,397 VariantRecalibratorEngine - Evaluating full set of 3660 variants... 
INFO  17:49:53,676 VariantRecalibrator - Building DP x MQRankSum plot... 
INFO  17:49:53,676 VariantRecalibratorEngine - Evaluating full set of 3660 variants... 
INFO  17:49:54,028 VariantRecalibratorEngine - Evaluating full set of 3660 variants... 
INFO  17:49:54,306 VariantRecalibrator - Building DP x ReadPosRankSum plot... 
INFO  17:49:54,307 VariantRecalibratorEngine - Evaluating full set of 3660 variants... 
INFO  17:49:54,659 VariantRecalibratorEngine - Evaluating full set of 3660 variants... 
INFO  17:49:54,938 VariantRecalibrator - Building QD x FS plot... 
INFO  17:49:54,938 VariantRecalibratorEngine - Evaluating full set of 3660 variants... 
INFO  17:49:55,285 VariantRecalibratorEngine - Evaluating full set of 3660 variants... 
INFO  17:49:55,569 VariantRecalibrator - Building QD x SOR plot... 
INFO  17:49:55,570 VariantRecalibratorEngine - Evaluating full set of 3600 variants... 
INFO  17:49:55,915 VariantRecalibratorEngine - Evaluating full set of 3600 variants... 
INFO  17:49:56,194 VariantRecalibrator - Building QD x MQRankSum plot... 
INFO  17:49:56,194 VariantRecalibratorEngine - Evaluating full set of 3600 variants... 
INFO  17:49:56,543 VariantRecalibratorEngine - Evaluating full set of 3600 variants... 
INFO  17:49:56,821 VariantRecalibrator - Building QD x ReadPosRankSum plot... 
INFO  17:49:56,822 VariantRecalibratorEngine - Evaluating full set of 3600 variants... 
INFO  17:49:57,171 VariantRecalibratorEngine - Evaluating full set of 3600 variants... 
INFO  17:49:57,450 VariantRecalibrator - Building FS x SOR plot... 
INFO  17:49:57,450 VariantRecalibratorEngine - Evaluating full set of 3660 variants... 
INFO  17:49:57,795 VariantRecalibratorEngine - Evaluating full set of 3660 variants... 
INFO  17:49:58,079 VariantRecalibrator - Building FS x MQRankSum plot... 
INFO  17:49:58,080 VariantRecalibratorEngine - Evaluating full set of 3660 variants... 
INFO  17:49:58,426 VariantRecalibratorEngine - Evaluating full set of 3660 variants... 
INFO  17:49:58,710 VariantRecalibrator - Building FS x ReadPosRankSum plot... 
INFO  17:49:58,711 VariantRecalibratorEngine - Evaluating full set of 3660 variants... 
INFO  17:49:59,058 VariantRecalibratorEngine - Evaluating full set of 3660 variants... 
INFO  17:49:59,342 VariantRecalibrator - Building SOR x MQRankSum plot... 
INFO  17:49:59,343 VariantRecalibratorEngine - Evaluating full set of 3600 variants... 
INFO  17:49:59,686 VariantRecalibratorEngine - Evaluating full set of 3600 variants... 
INFO  17:49:59,964 VariantRecalibrator - Building SOR x ReadPosRankSum plot... 
INFO  17:49:59,965 VariantRecalibratorEngine - Evaluating full set of 3600 variants... 
INFO  17:50:00,312 VariantRecalibratorEngine - Evaluating full set of 3600 variants... 
INFO  17:50:00,590 VariantRecalibrator - Building MQRankSum x ReadPosRankSum plot... 
INFO  17:50:00,591 VariantRecalibratorEngine - Evaluating full set of 3600 variants... 
INFO  17:50:00,938 VariantRecalibratorEngine - Evaluating full set of 3600 variants... 
INFO  17:50:01,038 ProgressMeter - GL000192.1:509348   5343512.0     3.2 m      35.0 s      100.0%     3.2 m       0.0 s 
INFO  17:50:01,216 VariantRecalibrator - Executing: Rscript /scratch/108825/ANALYSIS/P4107/piper_ngi/07_variant_calls/P4107_1002.clean.dedup.recal.bam.indel.vqsr.r 
WARN  17:50:02,534 RScriptExecutor - RScript exited with 1. Run with -l DEBUG for more info. 
INFO  17:50:02,537 VariantRecalibrator - Tranches plot will not be generated since we are running in INDEL mode 
INFO  17:50:06,250 ProgressMeter -            done   5347071.0     3.3 m      36.0 s      100.0%     3.3 m       0.0 s 
INFO  17:50:06,250 ProgressMeter - Total runtime 195.24 secs, 3.25 min, 0.05 hours 
INFO  17:50:10,328 GATKRunReport - Uploaded run statistics report to AWS S3 
