SLF4J: Class path contains multiple SLF4J bindings.
SLF4J: Found binding in [jar:file:/apus/v1/a2014205/software/piper_bin/Piper/Piper-v1.3.0/lib/GenomeAnalysisTK.jar!/org/slf4j/impl/StaticLoggerBinder.class]
SLF4J: Found binding in [jar:file:/apus/v1/a2014205/software/piper_bin/Piper/Piper-v1.3.0/lib/Queue.jar!/org/slf4j/impl/StaticLoggerBinder.class]
SLF4J: See http://www.slf4j.org/codes.html#multiple_bindings for an explanation.
INFO  12:58:08,851 HelpFormatter - -------------------------------------------------------------------------------- 
INFO  12:58:08,853 HelpFormatter - The Genome Analysis Toolkit (GATK) v3.3-0-geee94ec, Compiled 2015/12/17 12:33:03 
INFO  12:58:08,853 HelpFormatter - Copyright (c) 2010 The Broad Institute 
INFO  12:58:08,853 HelpFormatter - For support and documentation go to http://www.broadinstitute.org/gatk 
INFO  12:58:08,857 HelpFormatter - Program Args: -T VariantRecalibrator -R /proj/a2014205/piper_references/gatk_bundle/2.8/b37/human_g1k_v37.fasta -nt 16 -mode INDEL -mG 4 -std 10.0 -input /scratch/108816/ANALYSIS/P4107/piper_ngi/07_variant_calls/P4107_1004.clean.dedup.recal.bam.raw.indel.vcf.gz -resource:known=true,training=true,truth=true,prior=12.0 /proj/a2014205/piper_references/gatk_bundle/2.8/b37/Mills_and_1000G_gold_standard.indels.b37.vcf -recalFile /scratch/108816/ANALYSIS/P4107/piper_ngi/07_variant_calls/P4107_1004.clean.dedup.recal.bam.indel.tranches.recal -tranchesFile /scratch/108816/ANALYSIS/P4107/piper_ngi/07_variant_calls/P4107_1004.clean.dedup.recal.bam.indel.tranches -an QD -an DP -an FS -an SOR -an ReadPosRankSum -an MQRankSum -tranche 100.0 -tranche 99.9 -tranche 99.0 -tranche 90.0 -rscriptFile /scratch/108816/ANALYSIS/P4107/piper_ngi/07_variant_calls/P4107_1004.clean.dedup.recal.bam.indel.vqsr.r -allPoly 
INFO  12:58:08,860 HelpFormatter - Executing as funk_002@n21.uppmax.uu.se on Linux 2.6.32-573.18.1.el6.x86_64 amd64; Java HotSpot(TM) 64-Bit Server VM 1.7.0_25-b15. 
INFO  12:58:08,860 HelpFormatter - Date/Time: 2016/02/24 12:58:08 
INFO  12:58:08,860 HelpFormatter - -------------------------------------------------------------------------------- 
INFO  12:58:08,860 HelpFormatter - -------------------------------------------------------------------------------- 
INFO  12:58:09,041 GenomeAnalysisEngine - Strictness is SILENT 
INFO  12:58:09,136 GenomeAnalysisEngine - Downsampling Settings: Method: BY_SAMPLE, Target Coverage: 1000 
WARN  12:58:09,487 IndexDictionaryUtils - Track input doesn't have a sequence dictionary built in, skipping dictionary validation 
INFO  12:58:09,498 MicroScheduler - Running the GATK in parallel mode with 16 total threads, 1 CPU thread(s) for each of 16 data thread(s), of 16 processors available on this machine 
INFO  12:58:09,549 GenomeAnalysisEngine - Preparing for traversal 
INFO  12:58:09,565 GenomeAnalysisEngine - Done preparing for traversal 
INFO  12:58:09,565 ProgressMeter - [INITIALIZATION COMPLETE; STARTING PROCESSING] 
INFO  12:58:09,566 ProgressMeter -                 | processed |    time |    per 1M |           |   total | remaining 
INFO  12:58:09,567 ProgressMeter -        Location |     sites | elapsed |     sites | completed | runtime |   runtime 
INFO  12:58:09,572 TrainingSet - Found resource track: 	Known = true 	Training = true 	Truth = true 	Prior = Q12.0 
INFO  12:58:39,570 ProgressMeter -      Y:25045977   5314477.0    30.0 s       5.0 s       98.7%    30.0 s       0.0 s 
INFO  12:58:40,848 VariantDataManager - QD: 	 mean = 19.27	 standard deviation = 9.24 
INFO  12:58:41,026 VariantDataManager - DP: 	 mean = 27.57	 standard deviation = 9.54 
INFO  12:58:41,205 VariantDataManager - FS: 	 mean = 1.66	 standard deviation = 3.29 
INFO  12:58:41,384 VariantDataManager - SOR: 	 mean = 1.08	 standard deviation = 0.66 
INFO  12:58:41,564 VariantDataManager - ReadPosRankSum: 	 mean = -0.05	 standard deviation = 1.03 
INFO  12:58:41,756 VariantDataManager - MQRankSum: 	 mean = -0.02	 standard deviation = 0.98 
INFO  12:58:42,854 VariantDataManager - Annotations are now ordered by their information content: [DP, QD, FS, SOR, MQRankSum, ReadPosRankSum] 
INFO  12:58:42,902 VariantDataManager - Training with 384861 variants after standard deviation thresholding. 
INFO  12:58:42,905 GaussianMixtureModel - Initializing model with 100 k-means iterations... 
INFO  12:59:05,074 VariantRecalibratorEngine - Finished iteration 0. 
INFO  12:59:09,571 ProgressMeter - GL000192.1:488280   5335515.0    60.0 s      11.0 s      100.0%    60.0 s       0.0 s 
INFO  12:59:12,661 VariantRecalibratorEngine - Finished iteration 5. 	Current change in mixture coefficients = 0.09880 
INFO  12:59:19,981 VariantRecalibratorEngine - Finished iteration 10. 	Current change in mixture coefficients = 0.00202 
INFO  12:59:21,443 VariantRecalibratorEngine - Convergence after 11 iterations! 
INFO  12:59:22,450 VariantRecalibratorEngine - Evaluating full set of 909281 variants... 
INFO  12:59:39,572 ProgressMeter - GL000192.1:488280   5335515.0    90.0 s      16.0 s      100.0%    90.0 s       0.0 s 
INFO  12:59:43,510 VariantDataManager - Training with worst 69944 scoring variants --> variants with LOD <= -5.0000. 
INFO  12:59:43,510 GaussianMixtureModel - Initializing model with 100 k-means iterations... 
INFO  12:59:46,498 VariantRecalibratorEngine - Finished iteration 0. 
INFO  12:59:47,271 VariantRecalibratorEngine - Finished iteration 5. 	Current change in mixture coefficients = 0.00509 
INFO  12:59:47,734 VariantRecalibratorEngine - Convergence after 8 iterations! 
INFO  12:59:47,862 VariantRecalibratorEngine - Evaluating full set of 909281 variants... 
INFO  13:00:05,576 TrancheManager - Finding 4 tranches for 909281 variants 
INFO  13:00:06,164 TrancheManager -   Tranche threshold 100.00 => selection metric threshold 0.000 
INFO  13:00:06,275 TrancheManager -   Found tranche for 100.000: 0.000 threshold starting with variant 0; running score is 0.000  
INFO  13:00:06,275 TrancheManager -   Tranche is Tranche ts=100.00 minVQSLod=-37517.3242 known=(385252 @ 0.0000) novel=(524029 @ 0.0000) truthSites(385252 accessible, 385252 called), name=anonymous] 
INFO  13:00:06,275 TrancheManager -   Tranche threshold 99.90 => selection metric threshold 0.001 
INFO  13:00:06,394 TrancheManager -   Found tranche for 99.900: 0.001 threshold starting with variant 6288; running score is 0.001  
INFO  13:00:06,395 TrancheManager -   Tranche is Tranche ts=99.90 minVQSLod=-11.0109 known=(384866 @ 0.0000) novel=(518127 @ 0.0000) truthSites(385252 accessible, 384866 called), name=anonymous] 
INFO  13:00:06,395 TrancheManager -   Tranche threshold 99.00 => selection metric threshold 0.010 
INFO  13:00:06,499 TrancheManager -   Found tranche for 99.000: 0.010 threshold starting with variant 66227; running score is 0.010  
INFO  13:00:06,499 TrancheManager -   Tranche is Tranche ts=99.00 minVQSLod=-0.8020 known=(381399 @ 0.0000) novel=(461655 @ 0.0000) truthSites(385252 accessible, 381399 called), name=anonymous] 
INFO  13:00:06,499 TrancheManager -   Tranche threshold 90.00 => selection metric threshold 0.100 
INFO  13:00:06,596 TrancheManager -   Found tranche for 90.000: 0.100 threshold starting with variant 292391; running score is 0.100  
INFO  13:00:06,596 TrancheManager -   Tranche is Tranche ts=90.00 minVQSLod=1.1330 known=(346726 @ 0.0000) novel=(270164 @ 0.0000) truthSites(385252 accessible, 346726 called), name=anonymous] 
INFO  13:00:06,598 VariantRecalibrator - Writing out recalibration table... 
INFO  13:00:09,573 ProgressMeter - GL000192.1:488280   5335515.0   120.0 s      22.0 s      100.0%   120.0 s       0.0 s 
INFO  13:00:14,041 VariantRecalibrator - Writing out visualization Rscript file... 
INFO  13:00:14,124 VariantRecalibrator - Building DP x QD plot... 
INFO  13:00:14,129 VariantRecalibratorEngine - Evaluating full set of 3721 variants... 
INFO  13:00:14,489 VariantRecalibratorEngine - Evaluating full set of 3721 variants... 
INFO  13:00:14,826 VariantRecalibrator - Building DP x FS plot... 
INFO  13:00:14,828 VariantRecalibratorEngine - Evaluating full set of 3721 variants... 
INFO  13:00:15,177 VariantRecalibratorEngine - Evaluating full set of 3721 variants... 
INFO  13:00:15,476 VariantRecalibrator - Building DP x SOR plot... 
INFO  13:00:15,477 VariantRecalibratorEngine - Evaluating full set of 3660 variants... 
INFO  13:00:15,825 VariantRecalibratorEngine - Evaluating full set of 3660 variants... 
INFO  13:00:16,105 VariantRecalibrator - Building DP x MQRankSum plot... 
INFO  13:00:16,106 VariantRecalibratorEngine - Evaluating full set of 3721 variants... 
INFO  13:00:16,461 VariantRecalibratorEngine - Evaluating full set of 3721 variants... 
INFO  13:00:16,744 VariantRecalibrator - Building DP x ReadPosRankSum plot... 
INFO  13:00:16,745 VariantRecalibratorEngine - Evaluating full set of 3721 variants... 
INFO  13:00:17,102 VariantRecalibratorEngine - Evaluating full set of 3721 variants... 
INFO  13:00:17,385 VariantRecalibrator - Building QD x FS plot... 
INFO  13:00:17,385 VariantRecalibratorEngine - Evaluating full set of 3721 variants... 
INFO  13:00:17,736 VariantRecalibratorEngine - Evaluating full set of 3721 variants... 
INFO  13:00:18,026 VariantRecalibrator - Building QD x SOR plot... 
INFO  13:00:18,027 VariantRecalibratorEngine - Evaluating full set of 3660 variants... 
INFO  13:00:18,378 VariantRecalibratorEngine - Evaluating full set of 3660 variants... 
INFO  13:00:18,662 VariantRecalibrator - Building QD x MQRankSum plot... 
INFO  13:00:18,662 VariantRecalibratorEngine - Evaluating full set of 3721 variants... 
INFO  13:00:19,021 VariantRecalibratorEngine - Evaluating full set of 3721 variants... 
INFO  13:00:19,309 VariantRecalibrator - Building QD x ReadPosRankSum plot... 
INFO  13:00:19,310 VariantRecalibratorEngine - Evaluating full set of 3721 variants... 
INFO  13:00:19,670 VariantRecalibratorEngine - Evaluating full set of 3721 variants... 
INFO  13:00:19,958 VariantRecalibrator - Building FS x SOR plot... 
INFO  13:00:19,958 VariantRecalibratorEngine - Evaluating full set of 3660 variants... 
INFO  13:00:20,303 VariantRecalibratorEngine - Evaluating full set of 3660 variants... 
INFO  13:00:20,588 VariantRecalibrator - Building FS x MQRankSum plot... 
INFO  13:00:20,589 VariantRecalibratorEngine - Evaluating full set of 3721 variants... 
INFO  13:00:20,940 VariantRecalibratorEngine - Evaluating full set of 3721 variants... 
INFO  13:00:21,238 VariantRecalibrator - Building FS x ReadPosRankSum plot... 
INFO  13:00:21,239 VariantRecalibratorEngine - Evaluating full set of 3721 variants... 
INFO  13:00:21,590 VariantRecalibratorEngine - Evaluating full set of 3721 variants... 
INFO  13:00:21,879 VariantRecalibrator - Building SOR x MQRankSum plot... 
INFO  13:00:21,880 VariantRecalibratorEngine - Evaluating full set of 3660 variants... 
INFO  13:00:22,228 VariantRecalibratorEngine - Evaluating full set of 3660 variants... 
INFO  13:00:22,512 VariantRecalibrator - Building SOR x ReadPosRankSum plot... 
INFO  13:00:22,513 VariantRecalibratorEngine - Evaluating full set of 3660 variants... 
INFO  13:00:22,861 VariantRecalibratorEngine - Evaluating full set of 3660 variants... 
INFO  13:00:23,145 VariantRecalibrator - Building MQRankSum x ReadPosRankSum plot... 
INFO  13:00:23,146 VariantRecalibratorEngine - Evaluating full set of 3721 variants... 
INFO  13:00:23,504 VariantRecalibratorEngine - Evaluating full set of 3721 variants... 
INFO  13:00:23,793 VariantRecalibrator - Executing: Rscript /scratch/108816/ANALYSIS/P4107/piper_ngi/07_variant_calls/P4107_1004.clean.dedup.recal.bam.indel.vqsr.r 
WARN  13:00:25,312 RScriptExecutor - RScript exited with 1. Run with -l DEBUG for more info. 
INFO  13:00:25,317 VariantRecalibrator - Tranches plot will not be generated since we are running in INDEL mode 
INFO  13:00:28,782 ProgressMeter -            done   5338212.0     2.3 m      26.0 s      100.0%     2.3 m       0.0 s 
INFO  13:00:28,782 ProgressMeter - Total runtime 139.22 secs, 2.32 min, 0.04 hours 
INFO  13:00:32,796 GATKRunReport - Uploaded run statistics report to AWS S3 
