SLF4J: Class path contains multiple SLF4J bindings.
SLF4J: Found binding in [jar:file:/apus/v1/a2014205/software/piper_bin/Piper/Piper-v1.3.0/lib/GenomeAnalysisTK.jar!/org/slf4j/impl/StaticLoggerBinder.class]
SLF4J: Found binding in [jar:file:/apus/v1/a2014205/software/piper_bin/Piper/Piper-v1.3.0/lib/Queue.jar!/org/slf4j/impl/StaticLoggerBinder.class]
SLF4J: See http://www.slf4j.org/codes.html#multiple_bindings for an explanation.
INFO  15:59:27,145 HelpFormatter - -------------------------------------------------------------------------------- 
INFO  15:59:27,147 HelpFormatter - The Genome Analysis Toolkit (GATK) v3.3-0-geee94ec, Compiled 2015/12/17 12:33:03 
INFO  15:59:27,147 HelpFormatter - Copyright (c) 2010 The Broad Institute 
INFO  15:59:27,147 HelpFormatter - For support and documentation go to http://www.broadinstitute.org/gatk 
INFO  15:59:27,151 HelpFormatter - Program Args: -T ApplyRecalibration -R /proj/a2014205/piper_references/gatk_bundle/2.8/b37/human_g1k_v37.fasta -input /scratch/108818/ANALYSIS/P4107/piper_ngi/07_variant_calls/P4107_1005.clean.dedup.recal.bam.raw.snp.vcf.gz -recalFile /scratch/108818/ANALYSIS/P4107/piper_ngi/07_variant_calls/P4107_1005.clean.dedup.recal.bam.snp.tranches.recal -tranchesFile /scratch/108818/ANALYSIS/P4107/piper_ngi/07_variant_calls/P4107_1005.clean.dedup.recal.bam.snp.tranches -o /scratch/108818/ANALYSIS/P4107/piper_ngi/07_variant_calls/P4107_1005.clean.dedup.recal.bam.recalibrated.snp.vcf.gz -mode SNP 
INFO  15:59:27,159 HelpFormatter - Executing as funk_002@n19.uppmax.uu.se on Linux 2.6.32-573.18.1.el6.x86_64 amd64; Java HotSpot(TM) 64-Bit Server VM 1.7.0_25-b15. 
INFO  15:59:27,159 HelpFormatter - Date/Time: 2016/02/24 15:59:27 
INFO  15:59:27,159 HelpFormatter - -------------------------------------------------------------------------------- 
INFO  15:59:27,159 HelpFormatter - -------------------------------------------------------------------------------- 
INFO  15:59:27,331 GenomeAnalysisEngine - Strictness is SILENT 
INFO  15:59:27,424 GenomeAnalysisEngine - Downsampling Settings: Method: BY_SAMPLE, Target Coverage: 1000 
WARN  15:59:27,702 IndexDictionaryUtils - Track input doesn't have a sequence dictionary built in, skipping dictionary validation 
INFO  15:59:27,768 GenomeAnalysisEngine - Preparing for traversal 
INFO  15:59:27,790 GenomeAnalysisEngine - Done preparing for traversal 
INFO  15:59:27,790 ProgressMeter - [INITIALIZATION COMPLETE; STARTING PROCESSING] 
INFO  15:59:27,790 ProgressMeter -                 | processed |    time |    per 1M |           |   total | remaining 
INFO  15:59:27,791 ProgressMeter -        Location |     sites | elapsed |     sites | completed | runtime |   runtime 
INFO  15:59:27,817 ApplyRecalibration - Keeping all variants with VQSLOD >= 0.0 
INFO  15:59:57,794 ProgressMeter -      3:42025597    691101.0    30.0 s      43.0 s       17.2%     2.9 m       2.4 m 
INFO  16:00:27,796 ProgressMeter -      6:31315729   1462454.0    60.0 s      41.0 s       35.3%     2.8 m     110.0 s 
INFO  16:00:57,797 ProgressMeter -     9:110657726   2241086.0    90.0 s      40.0 s       53.2%     2.8 m      79.0 s 
INFO  16:01:27,798 ProgressMeter -     14:34628775   3028821.0   120.0 s      39.0 s       72.0%     2.8 m      46.0 s 
INFO  16:01:57,799 ProgressMeter -     21:20862250   3802092.0     2.5 m      39.0 s       90.3%     2.8 m      16.0 s 
INFO  16:02:08,615 ProgressMeter -            done   4067912.0     2.7 m      39.0 s      100.0%     2.7 m       0.0 s 
INFO  16:02:08,616 ProgressMeter - Total runtime 160.83 secs, 2.68 min, 0.04 hours 
INFO  16:02:10,176 GATKRunReport - Uploaded run statistics report to AWS S3 
