SLF4J: Class path contains multiple SLF4J bindings.
SLF4J: Found binding in [jar:file:/apus/v1/a2014205/software/piper_bin/Piper/Piper-v1.3.0/lib/GenomeAnalysisTK.jar!/org/slf4j/impl/StaticLoggerBinder.class]
SLF4J: Found binding in [jar:file:/apus/v1/a2014205/software/piper_bin/Piper/Piper-v1.3.0/lib/Queue.jar!/org/slf4j/impl/StaticLoggerBinder.class]
SLF4J: See http://www.slf4j.org/codes.html#multiple_bindings for an explanation.
INFO  08:38:11,159 HelpFormatter - -------------------------------------------------------------------------------- 
INFO  08:38:11,161 HelpFormatter - The Genome Analysis Toolkit (GATK) v3.3-0-geee94ec, Compiled 2015/12/17 12:33:03 
INFO  08:38:11,161 HelpFormatter - Copyright (c) 2010 The Broad Institute 
INFO  08:38:11,161 HelpFormatter - For support and documentation go to http://www.broadinstitute.org/gatk 
INFO  08:38:11,165 HelpFormatter - Program Args: -T SelectVariants -R /proj/a2014205/piper_references/gatk_bundle/2.8/b37/human_g1k_v37.fasta -V /scratch/108823/ANALYSIS/P4107/piper_ngi/07_variant_calls/P4107_1001.clean.dedup.recal.bam.raw.vcf.gz -o /scratch/108823/ANALYSIS/P4107/piper_ngi/07_variant_calls/P4107_1001.clean.dedup.recal.bam.raw.snp.vcf.gz -selectType SNP 
INFO  08:38:11,169 HelpFormatter - Executing as funk_002@n31.uppmax.uu.se on Linux 2.6.32-573.18.1.el6.x86_64 amd64; Java HotSpot(TM) 64-Bit Server VM 1.7.0_25-b15. 
INFO  08:38:11,169 HelpFormatter - Date/Time: 2016/02/24 08:38:11 
INFO  08:38:11,169 HelpFormatter - -------------------------------------------------------------------------------- 
INFO  08:38:11,169 HelpFormatter - -------------------------------------------------------------------------------- 
INFO  08:38:11,298 GenomeAnalysisEngine - Strictness is SILENT 
INFO  08:38:11,410 GenomeAnalysisEngine - Downsampling Settings: Method: BY_SAMPLE, Target Coverage: 1000 
WARN  08:38:11,610 IndexDictionaryUtils - Track variant doesn't have a sequence dictionary built in, skipping dictionary validation 
INFO  08:38:11,669 GenomeAnalysisEngine - Preparing for traversal 
INFO  08:38:11,686 GenomeAnalysisEngine - Done preparing for traversal 
INFO  08:38:11,687 ProgressMeter - [INITIALIZATION COMPLETE; STARTING PROCESSING] 
INFO  08:38:11,687 ProgressMeter -                 | processed |    time |    per 1M |           |   total | remaining 
INFO  08:38:11,688 ProgressMeter -        Location |     sites | elapsed |     sites | completed | runtime |   runtime 
INFO  08:38:41,691 ProgressMeter -     3:192363686   1500641.0    30.0 s      19.0 s       22.1%     2.3 m     105.0 s 
INFO  08:39:11,692 ProgressMeter -     7:121507518   3106320.0    60.0 s      19.0 s       43.7%     2.3 m      77.0 s 
INFO  08:39:41,693 ProgressMeter -     12:91501009   4724442.0    90.0 s      19.0 s       65.8%     2.3 m      46.0 s 
INFO  08:40:11,694 ProgressMeter -     20:52494347   6379066.0   120.0 s      18.0 s       89.3%     2.2 m      14.0 s 
INFO  08:40:21,147 SelectVariants - 4966439 records processed. 
INFO  08:40:21,578 ProgressMeter -            done   6895123.0     2.2 m      18.0 s      100.0%     2.2 m       0.0 s 
INFO  08:40:21,579 ProgressMeter - Total runtime 129.89 secs, 2.16 min, 0.04 hours 
INFO  08:40:22,846 GATKRunReport - Uploaded run statistics report to AWS S3 
