SLF4J: Class path contains multiple SLF4J bindings.
SLF4J: Found binding in [jar:file:/apus/v1/a2014205/software/piper_bin/Piper/Piper-v1.3.0/lib/GenomeAnalysisTK.jar!/org/slf4j/impl/StaticLoggerBinder.class]
SLF4J: Found binding in [jar:file:/apus/v1/a2014205/software/piper_bin/Piper/Piper-v1.3.0/lib/Queue.jar!/org/slf4j/impl/StaticLoggerBinder.class]
SLF4J: See http://www.slf4j.org/codes.html#multiple_bindings for an explanation.
INFO  05:47:16,027 HelpFormatter - -------------------------------------------------------------------------------- 
INFO  05:47:16,030 HelpFormatter - The Genome Analysis Toolkit (GATK) v3.3-0-geee94ec, Compiled 2016/02/26 09:40:23 
INFO  05:47:16,031 HelpFormatter - Copyright (c) 2010 The Broad Institute 
INFO  05:47:16,031 HelpFormatter - For support and documentation go to http://www.broadinstitute.org/gatk 
INFO  05:47:16,035 HelpFormatter - Program Args: -T GenotypeGVCFs -R /proj/a2014205/piper_references/gatk_bundle/2.8/b37/human_g1k_v37.fasta -nt 16 -V /scratch/109642/ANALYSIS/P4107/piper_ngi/07_variant_calls/P4107_1003.clean.dedup.recal.bam.genomic.vcf.gz -o /scratch/109642/ANALYSIS/P4107/piper_ngi/07_variant_calls/P4107_1003.clean.dedup.recal.bam.raw.vcf.gz -D /proj/a2014205/piper_references/gatk_bundle/2.8/b37/dbsnp_138.b37.vcf 
INFO  05:47:16,168 HelpFormatter - Executing as funk_002@n24.uppmax.uu.se on Linux 2.6.32-573.18.1.el6.x86_64 amd64; Java HotSpot(TM) 64-Bit Server VM 1.7.0_25-b15. 
INFO  05:47:16,168 HelpFormatter - Date/Time: 2016/03/01 05:47:16 
INFO  05:47:16,168 HelpFormatter - -------------------------------------------------------------------------------- 
INFO  05:47:16,168 HelpFormatter - -------------------------------------------------------------------------------- 
INFO  05:47:31,405 GenomeAnalysisEngine - Strictness is SILENT 
INFO  05:47:31,757 GenomeAnalysisEngine - Downsampling Settings: Method: BY_SAMPLE, Target Coverage: 1000 
WARN  05:47:34,251 IndexDictionaryUtils - Track variant doesn't have a sequence dictionary built in, skipping dictionary validation 
INFO  05:47:34,262 MicroScheduler - Running the GATK in parallel mode with 16 total threads, 1 CPU thread(s) for each of 16 data thread(s), of 16 processors available on this machine 
INFO  05:47:34,664 GenomeAnalysisEngine - Preparing for traversal 
INFO  05:47:34,679 GenomeAnalysisEngine - Done preparing for traversal 
INFO  05:47:34,679 ProgressMeter - [INITIALIZATION COMPLETE; STARTING PROCESSING] 
INFO  05:47:34,680 ProgressMeter -                 | processed |    time |    per 1M |           |   total | remaining 
INFO  05:47:34,681 ProgressMeter -        Location |     sites | elapsed |     sites | completed | runtime |   runtime 
INFO  05:47:34,963 GenotypeGVCFs - Notice that the -ploidy parameter is ignored in GenotypeGVCFs tool as this is automatically determined by the input variant files 
INFO  05:48:04,684 ProgressMeter -      1:16439801   1000000.0    30.0 s      30.0 s        0.5%    94.3 m      93.8 m 
INFO  05:48:34,685 ProgressMeter -      1:71015901       6.3E7    60.0 s       0.0 s        2.3%    43.7 m      42.7 m 
INFO  05:49:04,686 ProgressMeter -     1:143117901       1.3E8    90.0 s       0.0 s        4.6%    32.5 m      31.0 m 
INFO  05:49:34,687 ProgressMeter -     1:210014601      2.01E8   120.0 s       0.0 s        6.8%    29.5 m      27.5 m 
INFO  05:50:04,688 ProgressMeter -      2:12030901   2.50250621E8     2.5 m       0.0 s        8.4%    29.7 m      27.2 m 
INFO  05:50:34,689 ProgressMeter -      2:66289301   3.00250621E8     3.0 m       0.0 s       10.2%    29.5 m      26.5 m 
INFO  05:51:04,690 ProgressMeter -     2:116361601   3.59250621E8     3.5 m       0.0 s       11.8%    29.7 m      26.2 m 
INFO  05:51:34,691 ProgressMeter -     2:172001001   4.12250621E8     4.0 m       0.0 s       13.6%    29.5 m      25.5 m 
INFO  05:52:14,692 ProgressMeter -       3:5344901   4.85449994E8     4.7 m       0.0 s       16.0%    29.1 m      24.4 m 
INFO  05:52:44,692 ProgressMeter -      3:56102301   5.34449994E8     5.2 m       0.0 s       17.7%    29.2 m      24.0 m 
INFO  05:53:14,693 ProgressMeter -     3:108354401   5.98449994E8     5.7 m       0.0 s       19.4%    29.3 m      23.6 m 
INFO  05:53:44,694 ProgressMeter -     3:159355201   6.51449994E8     6.2 m       0.0 s       21.0%    29.3 m      23.2 m 
INFO  05:54:24,695 ProgressMeter -      4:42862301   7.17472424E8     6.8 m       0.0 s       23.6%    28.9 m      22.1 m 
INFO  05:54:54,696 ProgressMeter -      4:83029001   7.68472424E8     7.3 m       0.0 s       24.9%    29.4 m      22.1 m 
INFO  05:55:24,696 ProgressMeter -     4:144086401   8.22472424E8     7.8 m       0.0 s       26.9%    29.1 m      21.3 m 
INFO  05:55:54,697 ProgressMeter -        5:999901   8.816267E8     8.3 m       0.0 s       28.5%    29.3 m      21.0 m 
INFO  05:56:24,698 ProgressMeter -      5:62024701   9.336267E8     8.8 m       0.0 s       30.4%    29.0 m      20.2 m 
INFO  05:56:54,699 ProgressMeter -     5:119066701   9.896267E8     9.3 m       0.0 s       32.3%    28.9 m      19.6 m 
INFO  05:57:24,700 ProgressMeter -     5:178136401   1.0476267E9     9.8 m       0.0 s       34.2%    28.8 m      18.9 m 
INFO  05:58:04,701 ProgressMeter -      6:69009401   1.11854196E9    10.5 m       0.0 s       36.5%    28.8 m      18.3 m 
INFO  05:58:34,701 ProgressMeter -     6:115354801   1.16654196E9    11.0 m       0.0 s       38.0%    29.0 m      18.0 m 
INFO  05:59:04,702 ProgressMeter -       7:5106201   1.224657027E9    11.5 m       0.0 s       39.9%    28.8 m      17.3 m 
INFO  05:59:34,703 ProgressMeter -      7:63206601   1.281657027E9    12.0 m       0.0 s       41.8%    28.7 m      16.7 m 
INFO  06:00:04,704 ProgressMeter -     7:125004701   1.344657027E9    12.5 m       0.0 s       43.8%    28.5 m      16.0 m 
INFO  06:00:34,705 ProgressMeter -      8:18859301   1.41079569E9    13.0 m       0.0 s       45.5%    28.6 m      15.6 m 
INFO  06:01:04,706 ProgressMeter -      8:85665901   1.46279569E9    13.5 m       0.0 s       47.7%    28.3 m      14.8 m 
INFO  06:01:44,707 ProgressMeter -      9:29016301   1.553159712E9    14.2 m       0.0 s       50.6%    28.0 m      13.9 m 
INFO  06:02:14,707 ProgressMeter -     9:105413501   1.629159712E9    14.7 m       0.0 s       53.0%    27.7 m      13.0 m 
INFO  06:02:44,708 ProgressMeter -     10:26023801   1.692373143E9    15.2 m       0.0 s       55.0%    27.6 m      12.4 m 
INFO  06:03:14,709 ProgressMeter -     10:84570101   1.751373143E9    15.7 m       0.0 s       56.9%    27.5 m      11.9 m 
INFO  06:03:44,710 ProgressMeter -     11:23040901   1.82390789E9    16.2 m       0.0 s       59.3%    27.3 m      11.1 m 
INFO  06:04:24,711 ProgressMeter -    11:104034901   1.90590789E9    16.8 m       0.0 s       61.9%    27.2 m      10.4 m 
INFO  06:04:54,711 ProgressMeter -     12:33204901   1.968914406E9    17.3 m       0.0 s       64.0%    27.1 m       9.8 m 
INFO  06:05:24,712 ProgressMeter -     12:87413601   2.034914406E9    17.8 m       0.0 s       65.7%    27.1 m       9.3 m 
INFO  06:05:54,713 ProgressMeter -     13:29044401   2.098766301E9    18.3 m       0.0 s       68.1%    26.9 m       8.6 m 
INFO  06:06:24,714 ProgressMeter -     13:85000601   2.154766301E9    18.8 m       0.0 s       70.0%    26.9 m       8.1 m 
INFO  06:06:54,715 ProgressMeter -     14:34866301   2.218936179E9    19.3 m       0.0 s       72.0%    26.8 m       7.5 m 
INFO  06:07:34,716 ProgressMeter -     15:16147001   2.308936179E9    20.0 m       0.0 s       74.9%    26.7 m       6.7 m 
INFO  06:08:14,717 ProgressMeter -      16:5292901   2.400285719E9    20.7 m       0.0 s       77.9%    26.5 m       5.9 m 
INFO  06:08:54,718 ProgressMeter -     16:90009201   2.484817111E9    21.3 m       0.0 s       80.6%    26.5 m       5.1 m 
INFO  06:09:24,719 ProgressMeter -     17:69014001   2.554171864E9    21.8 m       0.0 s       82.8%    26.4 m       4.5 m 
INFO  06:10:04,720 ProgressMeter -     18:69835501   2.635367074E9    22.5 m       0.0 s       85.5%    26.3 m       3.8 m 
INFO  06:10:44,721 ProgressMeter -     20:19042901   2.723573305E9    23.2 m       0.0 s       88.3%    26.2 m       3.1 m 
INFO  06:11:14,725 ProgressMeter -     21:31032501   2.797598825E9    23.7 m       0.0 s       90.7%    26.1 m       2.4 m 
INFO  06:11:44,726 ProgressMeter -       X:3062801   2.869033286E9    24.2 m       0.0 s       93.0%    26.0 m     109.0 s 
INFO  06:12:14,727 ProgressMeter -      X:63003101   2.929033286E9    24.7 m       0.0 s       94.9%    26.0 m      79.0 s 
INFO  06:12:54,728 ProgressMeter -     X:130109501   2.996033286E9    25.3 m       0.0 s       97.1%    26.1 m      45.0 s 
INFO  06:13:24,740 ProgressMeter -      Y:30088901   3.051303846E9    25.8 m       0.0 s       98.9%    26.1 m      17.0 s 
INFO  06:13:48,368 ProgressMeter -            done   3.101804739E9    26.2 m       0.0 s      100.0%    26.2 m       0.0 s 
INFO  06:13:48,368 ProgressMeter - Total runtime 1573.69 secs, 26.23 min, 0.44 hours 
INFO  06:13:53,225 GATKRunReport - Uploaded run statistics report to AWS S3 
