Java memory size is set to 112G
Launching application...

QualiMap v.2.0
Built on 2014-08-28 17:03

Selected tool: bamqc
Available memory (Mb): 32
Max memory (Mb): 106897
Starting bam qc....
Loading sam header...
Loading locator...
Loading reference...
Number of windows: 400, effective number of windows: 483
Chunk of reads size: 1000
Number of threads: 16
WARNING: read alignment start is greater than end: 195084283 > 195084282
WARNING: read alignment start is greater than end: 195084283 > 195084282
WARNING: read alignment start is greater than end: 195084283 > 195084282
WARNING: read alignment start is greater than end: 195084283 > 195084282
WARNING: read alignment start is greater than end: 249895096 > 249895095
WARNING: read alignment start is greater than end: 249895097 > 249895096
WARNING: read alignment start is greater than end: 249895106 > 249895105
WARNING: read alignment start is greater than end: 249895108 > 249895107
WARNING: read alignment start is greater than end: 249895113 > 249895112
WARNING: read alignment start is greater than end: 249895113 > 249895112
WARNING: read alignment start is greater than end: 249895113 > 249895112
WARNING: read alignment start is greater than end: 249895121 > 249895120
WARNING: read alignment start is greater than end: 249895121 > 249895120
WARNING: read alignment start is greater than end: 249895125 > 249895124
WARNING: read alignment start is greater than end: 249894903 > 249894902
WARNING: read alignment start is greater than end: 249894939 > 249894938
WARNING: read alignment start is greater than end: 249894965 > 249894964
WARNING: read alignment start is greater than end: 249894965 > 249894964
WARNING: read alignment start is greater than end: 249894978 > 249894977
WARNING: read alignment start is greater than end: 249894978 > 249894977
WARNING: read alignment start is greater than end: 249895058 > 249895057
WARNING: read alignment start is greater than end: 252454098 > 252454097
WARNING: read alignment start is greater than end: 252454102 > 252454101
Processed 50 out of 483 windows...
WARNING: read alignment start is greater than end: 488735235 > 488735234
WARNING: read alignment start is greater than end: 488735235 > 488735234
WARNING: read alignment start is greater than end: 488735235 > 488735234
WARNING: read alignment start is greater than end: 488735235 > 488735234
WARNING: read alignment start is greater than end: 488735239 > 488735238
WARNING: read alignment start is greater than end: 488735240 > 488735239
WARNING: read alignment start is greater than end: 488735245 > 488735244
WARNING: read alignment start is greater than end: 488735245 > 488735244
WARNING: read alignment start is greater than end: 488735252 > 488735251
WARNING: read alignment start is greater than end: 488735254 > 488735253
WARNING: read alignment start is greater than end: 488735256 > 488735255
WARNING: read alignment start is greater than end: 488735256 > 488735255
WARNING: read alignment start is greater than end: 488735259 > 488735258
WARNING: read alignment start is greater than end: 488735263 > 488735262
WARNING: read alignment start is greater than end: 488735266 > 488735265
WARNING: read alignment start is greater than end: 491662113 > 491662112
WARNING: read alignment start is greater than end: 491662144 > 491662143
WARNING: read alignment start is greater than end: 491662144 > 491662143
WARNING: read alignment start is greater than end: 491662144 > 491662143
WARNING: read alignment start is greater than end: 491662144 > 491662143
WARNING: read alignment start is greater than end: 491662144 > 491662143
WARNING: read alignment start is greater than end: 491662144 > 491662143
WARNING: read alignment start is greater than end: 491662144 > 491662143
WARNING: read alignment start is greater than end: 491662161 > 491662160
WARNING: read alignment start is greater than end: 491662161 > 491662160
WARNING: read alignment start is greater than end: 491662161 > 491662160
Processed 100 out of 483 windows...
WARNING: read alignment start is greater than end: 875116899 > 875116898
WARNING: read alignment start is greater than end: 1017456345 > 1017456344
Processed 150 out of 483 windows...
WARNING: read alignment start is greater than end: 1183306777 > 1183306776
WARNING: read alignment start is greater than end: 1222567704 > 1222567703
WARNING: read alignment start is greater than end: 1222567707 > 1222567706
WARNING: read alignment start is greater than end: 1222567760 > 1222567759
WARNING: read alignment start is greater than end: 1222567760 > 1222567759
WARNING: read alignment start is greater than end: 1222567788 > 1222567787
WARNING: read alignment start is greater than end: 1222567788 > 1222567787
WARNING: read alignment start is greater than end: 1222567789 > 1222567788
WARNING: read alignment start is greater than end: 1222567790 > 1222567789
WARNING: read alignment start is greater than end: 1222567790 > 1222567789
WARNING: read alignment start is greater than end: 1222567791 > 1222567790
WARNING: read alignment start is greater than end: 1222567792 > 1222567791
WARNING: read alignment start is greater than end: 1222567819 > 1222567818
WARNING: read alignment start is greater than end: 1222567819 > 1222567818
WARNING: read alignment start is greater than end: 1222567819 > 1222567818
WARNING: read alignment start is greater than end: 1222567819 > 1222567818
WARNING: read alignment start is greater than end: 1222567819 > 1222567818
WARNING: read alignment start is greater than end: 1222567819 > 1222567818
WARNING: read alignment start is greater than end: 1222567819 > 1222567818
WARNING: read alignment start is greater than end: 1222567819 > 1222567818
WARNING: read alignment start is greater than end: 1222567819 > 1222567818
WARNING: read alignment start is greater than end: 1222567819 > 1222567818
WARNING: read alignment start is greater than end: 1222567819 > 1222567818
WARNING: read alignment start is greater than end: 1222567819 > 1222567818
WARNING: read alignment start is greater than end: 1222567819 > 1222567818
WARNING: read alignment start is greater than end: 1222567819 > 1222567818
WARNING: read alignment start is greater than end: 1222567819 > 1222567818
WARNING: read alignment start is greater than end: 1222567819 > 1222567818
WARNING: read alignment start is greater than end: 1222567819 > 1222567818
WARNING: read alignment start is greater than end: 1222567819 > 1222567818
WARNING: read alignment start is greater than end: 1222567819 > 1222567818
WARNING: read alignment start is greater than end: 1222567819 > 1222567818
WARNING: read alignment start is greater than end: 1222567819 > 1222567818
WARNING: read alignment start is greater than end: 1222567819 > 1222567818
WARNING: read alignment start is greater than end: 1222567819 > 1222567818
WARNING: read alignment start is greater than end: 1222567824 > 1222567823
WARNING: read alignment start is greater than end: 1222567824 > 1222567823
WARNING: read alignment start is greater than end: 1231031488 > 1231031487
WARNING: read alignment start is greater than end: 1232903131 > 1232903130
WARNING: read alignment start is greater than end: 1232903132 > 1232903131
WARNING: read alignment start is greater than end: 1390920411 > 1390920410
WARNING: read alignment start is greater than end: 1390920411 > 1390920410
WARNING: read alignment start is greater than end: 1390920081 > 1390920080
WARNING: read alignment start is greater than end: 1391541610 > 1391541609
Processed 200 out of 483 windows...
WARNING: read alignment start is greater than end: 1562063600 > 1562063599
WARNING: read alignment start is greater than end: 1562063600 > 1562063599
WARNING: read alignment start is greater than end: 1562063600 > 1562063599
WARNING: read alignment start is greater than end: 1562063600 > 1562063599
WARNING: read alignment start is greater than end: 1562063600 > 1562063599
WARNING: read alignment start is greater than end: 1562063600 > 1562063599
WARNING: read alignment start is greater than end: 1562063600 > 1562063599
WARNING: read alignment start is greater than end: 1562063600 > 1562063599
WARNING: read alignment start is greater than end: 1687234348 > 1687234347
WARNING: read alignment start is greater than end: 1812914476 > 1812914475
WARNING: read alignment start is greater than end: 1812914551 > 1812914550
Processed 250 out of 483 windows...
WARNING: read alignment start is greater than end: 1892816517 > 1892816516
WARNING: read alignment start is greater than end: 1892816532 > 1892816531
WARNING: read alignment start is greater than end: 1892816566 > 1892816565
WARNING: read alignment start is greater than end: 2066464869 > 2066464868
WARNING: read alignment start is greater than end: 2066464873 > 2066464872
WARNING: read alignment start is greater than end: 2083178164 > 2083178163
WARNING: read alignment start is greater than end: 2189983340 > 2189983339
WARNING: read alignment start is greater than end: 2189983393 > 2189983392
WARNING: read alignment start is greater than end: 2189983393 > 2189983392
WARNING: read alignment start is greater than end: 2198799609 > 2198799608
Processed 300 out of 483 windows...
WARNING: read alignment start is greater than end: 2499001575 > 2499001574
WARNING: read alignment start is greater than end: 2502794929 > 2502794928
WARNING: read alignment start is greater than end: 2502794929 > 2502794928
WARNING: read alignment start is greater than end: 2502794933 > 2502794932
WARNING: read alignment start is greater than end: 2502794935 > 2502794934
WARNING: read alignment start is greater than end: 2502794965 > 2502794964
WARNING: read alignment start is greater than end: 2502794970 > 2502794969
WARNING: read alignment start is greater than end: 2510830810 > 2510830809
Processed 350 out of 483 windows...
WARNING: read alignment start is greater than end: 2657644679 > 2657644678
WARNING: read alignment start is greater than end: 2662256042 > 2662256041
WARNING: read alignment start is greater than end: 2662256046 > 2662256045
WARNING: read alignment start is greater than end: 2662256049 > 2662256048
WARNING: read alignment start is greater than end: 2662256051 > 2662256050
WARNING: read alignment start is greater than end: 2662256056 > 2662256055
WARNING: read alignment start is greater than end: 2662256057 > 2662256056
WARNING: read alignment start is greater than end: 2662256061 > 2662256060
WARNING: read alignment start is greater than end: 2662256076 > 2662256075
WARNING: read alignment start is greater than end: 2662256103 > 2662256102
WARNING: read alignment start is greater than end: 2662256111 > 2662256110
WARNING: read alignment start is greater than end: 2662256159 > 2662256158
WARNING: read alignment start is greater than end: 2715109452 > 2715109451
WARNING: read alignment start is greater than end: 2780191233 > 2780191232
WARNING: read alignment start is greater than end: 2780191233 > 2780191232
WARNING: read alignment start is greater than end: 2780191233 > 2780191232
WARNING: read alignment start is greater than end: 2780191240 > 2780191239
WARNING: read alignment start is greater than end: 2828518112 > 2828518111
WARNING: read alignment start is greater than end: 2828518114 > 2828518113
WARNING: read alignment start is greater than end: 2828518125 > 2828518124
WARNING: read alignment start is greater than end: 2828518132 > 2828518131
WARNING: read alignment start is greater than end: 2828518161 > 2828518160
WARNING: read alignment start is greater than end: 2828518188 > 2828518187
WARNING: read alignment start is greater than end: 2828518247 > 2828518246
WARNING: read alignment start is greater than end: 2828518252 > 2828518251
WARNING: read alignment start is greater than end: 2828518358 > 2828518357
WARNING: read alignment start is greater than end: 2828518358 > 2828518357
Processed 400 out of 483 windows...
Processed 450 out of 483 windows...
Total processed windows:483
Number of reads: 865975844
Number of valid reads: 847067526
Number of duplicated reads: 83286948
Number of correct strand reads:0

Inside of regions...
Num mapped reads: 847067526
Num mapped first of pair: 423736526
Num mapped second of pair: 423331000
Num singletons: 1289907
Time taken to analyze reads: 5070
Computing descriptors...
numberOfMappedBases: 125247746115
referenceSize: 3101804739
numberOfSequencedBases: 125167789762
numberOfAs: 36926389956
Computing per chromosome statistics...
Computing histograms...
Overall analysis time: 5338
end of bam qc
Computing report...
Html report created successfully

Finished
