Java memory size is set to 112G
Launching application...

QualiMap v.2.0
Built on 2014-08-28 17:03

Selected tool: bamqc
Available memory (Mb): 32
Max memory (Mb): 106897
Starting bam qc....
Loading sam header...
Loading locator...
Loading reference...
Number of windows: 400, effective number of windows: 483
Chunk of reads size: 1000
Number of threads: 16
WARNING: read alignment start is greater than end: 2017084 > 2017083
WARNING: read alignment start is greater than end: 2566366 > 2566365
WARNING: read alignment start is greater than end: 249895121 > 249895120
WARNING: read alignment start is greater than end: 249895127 > 249895126
WARNING: read alignment start is greater than end: 249894901 > 249894900
WARNING: read alignment start is greater than end: 249894927 > 249894926
WARNING: read alignment start is greater than end: 249894939 > 249894938
WARNING: read alignment start is greater than end: 252454097 > 252454096
WARNING: read alignment start is greater than end: 252454174 > 252454173
WARNING: read alignment start is greater than end: 252454194 > 252454193
Processed 50 out of 483 windows...
WARNING: read alignment start is greater than end: 487190292 > 487190291
WARNING: read alignment start is greater than end: 487190495 > 487190494
WARNING: read alignment start is greater than end: 488735235 > 488735234
WARNING: read alignment start is greater than end: 488735235 > 488735234
WARNING: read alignment start is greater than end: 488735235 > 488735234
WARNING: read alignment start is greater than end: 488735235 > 488735234
WARNING: read alignment start is greater than end: 488735235 > 488735234
WARNING: read alignment start is greater than end: 488735235 > 488735234
WARNING: read alignment start is greater than end: 488735235 > 488735234
WARNING: read alignment start is greater than end: 488735235 > 488735234
WARNING: read alignment start is greater than end: 488735235 > 488735234
WARNING: read alignment start is greater than end: 488735235 > 488735234
WARNING: read alignment start is greater than end: 488735235 > 488735234
WARNING: read alignment start is greater than end: 488735235 > 488735234
WARNING: read alignment start is greater than end: 488735235 > 488735234
WARNING: read alignment start is greater than end: 488735235 > 488735234
WARNING: read alignment start is greater than end: 488735235 > 488735234
WARNING: read alignment start is greater than end: 488735235 > 488735234
WARNING: read alignment start is greater than end: 488735235 > 488735234
WARNING: read alignment start is greater than end: 488735235 > 488735234
WARNING: read alignment start is greater than end: 488735238 > 488735237
WARNING: read alignment start is greater than end: 488735238 > 488735237
WARNING: read alignment start is greater than end: 488735239 > 488735238
WARNING: read alignment start is greater than end: 488735242 > 488735241
WARNING: read alignment start is greater than end: 488735243 > 488735242
WARNING: read alignment start is greater than end: 488735245 > 488735244
WARNING: read alignment start is greater than end: 488735248 > 488735247
WARNING: read alignment start is greater than end: 488735251 > 488735250
WARNING: read alignment start is greater than end: 488735258 > 488735257
WARNING: read alignment start is greater than end: 488735258 > 488735257
WARNING: read alignment start is greater than end: 488735258 > 488735257
WARNING: read alignment start is greater than end: 488735261 > 488735260
WARNING: read alignment start is greater than end: 488735262 > 488735261
WARNING: read alignment start is greater than end: 491662140 > 491662139
WARNING: read alignment start is greater than end: 491662144 > 491662143
WARNING: read alignment start is greater than end: 491662144 > 491662143
WARNING: read alignment start is greater than end: 491662144 > 491662143
WARNING: read alignment start is greater than end: 491662144 > 491662143
WARNING: read alignment start is greater than end: 491662144 > 491662143
WARNING: read alignment start is greater than end: 491662144 > 491662143
WARNING: read alignment start is greater than end: 491662144 > 491662143
WARNING: read alignment start is greater than end: 743627503 > 743627502
Processed 100 out of 483 windows...
WARNING: read alignment start is greater than end: 1017456334 > 1017456333
Processed 150 out of 483 windows...
WARNING: read alignment start is greater than end: 1222567760 > 1222567759
WARNING: read alignment start is greater than end: 1222567766 > 1222567765
WARNING: read alignment start is greater than end: 1222567787 > 1222567786
WARNING: read alignment start is greater than end: 1222567790 > 1222567789
WARNING: read alignment start is greater than end: 1222567790 > 1222567789
WARNING: read alignment start is greater than end: 1222567790 > 1222567789
WARNING: read alignment start is greater than end: 1222567792 > 1222567791
WARNING: read alignment start is greater than end: 1222567819 > 1222567818
WARNING: read alignment start is greater than end: 1222567819 > 1222567818
WARNING: read alignment start is greater than end: 1222567819 > 1222567818
WARNING: read alignment start is greater than end: 1222567819 > 1222567818
WARNING: read alignment start is greater than end: 1222567819 > 1222567818
WARNING: read alignment start is greater than end: 1222567819 > 1222567818
WARNING: read alignment start is greater than end: 1222567819 > 1222567818
WARNING: read alignment start is greater than end: 1222567819 > 1222567818
WARNING: read alignment start is greater than end: 1222567819 > 1222567818
WARNING: read alignment start is greater than end: 1222567819 > 1222567818
WARNING: read alignment start is greater than end: 1222567819 > 1222567818
WARNING: read alignment start is greater than end: 1222567819 > 1222567818
WARNING: read alignment start is greater than end: 1222567819 > 1222567818
WARNING: read alignment start is greater than end: 1222567819 > 1222567818
WARNING: read alignment start is greater than end: 1222567819 > 1222567818
WARNING: read alignment start is greater than end: 1222567824 > 1222567823
WARNING: read alignment start is greater than end: 1232903131 > 1232903130
WARNING: read alignment start is greater than end: 1232903200 > 1232903199
WARNING: read alignment start is greater than end: 1233301099 > 1233301098
WARNING: read alignment start is greater than end: 1233301099 > 1233301098
WARNING: read alignment start is greater than end: 1234308927 > 1234308926
WARNING: read alignment start is greater than end: 1391541579 > 1391541578
WARNING: read alignment start is greater than end: 1391541699 > 1391541698
WARNING: read alignment start is greater than end: 1391541707 > 1391541706
WARNING: read alignment start is greater than end: 1394082716 > 1394082715
WARNING: read alignment start is greater than end: 1395863622 > 1395863621
WARNING: read alignment start is greater than end: 1395863622 > 1395863621
WARNING: read alignment start is greater than end: 1398316157 > 1398316156
Processed 200 out of 483 windows...
WARNING: read alignment start is greater than end: 1562063600 > 1562063599
WARNING: read alignment start is greater than end: 1562063600 > 1562063599
WARNING: read alignment start is greater than end: 1562063600 > 1562063599
WARNING: read alignment start is greater than end: 1562063600 > 1562063599
WARNING: read alignment start is greater than end: 1562063600 > 1562063599
WARNING: read alignment start is greater than end: 1562063600 > 1562063599
WARNING: read alignment start is greater than end: 1680942380 > 1680942379
WARNING: read alignment start is greater than end: 1681784202 > 1681784201
WARNING: read alignment start is greater than end: 1681784252 > 1681784251
WARNING: read alignment start is greater than end: 1812914472 > 1812914471
WARNING: read alignment start is greater than end: 1812914473 > 1812914472
WARNING: read alignment start is greater than end: 1812914477 > 1812914476
WARNING: read alignment start is greater than end: 1812914485 > 1812914484
WARNING: read alignment start is greater than end: 1812914547 > 1812914546
Processed 250 out of 483 windows...
WARNING: read alignment start is greater than end: 2066464863 > 2066464862
WARNING: read alignment start is greater than end: 2066464870 > 2066464869
WARNING: read alignment start is greater than end: 2075127784 > 2075127783
WARNING: read alignment start is greater than end: 2082404571 > 2082404570
WARNING: read alignment start is greater than end: 2189983393 > 2189983392
WARNING: read alignment start is greater than end: 2189983393 > 2189983392
WARNING: read alignment start is greater than end: 2198799609 > 2198799608
WARNING: read alignment start is greater than end: 2198799612 > 2198799611
Processed 300 out of 483 windows...
WARNING: read alignment start is greater than end: 2463739382 > 2463739381
WARNING: read alignment start is greater than end: 2463739382 > 2463739381
WARNING: read alignment start is greater than end: 2463739382 > 2463739381
WARNING: read alignment start is greater than end: 2499001418 > 2499001417
WARNING: read alignment start is greater than end: 2499001549 > 2499001548
WARNING: read alignment start is greater than end: 2499001573 > 2499001572
WARNING: read alignment start is greater than end: 2502794933 > 2502794932
WARNING: read alignment start is greater than end: 2502794936 > 2502794935
WARNING: read alignment start is greater than end: 2502794942 > 2502794941
WARNING: read alignment start is greater than end: 2502794944 > 2502794943
WARNING: read alignment start is greater than end: 2502794944 > 2502794943
WARNING: read alignment start is greater than end: 2502794952 > 2502794951
WARNING: read alignment start is greater than end: 2502794953 > 2502794952
Processed 350 out of 483 windows...
WARNING: read alignment start is greater than end: 2590425017 > 2590425016
WARNING: read alignment start is greater than end: 2657644690 > 2657644689
WARNING: read alignment start is greater than end: 2657644692 > 2657644691
WARNING: read alignment start is greater than end: 2662256050 > 2662256049
WARNING: read alignment start is greater than end: 2662256053 > 2662256052
WARNING: read alignment start is greater than end: 2662256058 > 2662256057
WARNING: read alignment start is greater than end: 2662256066 > 2662256065
WARNING: read alignment start is greater than end: 2662256068 > 2662256067
WARNING: read alignment start is greater than end: 2662256074 > 2662256073
WARNING: read alignment start is greater than end: 2662256075 > 2662256074
WARNING: read alignment start is greater than end: 2662256076 > 2662256075
WARNING: read alignment start is greater than end: 2662256085 > 2662256084
WARNING: read alignment start is greater than end: 2724198265 > 2724198264
WARNING: read alignment start is greater than end: 2780191233 > 2780191232
WARNING: read alignment start is greater than end: 2828518105 > 2828518104
WARNING: read alignment start is greater than end: 2828518129 > 2828518128
WARNING: read alignment start is greater than end: 2828518167 > 2828518166
WARNING: read alignment start is greater than end: 2828518174 > 2828518173
WARNING: read alignment start is greater than end: 2828518174 > 2828518173
WARNING: read alignment start is greater than end: 2828518176 > 2828518175
WARNING: read alignment start is greater than end: 2828518184 > 2828518183
WARNING: read alignment start is greater than end: 2828518358 > 2828518357
Processed 400 out of 483 windows...
Processed 450 out of 483 windows...
Total processed windows:483
Number of reads: 868204107
Number of valid reads: 847562410
Number of duplicated reads: 88196531
Number of correct strand reads:0

Inside of regions...
Num mapped reads: 847562410
Num mapped first of pair: 423982099
Num mapped second of pair: 423580311
Num singletons: 1210331
Time taken to analyze reads: 4968
Computing descriptors...
numberOfMappedBases: 125495980571
referenceSize: 3101804739
numberOfSequencedBases: 125419666954
numberOfAs: 36958346777
Computing per chromosome statistics...
Computing histograms...
Overall analysis time: 5312
end of bam qc
Computing report...
Html report created successfully

Finished
