Java memory size is set to 112G
Launching application...

QualiMap v.2.0
Built on 2014-08-28 17:03

Selected tool: bamqc
Available memory (Mb): 32
Max memory (Mb): 106897
Starting bam qc....
Loading sam header...
Loading locator...
Loading reference...
Number of windows: 400, effective number of windows: 483
Chunk of reads size: 1000
Number of threads: 16
WARNING: read alignment start is greater than end: 249894914 > 249894913
WARNING: read alignment start is greater than end: 249894958 > 249894957
WARNING: read alignment start is greater than end: 249894965 > 249894964
WARNING: read alignment start is greater than end: 249895085 > 249895084
WARNING: read alignment start is greater than end: 249895113 > 249895112
WARNING: read alignment start is greater than end: 249895114 > 249895113
WARNING: read alignment start is greater than end: 249895130 > 249895129
Processed 50 out of 483 windows...
WARNING: read alignment start is greater than end: 483001473 > 483001472
WARNING: read alignment start is greater than end: 487190495 > 487190494
WARNING: read alignment start is greater than end: 487190495 > 487190494
WARNING: read alignment start is greater than end: 488735235 > 488735234
WARNING: read alignment start is greater than end: 488735235 > 488735234
WARNING: read alignment start is greater than end: 488735235 > 488735234
WARNING: read alignment start is greater than end: 488735235 > 488735234
WARNING: read alignment start is greater than end: 488735235 > 488735234
WARNING: read alignment start is greater than end: 488735235 > 488735234
WARNING: read alignment start is greater than end: 488735240 > 488735239
WARNING: read alignment start is greater than end: 488735259 > 488735258
WARNING: read alignment start is greater than end: 488735273 > 488735272
WARNING: read alignment start is greater than end: 490603286 > 490603285
WARNING: read alignment start is greater than end: 688811649 > 688811648
WARNING: read alignment start is greater than end: 743627574 > 743627573
Processed 100 out of 483 windows...
WARNING: read alignment start is greater than end: 887940708 > 887940707
Processed 150 out of 483 windows...
WARNING: read alignment start is greater than end: 1222567760 > 1222567759
WARNING: read alignment start is greater than end: 1222567760 > 1222567759
WARNING: read alignment start is greater than end: 1222567790 > 1222567789
WARNING: read alignment start is greater than end: 1222567800 > 1222567799
WARNING: read alignment start is greater than end: 1222567819 > 1222567818
WARNING: read alignment start is greater than end: 1222567819 > 1222567818
WARNING: read alignment start is greater than end: 1222567819 > 1222567818
WARNING: read alignment start is greater than end: 1222567819 > 1222567818
WARNING: read alignment start is greater than end: 1222567819 > 1222567818
WARNING: read alignment start is greater than end: 1222567819 > 1222567818
WARNING: read alignment start is greater than end: 1222567819 > 1222567818
WARNING: read alignment start is greater than end: 1222567819 > 1222567818
WARNING: read alignment start is greater than end: 1222567819 > 1222567818
WARNING: read alignment start is greater than end: 1222567819 > 1222567818
WARNING: read alignment start is greater than end: 1222567819 > 1222567818
WARNING: read alignment start is greater than end: 1222567819 > 1222567818
WARNING: read alignment start is greater than end: 1222567819 > 1222567818
WARNING: read alignment start is greater than end: 1222567819 > 1222567818
WARNING: read alignment start is greater than end: 1222567819 > 1222567818
WARNING: read alignment start is greater than end: 1222567819 > 1222567818
WARNING: read alignment start is greater than end: 1222567819 > 1222567818
WARNING: read alignment start is greater than end: 1222567820 > 1222567819
WARNING: read alignment start is greater than end: 1222567822 > 1222567821
WARNING: read alignment start is greater than end: 1222567822 > 1222567821
WARNING: read alignment start is greater than end: 1222567824 > 1222567823
WARNING: read alignment start is greater than end: 1223814806 > 1223814805
WARNING: read alignment start is greater than end: 1232903131 > 1232903130
WARNING: read alignment start is greater than end: 1232903142 > 1232903141
WARNING: read alignment start is greater than end: 1232903145 > 1232903144
WARNING: read alignment start is greater than end: 1232903178 > 1232903177
WARNING: read alignment start is greater than end: 1346273717 > 1346273716
WARNING: read alignment start is greater than end: 1390920077 > 1390920076
WARNING: read alignment start is greater than end: 1390920364 > 1390920363
Processed 200 out of 483 windows...
WARNING: read alignment start is greater than end: 1536160493 > 1536160492
WARNING: read alignment start is greater than end: 1562063600 > 1562063599
WARNING: read alignment start is greater than end: 1562063600 > 1562063599
WARNING: read alignment start is greater than end: 1562063600 > 1562063599
WARNING: read alignment start is greater than end: 1562063600 > 1562063599
WARNING: read alignment start is greater than end: 1562063600 > 1562063599
WARNING: read alignment start is greater than end: 1562063600 > 1562063599
WARNING: read alignment start is greater than end: 1812914493 > 1812914492
Processed 250 out of 483 windows...
WARNING: read alignment start is greater than end: 1892816517 > 1892816516
WARNING: read alignment start is greater than end: 1892816517 > 1892816516
WARNING: read alignment start is greater than end: 1892816517 > 1892816516
WARNING: read alignment start is greater than end: 1892816517 > 1892816516
WARNING: read alignment start is greater than end: 1892816517 > 1892816516
WARNING: read alignment start is greater than end: 1892816517 > 1892816516
WARNING: read alignment start is greater than end: 1935717008 > 1935717007
WARNING: read alignment start is greater than end: 1935717012 > 1935717011
WARNING: read alignment start is greater than end: 1952597909 > 1952597908
WARNING: read alignment start is greater than end: 1952597910 > 1952597909
WARNING: read alignment start is greater than end: 1952597917 > 1952597916
WARNING: read alignment start is greater than end: 1952597970 > 1952597969
WARNING: read alignment start is greater than end: 1952597970 > 1952597969
WARNING: read alignment start is greater than end: 1952597989 > 1952597988
WARNING: read alignment start is greater than end: 1952598012 > 1952598011
WARNING: read alignment start is greater than end: 1952598012 > 1952598011
WARNING: read alignment start is greater than end: 1952598024 > 1952598023
WARNING: read alignment start is greater than end: 1952598025 > 1952598024
WARNING: read alignment start is greater than end: 1952598025 > 1952598024
WARNING: read alignment start is greater than end: 1952598025 > 1952598024
WARNING: read alignment start is greater than end: 1952598053 > 1952598052
WARNING: read alignment start is greater than end: 1952598061 > 1952598060
WARNING: read alignment start is greater than end: 2066464868 > 2066464867
WARNING: read alignment start is greater than end: 2066464871 > 2066464870
WARNING: read alignment start is greater than end: 2066464893 > 2066464892
WARNING: read alignment start is greater than end: 2082404604 > 2082404603
WARNING: read alignment start is greater than end: 2083081317 > 2083081316
WARNING: read alignment start is greater than end: 2084327122 > 2084327121
WARNING: read alignment start is greater than end: 2198799622 > 2198799621
Processed 300 out of 483 windows...
WARNING: read alignment start is greater than end: 2253240261 > 2253240260
WARNING: read alignment start is greater than end: 2282971331 > 2282971330
WARNING: read alignment start is greater than end: 2499001559 > 2499001558
WARNING: read alignment start is greater than end: 2499001563 > 2499001562
WARNING: read alignment start is greater than end: 2499001577 > 2499001576
WARNING: read alignment start is greater than end: 2500939181 > 2500939180
Processed 350 out of 483 windows...
WARNING: read alignment start is greater than end: 2590425017 > 2590425016
WARNING: read alignment start is greater than end: 2656124501 > 2656124500
WARNING: read alignment start is greater than end: 2662256047 > 2662256046
WARNING: read alignment start is greater than end: 2662256048 > 2662256047
WARNING: read alignment start is greater than end: 2662256050 > 2662256049
WARNING: read alignment start is greater than end: 2662256060 > 2662256059
WARNING: read alignment start is greater than end: 2662256061 > 2662256060
WARNING: read alignment start is greater than end: 2662256065 > 2662256064
WARNING: read alignment start is greater than end: 2662256066 > 2662256065
WARNING: read alignment start is greater than end: 2662256092 > 2662256091
WARNING: read alignment start is greater than end: 2662256094 > 2662256093
WARNING: read alignment start is greater than end: 2662256118 > 2662256117
WARNING: read alignment start is greater than end: 2715109452 > 2715109451
WARNING: read alignment start is greater than end: 2777748527 > 2777748526
WARNING: read alignment start is greater than end: 2780191206 > 2780191205
WARNING: read alignment start is greater than end: 2780191232 > 2780191231
WARNING: read alignment start is greater than end: 2780191233 > 2780191232
WARNING: read alignment start is greater than end: 2780191233 > 2780191232
WARNING: read alignment start is greater than end: 2828518179 > 2828518178
WARNING: read alignment start is greater than end: 2828518183 > 2828518182
WARNING: read alignment start is greater than end: 2828518185 > 2828518184
WARNING: read alignment start is greater than end: 2828518219 > 2828518218
WARNING: read alignment start is greater than end: 2828518247 > 2828518246
Processed 400 out of 483 windows...
Processed 450 out of 483 windows...
Total processed windows:483
Number of reads: 772071557
Number of valid reads: 751147332
Number of duplicated reads: 47673862
Number of correct strand reads:0

Inside of regions...
Num mapped reads: 751147332
Num mapped first of pair: 375903971
Num mapped second of pair: 375243361
Num singletons: 1441438
Time taken to analyze reads: 4462
Computing descriptors...
numberOfMappedBases: 110979222236
referenceSize: 3101804739
numberOfSequencedBases: 110894377611
numberOfAs: 32672977283
Computing per chromosome statistics...
Computing histograms...
Overall analysis time: 4775
end of bam qc
Computing report...
Html report created successfully

Finished
